# Simulation started at Sun Jun 28 12:31:40 2026
[t=    0] INIT               5 robots, map 900x600, obstacles=off, sources=1
[t=    0] MODE               entered Hazard Localisation
[t=  199] PHASE              MONITOR → LEAK
[t=  199] LEAK_START         new leak at (754, 346)
[t=  200] DETECT             0/3 located the leak  λ₂=0.00
[t=  240] DETECT             0/3 located the leak  λ₂=0.00
[t=  300] DETECT             0/3 located the leak  λ₂=0.00
[t=  360] DETECT             0/3 located the leak  λ₂=0.00
[t=  420] DETECT             0/3 located the leak  λ₂=0.00
[t=  480] DETECT             0/3 located the leak  λ₂=0.00
[t=  540] DETECT             0/3 located the leak  λ₂=0.00
[t=  600] DETECT             0/3 located the leak  λ₂=0.00
[t=  660] DETECT             0/3 located the leak  λ₂=0.00
[t=  720] DETECT             0/3 located the leak  λ₂=0.00
[t=  722] DETECT             1/3 located the leak  λ₂=0.00
[t=  725] DETECT             2/3 located the leak  λ₂=0.00
[t=  780] DETECT             2/3 located the leak  λ₂=0.00
[t=  790] DETECT             3/3 located the leak  λ₂=0.00
[t=  790] PHASE              LEAK → CONSENSUS
[t=  800] CONSENSUS          σ=10.8px  obs=4H/4T  stable=10/30  λ₂=0.000
[t=  810] CONSENSUS          σ=9.8px  obs=4H/4T  stable=20/30  λ₂=0.000
[t=  820] CONSENSUS          σ=9.9px  obs=4H/4T  stable=30/30  λ₂=0.000
[t=  820] REPORTED           agreed (748, 347) err=5.5px
[t=  820] PHASE              CONSENSUS → REPORTED
