# Simulation started at Sun Jun 28 12:32:30 2026
[t=    0] INIT               5 robots, map 900x600, obstacles=off, sources=1
[t=    0] MODE               entered Hazard Localisation
[t=  199] PHASE              MONITOR → LEAK
[t=  199] LEAK_START         new leak at (208, 368)
[t=  200] DETECT             0/3 located the leak  λ₂=0.00
[t=  240] DETECT             0/3 located the leak  λ₂=0.00
[t=  300] DETECT             0/3 located the leak  λ₂=0.00
[t=  333] DETECT             1/3 located the leak  λ₂=0.00
[t=  360] DETECT             1/3 located the leak  λ₂=0.00
[t=  420] DETECT             1/3 located the leak  λ₂=0.00
[t=  474] DETECT             2/3 located the leak  λ₂=0.00
[t=  480] DETECT             2/3 located the leak  λ₂=0.00
[t=  529] DETECT             3/3 located the leak  λ₂=0.00
[t=  529] PHASE              LEAK → CONSENSUS
[t=  530] CONSENSUS          σ=23.5px  obs=3H/3T  stable=1/30  λ₂=0.000
[t=  540] CONSENSUS          σ=21.6px  obs=3H/3T  stable=11/30  λ₂=0.000
[t=  550] CONSENSUS          σ=15.0px  obs=3H/3T  stable=21/30  λ₂=0.000
[t=  559] REPORTED           agreed (221, 368) err=12.8px
[t=  559] PHASE              CONSENSUS → REPORTED
