# Simulation started at Wed Jun 24 10:39:40 2026
[t=    0] INIT               5 robots, map 900x600, obstacles=off, sources=1
[t=    0] MODE               entered Hazard Localisation
[t=   80] MODE               Hazard Localisation → Sensor Degradation & Trust
[t=   80] MODE               exiting Hazard Localisation
[t=   80] MODE               entered Sensor Degradation & Trust
[t=   80] ROBOT              R2: manual degradation triggered
[t=   80] ROBOT              R3: manual degradation triggered
[t=  279] PHASE              MONITOR → LEAK
[t=  279] LEAK_START         new leak at (394, 444)
[t=  707] PHASE              LEAK → CONSENSUS
[t=  710] CONSENSUS          σ=0.1px  obs=1H/3T  stable=0/30  λ₂=0.830
[t=  720] CONSENSUS          σ=0.6px  obs=1H/3T  stable=0/30  λ₂=0.830
[t=  730] CONSENSUS          σ=0.1px  obs=1H/3T  stable=0/30  λ₂=0.830
[t=  740] CONSENSUS          σ=0.2px  obs=1H/3T  stable=0/30  λ₂=1.000
[t=  750] CONSENSUS          σ=0.1px  obs=1H/3T  stable=0/30  λ₂=2.000
[t=  760] CONSENSUS          σ=0.0px  obs=1H/3T  stable=0/30  λ₂=2.000
[t=  770] CONSENSUS          σ=0.0px  obs=1H/3T  stable=0/30  λ₂=3.000
[t=  780] CONSENSUS          σ=0.3px  obs=1H/3T  stable=0/30  λ₂=5.000
[t=  790] CONSENSUS          σ=0.0px  obs=1H/3T  stable=0/30  λ₂=5.000
[t=  800] CONSENSUS          σ=0.1px  obs=1H/3T  stable=0/30  λ₂=5.000
[t=  810] CONSENSUS          σ=0.0px  obs=1H/3T  stable=0/30  λ₂=5.000
[t=  820] CONSENSUS          σ=0.2px  obs=1H/3T  stable=0/30  λ₂=5.000
[t=  830] CONSENSUS          σ=0.1px  obs=2H/4T  stable=9/30  λ₂=5.000
[t=  840] CONSENSUS          σ=0.0px  obs=2H/4T  stable=19/30  λ₂=5.000
[t=  850] CONSENSUS          σ=0.0px  obs=2H/4T  stable=29/30  λ₂=5.000
[t=  851] REPORTED           agreed (422, 425) err=33.3px
[t=  851] PHASE              CONSENSUS → REPORTED
