# Simulation started at Sun Jun 28 12:33:21 2026
[t=    0] INIT               5 robots, map 900x600, obstacles=off, sources=1
[t=    0] MODE               entered Hazard Localisation
[t=  199] PHASE              MONITOR → LEAK
[t=  199] LEAK_START         new leak at (800, 276)
[t=  200] DETECT             0/3 located the leak  λ₂=0.00
[t=  240] DETECT             0/3 located the leak  λ₂=0.00
[t=  300] DETECT             0/3 located the leak  λ₂=0.00
[t=  360] DETECT             0/3 located the leak  λ₂=0.00
[t=  420] DETECT             0/3 located the leak  λ₂=0.00
[t=  480] DETECT             0/3 located the leak  λ₂=0.00
[t=  540] DETECT             0/3 located the leak  λ₂=0.00
[t=  600] DETECT             0/3 located the leak  λ₂=0.52
[t=  660] DETECT             0/3 located the leak  λ₂=0.00
[t=  676] DETECT             1/3 located the leak  λ₂=0.00
[t=  712] DETECT             2/3 located the leak  λ₂=0.00
[t=  720] DETECT             2/3 located the leak  λ₂=0.00
[t=  780] DETECT             2/3 located the leak  λ₂=0.00
[t=  840] DETECT             2/3 located the leak  λ₂=0.00
[t=  900] DETECT             2/3 located the leak  λ₂=0.00
[t=  960] DETECT             2/3 located the leak  λ₂=0.00
[t=  985] DETECT             3/3 located the leak  λ₂=0.00
[t=  985] PHASE              LEAK → CONSENSUS
[t=  990] CONSENSUS          σ=11.3px  obs=3H/3T  stable=5/30  λ₂=0.000
[t= 1000] CONSENSUS          σ=6.9px  obs=3H/3T  stable=15/30  λ₂=0.000
[t= 1010] CONSENSUS          σ=8.2px  obs=3H/3T  stable=25/30  λ₂=0.519
[t= 1015] REPORTED           agreed (803, 269) err=6.9px
[t= 1015] PHASE              CONSENSUS → REPORTED
