# Simulation started at Sun Jul  5 22:30:49 2026
[t=    0] INIT               5 robots, map 900x600, obstacles=off, sources=1
[t=    0] MODE               entered Hazard Localization
[t=  199] PHASE              MONITOR → LEAK
[t=  199] LEAK_START         new leak at (600, 395)
[t=  200] DETECT             0/3 located the leak  λ₂=3.00
[t=  240] DETECT             0/3 located the leak  λ₂=3.00
[t=  300] DETECT             0/3 located the leak  λ₂=2.00
[t=  347] DETECT             1/3 located the leak  λ₂=1.00
[t=  360] DETECT             1/3 located the leak  λ₂=1.00
[t=  419] DETECT             2/3 located the leak  λ₂=1.59
[t=  420] DETECT             2/3 located the leak  λ₂=1.59
[t=  600] DETECT             0/2 located the leak  λ₂=1.00
[t=  660] DETECT             0/2 located the leak  λ₂=1.00
[t=  720] DETECT             0/2 located the leak  λ₂=1.00
[t=  780] DETECT             0/2 located the leak  λ₂=1.00
[t=  804] DETECT             1/2 located the leak  λ₂=0.59
[t=  840] DETECT             1/2 located the leak  λ₂=0.59
[t=  900] DETECT             1/2 located the leak  λ₂=1.00
[t=  945] DETECT             2/2 located the leak  λ₂=2.00
[t=  945] PHASE              LEAK → CONSENSUS
[t=  950] CONSENSUS          σ=10.9px  obs=2H/2T  stable=5/30  λ₂=2.000
[t=  960] CONSENSUS          σ=6.1px  obs=2H/2T  stable=15/30  λ₂=2.000
[t=  970] CONSENSUS          σ=7.0px  obs=2H/2T  stable=25/30  λ₂=4.000
[t=  975] REPORTED           agreed (280, 471) err=3.7px
[t=  975] PHASE              CONSENSUS → REPORTED
