# Simulation started at Sun Jun 28 12:30:59 2026
[t=    0] INIT               5 robots, map 900x600, obstacles=off, sources=1
[t=    0] MODE               entered Hazard Localisation
[t=  199] PHASE              MONITOR → LEAK
[t=  199] LEAK_START         new leak at (101, 304)
[t=  200] DETECT             0/3 located the leak  λ₂=0.00
[t=  235] DETECT             1/3 located the leak  λ₂=0.00
[t=  240] DETECT             1/3 located the leak  λ₂=0.00
[t=  300] DETECT             1/3 located the leak  λ₂=0.00
[t=  360] DETECT             1/3 located the leak  λ₂=0.00
[t=  420] DETECT             1/3 located the leak  λ₂=0.00
[t=  480] DETECT             1/3 located the leak  λ₂=0.00
[t=  540] DETECT             1/3 located the leak  λ₂=0.00
[t=  600] DETECT             1/3 located the leak  λ₂=0.00
[t=  660] DETECT             1/3 located the leak  λ₂=0.00
[t=  720] DETECT             1/3 located the leak  λ₂=0.00
[t=  780] DETECT             1/3 located the leak  λ₂=0.00
[t=  840] DETECT             1/3 located the leak  λ₂=0.00
[t=  900] DETECT             1/3 located the leak  λ₂=0.00
[t=  960] DETECT             1/3 located the leak  λ₂=0.00
[t= 1020] DETECT             1/3 located the leak  λ₂=0.00
[t= 1080] DETECT             1/3 located the leak  λ₂=0.00
[t= 1140] DETECT             1/3 located the leak  λ₂=0.00
[t= 1200] DETECT             1/3 located the leak  λ₂=0.00
[t= 1260] DETECT             1/3 located the leak  λ₂=0.00
[t= 1279] DETECT             2/3 located the leak  λ₂=0.00
[t= 1320] DETECT             2/3 located the leak  λ₂=0.00
[t= 1368] DETECT             3/3 located the leak  λ₂=0.00
[t= 1368] PHASE              LEAK → CONSENSUS
[t= 1370] CONSENSUS          σ=28.2px  obs=3H/3T  stable=0/30  λ₂=0.000
[t= 1380] CONSENSUS          σ=23.9px  obs=3H/3T  stable=5/30  λ₂=0.000
[t= 1390] CONSENSUS          σ=23.6px  obs=3H/3T  stable=15/30  λ₂=0.000
[t= 1400] CONSENSUS          σ=24.0px  obs=3H/3T  stable=25/30  λ₂=0.000
[t= 1405] REPORTED           agreed (164, 325) err=66.1px
[t= 1405] PHASE              CONSENSUS → REPORTED
