# Simulation started at Sun Jun 28 18:46:55 2026
[t=    0] INIT               5 robots, map 900x600, obstacles=off, sources=1
[t=    0] MODE               entered Hazard Localization
[t=  199] PHASE              MONITOR → LEAK
[t=  199] LEAK_START         new leak at (605, 106)
[t=  200] DETECT             1/3 located the leak  λ₂=0.00
[t=  240] DETECT             1/3 located the leak  λ₂=0.00
[t=  300] DETECT             1/3 located the leak  λ₂=0.00
[t=  360] DETECT             1/3 located the leak  λ₂=0.00
[t=  420] DETECT             1/3 located the leak  λ₂=0.00
[t=  480] DETECT             1/3 located the leak  λ₂=0.00
[t=  528] DETECT             2/3 located the leak  λ₂=0.00
[t=  540] DETECT             2/3 located the leak  λ₂=0.00
[t=  568] DETECT             3/3 located the leak  λ₂=0.00
[t=  568] PHASE              LEAK → CONSENSUS
[t=  570] CONSENSUS          σ=19.5px  obs=3H/3T  stable=2/30  λ₂=0.000
[t=  580] CONSENSUS          σ=11.9px  obs=3H/3T  stable=12/30  λ₂=0.830
[t=  590] CONSENSUS          σ=10.1px  obs=3H/3T  stable=22/30  λ₂=0.830
[t=  598] REPORTED           agreed (616, 128) err=24.6px
[t=  598] PHASE              CONSENSUS → REPORTED
