# Simulation started at Sun Jun 28 18:47:39 2026
[t=    0] INIT               5 robots, map 900x600, obstacles=off, sources=1
[t=    0] MODE               entered Hazard Localization
[t=  199] PHASE              MONITOR → LEAK
[t=  199] LEAK_START         new leak at (735, 390)
[t=  200] DETECT             0/3 located the leak  λ₂=0.00
[t=  221] DETECT             1/3 located the leak  λ₂=0.00
[t=  240] DETECT             1/3 located the leak  λ₂=0.00
[t=  300] DETECT             1/3 located the leak  λ₂=0.00
[t=  311] DETECT             2/3 located the leak  λ₂=0.00
[t=  360] DETECT             2/3 located the leak  λ₂=1.00
[t=  420] DETECT             2/3 located the leak  λ₂=2.00
[t=  480] DETECT             2/3 located the leak  λ₂=5.00
[t=  529] DETECT             3/3 located the leak  λ₂=5.00
[t=  529] PHASE              LEAK → CONSENSUS
[t=  530] CONSENSUS          σ=9.2px  obs=3H/3T  stable=1/30  λ₂=5.000
[t=  540] CONSENSUS          σ=5.0px  obs=3H/3T  stable=11/30  λ₂=5.000
[t=  550] CONSENSUS          σ=1.1px  obs=3H/3T  stable=21/30  λ₂=5.000
[t=  559] REPORTED           agreed (739, 393) err=4.9px
[t=  559] PHASE              CONSENSUS → REPORTED
