# Simulation started at Sat Jun 27 22:54:17 2026
[t=    0] INIT               5 robots, map 900x600, obstacles=off, sources=1
[t=    0] MODE               entered Hazard Localisation
[t=  199] PHASE              MONITOR → LEAK
[t=  199] LEAK_START         new leak at (800, 276)
[t=  200] DETECT             0/3 located the leak  λ₂=2.00
[t=  240] DETECT             0/3 located the leak  λ₂=2.00
[t=  300] DETECT             0/3 located the leak  λ₂=5.00
[t=  360] DETECT             0/3 located the leak  λ₂=5.00
[t=  420] DETECT             0/3 located the leak  λ₂=2.00
[t=  480] DETECT             0/3 located the leak  λ₂=3.00
[t=  540] DETECT             0/3 located the leak  λ₂=5.00
[t=  600] DETECT             0/3 located the leak  λ₂=5.00
[t=  610] DETECT             1/3 located the leak  λ₂=5.00
[t=  660] DETECT             1/3 located the leak  λ₂=5.00
[t=  720] DETECT             1/3 located the leak  λ₂=5.00
[t=  744] DETECT             2/3 located the leak  λ₂=5.00
[t=  780] DETECT             2/3 located the leak  λ₂=5.00
[t=  782] DETECT             3/3 located the leak  λ₂=5.00
[t=  782] PHASE              LEAK → CONSENSUS
[t=  790] CONSENSUS          σ=6.2px  obs=3H/3T  stable=8/30  λ₂=5.000
[t=  800] CONSENSUS          σ=2.3px  obs=3H/3T  stable=18/30  λ₂=5.000
[t=  810] CONSENSUS          σ=2.0px  obs=3H/3T  stable=28/30  λ₂=5.000
[t=  812] REPORTED           agreed (787, 276) err=13.1px
[t=  812] PHASE              CONSENSUS → REPORTED
