# Simulation started at Sun Jun 28 17:54:05 2026
[t=    0] INIT               5 robots, map 900x600, obstacles=off, sources=1
[t=    0] MODE               entered Hazard Localization
[t=  199] PHASE              MONITOR → LEAK
[t=  199] LEAK_START         new leak at (523, 154)
[t=  201] DETECT             0/3 located the leak  λ₂=0.00
[t=  240] DETECT             0/3 located the leak  λ₂=0.00
[t=  300] DETECT             0/3 located the leak  λ₂=0.00
[t=  354] DETECT             1/3 located the leak  λ₂=0.00
[t=  360] DETECT             1/3 located the leak  λ₂=0.00
[t=  420] DETECT             1/3 located the leak  λ₂=0.00
[t=  458] DETECT             2/3 located the leak  λ₂=0.00
[t=  480] DETECT             2/3 located the leak  λ₂=0.00
[t=  540] DETECT             2/3 located the leak  λ₂=0.00
[t=  600] DETECT             2/3 located the leak  λ₂=0.00
[t=  607] DETECT             3/3 located the leak  λ₂=0.00
[t=  607] PHASE              LEAK → CONSENSUS
[t=  610] CONSENSUS          σ=14.6px  obs=3H/3T  stable=3/30  λ₂=0.000
[t=  620] CONSENSUS          σ=17.5px  obs=3H/3T  stable=13/30  λ₂=0.000
[t=  630] CONSENSUS          σ=18.8px  obs=3H/3T  stable=23/30  λ₂=0.000
[t=  637] REPORTED           agreed (566, 170) err=46.6px
[t=  637] PHASE              CONSENSUS → REPORTED
