# Simulation started at Sat Jun 27 23:10:21 2026
[t=    0] INIT               5 robots, map 900x600, obstacles=off, sources=1
[t=    0] MODE               entered Hazard Localisation
[t=  199] PHASE              MONITOR → LEAK
[t=  199] LEAK_START         new leak at (652, 230)
[t=  200] DETECT             0/3 located the leak  λ₂=0.00
[t=  240] DETECT             0/3 located the leak  λ₂=0.00
[t=  300] DETECT             0/3 located the leak  λ₂=0.00
[t=  360] DETECT             0/3 located the leak  λ₂=0.00
[t=  420] DETECT             0/3 located the leak  λ₂=0.00
[t=  458] DETECT             1/3 located the leak  λ₂=0.00
[t=  472] DETECT             2/3 located the leak  λ₂=0.00
[t=  480] DETECT             2/3 located the leak  λ₂=0.00
[t=  540] DETECT             2/3 located the leak  λ₂=0.00
[t=  570] DETECT             3/3 located the leak  λ₂=0.00
[t=  570] PHASE              LEAK → CONSENSUS
[t=  580] CONSENSUS          σ=13.0px  obs=3H/3T  stable=10/30  λ₂=0.000
[t=  590] CONSENSUS          σ=12.0px  obs=3H/3T  stable=20/30  λ₂=0.000
[t=  600] CONSENSUS          σ=11.2px  obs=3H/3T  stable=30/30  λ₂=0.519
[t=  600] REPORTED           agreed (695, 221) err=44.4px
[t=  600] PHASE              CONSENSUS → REPORTED
