# Simulation started at Sat Jun 27 23:21:00 2026
[t=    0] INIT               5 robots, map 900x600, obstacles=off, sources=1
[t=    0] MODE               entered Hazard Localisation
[t=  199] PHASE              MONITOR → LEAK
[t=  199] LEAK_START         new leak at (745, 95)
[t=  200] DETECT             0/3 located the leak  λ₂=0.00
[t=  240] DETECT             0/3 located the leak  λ₂=0.00
[t=  243] DETECT             1/3 located the leak  λ₂=0.00
[t=  300] DETECT             1/3 located the leak  λ₂=0.00
[t=  360] DETECT             1/3 located the leak  λ₂=0.00
[t=  372] DETECT             2/3 located the leak  λ₂=0.00
[t=  420] DETECT             2/3 located the leak  λ₂=0.00
[t=  480] DETECT             2/3 located the leak  λ₂=0.52
[t=  540] DETECT             2/3 located the leak  λ₂=0.52
[t=  600] DETECT             2/3 located the leak  λ₂=0.00
[t=  606] DETECT             3/3 located the leak  λ₂=0.00
[t=  606] PHASE              LEAK → CONSENSUS
[t=  610] CONSENSUS          σ=5.3px  obs=3H/3T  stable=4/30  λ₂=0.000
[t=  620] CONSENSUS          σ=2.6px  obs=3H/3T  stable=14/30  λ₂=1.000
[t=  630] CONSENSUS          σ=2.6px  obs=3H/3T  stable=24/30  λ₂=1.000
[t=  636] REPORTED           agreed (724, 99) err=21.2px
[t=  636] PHASE              CONSENSUS → REPORTED
