# Simulation started at Wed Jun 24 18:36:51 2026
[t=    0] INIT               5 robots, map 900x600, obstacles=off, sources=1
[t=    0] MODE               entered Hazard Localization
[t=  199] PHASE              MONITOR → LEAK
[t=  199] LEAK_START         new leak at (394, 339)
[t=  200] DETECT             0/3 located the leak  λ₂=0.00
[t=  240] DETECT             0/3 located the leak  λ₂=0.00
[t=  300] DETECT             0/3 located the leak  λ₂=0.00
[t=  360] DETECT             0/3 located the leak  λ₂=0.00
[t=  420] DETECT             0/3 located the leak  λ₂=0.00
[t=  480] DETECT             0/3 located the leak  λ₂=0.70
[t=  488] DETECT             1/3 located the leak  λ₂=0.70
[t=  494] DETECT             2/3 located the leak  λ₂=0.70
[t=  518] DETECT             3/3 located the leak  λ₂=0.83
[t=  518] PHASE              LEAK → CONSENSUS
[t=  520] CONSENSUS          σ=18.5px  obs=3H/3T  stable=2/30  λ₂=1.000
[t=  530] CONSENSUS          σ=13.3px  obs=3H/3T  stable=12/30  λ₂=1.000
[t=  540] CONSENSUS          σ=9.2px  obs=3H/3T  stable=22/30  λ₂=2.000
[t=  548] REPORTED           agreed (416, 322) err=27.4px
[t=  548] PHASE              CONSENSUS → REPORTED
