# Simulation started at Sun Jul  5 22:30:42 2026
[t=    0] INIT               5 robots, map 900x600, obstacles=off, sources=1
[t=    0] MODE               entered Hazard Localization
[t=  199] PHASE              MONITOR → LEAK
[t=  199] LEAK_START         new leak at (180, 492)
[t=  200] DETECT             0/3 located the leak  λ₂=0.83
[t=  204] DETECT             1/3 located the leak  λ₂=0.83
[t=  240] DETECT             1/3 located the leak  λ₂=1.00
[t=  300] DETECT             1/3 located the leak  λ₂=1.00
[t=  349] DETECT             2/3 located the leak  λ₂=1.00
[t=  351] DETECT             3/3 located the leak  λ₂=1.00
[t=  351] PHASE              LEAK → CONSENSUS
[t=  360] CONSENSUS          σ=15.2px  obs=4H/4T  stable=9/30  λ₂=2.000
[t=  370] CONSENSUS          σ=7.0px  obs=4H/4T  stable=19/30  λ₂=5.000
[t=  380] CONSENSUS          σ=8.6px  obs=4H/4T  stable=29/30  λ₂=5.000
[t=  381] REPORTED           agreed (202, 477) err=27.0px
[t=  381] PHASE              CONSENSUS → REPORTED

[t=  530] CONSENSUS          σ=15.5px  obs=3H/3T  stable=22/30  λ₂=0.000
[t=  538] REPORTED           agreed (192, 515) err=3.2px
[t=  538] PHASE              CONSENSUS → REPORTED
