# Simulation started at Sun Jul  5 22:30:27 2026
[t=    0] INIT               5 robots, map 900x600, obstacles=off, sources=1
[t=    0] MODE               entered Hazard Localization
[t=  199] PHASE              MONITOR → LEAK
[t=  199] LEAK_START         new leak at (779, 329)
[t=  200] DETECT             0/3 located the leak  λ₂=3.00
[t=  240] DETECT             0/3 located the leak  λ₂=1.00
[t=  297] DETECT             1/3 located the leak  λ₂=0.00
[t=  300] DETECT             1/3 located the leak  λ₂=0.00
[t=  351] DETECT             2/3 located the leak  λ₂=0.00
[t=  360] DETECT             3/3 located the leak  λ₂=0.00
[[t=  510] CONSENSUS          σ=30.5px  obs=1H/[t=  370] CONSENSUS          σ=12.1px  obs=4H/4T  stable=10/30  λ₂=0.000
[t=  380] CONSENSUS          σ=8.4px  obs=4H/4T  stable=20/30  λ₂=0.000
[t=  390] CONSENSUS          σ=7.6px  obs=4H/4T  stable=30/30  λ₂=0.000
[t=  390] REPORTED          [t=  550] CONSENSUS          σ=28.6px  obs=1H/3T  stable=0/30  λ₂=0.000
[t=  560] CONSENSUS          σ=32.6px  obs=1H/3T  stable=0/30  λ₂=0.000
[t=  570] CONSENSUS          σ=33.2px  obs=1H/3T  stable=0/30  λ₂=0.000
[t=  580] CONSENSUS          σ=33.5px  obs=1H/3T  stable=0/30  λ₂=0.000
[t=  590] CONSENSUS          σ=32.7px  obs=1H/3T  stable=0/30  λ₂=0.000
[t=  600] CONSENSUS          σ=35.1px  obs=1H/3T  stable=0/30  λ₂=0.000
[t=  610] CONSENSUS          σ=35.4px  obs=1H/3T  stable=0/30  λ₂=0.830
[t=  620] CONSENSUS          σ=30.9px  obs=1H/3T  stable=0/30  λ₂=1.000
[t=  630] CONSENSUS          σ=31.3px  obs=1H/3T  stable=0/30  λ₂=1.000
[t=  640] CONSENSUS          σ=33.3px  obs=1H/3T  stable=0/30  λ₂=1.000
[t=  650] CONSENSUS          σ=38.2px  obs=1H/3T  stable=0/30  λ₂=2.000
[t=  660] CONSENSUS          σ=33.6px  obs=1H/3T  stable=0/30  λ₂=3.000
[t=  670] CONSENSUS          σ=35.2px  obs=1H/3T  stable=0/30  λ₂=5.000
[t=  680] CONSENSUS          σ=37.0px  obs=1H/3T  stable=0/30  λ₂=5.000
[t=  690] CONSENSUS          σ=40.1px  obs=1H/3T  stable=0/30  λ₂=5.000
[t=  700] CONSENSUS          σ=38.3px  obs=1H/3T  stable=0/30  λ₂=5.000
[t=  710] CONSENSUS          σ=32.8px  obs=1H/3T  stable=0/30  λ₂=5.000
[t=  720] CONSENSUS          σ=35.9px  obs=1H/3T  stable=0/30  λ₂=5.000
[t=  730] CONSENSUS          σ=39.5px  obs=1H/3T  stable=0/30  λ₂=5.000
[t=  740] CONSENSUS          σ=41.9px  obs=1H/3T  stable=0/30  λ₂=5.000
[t=  750] CONSENSUS          σ=47.3px  obs=1H/3T  stable=0/30  λ₂=5.000
[t=  760] CONSENSUS          σ=50.1px  obs=1H/3T  stable=0/30  λ₂=5.000
[t=  770] CONSENSUS          σ=50.2px  obs=1H/3T  stable=0/30  λ₂=5.000
[t=  780] CONSENSUS          σ=51.3px  obs=1H/3T  stable=0/30  λ₂=5.000
[t=  790] CONSENSUS          σ=7.8px  obs=2H/4T  stable=10/30  λ₂=5.000
[t=  800] CONSENSUS          σ=1.8px  obs=2H/4T  stable=20/30  λ₂=5.000
[t=  810] CONSENSUS          σ=0.8px  obs=2H/4T  stable=30/30  λ₂=5.000
[t=  810] REPORTED           agreed (734, 195) err=4.7px
[t=  810] PHASE              CONSENSUS → REPORTED
