# Simulation started at Sun Jul  5 22:30:05 2026
[t=    0] INIT               5 robots, map 900x600, obstacles=off, sources=1
[t=    0] MODE               entered Hazard Localization
[t=  199] PHASE              MONITOR → LEAK
[t=  199] LEAK_START         new leak at (475, 122)
[t=  200] DETECT             0/3 located the leak  λ₂=2.00[[t=  240] DETECT             0/3 located the leak  λ₂=3.00[[t=  300] DETECT             0/3 located [t=  280] PHASE     [t=  360] DETECT             0/3 located the leak  λ₂=0.52
[t=  420] DETECT[t=  454] PHASE              LEAK → CONSENSUS
[t=  460] CONSENSUS          σ=19.5px  obs=2H/3T  stable=6/30  λ₂=0.000
[t=  470] CONSENSUS          σ=13.0px  obs=2H/3T  stable=16/30  λ₂=0.000
[t=  480] CONSENSUS          σ[t=  540] DETECT             2/3 located the leak  λ₂=0.52
[t=  592] DETECT             3/3 located the leak  λ₂=0.83
[t=  592] PHASE              LEAK → CONSENSUS
[t=  600] CONSE[t=  720] DETECT             2/3 located the leak  λ₂=0.00
[t=  780] DETECT             2/3 located the leak  λ₂=0.00
[t=  840] DETECT             2/3 located the leak  λ₂=0.00
[t=  900] DETECT             2/3 located the leak  λ₂=0.00
[t=  960] DETECT             2/3 located the leak  λ₂=0.00
[t= 1020] DETECT             2/3 located the leak  λ₂=0.00
[t= 1080] DETECT             2/3 located the leak  λ₂=0.00
[t= 1140] DETECT             2/3 located the leak  λ₂=0.00
[t= 1200] DETECT             2/3 located the leak  λ₂=0.00
[t= 1260] DETECT             2/3 located the leak  λ₂=0.00
[t= 1320] DETECT             2/3 located the leak  λ₂=0.00
[t= 1325] DETECT             3/3 located the leak  λ₂=0.00
[t= 1325] PHASE              LEAK → CONSENSUS
[t= 1330] CONSENSUS          σ=9.0px  obs=3H/3T  stable=5/30  λ₂=0.000
[t= 1340] CONSENSUS          σ=4.9px  obs=3H/3T  stable=15/30  λ₂=0.000
[t= 1350] CONSENSUS          σ=5.6px  obs=3H/3T  stable=25/30  λ₂=0.000
[t= 1355] REPORTED           agreed (159, 238) err=7.9px
[t= 1355] PHASE              CONSENSUS → REPORTED
