# Simulation started at Sun Jul  5 22:29:42 2026
[t=    0] INIT               5 robots, map 900x600, obstacles=off, sources=1
[t=    0] MODE               entered Hazard Localization
[t=  199] PHASE              MONITOR → LEAK
[t=  199] LEAK_START         new leak at (762, 491)
[t=  200] DETECT             0/3 located the leak  λ₂=0.83
[t=  232] DETECT             1/3 located the leak  λ₂=0.83
[t=  240] DETECT             1/3 located the leak  λ₂=0.83
[t=  300] DETECT             1/3 located the leak  λ₂=3.00
[t=  360] DETECT             1/3 located the leak  λ₂=2.00
[t=  400] DETECT             2/3 located the leak  λ₂=0.00
[t=  419] DETECT             3/3 located the leak  λ₂=0.00
[t=  419] PHASE              LEAK → CONSENSUS
[t=  420] CONSENSUS          σ=8.8px  obs=3H/3T  stable=1/30  λ₂=0.000
[t=  430] CONSENSUS          σ=5.2px  obs=3H/3T  stable=11/30 [t=  720] DETECT             1/3 located the leak  λ₂=0.00
[t=  724] DETECT             2/3 located the leak  λ₂=0.00
[t=  780] DETECT             2/3 located the leak  λ₂=0.00
[t=  840] DETECT             2/3 located the leak  λ₂=0.00
[t=  900] DETECT             2/3 located the leak  λ₂=0.00
[t=  960] DETECT             2/3 located the leak  λ₂=0.00
[t= 1020] DETECT             2/3 located the leak  λ₂=0.00
[t= 1080] DETECT             2/3 located the leak  λ₂=0.00
[t= 1140] DETECT             2/3 located the leak  λ₂=0.00
[t= 1200] DETECT             2/3 located the leak  λ₂=0.00
[t= 1260] DETECT             2/3 located the leak  λ₂=0.00
[t= 1320] DETECT             2/3 located the leak  λ₂=0.00
[t= 1380] DETECT             2/3 located the leak  λ₂=0.00
[t= 1440] DETECT             2/3 located the leak  λ₂=0.00
[t= 1500] DETECT             2/3 located the leak  λ₂=0.00
[t= 1560] DETECT             2/3 located the leak  λ₂=0.00
[t= 1620] DETECT             2/3 located the leak  λ₂=0.00
[t= 1680] DETECT             2/3 located the leak  λ₂=0.00
[t= 1740] DETECT             2/3 located the leak  λ₂=0.00
[t= 1800] DETECT             2/3 located the leak  λ₂=0.00
[t= 1860] DETECT             2/3 located the leak  λ₂=0.00
[t= 1920] DETECT             2/3 located the leak  λ₂=0.00
[t= 1980] DETECT             2/3 located the leak  λ₂=0.00
[t= 2040] DETECT             2/3 located the leak  λ₂=0.00
[t= 2100] DETECT             2/3 located the leak  λ₂=0.00
[t= 2160] DETECT             2/3 located the leak  λ₂=0.00
[t= 2220] DETECT             2/3 located the leak  λ₂=0.00
[t= 2280] DETECT             2/3 located the leak  λ₂=0.00
[t= 2340] DETECT             2/3 located the leak  λ₂=0.00
[t= 2400] DETECT             2/3 located the leak  λ₂=0.00
[t= 2460] DETECT             2/3 located the leak  λ₂=0.00
[t= 2520] DETECT             2/3 located the leak  λ₂=0.00
[t= 2580] DETECT             2/3 located the leak  λ₂=0.00
[t= 2640] DETECT             2/3 located the leak  λ₂=0.00
[t= 2700] DETECT             2/3 located the leak  λ₂=0.00
[t= 2760] DETECT             2/3 located the leak  λ₂=0.00
[t= 2820] DETECT             2/3 located the leak  λ₂=0.00
[t= 2880] DETECT             2/3 located the leak  λ₂=0.00
[t= 2933] DETECT             3/3 located the leak  λ₂=0.00
[t= 2933] PHASE              LEAK → CONSENSUS
[t= 2940] CONSENSUS          σ=15.0px  obs=3H/3T  stable=7/30  λ₂=0.000
[t= 2950] CONSENSUS          σ=10.7px  obs=3H/3T  stable=17/30  λ₂=0.000
[t= 2960] CONSENSUS          σ=10.3px  obs=3H/3T  stable=27/30  λ₂=0.000
[t= 2963] REPORTED           agreed (471, 472) err=8.7px
[t= 2963] PHASE              CONSENSUS → REPORTED
