# Simulation started at Wed Jun 24 10:12:13 2026
[t=    0] INIT               5 robots, map 900x600, obstacles=off, sources=1
[t=    0] MODE               entered Hazard Localisation
[t=  199] PHASE              MONITOR → LEAK
[t=  199] LEAK_START         new leak at (400, 326)
[t=  200] DETECT             1 smell gas  0 located it  need 3  λ₂=0.000
[t=  220] DETECT             5 smell gas  0 located it  need 3  λ₂=0.000
[t=  240] DETECT             5 smell gas  0 located it  need 3  λ₂=0.000
[t=  260] DETECT             5 smell gas  0 located it  need 3  λ₂=0.000
[t=  280] DETECT             5 smell gas  0 located it  need 3  λ₂=0.000
[t=  300] DETECT             5 smell gas  0 located it  need 3  λ₂=0.000
[t=  320] DETECT             5 smell gas  0 located it  need 3  λ₂=0.000
[t=  340] DETECT             5 smell gas  0 located it  need 3  λ₂=0.000
[t=  360] DETECT             5 smell gas  0 located it  need 3  λ₂=0.000
[t=  380] DETECT             5 smell gas  0 located it  need 3  λ₂=0.000
[t=  400] DETECT             5 smell gas  0 located it  need 3  λ₂=0.000
[t=  420] DETECT             5 smell gas  0 located it  need 3  λ₂=0.000
[t=  440] DETECT             5 smell gas  0 located it  need 3  λ₂=0.000
[t=  460] DETECT             5 smell gas  0 located it  need 3  λ₂=0.000
[t=  480] DETECT             5 smell gas  0 located it  need 3  λ₂=0.000
[t=  500] DETECT             5 smell gas  1 located it  need 3  λ₂=0.519
[t=  520] DETECT             5 smell gas  1 located it  need 3  λ₂=0.519
[t=  540] DETECT             5 smell gas  1 located it  need 3  λ₂=1.382
[t=  560] DETECT             5 smell gas  2 located it  need 3  λ₂=2.000
[t=  579] PHASE              LEAK → CONSENSUS
[t=  580] CONSENSUS          σ=0.0px  obs=3H/3T  stable=1/30  λ₂=3.000
[t=  590] CONSENSUS          σ=0.0px  obs=3H/3T  stable=11/30  λ₂=3.000
[t=  600] CONSENSUS          σ=0.0px  obs=4H/4T  stable=21/30  λ₂=5.000
[t=  609] REPORTED           agreed (432, 323) err=32.5px
[t=  609] PHASE              CONSENSUS → REPORTED
