# Simulation started at Sun Jul  5 22:31:04 2026
[t=    0] INIT               5 robots, map 900x600, obstacles=off, sources=1
[t=    0] MODE               entered Hazard Localization
[t=  199] PHASE              MONITOR → LEAK
[t=  199] LEAK_START         new leak at (412, 209)
[t=  200] DETECT             0/3 located the leak  λ₂=1.59
[t=  240] DETECT             0/3 located the leak  λ₂=1.59
[t=  300] DETECT             0/3 located the leak  λ₂=0.83
[t=  360] DETECT             0/3 located the leak  λ₂=1.59
[t=  420] DETECT             0/3 located the leak  λ₂=3.00
[t=  480] DETECT             0/3 located the leak  λ₂=0.83
[t=  540] DETECT             0/3 located the leak  λ₂=0.00
[t=  600] DETECT             0/3 located the leak  λ₂=0.52
[t=  604] DETECT             1/3 located the leak  λ₂=0.83
[t=  660] DETECT             1/3 located the leak  λ₂=1.00
[t=  720] DETECT             1/3 located the leak  λ₂=2.00
[t=  744] DETECT             2/3 located the leak  λ₂=3.00
[t=  749] DETECT             3/3 located the leak  λ₂=5.00
[t=  749] PHASE              LEAK → CONSENSUS
[t=  750] CONSENSUS          σ=24.9px  obs=3H/3T  stable=1/30  λ₂=5.000
[t=  760] CONSENSUS          σ=18.1px  obs=3H/3T  stable=11/30  λ₂=5.000
[t=  770] CONSENSUS          σ=13.1px  obs=3H/3T  stable=21/30  λ₂=5.000
[t=  779] REPORTED           agreed (415, 212) err=5.4px
[t=  779] PHASE              CONSENSUS → REPORTED
