# Simulation started at Sun Jun 28 12:31:59 2026
[t=    0] INIT               5 robots, map 900x600, obstacles=off, sources=1
[t=    0] MODE               entered Hazard Localisation
[t=  199] PHASE              MONITOR → LEAK
[t=  199] LEAK_START         new leak at (296, 350)
[t=  200] DETECT             0/3 located the leak  λ₂=0.00
[t=  225] DETECT             1/3 located the leak  λ₂=0.00
[t=  240] DETECT             1/3 located the leak  λ₂=0.00
[t=  300] DETECT             1/3 located the leak  λ₂=0.00
[t=  360] DETECT             1/3 located the leak  λ₂=0.00
[t=  420] DETECT             1/3 located the leak  λ₂=0.00
[t=  480] DETECT             1/3 located the leak  λ₂=0.00
[t=  540] DETECT             1/3 located the leak  λ₂=0.00
[t=  600] DETECT             1/3 located the leak  λ₂=0.00
[t=  660] DETECT             1/3 located the leak  λ₂=0.00
[t=  720] DETECT             1/3 located the leak  λ₂=0.00
[t=  780] DETECT             1/3 located the leak  λ₂=0.00
[t=  802] DETECT             2/3 located the leak  λ₂=0.00
[t=  816] DETECT             3/3 located the leak  λ₂=0.00
[t=  816] PHASE              LEAK → CONSENSUS
[t=  820] CONSENSUS          σ=25.0px  obs=3H/3T  stable=1/30  λ₂=0.000
[t=  830] CONSENSUS          σ=17.9px  obs=3H/3T  stable=11/30  λ₂=0.000
[t=  840] CONSENSUS          σ=10.0px  obs=3H/3T  stable=21/30  λ₂=0.000
[t=  849] REPORTED           agreed (309, 359) err=16.0px
[t=  849] PHASE              CONSENSUS → REPORTED
