# Simulation started at Sun Jul  5 22:31:12 2026
[t=    0] INIT               5 robots, map 900x600, obstacles=off, sources=1
[t=    0] MODE               entered Hazard Localization
[t=  199] PHASE              MONITOR → LEAK
[t=  199] LEAK_START         new leak at (151, 238)
[t=  200] DETECT             0/3 located the leak  λ₂=0.00
[t=  240] DETECT             0/3 located the leak  λ₂=0.00
[t=  247] DETECT             1/3 located the leak  λ₂=0.00
[t=  271] DETECT             2/3 located the leak  λ₂=0.00
[t=  300] DETECT             2/3 located the leak  λ₂=0.00
[t=  360] DETECT             2/3 located the leak  λ₂=0.00
[t=  420] DETECT             2/3 located the leak  λ₂=0.00
[t=  480] DETECT             2/3 located the leak  λ₂=0.00
[t=  540] DETECT             2/3 located the leak  λ₂=0.00
[t=  547] DETECT             3/3 located the leak  λ₂=0.00
[t=  547] PHASE              LEAK → CONSENSUS
[t=  550] CONSENSUS          σ=21.7px  obs=3H/3T  stable=3/30  λ₂=0.000
[t=  560] CONSENSUS          σ=14.7px  obs=3H/3T  stable=13/30  λ₂=0.000
[t=  570] CONSENSUS          σ=10.4px  obs=3H/3T  stable=23/30  λ₂=0.000
[t=  577] REPORTED           agreed (159, 242) err=8.8px
[t=  577] PHASE              CONSENSUS → REPORTED
