# Simulation started at Sun Jun 28 18:43:50 2026
[t=    0] INIT               5 robots, map 900x600, obstacles=off, sources=1
[t=    0] MODE               entered Hazard Localization
[t=  199] PHASE              MONITOR → LEAK
[t=  199] LEAK_START         new leak at (440, 288)
[t=  200] DETECT             0/3 located the leak  λ₂=1.59
[t=  240] DETECT             0/3 located the leak  λ₂=1.59
[t=  300] DETECT             0/3 located the leak  λ₂=0.00
[t=  360] DETECT             0/3 located the leak  λ₂=0.83
[t=  420] DETECT             0/3 located the leak  λ₂=2.00
[t=  449] DETECT             1/3 located the leak  λ₂=2.00
[t=  455] DETECT             2/3 located the leak  λ₂=5.00
[t=  480] DETECT             2/3 located the leak  λ₂=5.00
[t=  506] DETECT             3/3 located the leak  λ₂=5.00
[t=  506] PHASE              LEAK → CONSENSUS
[t=  510] CONSENSUS          σ=9.8px  obs=3H/3T  stable=4/30  λ₂=5.000
[t=  520] CONSENSUS          σ=7.4px  obs=3H/3T  stable=14/30  λ₂=5.000
[t=  530] CONSENSUS          σ=8.1px  obs=3H/3T  stable=24/30  λ₂=5.000
[t=  536] REPORTED           agreed (438, 294) err=6.6px
[t=  536] PHASE              CONSENSUS → REPORTED
