# Simulation started at Sun Jun 28 18:46:08 2026
[t=    0] INIT               5 robots, map 900x600, obstacles=off, sources=1
[t=    0] MODE               entered Hazard Localization
[t=  199] PHASE              MONITOR → LEAK
[t=  199] LEAK_START         new leak at (378, 341)
[t=  200] DETECT             0/3 located the leak  λ₂=0.00
[t=  240] DETECT             0/3 located the leak  λ₂=0.00
[t=  300] DETECT             0/3 located the leak  λ₂=0.00
[t=  354] DETECT             1/3 located the leak  λ₂=0.00
[t=  360] DETECT             1/3 located the leak  λ₂=0.00
[t=  420] DETECT             2/3 located the leak  λ₂=0.00
[t=  480] DETECT             2/3 located the leak  λ₂=0.00
[t=  540] DETECT             2/3 located the leak  λ₂=0.00
[t=  600] DETECT             2/3 located the leak  λ₂=0.00
[t=  660] DETECT             2/3 located the leak  λ₂=0.00
[t=  720] DETECT             2/3 located the leak  λ₂=0.00
[t=  780] DETECT             2/3 located the leak  λ₂=0.00
[t=  840] DETECT             2/3 located the leak  λ₂=0.00
[t=  900] DETECT             2/3 located the leak  λ₂=0.00
[t=  960] DETECT             2/3 located the leak  λ₂=0.00
[t= 1020] DETECT             2/3 located the leak  λ₂=0.00
[t= 1078] DETECT             3/3 located the leak  λ₂=0.00
[t= 1078] PHASE              LEAK → CONSENSUS
[t= 1080] CONSENSUS          σ=18.2px  obs=3H/3T  stable=2/30  λ₂=0.000
[t= 1090] CONSENSUS          σ=14.7px  obs=3H/3T  stable=12/30  λ₂=0.000
[t= 1100] CONSENSUS          σ=13.6px  obs=3H/3T  stable=22/30  λ₂=0.000
[t= 1108] REPORTED           agreed (408, 383) err=52.3px
[t= 1108] PHASE              CONSENSUS → REPORTED
