# Simulation started at Sat Jun 27 23:21:08 2026
[t=    0] INIT               5 robots, map 900x600, obstacles=off, sources=1
[t=    0] MODE               entered Hazard Localization
[t=  199] PHASE              MONITOR → LEAK
[t=  199] LEAK_START         new leak at (747, 94)
[t=  200] DETECT             0/3 located the leak  λ₂=0.00
[t=  240] DETECT             0/3 located the leak  λ₂=0.38
[t=  254] DETECT             1/3 located the leak  λ₂=0.38
[t=  298] DETECT             2/3 located the leak  λ₂=0.00
[t=  300] DETECT             2/3 located the leak  λ₂=0.00
[t=  360] DETECT             2/3 located the leak  λ₂=0.00
[t=  420] DETECT             2/3 located the leak  λ₂=0.00
[t=  480] DETECT             2/3 located the leak  λ₂=0.00
[t=  540] DETECT             2/3 located the leak  λ₂=0.00
[t=  600] DETECT             2/3 located the leak  λ₂=0.52
[t=  629] DETECT             3/3 located the leak  λ₂=0.52
[t=  629] PHASE              LEAK → CONSENSUS
[t=  630] CONSENSUS          σ=12.8px  obs=3H/3T  stable=1/30  λ₂=0.519
[t=  640] CONSENSUS          σ=11.1px  obs=3H/3T  stable=11/30  λ₂=0.519
[t=  650] CONSENSUS          σ=10.0px  obs=3H/3T  stable=21/30  λ₂=0.830
[t=  659] REPORTED           agreed (758, 97) err=10.3px
[t=  659] PHASE              CONSENSUS → REPORTED
