# Simulation started at Sun Jul  5 22:30:38 2026
[t=    0] INIT               5 robots, map 900x600, obstacles=off, sources=1
[t=    0] MODE               entered Hazard Localization
[t=  199] PHASE              MONITOR → LEAK
[t=  199] LEAK_START         new leak at (378, 383)
[t=  200] DETECT             0/3 located the leak  λ₂=0.00
[t=  208] DETECT             1/3 located the leak  λ₂=0.00
[t=  300] DETECT             1/3 located the leak  λ₂=0.00
[t=  300] DETECT             1/3 located the leak  λ₂=0.00
[t=  360] DETECT             1/3 located the leak  λ₂=0.00
[t=  366] DETECT             2/3 located the leak  λ₂=0.00
[t=  420] DETECT             2/3 located the leak  λ₂=0.00
[t=  480] DETECT             2/3 located the leak  λ₂=0.00
[t=  540] DETECT             2/3 located the leak  λ₂=0.00
[t=  600] DETECT             2/3 located the leak  λ₂=0.00
[t=  660] DETECT             2/3 located the leak  λ₂=0.00
[t=  720] DETECT             2/3 located the leak  λ₂=0.00
[t=  780] DETECT             2/3 located the leak  λ₂=0.00
[t=  840] DETECT             2/3 located the leak  λ₂=0.00
[t=  877] DETECT             3/3 located the leak  λ₂=0.00
[t=  877] PHASE              LEAK → CONSENSUS
[t=  880] CONSENSUS          σ=9.9px  obs=3H/3T  stable=3/30  λ₂=0.000
[t=  890] CONSENSUS          σ=5.9px  obs=3H/3T  stable=13/30  λ₂=0.000
[t=  900] CONSENSUS          σ=3.9px  obs=3H/3T  stable=23/30  λ₂=0.000
[t=  907] REPORTED           agreed (377, 378) err=4.8px
[t=  907] PHASE              CONSENSUS → REPORTED
