# Simulation started at Sun Jul  5 22:30:21 2026
[t=    0] INIT               5 robots, map 900x600, obstacles=off, sources=1
[t=    0] MODE               entered Hazard Localization
[t=  199] PHASE              MONITOR → LEAK
[t=  199] LEAK_START         new leak at (723, 216)
[t=  200] DETECT             0/3 located the leak  λ₂=1.00
[t=  209] DETECT             1/3 located the leak  λ₂=0.52
[t=  232] DETECT             2/3 located the leak  λ₂=0.52
[t=  240] DETECT             2/3 located the leak  λ₂=0.52
[t=  258] DETECT             3/3 located the leak  λ₂=0.52
[t=  258] PHASE              LEAK → CONSENSUS
[t=  260] CONSENSUS          σ=8.3px  obs=3H/3T  stable=2/30  λ₂=0.519
[t=  270] CONSENSUS          σ=5.1px  obs=3H/3T  stable=12/30  λ₂=0.830
[t=  280] CONSENSUS          σ=1.2px  obs=3H/3T  stable=22/30  λ₂=1.000
[t=  288] REPORTED           agreed (725, 215) err=2.4px
[t=  288] PHASE              CONSENSUS → REPORTED
ASE              LEAK → CONSENSUS
[t=  670] CONSENSUS          σ=20.3px  obs=3H/3T  stable=4/30  λ₂=5.000
[t=  680] CONSENSUS          σ=18.0px  obs=4H/4T  stable=14/30  λ₂=5.000
[t=  690] CONSENSUS          σ=13.4px  obs=4H/4T  stable=24/30  λ₂=5.000
[t=  696] REPORTED           agreed (765, 173) err=23.3px
[t=  696] PHASE              CONSENSUS → REPORTED
