# Simulation started at Sat Jun 27 23:26:36 2026
[t=    0] INIT               5 robots, map 900x600, obstacles=off, sources=1
[t=    0] MODE               entered Hazard Localisation
[t=  199] PHASE              MONITOR → LEAK
[t=  199] LEAK_START         new leak at (598, 395)
[t=  200] DETECT             1/3 located the leak  λ₂=0.00
[t=  240] DETECT             1/3 located the leak  λ₂=0.00
[t=  300] DETECT             1/3 located the leak  λ₂=0.00
[t=  360] DETECT             1/3 located the leak  λ₂=0.00
[t=  420] DETECT             1/3 located the leak  λ₂=0.00
[t=  444] DETECT             2/3 located the leak  λ₂=0.00
[t=  480] DETECT             2/3 located the leak  λ₂=0.00
[t=  540] DETECT             2/3 located the leak  λ₂=0.00
[t=  600] DETECT             2/3 located the leak  λ₂=0.00
[t=  660] DETECT             2/3 located the leak  λ₂=0.00
[t=  720] DETECT             2/3 located the leak  λ₂=0.00
[t=  751] DETECT             3/3 located the leak  λ₂=0.00
[t=  751] PHASE              LEAK → CONSENSUS
[t=  760] CONSENSUS          σ=18.5px  obs=3H/3T  stable=9/30  λ₂=0.000
[t=  770] CONSENSUS          σ=20.2px  obs=3H/3T  stable=19/30  λ₂=0.000
[t=  780] CONSENSUS          σ=20.4px  obs=3H/3T  stable=29/30  λ₂=0.000
[t=  781] REPORTED           agreed (641, 410) err=45.7px
[t=  781] PHASE              CONSENSUS → REPORTED
