# Simulation started at Sun Jun 28 12:32:37 2026
[t=    0] INIT               5 robots, map 900x600, obstacles=off, sources=1
[t=    0] MODE               entered Hazard Localisation
[t=  199] PHASE              MONITOR → LEAK
[t=  199] LEAK_START         new leak at (762, 491)
[t=  200] DETECT             0/3 located the leak  λ₂=0.00
[t=  215] DETECT             1/3 located the leak  λ₂=0.00
[t=  240] DETECT             1/3 located the leak  λ₂=0.00
[t=  300] DETECT             1/3 located the leak  λ₂=0.00
[t=  360] DETECT             1/3 located the leak  λ₂=0.00
[t=  420] DETECT             1/3 located the leak  λ₂=0.00
[t=  480] DETECT             1/3 located the leak  λ₂=0.00
[t=  540] DETECT             1/3 located the leak  λ₂=0.00
[t=  600] DETECT             1/3 located the leak  λ₂=0.00
[t=  619] DETECT             2/3 located the leak  λ₂=0.00
[t=  660] DETECT             2/3 located the leak  λ₂=0.00
[t=  720] DETECT             2/3 located the leak  λ₂=0.00
[t=  780] DETECT             2/3 located the leak  λ₂=0.00
[t=  840] DETECT             2/3 located the leak  λ₂=0.83
[t=  900] DETECT             2/3 located the leak  λ₂=0.00
[t=  930] DETECT             3/3 located the leak  λ₂=0.00
[t=  930] PHASE              LEAK → CONSENSUS
[t=  940] CONSENSUS          σ=7.5px  obs=3H/3T  stable=10/30  λ₂=0.000
[t=  950] CONSENSUS          σ=10.9px  obs=4H/4T  stable=20/30  λ₂=0.000
[t=  960] CONSENSUS          σ=12.4px  obs=4H/4T  stable=30/30  λ₂=0.000
[t=  960] REPORTED           agreed (758, 487) err=5.7px
[t=  960] PHASE              CONSENSUS → REPORTED
