# Simulation started at Sun Jun 28 18:48:17 2026
[t=    0] INIT               5 robots, map 900x600, obstacles=off, sources=1
[t=    0] MODE               entered Hazard Localization
[t=  199] PHASE              MONITOR → LEAK
[t=  199] LEAK_START         new leak at (751, 154)
[t=  200] DETECT             0/3 located the leak  λ₂=1.59
[t=  240] DETECT             0/3 located the leak  λ₂=1.00
[t=  300] DETECT             0/3 located the leak  λ₂=0.00
[t=  360] DETECT             0/3 located the leak  λ₂=0.83
[t=  417] DETECT             1/3 located the leak  λ₂=0.52
[t=  420] DETECT             1/3 located the leak  λ₂=0.52
[t=  424] DETECT             2/3 located the leak  λ₂=0.52
[t=  480] DETECT             2/3 located the leak  λ₂=1.00
[t=  540] DETECT             2/3 located the leak  λ₂=1.00
[t=  600] DETECT             2/3 located the leak  λ₂=1.00
[t=  603] DETECT             3/3 located the leak  λ₂=1.00
[t=  603] PHASE              LEAK → CONSENSUS
[t=  610] CONSENSUS          σ=10.2px  obs=3H/3T  stable=7/30  λ₂=1.000
[t=  620] CONSENSUS          σ=7.2px  obs=3H/3T  stable=17/30  λ₂=1.000
[t=  630] CONSENSUS          σ=6.3px  obs=3H/3T  stable=27/30  λ₂=1.000
[t=  633] REPORTED           agreed (770, 179) err=30.9px
[t=  633] PHASE              CONSENSUS → REPORTED
