# Simulation started at Sun Jun 28 12:30:11 2026
[t=    0] INIT               5 robots, map 900x600, obstacles=off, sources=1
[t=    0] MODE               entered Hazard Localisation
[t=  199] PHASE              MONITOR → LEAK
[t=  199] LEAK_START         new leak at (762, 491)
[t=  200] DETECT             0/3 located the leak  λ₂=0.00
[t=  240] DETECT             0/3 located the leak  λ₂=0.00
[t=  274] DETECT             1/3 located the leak  λ₂=0.00
[t=  300] DETECT             1/3 located the leak  λ₂=0.00
[t=  311] DETECT             2/3 located the leak  λ₂=0.00
[t=  360] DETECT             2/3 located the leak  λ₂=0.00
[t=  420] DETECT             2/3 located the leak  λ₂=0.00
[t=  480] DETECT             2/3 located the leak  λ₂=0.00
[t=  540] DETECT             2/3 located the leak  λ₂=0.00
[t=  600] DETECT             2/3 located the leak  λ₂=0.00
[t=  660] DETECT             2/3 located the leak  λ₂=0.00
[t=  720] DETECT             2/3 located the leak  λ₂=0.00
[t=  780] DETECT             2/3 located the leak  λ₂=0.00
[t=  840] DETECT             2/3 located the leak  λ₂=0.00
[t=  900] DETECT             2/3 located the leak  λ₂=0.00
[t=  960] DETECT             2/3 located the leak  λ₂=0.00
[t= 1020] DETECT             2/3 located the leak  λ₂=0.00
[t= 1080] DETECT             2/3 located the leak  λ₂=0.00
[t= 1140] DETECT             2/3 located the leak  λ₂=0.00
[t= 1200] DETECT             2/3 located the leak  λ₂=0.00
[t= 1260] DETECT             2/3 located the leak  λ₂=0.00
[t= 1320] DETECT             2/3 located the leak  λ₂=0.00
[t= 1380] DETECT             2/3 located the leak  λ₂=0.00
[t= 1440] DETECT             2/3 located the leak  λ₂=0.00
[t= 1500] DETECT             2/3 located the leak  λ₂=0.00
[t= 1560] DETECT             2/3 located the leak  λ₂=0.00
[t= 1620] DETECT             2/3 located the leak  λ₂=0.00
[t= 1680] DETECT             2/3 located the leak  λ₂=0.00
[t= 1740] DETECT             2/3 located the leak  λ₂=0.00
[t= 1800] DETECT             2/3 located the leak  λ₂=0.00
[t= 1860] DETECT             2/3 located the leak  λ₂=0.00
[t= 1920] DETECT             2/3 located the leak  λ₂=0.00
[t= 1980] DETECT             2/3 located the leak  λ₂=0.00
[t= 2040] DETECT             2/3 located the leak  λ₂=0.00
[t= 2100] DETECT             2/3 located the leak  λ₂=0.00
[t= 2160] DETECT             2/3 located the leak  λ₂=0.00
[t= 2220] DETECT             2/3 located the leak  λ₂=0.00
[t= 2280] DETECT             2/3 located the leak  λ₂=0.00
[t= 2340] DETECT             2/3 located the leak  λ₂=0.00
[t= 2400] DETECT             2/3 located the leak  λ₂=0.00
[t= 2460] DETECT             2/3 located the leak  λ₂=0.00
[t= 2520] DETECT             2/3 located the leak  λ₂=0.00
[t= 2580] DETECT             2/3 located the leak  λ₂=0.00
[t= 2640] DETECT             2/3 located the leak  λ₂=0.00
[t= 2700] DETECT             2/3 located the leak  λ₂=0.00
[t= 2757] DETECT             3/3 located the leak  λ₂=0.00
[t= 2757] PHASE              LEAK → CONSENSUS
[t= 2760] CONSENSUS          σ=6.0px  obs=3H/3T  stable=3/30  λ₂=0.000
[t= 2770] CONSENSUS          σ=6.7px  obs=3H/3T  stable=13/30  λ₂=0.000
[t= 2780] CONSENSUS          σ=9.4px  obs=3H/3T  stable=23/30  λ₂=0.000
[t= 2787] REPORTED           agreed (768, 474) err=18.6px
[t= 2787] PHASE              CONSENSUS → REPORTED
