# Simulation started at Sun Jun 28 19:07:25 2026
[t=    0] INIT               5 robots, map 900x600, obstacles=off, sources=1
[t=    0] MODE               entered Hazard Localization
[t=  199] PHASE              MONITOR → LEAK
[t=  199] LEAK_START         new leak at (570, 428)
[t=  200] DETECT             0/3 located the leak  λ₂=0.00
[t=  240] DETECT             0/3 located the leak  λ₂=0.00
[t=  300] DETECT             0/3 located the leak  λ₂=0.00
[t=  360] DETECT             0/3 located the leak  λ₂=-0.00
[t=  369] DETECT             1/3 located the leak  λ₂=-0.00
[t=  420] DETECT             1/3 located the leak  λ₂=-0.00
[t=  436] DETECT             2/3 located the leak  λ₂=-0.00
[t=  439] DETECT             3/3 located the leak  λ₂=-0.00
[t=  439] PHASE              LEAK → CONSENSUS
[t=  440] CONSENSUS          σ=25.9px  obs=3H/3T  stable=0/30  λ₂=-0.000
[t=  450] CONSENSUS          σ=19.7px  obs=3H/3T  stable=7/30  λ₂=-0.000
[t=  460] CONSENSUS          σ=13.9px  obs=3H/3T  stable=17/30  λ₂=-0.000
[t=  470] CONSENSUS          σ=15.6px  obs=4H/4T  stable=27/30  λ₂=-0.000
[t=  473] REPORTED           agreed (584, 405) err=26.9px
[t=  473] PHASE              CONSENSUS → REPORTED
