# Simulation started at Sat Jun 27 23:25:51 2026
[t=    0] INIT               5 robots, map 900x600, obstacles=off, sources=1
[t=    0] MODE               entered Hazard Localisation
[t=  199] PHASE              MONITOR → LEAK
[t=  199] LEAK_START         new leak at (726, 215)
[t=  200] DETECT             1/3 located the leak  λ₂=0.00
[t=  240] DETECT             1/3 located the leak  λ₂=0.00
[t=  300] DETECT             1/3 located the leak  λ₂=0.00
[t=  317] DETECT             2/3 located the leak  λ₂=0.00
[t=  360] DETECT             2/3 located the leak  λ₂=0.00
[t=  420] DETECT             2/3 located the leak  λ₂=0.00
[t=  480] DETECT             2/3 located the leak  λ₂=0.00
[t=  540] DETECT             2/3 located the leak  λ₂=0.00
[t=  600] DETECT             2/3 located the leak  λ₂=0.00
[t=  660] DETECT             2/3 located the leak  λ₂=0.00
[t=  720] DETECT             2/3 located the leak  λ₂=0.00
[t=  780] DETECT             2/3 located the leak  λ₂=0.00
[t=  840] DETECT             2/3 located the leak  λ₂=0.00
[t=  882] DETECT             3/3 located the leak  λ₂=0.00
[t=  882] PHASE              LEAK → CONSENSUS
[t=  890] CONSENSUS          σ=19.0px  obs=3H/3T  stable=8/30  λ₂=0.000
[t=  900] CONSENSUS          σ=12.2px  obs=3H/3T  stable=18/30  λ₂=0.000
[t=  910] CONSENSUS          σ=11.7px  obs=3H/3T  stable=28/30  λ₂=0.000
[t=  912] REPORTED           agreed (732, 239) err=24.3px
[t=  912] PHASE              CONSENSUS → REPORTED
