# Simulation started at Sun Jul  5 22:30:52 2026
[t=    0] INIT               5 robots, map 900x600, obstacles=off, sources=1
[t=    0] MODE               entered Hazard Localization
[t=  199] PHASE              MONITOR → LEAK
[t=  199] LEAK_START         new leak at (751, 187)
[t=  200] DETECT             0/3 located the leak  λ₂=1.59
[t=  240] DETECT             0/3 located the leak  λ₂=3.00
[t=  234] DETECT             2/3 located the leak  λ₂=2.00[t=  300] DETECT             1/2 located the leak  λ₂=2.00
[t=  360] DETECT             1/2 located the leak  λ₂=0.00
[[t=  360] DETECT             2/3 located the leak  λ₂=0.00
[t=  367] DETECT             3/3 located the leak  λ₂=0.00
[t=  367] PHASE              LEAK → CONSENSUS
[t=  370] CONSENSUS          σ=8.1px  obs=3H/3T  stable=3/30  λ₂=0.000
[t=  380] CONSENSUS          σ=3.0px  obs=3H/3T  stable=13/30 [t=  715] DETECT             2/3 located the leak  λ₂=0.00
[t=  720] DETECT             2/3 located the leak  λ₂=0.00
[t=  780] DETECT             2/3 located the leak  λ₂=0.00
[t=  840] DETECT             2/3 located the leak  λ₂=0.00
[t=  900] DETECT             2/3 located the leak  λ₂=0.00
[t=  960] DETECT             2/3 located the leak  λ₂=0.00
[t= 1020] DETECT             2/3 located the leak  λ₂=0.00
[t= 1080] DETECT             2/3 located the leak  λ₂=0.00
[t= 1140] DETECT             2/3 located the leak  λ₂=0.00
[t= 1200] DETECT             2/3 located the leak  λ₂=0.00
[t= 1260] DETECT             2/3 located the leak  λ₂=0.00
[t= 1320] DETECT             2/3 located the leak  λ₂=0.00
[t= 1380] DETECT             2/3 located the leak  λ₂=0.00
[t= 1440] DETECT             2/3 located the leak  λ₂=0.00
[t= 1500] DETECT             2/3 located the leak  λ₂=0.00
[t= 1560] DETECT             2/3 located the leak  λ₂=0.00
[t= 1620] DETECT             2/3 located the leak  λ₂=0.00
[t= 1680] DETECT             2/3 located the leak  λ₂=0.00
[t= 1740] DETECT             2/3 located the leak  λ₂=0.00
[t= 1800] DETECT             2/3 located the leak  λ₂=0.00
[t= 1860] DETECT             2/3 located the leak  λ₂=0.00
[t= 1920] DETECT             2/3 located the leak  λ₂=0.00
[t= 1980] DETECT             2/3 located the leak  λ₂=0.00
[t= 2028] DETECT             3/3 located the leak  λ₂=0.00
[t= 2028] PHASE              LEAK → CONSENSUS
[t= 2030] CONSENSUS          σ=9.4px  obs=3H/3T  stable=2/30  λ₂=0.000
[t= 2040] CONSENSUS          σ=5.0px  obs=3H/3T  stable=12/30  λ₂=0.000
[t= 2050] CONSENSUS          σ=1.6px  obs=3H/3T  stable=22/30  λ₂=0.000
[t= 2058] REPORTED           agreed (735, 395) err=4.9px
[t= 2058] PHASE              CONSENSUS → REPORTED
