# Simulation started at Sat Jun 27 22:59:31 2026
[t=    0] INIT               5 robots, map 900x600, obstacles=off, sources=1
[t=    0] MODE               entered Hazard Localisation
[t=  199] PHASE              MONITOR → LEAK
[t=  199] LEAK_START         new leak at (808, 459)
[t=  200] DETECT             0/3 located the leak  λ₂=1.59
[t=  240] DETECT             0/3 located the leak  λ₂=0.83
[t=  300] DETECT             0/3 located the leak  λ₂=0.83
[t=  360] DETECT             0/3 located the leak  λ₂=1.00
[t=  362] DETECT             1/3 located the leak  λ₂=0.52
[t=  420] DETECT             1/3 located the leak  λ₂=2.00
[t=  480] DETECT             1/3 located the leak  λ₂=2.00
[t=  498] DETECT             2/3 located the leak  λ₂=2.00
[t=  540] DETECT             2/3 located the leak  λ₂=2.00
[t=  592] DETECT             3/3 located the leak  λ₂=0.00
[t=  592] PHASE              LEAK → CONSENSUS
[t=  600] CONSENSUS          σ=13.2px  obs=3H/3T  stable=8/30  λ₂=0.000
[t=  610] CONSENSUS          σ=11.1px  obs=3H/3T  stable=18/30  λ₂=0.000
[t=  620] CONSENSUS          σ=10.3px  obs=3H/3T  stable=28/30  λ₂=0.000
[t=  622] REPORTED           agreed (809, 432) err=27.3px
[t=  622] PHASE              CONSENSUS → REPORTED
