# Simulation started at Sun Jul  5 22:31:11 2026
[t=    0] INIT               5 robots, map 900x600, obstacles=off, sources=1
[t=    0] MODE               entered Hazard Localization
[t=  199] PHASE              MONITOR → LEAK
[t=  199] LEAK_START         new leak at (305, 350)
[t=  201] DETECT             0/3 located the leak  λ₂=0.00
[t=  219] DETECT             1/3 located the leak  λ₂=0.00
[t=  240] DETECT             1/3 located the leak  λ₂=0.00
[t=  268] DETECT             2/3 located the leak  λ₂=0.00
[t=  300] DETECT             2/3 located the leak  λ₂=0.00
[t=  360] DETECT             2/3 located the leak  λ₂=0.00
[t=  414] DETECT             3/3 located the leak  λ₂=0.00
[t=  414] PHASE              LEAK → CONSENSUS
[t=  420] CONSENSUS          σ=8.3px  obs=3H/3T  stable=6/30  λ₂=0.000
[[t=  600] DETECT             2/3 located the leak  λ₂=5.00
[t=  616] DETECT             3/3 located the leak  λ₂=5.00
[t=  616] PHASE              LEAK → CONSENSUS
[t=  620] CONSENSUS          σ=9.3px  obs=3H/3T  stable=4/30  λ₂=5.000
[t=  630] CONSENSUS          σ=4.2px  obs=3H/3T  stable=14/30  λ₂=5.000
[t=  640] CONSENSUS          σ=0.9px  obs=3H/3T  stable=24/30  λ₂=5.000
[t=  646] REPORTED           agreed (376, 465) err=4.3px
[t=  646] PHASE              CONSENSUS → REPORTED
