# Simulation started at Wed Jun 24 19:43:06 2026
[t=    0] INIT               5 robots, map 900x600, obstacles=off, sources=1
[t=    0] MODE               entered Hazard Localisation
[t=  199] PHASE              MONITOR → LEAK
[t=  199] LEAK_START         new leak at (436, 321)
[t=  200] DETECT             0/3 located the leak  λ₂=0.83
[t=  240] DETECT             0/3 located the leak  λ₂=0.83
[t=  300] DETECT             0/3 located the leak  λ₂=0.52
[t=  360] DETECT             0/3 located the leak  λ₂=1.38
[t=  420] DETECT             0/3 located the leak  λ₂=2.00
[t=  435] DETECT             1/3 located the leak  λ₂=2.00
[t=  480] DETECT             1/3 located the leak  λ₂=2.00
[t=  484] DETECT             2/3 located the leak  λ₂=2.00
[t=  488] DETECT             3/3 located the leak  λ₂=2.00
[t=  488] PHASE              LEAK → CONSENSUS
[t=  490] CONSENSUS          σ=29.1px  obs=3H/3T  stable=0/30  λ₂=3.000
[t=  500] CONSENSUS          σ=22.0px  obs=3H/3T  stable=5/30  λ₂=3.000
[t=  510] CONSENSUS          σ=18.1px  obs=3H/3T  stable=15/30  λ₂=3.000
[t=  520] CONSENSUS          σ=18.8px  obs=4H/4T  stable=25/30  λ₂=5.000
[t=  525] REPORTED           agreed (475, 332) err=39.9px
[t=  525] PHASE              CONSENSUS → REPORTED
