# Simulation started at Sat Jun 27 23:08:13 2026
[t=    0] INIT               5 robots, map 900x600, obstacles=off, sources=1
[t=    0] MODE               entered Hazard Localisation
[t=  199] PHASE              MONITOR → LEAK
[t=  199] LEAK_START         new leak at (209, 327)
[t=  200] DETECT             0/3 located the leak  λ₂=0.00
[t=  240] DETECT             0/3 located the leak  λ₂=0.00
[t=  300] DETECT             0/3 located the leak  λ₂=0.00
[t=  360] DETECT             0/3 located the leak  λ₂=0.00
[t=  420] DETECT             0/3 located the leak  λ₂=0.00
[t=  480] DETECT             0/3 located the leak  λ₂=0.00
[t=  492] DETECT             1/3 located the leak  λ₂=0.00
[t=  540] DETECT             1/3 located the leak  λ₂=0.00
[t=  600] DETECT             1/3 located the leak  λ₂=0.00
[t=  660] DETECT             1/3 located the leak  λ₂=0.00
[t=  720] DETECT             1/3 located the leak  λ₂=0.00
[t=  780] DETECT             1/3 located the leak  λ₂=0.00
[t=  840] DETECT             1/3 located the leak  λ₂=0.00
[t=  900] DETECT             1/3 located the leak  λ₂=0.00
[t=  960] DETECT             1/3 located the leak  λ₂=0.00
[t= 1020] DETECT             1/3 located the leak  λ₂=0.00
[t= 1080] DETECT             1/3 located the leak  λ₂=0.00
[t= 1140] DETECT             1/3 located the leak  λ₂=0.00
[t= 1200] DETECT             1/3 located the leak  λ₂=0.00
[t= 1260] DETECT             1/3 located the leak  λ₂=0.00
[t= 1320] DETECT             1/3 located the leak  λ₂=0.00
[t= 1380] DETECT             1/3 located the leak  λ₂=0.00
[t= 1440] DETECT             1/3 located the leak  λ₂=0.00
[t= 1494] DETECT             2/3 located the leak  λ₂=0.00
[t= 1500] DETECT             2/3 located the leak  λ₂=0.00
[t= 1560] DETECT             2/3 located the leak  λ₂=0.00
[t= 1620] DETECT             2/3 located the leak  λ₂=0.00
[t= 1680] DETECT             2/3 located the leak  λ₂=0.00
[t= 1740] DETECT             2/3 located the leak  λ₂=0.00
[t= 1800] DETECT             2/3 located the leak  λ₂=0.00
[t= 1860] DETECT             2/3 located the leak  λ₂=0.00
[t= 1920] DETECT             2/3 located the leak  λ₂=0.00
[t= 1980] DETECT             2/3 located the leak  λ₂=0.00
[t= 2040] DETECT             2/3 located the leak  λ₂=0.00
[t= 2100] DETECT             2/3 located the leak  λ₂=0.00
[t= 2160] DETECT             2/3 located the leak  λ₂=0.00
[t= 2220] DETECT             2/3 located the leak  λ₂=0.00
[t= 2280] DETECT             2/3 located the leak  λ₂=0.00
[t= 2340] DETECT             2/3 located the leak  λ₂=0.00
[t= 2400] DETECT             2/3 located the leak  λ₂=0.00
[t= 2460] DETECT             2/3 located the leak  λ₂=0.00
[t= 2520] DETECT             2/3 located the leak  λ₂=0.00
[t= 2580] DETECT             2/3 located the leak  λ₂=0.00
[t= 2619] DETECT             3/3 located the leak  λ₂=0.00
[t= 2619] PHASE              LEAK → CONSENSUS
[t= 2620] CONSENSUS          σ=25.6px  obs=3H/3T  stable=0/30  λ₂=0.000
[t= 2630] CONSENSUS          σ=28.0px  obs=3H/3T  stable=0/30  λ₂=0.000
[t= 2640] CONSENSUS          σ=30.0px  obs=3H/3T  stable=0/30  λ₂=0.000
[t= 2650] CONSENSUS          σ=30.3px  obs=3H/3T  stable=0/30  λ₂=0.000
[t= 2660] CONSENSUS          σ=30.2px  obs=3H/3T  stable=0/30  λ₂=0.000
[t= 2670] CONSENSUS          σ=30.4px  obs=3H/3T  stable=0/30  λ₂=0.000
[t= 2680] CONSENSUS          σ=30.3px  obs=3H/3T  stable=0/30  λ₂=0.000
[t= 2690] CONSENSUS          σ=30.5px  obs=3H/3T  stable=0/30  λ₂=0.000
[t= 2700] CONSENSUS          σ=30.3px  obs=3H/3T  stable=0/30  λ₂=0.000
[t= 2710] CONSENSUS          σ=33.5px  obs=3H/3T  stable=0/30  λ₂=0.000
[t= 2720] CONSENSUS          σ=34.5px  obs=3H/3T  stable=0/30  λ₂=0.000
[t= 2730] CONSENSUS          σ=34.3px  obs=3H/3T  stable=0/30  λ₂=0.000
[t= 2740] CONSENSUS          σ=34.5px  obs=3H/3T  stable=0/30  λ₂=0.000
[t= 2750] CONSENSUS          σ=35.0px  obs=3H/3T  stable=0/30  λ₂=0.000
[t= 2760] CONSENSUS          σ=34.7px  obs=3H/3T  stable=0/30  λ₂=0.000
[t= 2770] CONSENSUS          σ=34.8px  obs=3H/3T  stable=0/30  λ₂=0.000
[t= 2780] CONSENSUS          σ=34.5px  obs=3H/3T  stable=0/30  λ₂=0.000
[t= 2790] CONSENSUS          σ=34.8px  obs=3H/3T  stable=0/30  λ₂=0.000
[t= 2800] CONSENSUS          σ=34.8px  obs=3H/3T  stable=0/30  λ₂=0.000
[t= 2810] CONSENSUS          σ=35.0px  obs=3H/3T  stable=0/30  λ₂=0.000
[t= 2820] CONSENSUS          σ=34.7px  obs=3H/3T  stable=0/30  λ₂=0.000
[t= 2830] CONSENSUS          σ=34.8px  obs=3H/3T  stable=0/30  λ₂=0.000
[t= 2840] CONSENSUS          σ=34.8px  obs=3H/3T  stable=0/30  λ₂=0.000
[t= 2850] CONSENSUS          σ=34.8px  obs=3H/3T  stable=0/30  λ₂=0.000
[t= 2860] CONSENSUS          σ=34.8px  obs=3H/3T  stable=0/30  λ₂=0.000
[t= 2870] CONSENSUS          σ=36.8px  obs=4H/4T  stable=0/30  λ₂=0.000
[t= 2880] CONSENSUS          σ=35.0px  obs=4H/4T  stable=0/30  λ₂=0.000
[t= 2890] CONSENSUS          σ=34.9px  obs=4H/4T  stable=0/30  λ₂=0.000
[t= 2900] CONSENSUS          σ=34.9px  obs=5H/5T  stable=0/30  λ₂=0.000
[t= 2910] CONSENSUS          σ=34.5px  obs=5H/5T  stable=0/30  λ₂=0.000
[t= 2920] CONSENSUS          σ=34.1px  obs=5H/5T  stable=0/30  λ₂=0.000
[t= 2930] CONSENSUS          σ=33.6px  obs=5H/5T  stable=0/30  λ₂=0.000
[t= 2940] CONSENSUS          σ=33.6px  obs=5H/5T  stable=0/30  λ₂=0.000
[t= 2950] CONSENSUS          σ=33.7px  obs=5H/5T  stable=0/30  λ₂=0.000
[t= 2960] CONSENSUS          σ=34.6px  obs=5H/5T  stable=0/30  λ₂=0.000
[t= 2970] CONSENSUS          σ=34.9px  obs=5H/5T  stable=0/30  λ₂=0.000
[t= 2980] CONSENSUS          σ=34.8px  obs=5H/5T  stable=0/30  λ₂=0.000
[t= 2990] CONSENSUS          σ=34.7px  obs=5H/5T  stable=0/30  λ₂=0.000
