# Simulation started at Sun Jun 28 18:50:38 2026
[t=    0] INIT               5 robots, map 900x600, obstacles=off, sources=1
[t=    0] MODE               entered Hazard Localization
[t=  199] PHASE              MONITOR → LEAK
[t=  199] LEAK_START         new leak at (708, 517)
[t=  201] DETECT             0/2 located the leak  λ₂=0.59
[t=  240] DETECT             0/2 located the leak  λ₂=0.59
[t=  300] DETECT             0/2 located the leak  λ₂=0.59
[t=  360] DETECT             0/2 located the leak  λ₂=2.00
[t=  403] DETECT             1/2 located the leak  λ₂=1.00
[t=  420] DETECT             1/2 located the leak  λ₂=1.00
[t=  480] DETECT             1/2 located the leak  λ₂=1.00
[t=  536] DETECT             2/2 located the leak  λ₂=1.00
[t=  536] PHASE              LEAK → CONSENSUS
[t=  540] CONSENSUS          σ=27.6px  obs=2H/2T  stable=0/30  λ₂=1.000
[t=  550] CONSENSUS          σ=21.9px  obs=2H/2T  stable=5/30  λ₂=1.000
[t=  560] CONSENSUS          σ=18.5px  obs=2H/2T  stable=15/30  λ₂=1.000
[t=  570] CONSENSUS          σ=18.6px  obs=2H/2T  stable=25/30  λ₂=2.000
[t=  575] REPORTED           agreed (700, 504) err=14.8px
[t=  575] PHASE              CONSENSUS → REPORTED
