# Simulation started at Sun Jun 28 19:07:04 2026
[t=    0] INIT               5 robots, map 900x600, obstacles=off, sources=1
[t=    0] MODE               entered Hazard Localization
[t=  199] PHASE              MONITOR → LEAK
[t=  199] LEAK_START         new leak at (363, 163)
[t=  200] DETECT             0/3 located the leak  λ₂=1.00
[t=  240] DETECT             0/3 located the leak  λ₂=1.00
[t=  300] DETECT             0/3 located the leak  λ₂=1.00
[t=  360] DETECT             0/3 located the leak  λ₂=2.00
[t=  406] DETECT             1/3 located the leak  λ₂=3.00
[t=  420] DETECT             1/3 located the leak  λ₂=3.00
[t=  480] DETECT             1/3 located the leak  λ₂=5.00
[t=  496] DETECT             2/3 located the leak  λ₂=5.00
[t=  527] DETECT             3/3 located the leak  λ₂=5.00
[t=  527] PHASE              LEAK → CONSENSUS
[t=  530] CONSENSUS          σ=19.5px  obs=3H/3T  stable=3/30  λ₂=5.000
[t=  540] CONSENSUS          σ=14.4px  obs=3H/3T  stable=13/30  λ₂=5.000
[t=  550] CONSENSUS          σ=18.6px  obs=4H/4T  stable=23/30  λ₂=5.000
[t=  557] REPORTED           agreed (401, 170) err=38.8px
[t=  557] PHASE              CONSENSUS → REPORTED
