# Simulation started at Sun Jun 28 19:06:29 2026
[t=    0] INIT               5 robots, map 900x600, obstacles=off, sources=1
[t=    0] MODE               entered Hazard Localization
[t=  199] PHASE              MONITOR → LEAK
[t=  199] LEAK_START         new leak at (300, 477)
[t=  200] DETECT             0/3 located the leak  λ₂=1.38
[t=  240] DETECT             0/3 located the leak  λ₂=1.59
[t=  300] DETECT             0/3 located the leak  λ₂=1.38
[t=  356] DETECT             1/3 located the leak  λ₂=1.59
[t=  360] DETECT             1/3 located the leak  λ₂=1.59
[t=  420] DETECT             1/3 located the leak  λ₂=2.00
[t=  424] DETECT             2/3 located the leak  λ₂=2.00
[t=  480] DETECT             2/3 located the leak  λ₂=5.00
[t=  522] DETECT             3/3 located the leak  λ₂=5.00
[t=  522] PHASE              LEAK → CONSENSUS
[t=  530] CONSENSUS          σ=15.7px  obs=3H/3T  stable=8/30  λ₂=5.000
[t=  540] CONSENSUS          σ=15.7px  obs=3H/3T  stable=18/30  λ₂=5.000
[t=  550] CONSENSUS          σ=16.8px  obs=3H/3T  stable=28/30  λ₂=5.000
[t=  552] REPORTED           agreed (321, 468) err=23.2px
[t=  552] PHASE              CONSENSUS → REPORTED
