# Simulation started at Sun Jul  5 22:30:19 2026
[t=    0] INIT               5 robots, map 900x600, obstacles=off, sources=1
[t=    0] MODE               entered Hazard Localization
[t=  199] PHASE              MONITOR → LEAK
[t=  199] LEAK_START         new leak at (523, 154)
[t=  200] DETECT             0/3 located the leak  λ₂=0.00
[t=  240] DETECT             0/3 located the leak  λ₂=0.00
[t=  300] DETECT             0/3 located the leak  λ₂=0.00
[t=  334] DETECT             1/3 located the leak  λ₂=0.00
[t=  360] DETECT             1/3 located the leak  λ₂=0.00
[t=  420] DETEC[t=  758] PHASE              LEAK → CONSENSUS
[t=  760] CONSENSUS          σ=0.3px  obs=2H/3T  stable=2/30  λ₂=0.000
[t=  770] CONSENSUS          σ=0.3px  obs=2H/3T  stable=12/30  λ₂=0.000
[t=  780] CONSENSUS          σ=0.4px  obs=2H/3T  stable=22/30  λ₂=0.000
[t=  788] REPORTED           agreed (745, 315) err=5.2px
[t=  788] PHASE              CONSENSUS → REPORTED
  2/3 located the leak  λ₂=0.00
[t=  768] DETECT             3/3 located the leak  λ₂=0.00
[t=  768] PHASE              LEAK → CONSENSUS
[t=  770] CONSENSUS          σ=15.4px  obs=3H/3T  stable=2/30  λ₂=0.000
[t=  780] CONSENSUS          σ=11.5px  obs=3H/3T  stable=12/30  λ₂=0.000
[t=  790] CONSENSUS          σ=10.0px  obs=3H/3T  stable=22/30  λ₂=0.000
[t=  798] REPORTED           agreed (527, 161) err=8.8px
[t=  798] PHASE              CONSENSUS → REPORTED
