# Simulation started at Sun Jul  5 22:31:43 2026
[t=    0] INIT               5 robots, map 900x600, obstacles=off, sources=1
[t=    0] MODE               entered Hazard Localization
[t=  199] PHASE              MONITOR → LEAK
[t=  199] LEAK_START         new leak at (681, 231)
[t=  200] DETECT             0/3 located the leak  λ₂=0.83
[t=  235] DETECT             1/3 located the leak  λ₂=1.59
[t=  240] DETECT             1/3 located the leak  λ₂=1.59
[t=  292] DETECT             2/3 located the leak  λ₂=1.00
[t=  300] DETECT             2/3 located the leak  λ₂=1.00
[t=  347] DETECT             3/3 located the leak  λ₂=2.00
[t=  347] PHASE              LEAK → CONSENSUS
[t=  350] CONSENSUS          σ=9.8px  obs=3H/3T  stable=3/30  λ₂=2.000
[t=  360] CONSENSUS          σ=4.8px  obs=3H/3T  stable=13/30  λ₂=2.000
[t=  370] CONSENSUS          σ=4.9px  obs=3H/3T  stable=23/30  λ₂=2.000
[t=  377] REPORTED           agreed (686, 232) err=5.4px
[t=  377] PHASE              CONSENSUS → REPORTED
err=2.5px
[t=  454] PHASE              CONSENSUS → REPORTED
3) err=6.4px
[t=  467] PHASE              CONSENSUS → REPORTED
