# Simulation started at Sat Jun 27 23:16:38 2026
[t=    0] INIT               5 robots, map 900x600, obstacles=off, sources=1
[t=    0] MODE               entered Hazard Localisation
[t=  199] PHASE              MONITOR → LEAK
[t=  199] LEAK_START         new leak at (377, 332)
[t=  200] DETECT             0/3 located the leak  λ₂=1.38
[t=  240] DETECT             0/3 located the leak  λ₂=1.59
[t=  300] DETECT             0/3 located the leak  λ₂=1.00
[t=  360] DETECT             0/3 located the leak  λ₂=2.00
[t=  420] DETECT             0/3 located the leak  λ₂=1.59
[t=  480] DETECT             0/3 located the leak  λ₂=0.38
[t=  540] DETECT             0/3 located the leak  λ₂=0.38
[t=  600] DETECT             0/3 located the leak  λ₂=0.52
[t=  660] DETECT             0/3 located the leak  λ₂=1.59
[t=  669] DETECT             1/3 located the leak  λ₂=1.59
[t=  686] DETECT             2/3 located the leak  λ₂=3.00
[t=  720] DETECT             2/3 located the leak  λ₂=5.00
[t=  741] DETECT             3/3 located the leak  λ₂=5.00
[t=  741] PHASE              LEAK → CONSENSUS
[t=  750] CONSENSUS          σ=7.7px  obs=3H/3T  stable=9/30  λ₂=5.000
[t=  760] CONSENSUS          σ=6.4px  obs=3H/3T  stable=19/30  λ₂=5.000
[t=  770] CONSENSUS          σ=6.7px  obs=3H/3T  stable=29/30  λ₂=5.000
[t=  771] REPORTED           agreed (400, 325) err=24.3px
[t=  771] PHASE              CONSENSUS → REPORTED
