# Simulation started at Sat Jun 27 23:23:01 2026
[t=    0] INIT               5 robots, map 900x600, obstacles=off, sources=1
[t=    0] MODE               entered Hazard Localisation
[t=  199] PHASE              MONITOR → LEAK
[t=  199] LEAK_START         new leak at (512, 376)
[t=  201] DETECT             0/3 located the leak  λ₂=0.00
[t=  240] DETECT             0/3 located the leak  λ₂=0.00
[t=  300] DETECT             0/3 located the leak  λ₂=0.00
[t=  360] DETECT             0/3 located the leak  λ₂=0.00
[t=  420] DETECT             0/3 located the leak  λ₂=0.00
[t=  480] DETECT             0/3 located the leak  λ₂=0.00
[t=  520] DETECT             1/3 located the leak  λ₂=0.00
[t=  539] DETECT             2/3 located the leak  λ₂=0.00
[t=  540] DETECT             2/3 located the leak  λ₂=0.00
[t=  600] DETECT             2/3 located the leak  λ₂=0.00
[t=  660] DETECT             2/3 located the leak  λ₂=0.00
[t=  720] DETECT             2/3 located the leak  λ₂=0.00
[t=  780] DETECT             2/3 located the leak  λ₂=0.00
[t=  840] DETECT             2/3 located the leak  λ₂=0.00
[t=  900] DETECT             2/3 located the leak  λ₂=0.00
[t=  960] DETECT             2/3 located the leak  λ₂=0.00
[t=  986] DETECT             3/3 located the leak  λ₂=0.00
[t=  986] PHASE              LEAK → CONSENSUS
[t=  990] CONSENSUS          σ=9.7px  obs=3H/3T  stable=4/30  λ₂=0.000
[t= 1000] CONSENSUS          σ=9.7px  obs=3H/3T  stable=14/30  λ₂=0.000
[t= 1010] CONSENSUS          σ=11.4px  obs=3H/3T  stable=24/30  λ₂=0.000
[t= 1016] REPORTED           agreed (529, 364) err=21.4px
[t= 1016] PHASE              CONSENSUS → REPORTED
