# Simulation started at Sun Jun 28 12:34:55 2026
[t=    0] INIT               5 robots, map 900x600, obstacles=off, sources=1
[t=    0] MODE               entered Hazard Localisation
[t=   80] MODE               Hazard Localisation → Sensor Degradation & Trust
[t=   80] MODE               exiting Hazard Localisation
[t=   80] MODE               entered Sensor Degradation & Trust
[t=   80] ROBOT              R2: manual degradation triggered
[t=   80] ROBOT              R3: manual degradation triggered
[t=  279] PHASE              MONITOR → LEAK
[t=  279] LEAK_START         new leak at (573, 389)
[t=  602] PHASE              LEAK → CONSENSUS
[t=  610] CONSENSUS          σ=54.4px  obs=1H/3T  stable=0/30  λ₂=0.000
[t=  620] CONSENSUS          σ=51.6px  obs=1H/3T  stable=0/30  λ₂=1.000
[t=  630] CONSENSUS          σ=54.1px  obs=1H/3T  stable=0/30  λ₂=1.000
[t=  640] CONSENSUS          σ=56.9px  obs=1H/3T  stable=0/30  λ₂=1.000
[t=  650] CONSENSUS          σ=60.2px  obs=1H/3T  stable=0/30  λ₂=1.000
[t=  660] CONSENSUS          σ=47.3px  obs=1H/3T  stable=0/30  λ₂=2.000
[t=  670] CONSENSUS          σ=27.8px  obs=2H/4T  stable=0/30  λ₂=2.000
[t=  680] CONSENSUS          σ=17.7px  obs=2H/4T  stable=7/30  λ₂=2.000
[t=  690] CONSENSUS          σ=13.1px  obs=2H/4T  stable=17/30  λ₂=2.000
[t=  700] CONSENSUS          σ=13.9px  obs=2H/4T  stable=27/30  λ₂=3.000
[t=  703] REPORTED           agreed (591, 404) err=23.4px
[t=  703] PHASE              CONSENSUS → REPORTED
