# Simulation started at Sat Jun 27 23:26:03 2026
[t=    0] INIT               5 robots, map 900x600, obstacles=off, sources=1
[t=    0] MODE               entered Hazard Localisation
[t=  199] PHASE              MONITOR → LEAK
[t=  199] LEAK_START         new leak at (457, 302)
[t=  200] DETECT             0/3 located the leak  λ₂=0.00
[t=  240] DETECT             0/3 located the leak  λ₂=0.00
[t=  300] DETECT             0/3 located the leak  λ₂=0.00
[t=  360] DETECT             0/3 located the leak  λ₂=0.00
[t=  407] DETECT             1/3 located the leak  λ₂=0.00
[t=  420] DETECT             1/3 located the leak  λ₂=0.00
[t=  440] DETECT             2/3 located the leak  λ₂=0.00
[t=  480] DETECT             2/3 located the leak  λ₂=0.00
[t=  540] DETECT             2/3 located the leak  λ₂=0.00
[t=  598] DETECT             3/3 located the leak  λ₂=0.00
[t=  598] PHASE              LEAK → CONSENSUS
[t=  600] CONSENSUS          σ=7.6px  obs=3H/3T  stable=2/30  λ₂=0.000
[t=  610] CONSENSUS          σ=5.2px  obs=3H/3T  stable=12/30  λ₂=0.000
[t=  620] CONSENSUS          σ=4.6px  obs=3H/3T  stable=22/30  λ₂=0.000
[t=  628] REPORTED           agreed (460, 308) err=5.8px
[t=  628] PHASE              CONSENSUS → REPORTED
