# Simulation started at Sun Jun 28 18:44:42 2026
[t=    0] INIT               5 robots, map 900x600, obstacles=off, sources=1
[t=    0] MODE               entered Hazard Localization
[t=  199] PHASE              MONITOR → LEAK
[t=  199] LEAK_START         new leak at (267, 191)
[t=  200] DETECT             0/3 located the leak  λ₂=1.00
[t=  240] DETECT             0/3 located the leak  λ₂=1.00
[t=  300] DETECT             0/3 located the leak  λ₂=1.59
[t=  360] DETECT             0/3 located the leak  λ₂=0.83
[t=  382] DETECT             1/3 located the leak  λ₂=0.38
[t=  420] DETECT             1/3 located the leak  λ₂=0.52
[t=  450] DETECT             2/3 located the leak  λ₂=2.00
[t=  480] DETECT             2/3 located the leak  λ₂=5.00
[t=  511] DETECT             3/3 located the leak  λ₂=5.00
[t=  511] PHASE              LEAK → CONSENSUS
[t=  520] CONSENSUS          σ=20.5px  obs=3H/3T  stable=9/30  λ₂=5.000
[t=  530] CONSENSUS          σ=14.3px  obs=3H/3T  stable=19/30  λ₂=5.000
[t=  540] CONSENSUS          σ=10.8px  obs=3H/3T  stable=29/30  λ₂=5.000
[t=  541] REPORTED           agreed (274, 185) err=8.5px
[t=  541] PHASE              CONSENSUS → REPORTED
