# Simulation started at Wed Jun 24 19:42:56 2026
[t=    0] INIT               5 robots, map 900x600, obstacles=off, sources=1
[t=    0] MODE               entered Hazard Localisation
[t=  199] PHASE              MONITOR → LEAK
[t=  199] LEAK_START         new leak at (289, 413)
[t=  200] DETECT             1/3 located the leak  λ₂=1.00
[t=  240] DETECT             1/3 located the leak  λ₂=2.00
[t=  300] DETECT             1/3 located the leak  λ₂=5.00
[t=  304] DETECT             2/3 located the leak  λ₂=5.00
[t=  307] DETECT             3/3 located the leak  λ₂=5.00
[t=  307] PHASE              LEAK → CONSENSUS
[t=  310] CONSENSUS          σ=35.3px  obs=3H/3T  stable=0/30  λ₂=5.000
[t=  320] CONSENSUS          σ=28.1px  obs=3H/3T  stable=0/30  λ₂=5.000
[t=  330] CONSENSUS          σ=21.4px  obs=3H/3T  stable=6/30  λ₂=5.000
[t=  340] CONSENSUS          σ=12.5px  obs=3H/3T  stable=16/30  λ₂=5.000
[t=  350] CONSENSUS          σ=6.4px  obs=3H/3T  stable=26/30  λ₂=5.000
[t=  354] REPORTED           agreed (297, 417) err=9.3px
[t=  354] PHASE              CONSENSUS → REPORTED
[t=  575] PHASE              REPORTED → MONITOR
[t=  775] PHASE              MONITOR → LEAK
[t=  775] LEAK_START         new leak at (538, 190)
[t=  776] DETECT             0/3 located the leak  λ₂=1.59
[t=  779] DETECT             1/3 located the leak  λ₂=1.59
[t=  780] DETECT             1/3 located the leak  λ₂=1.59
