# Simulation started at Sat Jun 27 22:54:09 2026
[t=    0] INIT               5 robots, map 900x600, obstacles=off, sources=1
[t=    0] MODE               entered Hazard Localisation
[t=  199] PHASE              MONITOR → LEAK
[t=  199] LEAK_START         new leak at (762, 491)
[t=  200] DETECT             0/3 located the leak  λ₂=1.59
[t=  240] DETECT             0/3 located the leak  λ₂=3.00
[t=  300] DETECT             0/3 located the leak  λ₂=5.00
[t=  360] DETECT             0/3 located the leak  λ₂=5.00
[t=  420] DETECT             0/3 located the leak  λ₂=5.00
[t=  480] DETECT             0/3 located the leak  λ₂=3.00
[t=  540] DETECT             0/3 located the leak  λ₂=0.52
[t=  600] DETECT             0/3 located the leak  λ₂=0.00
[t=  660] DETECT             0/3 located the leak  λ₂=1.59
[t=  720] DETECT             0/3 located the leak  λ₂=5.00
[t=  780] DETECT             0/3 located the leak  λ₂=5.00
[t=  840] DETECT             0/3 located the leak  λ₂=5.00
[t=  900] DETECT             0/3 located the leak  λ₂=5.00
[t=  960] DETECT             0/3 located the leak  λ₂=5.00
[t= 1020] DETECT             0/3 located the leak  λ₂=5.00
[t= 1080] DETECT             0/3 located the leak  λ₂=5.00
[t= 1140] DETECT             0/3 located the leak  λ₂=3.00
[t= 1200] DETECT             0/3 located the leak  λ₂=2.00
[t= 1260] DETECT             0/3 located the leak  λ₂=2.00
[t= 1320] DETECT             0/3 located the leak  λ₂=1.00
[t= 1380] DETECT             0/3 located the leak  λ₂=1.00
[t= 1393] DETECT             1/3 located the leak  λ₂=2.00
[t= 1440] DETECT             1/3 located the leak  λ₂=3.00
[t= 1500] DETECT             1/3 located the leak  λ₂=3.00
[t= 1527] DETECT             2/3 located the leak  λ₂=5.00
[t= 1560] DETECT             2/3 located the leak  λ₂=5.00
[t= 1620] DETECT             2/3 located the leak  λ₂=5.00
[t= 1630] DETECT             3/3 located the leak  λ₂=5.00
[t= 1630] PHASE              LEAK → CONSENSUS
[t= 1640] CONSENSUS          σ=5.8px  obs=3H/3T  stable=10/30  λ₂=5.000
[t= 1650] CONSENSUS          σ=6.9px  obs=4H/4T  stable=20/30  λ₂=5.000
[t= 1660] CONSENSUS          σ=5.6px  obs=4H/4T  stable=30/30  λ₂=5.000
[t= 1660] REPORTED           agreed (754, 487) err=9.3px
[t= 1660] PHASE              CONSENSUS → REPORTED
