# Simulation started at Sun Jul  5 22:31:10 2026
[t=    0] INIT               5 robots, map 900x600, obstacles=off, sources=1
[t=    0] MODE               entered Hazard Localization
[t=  199] PHASE              MONITOR → LEAK
[t=  199] LEAK_START         new leak at (336, 205)
[t=  200] DETECT             0/2 located the leak  λ₂=1.00
[t=  240] DETECT             0/2 located the leak  λ₂=2.00
[t=  300] DETECT             0/2 located the leak  λ₂=2.00
[t=  360] DETECT             0/2 located the leak  λ₂=1.00
[t=  420] DETECT             0/2 located the leak  λ₂=0.00
[t=  480] DETECT             0/2 located the leak  λ₂=0.00
[t=  496] DETECT             1/2 located the leak  λ₂=0.59
[t=  540] DETECT             1/2 located the leak  λ₂=0.59
[t=  600] DETECT             1/2 located the leak  λ₂=1.00
[t=  613] DETECT             2/2 located the leak  λ₂=1.00
[t=  613] PHASE              LEAK → CONSENSUS
[t=  620] CONSENSUS          σ=24.3px  obs=2H/2T  stable=1/30  λ₂=1.000
[t=  630] CONSENSUS          σ=17.8px  obs=2H/2T  stable=11/30  λ₂=1.000
[t=  640] CONSENSUS          σ=12.6px  obs=3H/3T  stable=21/30  λ₂=1.000
[t=  649] REPORTED           agreed (335, 206) err=1.1px
[t=  649] PHASE              CONSENSUS → REPORTED
