# Simulation started at Sun Jun 28 19:06:15 2026
[t=    0] INIT               5 robots, map 900x600, obstacles=off, sources=1
[t=    0] MODE               entered Hazard Localization
[t=  199] PHASE              MONITOR → LEAK
[t=  199] LEAK_START         new leak at (296, 210)
[t=  200] DETECT             0/3 located the leak  λ₂=1.00
[t=  240] DETECT             0/3 located the leak  λ₂=0.00
[t=  291] DETECT             1/3 located the leak  λ₂=0.00
[t=  300] DETECT             1/3 located the leak  λ₂=0.00
[t=  333] DETECT             2/3 located the leak  λ₂=0.00
[t=  360] DETECT             2/3 located the leak  λ₂=0.52
[t=  420] DETECT             2/3 located the leak  λ₂=1.00
[t=  480] DETECT             2/3 located the leak  λ₂=1.00
[t=  522] DETECT             3/3 located the leak  λ₂=1.00
[t=  522] PHASE              LEAK → CONSENSUS
[t=  530] CONSENSUS          σ=18.9px  obs=3H/3T  stable=8/30  λ₂=1.000
[t=  540] CONSENSUS          σ=13.2px  obs=3H/3T  stable=18/30  λ₂=1.586
[t=  550] CONSENSUS          σ=6.8px  obs=3H/3T  stable=28/30  λ₂=1.586
[t=  552] REPORTED           agreed (288, 222) err=14.4px
[t=  552] PHASE              CONSENSUS → REPORTED
