# Simulation started at Sun Jun 28 17:55:38 2026
[t=    0] INIT               5 robots, map 900x600, obstacles=off, sources=1
[t=    0] MODE               entered Hazard Localization
[t=  199] PHASE              MONITOR → LEAK
[t=  199] LEAK_START         new leak at (244, 518)
[t=  200] DETECT             0/3 located the leak  λ₂=0.52
[t=  240] DETECT             0/3 located the leak  λ₂=0.52
[t=  300] DETECT             0/3 located the leak  λ₂=3.00
[t=  360] DETECT             0/3 located the leak  λ₂=0.70
[t=  384] DETECT             1/3 located the leak  λ₂=0.70
[t=  420] DETECT             1/3 located the leak  λ₂=0.70
[t=  480] DETECT             1/3 located the leak  λ₂=0.52
[t=  540] DETECT             1/3 located the leak  λ₂=0.52
[t=  562] DETECT             2/3 located the leak  λ₂=0.52
[t=  600] DETECT             2/3 located the leak  λ₂=0.52
[t=  649] DETECT             3/3 located the leak  λ₂=2.00
[t=  649] PHASE              LEAK → CONSENSUS
[t=  650] CONSENSUS          σ=25.3px  obs=3H/3T  stable=0/30  λ₂=2.000
[t=  660] CONSENSUS          σ=21.6px  obs=3H/3T  stable=6/30  λ₂=2.000
[t=  670] CONSENSUS          σ=16.3px  obs=3H/3T  stable=16/30  λ₂=2.000
[t=  680] CONSENSUS          σ=14.8px  obs=3H/3T  stable=26/30  λ₂=3.000
[t=  684] REPORTED           agreed (263, 502) err=25.0px
[t=  684] PHASE              CONSENSUS → REPORTED
