# Simulation started at Sat Jun 27 23:23:59 2026
[t=    0] INIT               5 robots, map 900x600, obstacles=off, sources=1
[t=    0] MODE               entered Hazard Localisation
[t=  199] PHASE              MONITOR → LEAK
[t=  199] LEAK_START         new leak at (442, 169)
[t=  200] DETECT             0/3 located the leak  λ₂=0.00
[t=  204] DETECT             1/3 located the leak  λ₂=0.00
[t=  240] DETECT             1/3 located the leak  λ₂=0.00
[t=  300] DETECT             1/3 located the leak  λ₂=0.00
[t=  358] DETECT             2/3 located the leak  λ₂=0.00
[t=  360] DETECT             2/3 located the leak  λ₂=0.00
[t=  420] DETECT             2/3 located the leak  λ₂=0.00
[t=  480] DETECT             2/3 located the leak  λ₂=0.00
[t=  540] DETECT             2/3 located the leak  λ₂=0.00
[t=  600] DETECT             2/3 located the leak  λ₂=0.00
[t=  660] DETECT             2/3 located the leak  λ₂=0.00
[t=  720] DETECT             2/3 located the leak  λ₂=0.00
[t=  780] DETECT             2/3 located the leak  λ₂=0.00
[t=  789] DETECT             3/3 located the leak  λ₂=0.00
[t=  789] PHASE              LEAK → CONSENSUS
[t=  790] CONSENSUS          σ=17.6px  obs=3H/3T  stable=1/30  λ₂=0.000
[t=  800] CONSENSUS          σ=13.7px  obs=3H/3T  stable=11/30  λ₂=0.000
[t=  810] CONSENSUS          σ=17.8px  obs=4H/4T  stable=21/30  λ₂=0.000
[t=  819] REPORTED           agreed (483, 178) err=42.5px
[t=  819] PHASE              CONSENSUS → REPORTED
