# Simulation started at Sun Jun 28 12:33:15 2026
[t=    0] INIT               5 robots, map 900x600, obstacles=off, sources=1
[t=    0] MODE               entered Hazard Localisation
[t=  199] PHASE              MONITOR → LEAK
[t=  199] LEAK_START         new leak at (539, 298)
[t=  200] DETECT             0/3 located the leak  λ₂=0.00
[t=  240] DETECT             0/3 located the leak  λ₂=0.00
[t=  300] DETECT             0/3 located the leak  λ₂=0.00
[t=  360] DETECT             0/3 located the leak  λ₂=0.00
[t=  420] DETECT             0/3 located the leak  λ₂=0.00
[t=  480] DETECT             0/3 located the leak  λ₂=0.00
[t=  540] DETECT             0/3 located the leak  λ₂=0.00
[t=  582] DETECT             1/3 located the leak  λ₂=0.38
[t=  600] DETECT             1/3 located the leak  λ₂=0.38
[t=  632] DETECT             2/3 located the leak  λ₂=0.00
[t=  660] DETECT             2/3 located the leak  λ₂=0.00
[t=  681] DETECT             3/3 located the leak  λ₂=0.00
[t=  681] PHASE              LEAK → CONSENSUS
[t=  690] CONSENSUS          σ=20.7px  obs=3H/3T  stable=9/30  λ₂=0.000
[t=  700] CONSENSUS          σ=19.9px  obs=3H/3T  stable=19/30  λ₂=0.519
[t=  710] CONSENSUS          σ=22.1px  obs=3H/3T  stable=29/30  λ₂=0.519
[t=  711] REPORTED           agreed (577, 278) err=42.5px
[t=  711] PHASE              CONSENSUS → REPORTED
