# Simulation started at Sun Jun 28 17:49:50 2026
[t=    0] INIT               5 robots, map 900x600, obstacles=off, sources=1
[t=    0] MODE               entered Hazard Localization
[t=  199] PHASE              MONITOR → LEAK
[t=  199] LEAK_START         new leak at (737, 93)
[t=  200] DETECT             0/3 located the leak  λ₂=1.59
[t=  240] DETECT             0/3 located the leak  λ₂=1.59
[t=  300] DETECT             0/3 located the leak  λ₂=1.59
[t=  360] DETECT             0/3 located the leak  λ₂=1.38
[t=  408] DETECT             1/3 located the leak  λ₂=1.00
[t=  420] DETECT             1/3 located the leak  λ₂=1.00
[t=  480] DETECT             1/3 located the leak  λ₂=1.00
[t=  487] DETECT             2/3 located the leak  λ₂=1.00
[t=  540] DETECT             2/3 located the leak  λ₂=1.00
[t=  600] DETECT             2/3 located the leak  λ₂=5.00
[t=  615] DETECT             3/3 located the leak  λ₂=5.00
[t=  615] PHASE              LEAK → CONSENSUS
[t=  620] CONSENSUS          σ=8.3px  obs=3H/3T  stable=5/30  λ₂=5.000
[t=  630] CONSENSUS          σ=7.7px  obs=3H/3T  stable=15/30  λ₂=5.000
[t=  640] CONSENSUS          σ=10.5px  obs=3H/3T  stable=25/30  λ₂=5.000
[t=  645] REPORTED           agreed (732, 116) err=23.0px
[t=  645] PHASE              CONSENSUS → REPORTED
