# Simulation started at Sat Jun 27 23:06:56 2026
[t=    0] INIT               5 robots, map 900x600, obstacles=off, sources=1
[t=    0] MODE               entered Hazard Localisation
[t=  199] PHASE              MONITOR → LEAK
[t=  199] LEAK_START         new leak at (233, 412)
[t=  200] DETECT             0/3 located the leak  λ₂=0.00
[t=  240] DETECT             0/3 located the leak  λ₂=0.00
[t=  300] DETECT             0/3 located the leak  λ₂=0.00
[t=  360] DETECT             0/3 located the leak  λ₂=0.00
[t=  420] DETECT             0/3 located the leak  λ₂=0.00
[t=  426] DETECT             1/3 located the leak  λ₂=0.00
[t=  464] DETECT             2/3 located the leak  λ₂=0.00
[t=  480] DETECT             2/3 located the leak  λ₂=0.00
[t=  485] DETECT             3/3 located the leak  λ₂=0.00
[t=  485] PHASE              LEAK → CONSENSUS
[t=  490] CONSENSUS          σ=12.3px  obs=3H/3T  stable=5/30  λ₂=0.000
[t=  500] CONSENSUS          σ=7.8px  obs=3H/3T  stable=15/30  λ₂=0.000
[t=  510] CONSENSUS          σ=5.3px  obs=3H/3T  stable=25/30  λ₂=0.000
[t=  515] REPORTED           agreed (238, 429) err=18.1px
[t=  515] PHASE              CONSENSUS → REPORTED
