# Simulation started at Sat Jun 27 23:21:34 2026
[t=    0] INIT               5 robots, map 900x600, obstacles=off, sources=1
[t=    0] MODE               entered Hazard Localisation
[t=  199] PHASE              MONITOR → LEAK
[t=  199] LEAK_START         new leak at (393, 396)
[t=  200] DETECT             0/3 located the leak  λ₂=0.00
[t=  240] DETECT             0/3 located the leak  λ₂=0.00
[t=  300] DETECT             0/3 located the leak  λ₂=0.00
[t=  360] DETECT             0/3 located the leak  λ₂=0.00
[t=  384] DETECT             1/3 located the leak  λ₂=0.00
[t=  402] DETECT             2/3 located the leak  λ₂=0.00
[t=  420] DETECT             2/3 located the leak  λ₂=0.52
[t=  480] DETECT             2/3 located the leak  λ₂=3.00
[t=  496] DETECT             3/3 located the leak  λ₂=5.00
[t=  496] PHASE              LEAK → CONSENSUS
[t=  500] CONSENSUS          σ=14.0px  obs=3H/3T  stable=4/30  λ₂=5.000
[t=  510] CONSENSUS          σ=19.8px  obs=4H/4T  stable=14/30  λ₂=5.000
[t=  520] CONSENSUS          σ=14.5px  obs=4H/4T  stable=24/30  λ₂=5.000
[t=  526] REPORTED           agreed (397, 395) err=3.6px
[t=  526] PHASE              CONSENSUS → REPORTED
