# Simulation started at Sun Jun 28 12:33:24 2026
[t=    0] INIT               5 robots, map 900x600, obstacles=off, sources=1
[t=    0] MODE               entered Hazard Localisation
[t=  199] PHASE              MONITOR → LEAK
[t=  199] LEAK_START         new leak at (103, 362)
[t=  200] DETECT             0/3 located the leak  λ₂=0.00
[t=  240] DETECT             0/3 located the leak  λ₂=0.00
[t=  300] DETECT             0/3 located the leak  λ₂=0.00
[t=  360] DETECT             0/3 located the leak  λ₂=1.00
[t=  371] DETECT             1/3 located the leak  λ₂=1.00
[t=  401] DETECT             2/3 located the leak  λ₂=1.59
[t=  420] DETECT             2/3 located the leak  λ₂=2.00
[t=  456] DETECT             3/3 located the leak  λ₂=2.00
[t=  456] PHASE              LEAK → CONSENSUS
[t=  460] CONSENSUS          σ=30.2px  obs=3H/3T  stable=0/30  λ₂=3.000
[t=  470] CONSENSUS          σ=24.0px  obs=3H/3T  stable=4/30  λ₂=3.000
[t=  480] CONSENSUS          σ=21.2px  obs=3H/3T  stable=14/30  λ₂=3.000
[t=  490] CONSENSUS          σ=20.5px  obs=3H/3T  stable=24/30  λ₂=3.000
[t=  496] REPORTED           agreed (144, 381) err=45.0px
[t=  496] PHASE              CONSENSUS → REPORTED
