# Simulation started at Sun Jun 28 19:08:21 2026
[t=    0] INIT               5 robots, map 900x600, obstacles=off, sources=1
[t=    0] MODE               entered Hazard Localization
[t=  199] PHASE              MONITOR → LEAK
[t=  199] LEAK_START         new leak at (204, 291)
[t=  200] DETECT             0/2 located the leak  λ₂=4.00
[t=  240] DETECT             0/2 located the leak  λ₂=2.00
[t=  300] DETECT             0/2 located the leak  λ₂=1.00
[t=  360] DETECT             0/2 located the leak  λ₂=1.00
[t=  420] DETECT             0/2 located the leak  λ₂=1.00
[t=  480] DETECT             0/2 located the leak  λ₂=2.00
[t=  519] DETECT             1/2 located the leak  λ₂=1.00
[t=  540] DETECT             1/2 located the leak  λ₂=4.00
[t=  560] DETECT             2/2 located the leak  λ₂=4.00
[t=  560] PHASE              LEAK → CONSENSUS
[t=  570] CONSENSUS          σ=15.3px  obs=2H/2T  stable=10/30  λ₂=4.000
[t=  580] CONSENSUS          σ=14.3px  obs=2H/2T  stable=20/30  λ₂=4.000
[t=  590] CONSENSUS          σ=13.6px  obs=2H/2T  stable=30/30  λ₂=4.000
[t=  590] REPORTED           agreed (237, 305) err=35.8px
[t=  590] PHASE              CONSENSUS → REPORTED
