# Simulation started at Sun Jun 28 18:46:42 2026
[t=    0] INIT               5 robots, map 900x600, obstacles=off, sources=1
[t=    0] MODE               entered Hazard Localization
[t=  199] PHASE              MONITOR → LEAK
[t=  199] LEAK_START         new leak at (378, 341)
[t=  200] DETECT             0/3 located the leak  λ₂=0.00
[t=  240] DETECT             0/3 located the leak  λ₂=0.00
[t=  300] DETECT             1/3 located the leak  λ₂=0.00
[t=  317] DETECT             2/3 located the leak  λ₂=0.00
[t=  360] DETECT             2/3 located the leak  λ₂=0.00
[t=  420] DETECT             2/3 located the leak  λ₂=0.00
[t=  480] DETECT             2/3 located the leak  λ₂=0.00
[t=  540] DETECT             2/3 located the leak  λ₂=0.00
[t=  600] DETECT             2/3 located the leak  λ₂=0.00
[t=  628] DETECT             3/3 located the leak  λ₂=0.00
[t=  628] PHASE              LEAK → CONSENSUS
[t=  630] CONSENSUS          σ=9.5px  obs=3H/3T  stable=2/30  λ₂=0.000
[t=  640] CONSENSUS          σ=7.2px  obs=3H/3T  stable=12/30  λ₂=0.000
[t=  650] CONSENSUS          σ=8.4px  obs=3H/3T  stable=22/30  λ₂=0.000
[t=  658] REPORTED           agreed (361, 355) err=21.7px
[t=  658] PHASE              CONSENSUS → REPORTED
