# Simulation started at Sun Jun 28 17:49:03 2026
[t=    0] INIT               5 robots, map 900x600, obstacles=off, sources=1
[t=    0] MODE               entered Hazard Localization
[t=  199] PHASE              MONITOR → LEAK
[t=  199] LEAK_START         new leak at (768, 109)
[t=  200] DETECT             0/3 located the leak  λ₂=2.00
[t=  240] DETECT             0/3 located the leak  λ₂=1.59
[t=  300] DETECT             0/3 located the leak  λ₂=1.59
[t=  360] DETECT             0/3 located the leak  λ₂=1.59
[t=  420] DETECT             0/3 located the leak  λ₂=3.00
[t=  424] DETECT             1/3 located the leak  λ₂=3.00
[t=  476] DETECT             2/3 located the leak  λ₂=2.00
[t=  480] DETECT             2/3 located the leak  λ₂=2.00
[t=  540] DETECT             2/3 located the leak  λ₂=1.00
[t=  577] DETECT             3/3 located the leak  λ₂=0.00
[t=  577] PHASE              LEAK → CONSENSUS
[t=  580] CONSENSUS          σ=20.1px  obs=3H/3T  stable=3/30  λ₂=0.000
[t=  590] CONSENSUS          σ=19.7px  obs=3H/3T  stable=13/30  λ₂=0.000
[t=  600] CONSENSUS          σ=17.8px  obs=3H/3T  stable=23/30  λ₂=0.000
[t=  607] REPORTED           agreed (767, 136) err=27.0px
[t=  607] PHASE              CONSENSUS → REPORTED
