# Simulation started at Sat Jun 27 22:59:42 2026
[t=    0] INIT               5 robots, map 900x600, obstacles=off, sources=1
[t=    0] MODE               entered Hazard Localization
[t=  199] PHASE              MONITOR → LEAK
[t=  199] LEAK_START         new leak at (223, 406)
[t=  200] DETECT             0/3 located the leak  λ₂=1.59
[t=  240] DETECT             0/3 located the leak  λ₂=1.59
[t=  300] DETECT             0/3 located the leak  λ₂=2.00
[t=  360] DETECT             0/3 located the leak  λ₂=0.52
[t=  420] DETECT             0/3 located the leak  λ₂=0.83
[t=  480] DETECT             0/3 located the leak  λ₂=0.52
[t=  540] DETECT             0/3 located the leak  λ₂=1.38
[t=  600] DETECT             0/3 located the leak  λ₂=2.00
[t=  624] DETECT             1/3 located the leak  λ₂=1.00
[t=  660] DETECT             1/3 located the leak  λ₂=1.00
[t=  696] DETECT             2/3 located the leak  λ₂=1.00
[t=  710] DETECT             3/3 located the leak  λ₂=1.00
[t=  710] PHASE              LEAK → CONSENSUS
[t=  720] CONSENSUS          σ=19.0px  obs=3H/3T  stable=7/30  λ₂=1.000
[t=  730] CONSENSUS          σ=11.2px  obs=3H/3T  stable=17/30  λ₂=1.000
[t=  740] CONSENSUS          σ=10.3px  obs=3H/3T  stable=27/30  λ₂=1.000
[t=  743] REPORTED           agreed (251, 420) err=31.0px
[t=  743] PHASE              CONSENSUS → REPORTED
