# Simulation started at Sun Jul  5 22:30:24 2026
[t=    0] INIT               5 robots, map 900x600, obstacles=off, sources=1
[t=    0] MODE               entered Hazard Localization
[t=  199] PHASE              MONITOR → LEAK
[t=  199] LEAK_START         new leak at (358, 431)
[t=  200] DETECT             0/3 located the leak  λ₂=0.83
[t=  240] DETECT             0/3 located the leak  λ₂=-0.00
[t=  300] DETECT             0/3 located the leak  λ₂=-0.0[t[t=  360] DETECT             0/3 located the leak  λ₂=2.00
[t=  420] DETECT             0/3 located the leak  λ₂=1.59
[t=  468] DETECT             1/3 located the leak  λ₂=2.00
[t=  480] DETECT             1/3 located the leak  λ₂=2.00
[t=  507] DETECT             2/3 located the leak  λ₂=3.00
[t=  540] DETECT             2/3 located the leak  λ₂=3.00
[t=  572] DETECT             3/3 located the leak  λ₂=5.00
[t=  572] PHASE              LEAK → CONSENSUS
[t=  580] CONSENSUS          σ=7.8px  obs=3H/3T  stable=8/30  λ₂=5.000
[t=  590] CONSENSUS          σ=8.5px  obs=3H/3T  stable=18/30  λ₂=5.000
[t=  600] CONSENSUS          σ=9.1px  obs=3H/3T  stable=28/30  λ₂=5.000
[t=  602] REPORTED           agreed (363, 433) err=5.2px
[t=  602] PHASE              CONSENSUS → REPORTED
