# Simulation started at Sun Jul  5 22:30:09 2026
[t=    0] INIT               5 robots, map 900x600, obstacles=off, sources=1
[t=    0] MODE               entered Hazard Localization
[t=  199] PHASE              MONITOR → LEAK
[t=  199] LEAK_START         new leak at (591, 99)
[t=  200] DETECT             0/3 located the leak  λ₂=1.00
[t=  201] DETECT             1/3 located the leak  λ₂=1.00
[t=  240] DETECT             1/3 located the leak  λ₂=1.00
[t=  300] DETECT             1/3 located the leak  λ₂=5.00
[t=  319] DETECT             2/3 located the leak  λ₂=5.00
[t=  360] DETECT             2/3 located the leak  λ₂=5.00
[t=  366] DETECT             3/3 located the leak  λ₂=5.00
[t=  366] PHASE              LEAK → CONSENSUS
[t=  370] CONSENSUS          σ=9.0px  obs=3H/3T  stable=4/30  λ₂=5.000
[t=  380] CONSENSUS          σ=5.1px  obs=3H/3T  stable=14/30  λ₂=5.000
[t=  390] CONSENSUS          σ=4.5px  obs=3H/3T  stable=24/30  λ₂=5.000
[t=  396] REPORTED           agreed (591, 95) err=3.8px
[t=  396] PHASE              CONSENSUS → REPORTED
000
[t=  600] CONSENSUS          σ=1.1px  obs=3H/3T  stable=28/30  λ₂=0.000
[t=  602] REPORTED           agreed (695, 314) err=4.5px
[t=  602] PHASE              CONSENSUS → REPORTED
