# Simulation started at Wed Jun 24 18:36:47 2026
[t=    0] INIT               5 robots, map 900x600, obstacles=off, sources=1
[t=    0] MODE               entered Hazard Localisation
[t=  199] PHASE              MONITOR → LEAK
[t=  199] LEAK_START         new leak at (817, 287)
[t=  200] DETECT             0/3 located the leak  λ₂=0.00
[t=  204] DETECT             1/3 located the leak  λ₂=0.00
[t=  240] DETECT             1/3 located the leak  λ₂=0.00
[t=  300] DETECT             1/3 located the leak  λ₂=0.00
[t=  360] DETECT             1/3 located the leak  λ₂=0.00
[t=  390] DETECT             2/3 located the leak  λ₂=0.00
[t=  420] DETECT             2/3 located the leak  λ₂=0.00
[t=  480] DETECT             2/3 located the leak  λ₂=0.00
[t=  512] DETECT             3/3 located the leak  λ₂=0.00
[t=  512] PHASE              LEAK → CONSENSUS
[t=  520] CONSENSUS          σ=6.3px  obs=3H/3T  stable=8/30  λ₂=0.000
[t=  530] CONSENSUS          σ=10.0px  obs=3H/3T  stable=18/30  λ₂=0.000
[t=  540] CONSENSUS          σ=11.2px  obs=3H/3T  stable=28/30  λ₂=0.000
[t=  542] REPORTED           agreed (808, 274) err=15.4px
[t=  542] PHASE              CONSENSUS → REPORTED
