# Simulation started at Sun Jun 28 12:33:59 2026
[t=    0] INIT               5 robots, map 900x600, obstacles=off, sources=1
[t=    0] MODE               entered Hazard Localisation
[t=  199] PHASE              MONITOR → LEAK
[t=  199] LEAK_START         new leak at (369, 511)
[t=  200] DETECT             0/3 located the leak  λ₂=1.59
[t=  240] DETECT             0/3 located the leak  λ₂=1.00
[t=  300] DETECT             0/3 located the leak  λ₂=0.52
[t=  360] DETECT             0/3 located the leak  λ₂=0.52
[t=  420] DETECT             0/3 located the leak  λ₂=1.00
[t=  480] DETECT             0/3 located the leak  λ₂=1.00
[t=  527] DETECT             1/3 located the leak  λ₂=2.00
[t=  540] DETECT             1/3 located the leak  λ₂=3.00
[t=  600] DETECT             1/3 located the leak  λ₂=5.00
[t=  622] DETECT             2/3 located the leak  λ₂=5.00
[t=  660] DETECT             3/3 located the leak  λ₂=5.00
[t=  660] PHASE              LEAK → CONSENSUS
[t=  670] CONSENSUS          σ=18.9px  obs=3H/3T  stable=10/30  λ₂=5.000
[t=  680] CONSENSUS          σ=22.3px  obs=4H/4T  stable=20/30  λ₂=5.000
[t=  690] CONSENSUS          σ=20.1px  obs=4H/4T  stable=30/30  λ₂=5.000
[t=  690] REPORTED           agreed (402, 505) err=33.5px
[t=  690] PHASE              CONSENSUS → REPORTED
