# Simulation started at Sun Jun 28 12:31:19 2026
[t=    0] INIT               5 robots, map 900x600, obstacles=off, sources=1
[t=    0] MODE               entered Hazard Localisation
[t=  199] PHASE              MONITOR → LEAK
[t=  199] LEAK_START         new leak at (687, 144)
[t=  200] DETECT             1/3 located the leak  λ₂=0.00
[t=  240] DETECT             1/3 located the leak  λ₂=0.00
[t=  300] DETECT             1/3 located the leak  λ₂=0.00
[t=  360] DETECT             1/3 located the leak  λ₂=0.00
[t=  420] DETECT             1/3 located the leak  λ₂=0.00
[t=  480] DETECT             1/3 located the leak  λ₂=0.00
[t=  495] DETECT             2/3 located the leak  λ₂=0.00
[t=  540] DETECT             2/3 located the leak  λ₂=0.00
[t=  600] DETECT             2/3 located the leak  λ₂=0.00
[t=  640] DETECT             3/3 located the leak  λ₂=0.00
[t=  640] PHASE              LEAK → CONSENSUS
[t=  650] CONSENSUS          σ=11.4px  obs=3H/3T  stable=10/30  λ₂=0.000
[t=  660] CONSENSUS          σ=11.5px  obs=3H/3T  stable=20/30  λ₂=-0.000
[t=  670] CONSENSUS          σ=12.7px  obs=3H/3T  stable=30/30  λ₂=-0.000
[t=  670] REPORTED           agreed (696, 172) err=29.1px
[t=  670] PHASE              CONSENSUS → REPORTED
