# Simulation started at Sun Jun 28 18:47:31 2026
[t=    0] INIT               5 robots, map 900x600, obstacles=off, sources=1
[t=    0] MODE               entered Hazard Localization
[t=  199] PHASE              MONITOR → LEAK
[t=  199] LEAK_START         new leak at (378, 383)
[t=  200] DETECT             0/3 located the leak  λ₂=0.52
[t=  240] DETECT             0/3 located the leak  λ₂=0.00
[t=  300] DETECT             0/3 located the leak  λ₂=0.52
[t=  360] DETECT             0/3 located the leak  λ₂=1.38
[t=  420] DETECT             0/3 located the leak  λ₂=1.38
[t=  480] DETECT             0/3 located the leak  λ₂=0.52
[t=  540] DETECT             0/3 located the leak  λ₂=0.52
[t=  547] DETECT             1/3 located the leak  λ₂=1.00
[t=  600] DETECT             1/3 located the leak  λ₂=2.00
[t=  647] DETECT             2/3 located the leak  λ₂=5.00
[t=  660] DETECT             2/3 located the leak  λ₂=5.00
[t=  670] DETECT             3/3 located the leak  λ₂=5.00
[t=  670] PHASE              LEAK → CONSENSUS
[t=  680] CONSENSUS          σ=23.3px  obs=4H/4T  stable=10/30  λ₂=5.000
[t=  690] CONSENSUS          σ=20.6px  obs=4H/4T  stable=20/30  λ₂=5.000
[t=  700] CONSENSUS          σ=20.1px  obs=4H/4T  stable=30/30  λ₂=5.000
[t=  700] REPORTED           agreed (409, 396) err=33.6px
[t=  700] PHASE              CONSENSUS → REPORTED
