# Simulation started at Sun Jun 28 12:31:38 2026
[t=    0] INIT               5 robots, map 900x600, obstacles=off, sources=1
[t=    0] MODE               entered Hazard Localisation
[t=  199] PHASE              MONITOR → LEAK
[t=  199] LEAK_START         new leak at (585, 106)
[t=  200] DETECT             0/3 located the leak  λ₂=0.00
[t=  234] DETECT             1/3 located the leak  λ₂=0.00
[t=  240] DETECT             1/3 located the leak  λ₂=0.00
[t=  300] DETECT             1/3 located the leak  λ₂=0.00
[t=  360] DETECT             1/3 located the leak  λ₂=0.00
[t=  420] DETECT             1/3 located the leak  λ₂=0.00
[t=  473] DETECT             2/3 located the leak  λ₂=0.00
[t=  480] DETECT             2/3 located the leak  λ₂=0.00
[t=  540] DETECT             2/3 located the leak  λ₂=0.00
[t=  557] DETECT             3/3 located the leak  λ₂=0.00
[t=  557] PHASE              LEAK → CONSENSUS
[t=  560] CONSENSUS          σ=23.1px  obs=3H/3T  stable=3/30  λ₂=0.000
[t=  570] CONSENSUS          σ=17.9px  obs=3H/3T  stable=13/30  λ₂=0.000
[t=  580] CONSENSUS          σ=14.3px  obs=3H/3T  stable=23/30  λ₂=0.000
[t=  587] REPORTED           agreed (603, 136) err=34.8px
[t=  587] PHASE              CONSENSUS → REPORTED
