# Simulation started at Sat Jun 27 22:55:03 2026
[t=    0] INIT               5 robots, map 900x600, obstacles=off, sources=1
[t=    0] MODE               entered Hazard Localisation
[t=  199] PHASE              MONITOR → LEAK
[t=  199] LEAK_START         new leak at (793, 86)
[t=  200] DETECT             0/3 located the leak  λ₂=3.00
[t=  240] DETECT             0/3 located the leak  λ₂=2.00
[t=  300] DETECT             0/3 located the leak  λ₂=3.00
[t=  360] DETECT             0/3 located the leak  λ₂=3.00
[t=  420] DETECT             0/3 located the leak  λ₂=5.00
[t=  480] DETECT             0/3 located the leak  λ₂=5.00
[t=  540] DETECT             0/3 located the leak  λ₂=5.00
[t=  600] DETECT             0/3 located the leak  λ₂=5.00
[t=  660] DETECT             0/3 located the leak  λ₂=2.00
[t=  681] DETECT             1/3 located the leak  λ₂=0.00
[t=  720] DETECT             1/3 located the leak  λ₂=0.00
[t=  780] DETECT             1/3 located the leak  λ₂=0.00
[t=  840] DETECT             1/3 located the leak  λ₂=1.00
[t=  900] DETECT             1/3 located the leak  λ₂=2.00
[t=  960] DETECT             1/3 located the leak  λ₂=2.00
[t= 1020] DETECT             1/3 located the leak  λ₂=1.00
[t= 1078] DETECT             2/3 located the leak  λ₂=0.00
[t= 1080] DETECT             2/3 located the leak  λ₂=0.00
[t= 1113] DETECT             3/3 located the leak  λ₂=0.00
[t= 1113] PHASE              LEAK → CONSENSUS
[t= 1120] CONSENSUS          σ=1.5px  obs=3H/3T  stable=7/30  λ₂=0.000
[t= 1130] CONSENSUS          σ=0.9px  obs=3H/3T  stable=17/30  λ₂=0.000
[t= 1140] CONSENSUS          σ=0.9px  obs=3H/3T  stable=27/30  λ₂=0.000
[t= 1143] REPORTED           agreed (774, 85) err=19.3px
[t= 1143] PHASE              CONSENSUS → REPORTED
