# Simulation started at Sun Jun 28 12:31:55 2026
[t=    0] INIT               5 robots, map 900x600, obstacles=off, sources=1
[t=    0] MODE               entered Hazard Localisation
[t=  199] PHASE              MONITOR → LEAK
[t=  199] LEAK_START         new leak at (440, 288)
[t=  200] DETECT             0/3 located the leak  λ₂=0.00
[t=  240] DETECT             0/3 located the leak  λ₂=0.00
[t=  300] DETECT             0/3 located the leak  λ₂=0.00
[t=  360] DETECT             0/3 located the leak  λ₂=0.00
[t=  379] DETECT             1/3 located the leak  λ₂=0.00
[t=  420] DETECT             1/3 located the leak  λ₂=0.00
[t=  480] DETECT             1/3 located the leak  λ₂=0.00
[t=  505] DETECT             2/3 located the leak  λ₂=0.00
[t=  540] DETECT             2/3 located the leak  λ₂=0.00
[t=  600] DETECT             2/3 located the leak  λ₂=0.00
[t=  616] DETECT             3/3 located the leak  λ₂=0.00
[t=  616] PHASE              LEAK → CONSENSUS
[t=  620] CONSENSUS          σ=17.0px  obs=3H/3T  stable=4/30  λ₂=0.000
[t=  630] CONSENSUS          σ=14.6px  obs=3H/3T  stable=14/30  λ₂=1.000
[t=  640] CONSENSUS          σ=12.5px  obs=3H/3T  stable=24/30  λ₂=1.000
[t=  646] REPORTED           agreed (459, 283) err=19.9px
[t=  646] PHASE              CONSENSUS → REPORTED
