# Simulation started at Sun Jun 28 18:45:43 2026
[t=    0] INIT               5 robots, map 900x600, obstacles=off, sources=1
[t=    0] MODE               entered Hazard Localization
[t=  199] PHASE              MONITOR → LEAK
[t=  199] LEAK_START         new leak at (171, 317)
[t=  200] DETECT             0/3 located the leak  λ₂=0.00
[t=  218] DETECT             1/3 located the leak  λ₂=0.00
[t=  240] DETECT             1/3 located the leak  λ₂=0.00
[t=  300] DETECT             1/3 located the leak  λ₂=0.00
[t=  353] DETECT             2/3 located the leak  λ₂=0.00
[t=  360] DETECT             2/3 located the leak  λ₂=0.00
[t=  420] DETECT             2/3 located the leak  λ₂=0.00
[t=  480] DETECT             2/3 located the leak  λ₂=0.00
[t=  540] DETECT             2/3 located the leak  λ₂=0.00
[t=  600] DETECT             2/3 located the leak  λ₂=0.00
[t=  660] DETECT             2/3 located the leak  λ₂=0.00
[t=  720] DETECT             2/3 located the leak  λ₂=0.00
[t=  780] DETECT             2/3 located the leak  λ₂=0.00
[t=  809] DETECT             3/3 located the leak  λ₂=0.00
[t=  809] PHASE              LEAK → CONSENSUS
[t=  810] CONSENSUS          σ=24.8px  obs=3H/3T  stable=1/30  λ₂=0.000
[t=  820] CONSENSUS          σ=24.0px  obs=3H/3T  stable=5/30  λ₂=0.000
[t=  830] CONSENSUS          σ=21.2px  obs=3H/3T  stable=15/30  λ₂=0.000
[t=  840] CONSENSUS          σ=22.3px  obs=3H/3T  stable=25/30  λ₂=0.000
[t=  845] REPORTED           agreed (201, 350) err=44.6px
[t=  845] PHASE              CONSENSUS → REPORTED
