# Simulation started at Sun Jun 28 18:45:30 2026
[t=    0] INIT               5 robots, map 900x600, obstacles=off, sources=1
[t=    0] MODE               entered Hazard Localization
[t=  199] PHASE              MONITOR → LEAK
[t=  199] LEAK_START         new leak at (621, 279)
[t=  200] DETECT             0/3 located the leak  λ₂=2.00
[t=  240] DETECT             0/3 located the leak  λ₂=1.00
[t=  300] DETECT             0/3 located the leak  λ₂=0.00
[t=  347] DETECT             1/3 located the leak  λ₂=1.00
[t=  360] DETECT             1/3 located the leak  λ₂=1.00
[t=  420] DETECT             1/3 located the leak  λ₂=2.00
[t=  448] DETECT             2/3 located the leak  λ₂=0.83
[t=  480] DETECT             2/3 located the leak  λ₂=1.00
[t=  520] DETECT             3/3 located the leak  λ₂=1.00
[t=  520] PHASE              LEAK → CONSENSUS
[t=  530] CONSENSUS          σ=12.6px  obs=3H/3T  stable=10/30  λ₂=2.000
[t=  540] CONSENSUS          σ=10.1px  obs=3H/3T  stable=20/30  λ₂=3.000
[t=  550] CONSENSUS          σ=10.0px  obs=3H/3T  stable=30/30  λ₂=3.000
[t=  550] REPORTED           agreed (640, 280) err=18.6px
[t=  550] PHASE              CONSENSUS → REPORTED
