# Simulation started at Sat Jun 27 23:22:49 2026
[t=    0] INIT               5 robots, map 900x600, obstacles=off, sources=1
[t=    0] MODE               entered Hazard Localisation
[t=  199] PHASE              MONITOR → LEAK
[t=  199] LEAK_START         new leak at (745, 95)
[t=  200] DETECT             0/3 located the leak  λ₂=0.00
[t=  240] DETECT             0/3 located the leak  λ₂=0.00
[t=  300] DETECT             0/3 located the leak  λ₂=0.00
[t=  360] DETECT             0/3 located the leak  λ₂=0.00
[t=  373] DETECT             1/3 located the leak  λ₂=0.00
[t=  420] DETECT             1/3 located the leak  λ₂=0.00
[t=  480] DETECT             1/3 located the leak  λ₂=0.00
[t=  540] DETECT             1/3 located the leak  λ₂=0.00
[t=  600] DETECT             1/3 located the leak  λ₂=0.00
[t=  611] DETECT             2/3 located the leak  λ₂=0.00
[t=  651] DETECT             3/3 located the leak  λ₂=0.00
[t=  651] PHASE              LEAK → CONSENSUS
[t=  660] CONSENSUS          σ=23.8px  obs=3H/3T  stable=3/30  λ₂=0.000
[t=  670] CONSENSUS          σ=17.1px  obs=3H/3T  stable=13/30  λ₂=0.000
[t=  680] CONSENSUS          σ=13.0px  obs=3H/3T  stable=23/30  λ₂=0.000
[t=  687] REPORTED           agreed (747, 115) err=20.4px
[t=  687] PHASE              CONSENSUS → REPORTED
