# Simulation started at Sun Jun 28 17:53:08 2026
[t=    0] INIT               5 robots, map 900x600, obstacles=off, sources=1
[t=    0] MODE               entered Hazard Localization
[t=  199] PHASE              MONITOR → LEAK
[t=  199] LEAK_START         new leak at (474, 480)
[t=  200] DETECT             0/3 located the leak  λ₂=0.00
[t=  240] DETECT             0/3 located the leak  λ₂=0.00
[t=  300] DETECT             0/3 located the leak  λ₂=0.00
[t=  360] DETECT             0/3 located the leak  λ₂=0.00
[t=  420] DETECT             0/3 located the leak  λ₂=0.00
[t=  480] DETECT             0/3 located the leak  λ₂=0.00
[t=  540] DETECT             0/3 located the leak  λ₂=0.00
[t=  584] DETECT             1/3 located the leak  λ₂=0.00
[t=  600] DETECT             1/3 located the leak  λ₂=0.00
[t=  660] DETECT             1/3 located the leak  λ₂=0.00
[t=  720] DETECT             1/3 located the leak  λ₂=0.00
[t=  727] DETECT             2/3 located the leak  λ₂=0.00
[t=  780] DETECT             2/3 located the leak  λ₂=0.00
[t=  840] DETECT             2/3 located the leak  λ₂=0.00
[t=  900] DETECT             2/3 located the leak  λ₂=0.00
[t=  960] DETECT             2/3 located the leak  λ₂=0.00
[t= 1020] DETECT             2/3 located the leak  λ₂=0.00
[t= 1080] DETECT             2/3 located the leak  λ₂=0.00
[t= 1140] DETECT             2/3 located the leak  λ₂=0.00
[t= 1200] DETECT             2/3 located the leak  λ₂=0.00
[t= 1260] DETECT             2/3 located the leak  λ₂=0.00
[t= 1268] DETECT             3/3 located the leak  λ₂=0.00
[t= 1268] PHASE              LEAK → CONSENSUS
[t= 1270] CONSENSUS          σ=10.0px  obs=3H/3T  stable=2/30  λ₂=0.000
[t= 1280] CONSENSUS          σ=8.9px  obs=3H/3T  stable=12/30  λ₂=0.000
[t= 1290] CONSENSUS          σ=8.3px  obs=3H/3T  stable=22/30  λ₂=0.000
[t= 1298] REPORTED           agreed (467, 464) err=17.3px
[t= 1298] PHASE              CONSENSUS → REPORTED
