# Simulation started at Sat Jun 27 23:22:04 2026
[t=    0] INIT               5 robots, map 900x600, obstacles=off, sources=1
[t=    0] MODE               entered Hazard Localisation
[t=  199] PHASE              MONITOR → LEAK
[t=  199] LEAK_START         new leak at (163, 232)
[t=  200] DETECT             0/3 located the leak  λ₂=0.00
[t=  240] DETECT             0/3 located the leak  λ₂=0.00
[t=  300] DETECT             0/3 located the leak  λ₂=0.00
[t=  342] DETECT             1/3 located the leak  λ₂=0.00
[t=  360] DETECT             1/3 located the leak  λ₂=0.00
[t=  391] DETECT             2/3 located the leak  λ₂=0.00
[t=  420] DETECT             2/3 located the leak  λ₂=0.00
[t=  480] DETECT             2/3 located the leak  λ₂=0.00
[t=  506] DETECT             3/3 located the leak  λ₂=0.00
[t=  506] PHASE              LEAK → CONSENSUS
[t=  510] CONSENSUS          σ=14.6px  obs=3H/3T  stable=4/30  λ₂=0.000
[t=  520] CONSENSUS          σ=12.6px  obs=3H/3T  stable=14/30  λ₂=0.000
[t=  530] CONSENSUS          σ=12.4px  obs=3H/3T  stable=24/30  λ₂=0.000
[t=  536] REPORTED           agreed (180, 231) err=17.0px
[t=  536] PHASE              CONSENSUS → REPORTED
