# Simulation started at Sun Jul  5 22:31:46 2026
[t=    0] INIT               5 robots, map 900x600, obstacles=off, sources=1
[t=    0] MODE               entered Hazard Localization
[t=  199] PHASE              MONITOR → LEAK
[t=  199] LEAK_START         new leak at (168, 110)
[t=  200] DETECT             0/2 located the leak  λ₂=1.00
[t=  240] DETECT             0/2 located the leak  λ₂=1.00
[t=  300] DETECT             0/2 located the leak  λ₂=0.59
[t=  335] DETECT             1/2 located the leak  λ₂=0.59
[t=  420] DETECT             0/3 located the leak  λ₂=1.38
[t=  420] DETECT             1/2 located the leak  λ₂=1.00
[t=  474] DETECT             2/2 located the leak  λ₂=1.00
[t=  474] PHASE              LEAK → CONSENSUS
[t=  480] CONS[t=  600] DETECT             1/3 located the leak  λ₂=2.00
[t=  622] DETECT             2/3 located the leak  λ₂=5.00
[t=  639] DETECT             3/3 located the leak  λ₂=5.00
[t=  639] PHASE              LEAK → CONSENSUS
[t=  640] CONSENSUS          σ=25.6px  obs=3H/3T  stable=0/30  λ₂=5.000
[t=  650] CONSENSUS          σ=15.7px  obs=3H/3T  stable=8/30  λ₂=5.000
[t=  660] CONSENSUS          σ=9.7px  obs=3H/3T  stable=18/30  λ₂=5.000
[t=  670] CONSENSUS          σ=9.0px  obs=3H/3T  stable=28/30  λ₂=5.000
[t=  672] REPORTED           agreed (389, 385) err=11.8px
[t=  672] PHASE              CONSENSUS → REPORTED
