# Simulation started at Sun Jun 28 18:46:27 2026
[t=    0] INIT               5 robots, map 900x600, obstacles=off, sources=1
[t=    0] MODE               entered Hazard Localization
[t=  199] PHASE              MONITOR → LEAK
[t=  199] LEAK_START         new leak at (474, 480)
[t=  200] DETECT             1/3 located the leak  λ₂=0.00
[t=  240] DETECT             1/3 located the leak  λ₂=0.00
[t=  300] DETECT             1/3 located the leak  λ₂=0.00
[t=  360] DETECT             1/3 located the leak  λ₂=0.00
[t=  420] DETECT             1/3 located the leak  λ₂=0.00
[t=  480] DETECT             1/3 located the leak  λ₂=0.00
[t=  540] DETECT             1/3 located the leak  λ₂=0.00
[t=  583] DETECT             2/3 located the leak  λ₂=0.00
[t=  600] DETECT             2/3 located the leak  λ₂=0.00
[t=  660] DETECT             2/3 located the leak  λ₂=0.00
[t=  720] DETECT             2/3 located the leak  λ₂=0.00
[t=  780] DETECT             2/3 located the leak  λ₂=0.00
[t=  840] DETECT             2/3 located the leak  λ₂=0.00
[t=  900] DETECT             2/3 located the leak  λ₂=0.00
[t=  960] DETECT             2/3 located the leak  λ₂=0.00
[t= 1016] DETECT             3/3 located the leak  λ₂=0.00
[t= 1016] PHASE              LEAK → CONSENSUS
[t= 1020] CONSENSUS          σ=26.1px  obs=3H/3T  stable=0/30  λ₂=0.000
[t= 1030] CONSENSUS          σ=22.9px  obs=3H/3T  stable=9/30  λ₂=0.000
[t= 1040] CONSENSUS          σ=26.1px  obs=3H/3T  stable=13/30  λ₂=0.000
[t= 1050] CONSENSUS          σ=27.7px  obs=3H/3T  stable=3/30  λ₂=0.000
[t= 1060] CONSENSUS          σ=28.4px  obs=3H/3T  stable=0/30  λ₂=0.000
[t= 1070] CONSENSUS          σ=28.2px  obs=3H/3T  stable=0/30  λ₂=0.000
[t= 1080] CONSENSUS          σ=28.5px  obs=3H/3T  stable=0/30  λ₂=0.000
[t= 1090] CONSENSUS          σ=28.4px  obs=3H/3T  stable=0/30  λ₂=0.000
[t= 1100] CONSENSUS          σ=27.5px  obs=3H/3T  stable=0/30  λ₂=0.000
[t= 1110] CONSENSUS          σ=26.9px  obs=3H/3T  stable=0/30  λ₂=0.000
[t= 1120] CONSENSUS          σ=27.2px  obs=3H/3T  stable=0/30  λ₂=1.000
[t= 1130] CONSENSUS          σ=26.6px  obs=3H/3T  stable=0/30  λ₂=1.000
[t= 1140] CONSENSUS          σ=26.5px  obs=3H/3T  stable=0/30  λ₂=1.000
[t= 1150] CONSENSUS          σ=26.5px  obs=3H/3T  stable=0/30  λ₂=1.000
[t= 1160] CONSENSUS          σ=31.1px  obs=4H/4T  stable=0/30  λ₂=2.000
[t= 1170] CONSENSUS          σ=24.6px  obs=4H/4T  stable=1/30  λ₂=2.000
[t= 1180] CONSENSUS          σ=21.9px  obs=4H/4T  stable=11/30  λ₂=2.000
[t= 1190] CONSENSUS          σ=22.8px  obs=4H/4T  stable=21/30  λ₂=5.000
[t= 1200] CONSENSUS          σ=26.0px  obs=5H/5T  stable=25/30  λ₂=5.000
[t= 1210] CONSENSUS          σ=20.4px  obs=5H/5T  stable=29/30  λ₂=5.000
[t= 1211] REPORTED           agreed (499, 471) err=25.9px
[t= 1211] PHASE              CONSENSUS → REPORTED
