# Simulation started at Sun Jun 28 12:31:25 2026
[t=    0] INIT               5 robots, map 900x600, obstacles=off, sources=1
[t=    0] MODE               entered Hazard Localisation
[t=  199] PHASE              MONITOR → LEAK
[t=  199] LEAK_START         new leak at (655, 250)
[t=  200] DETECT             0/3 located the leak  λ₂=0.00
[t=  240] DETECT             0/3 located the leak  λ₂=0.00
[t=  263] DETECT             1/3 located the leak  λ₂=0.00
[t=  300] DETECT             1/3 located the leak  λ₂=0.00
[t=  334] DETECT             2/3 located the leak  λ₂=0.00
[t=  360] DETECT             2/3 located the leak  λ₂=0.00
[t=  420] DETECT             2/3 located the leak  λ₂=0.00
[t=  480] DETECT             2/3 located the leak  λ₂=0.00
[t=  481] DETECT             3/3 located the leak  λ₂=0.00
[t=  481] PHASE              LEAK → CONSENSUS
[t=  490] CONSENSUS          σ=21.8px  obs=3H/3T  stable=4/30  λ₂=0.000
[t=  500] CONSENSUS          σ=15.2px  obs=3H/3T  stable=14/30  λ₂=0.000
[t=  510] CONSENSUS          σ=13.6px  obs=3H/3T  stable=24/30  λ₂=0.000
[t=  516] REPORTED           agreed (677, 253) err=22.9px
[t=  516] PHASE              CONSENSUS → REPORTED
