# Simulation started at Sun Jun 28 19:05:20 2026
[t=    0] INIT               5 robots, map 900x600, obstacles=off, sources=1
[t=    0] MODE               entered Hazard Localization
[t=  199] PHASE              MONITOR → LEAK
[t=  199] LEAK_START         new leak at (681, 231)
[t=  200] DETECT             0/3 located the leak  λ₂=0.00
[t=  240] DETECT             0/3 located the leak  λ₂=0.00
[t=  300] DETECT             0/3 located the leak  λ₂=0.00
[t=  360] DETECT             0/3 located the leak  λ₂=0.00
[t=  395] DETECT             1/3 located the leak  λ₂=0.00
[t=  420] DETECT             1/3 located the leak  λ₂=0.00
[t=  442] DETECT             2/3 located the leak  λ₂=0.00
[t=  480] DETECT             2/3 located the leak  λ₂=0.00
[t=  481] DETECT             3/3 located the leak  λ₂=0.00
[t=  481] PHASE              LEAK → CONSENSUS
[t=  490] CONSENSUS          σ=14.6px  obs=3H/3T  stable=9/30  λ₂=0.000
[t=  500] CONSENSUS          σ=15.1px  obs=3H/3T  stable=19/30  λ₂=0.000
[t=  510] CONSENSUS          σ=15.6px  obs=3H/3T  stable=29/30  λ₂=0.000
[t=  511] REPORTED           agreed (689, 251) err=21.1px
[t=  511] PHASE              CONSENSUS → REPORTED
