# Simulation started at Sun Jun 28 12:31:53 2026
[t=    0] INIT               5 robots, map 900x600, obstacles=off, sources=1
[t=    0] MODE               entered Hazard Localisation
[t=  199] PHASE              MONITOR → LEAK
[t=  199] LEAK_START         new leak at (521, 409)
[t=  200] DETECT             0/3 located the leak  λ₂=0.00
[t=  240] DETECT             0/3 located the leak  λ₂=0.00
[t=  300] DETECT             0/3 located the leak  λ₂=0.00
[t=  360] DETECT             0/3 located the leak  λ₂=0.00
[t=  420] DETECT             0/3 located the leak  λ₂=0.00
[t=  480] DETECT             0/3 located the leak  λ₂=0.00
[t=  540] DETECT             0/3 located the leak  λ₂=0.00
[t=  600] DETECT             0/3 located the leak  λ₂=0.00
[t=  660] DETECT             0/3 located the leak  λ₂=0.00
[t=  687] DETECT             1/3 located the leak  λ₂=0.00
[t=  720] DETECT             1/3 located the leak  λ₂=0.00
[t=  780] DETECT             1/3 located the leak  λ₂=0.00
[t=  787] DETECT             2/3 located the leak  λ₂=0.00
[t=  840] DETECT             2/3 located the leak  λ₂=0.00
[t=  893] DETECT             3/3 located the leak  λ₂=0.00
[t=  893] PHASE              LEAK → CONSENSUS
[t=  900] CONSENSUS          σ=24.6px  obs=3H/3T  stable=1/30  λ₂=0.000
[t=  910] CONSENSUS          σ=16.9px  obs=3H/3T  stable=11/30  λ₂=0.000
[t=  920] CONSENSUS          σ=14.8px  obs=3H/3T  stable=21/30  λ₂=0.000
[t=  929] REPORTED           agreed (575, 414) err=53.9px
[t=  929] PHASE              CONSENSUS → REPORTED
