# Simulation started at Sun Jun 28 18:47:29 2026
[t=    0] INIT               5 robots, map 900x600, obstacles=off, sources=1
[t=    0] MODE               entered Hazard Localization
[t=  199] PHASE              MONITOR → LEAK
[t=  199] LEAK_START         new leak at (474, 480)
[t=  200] DETECT             0/3 located the leak  λ₂=1.59
[t=  240] DETECT             0/3 located the leak  λ₂=0.52
[t=  300] DETECT             0/3 located the leak  λ₂=1.00
[t=  360] DETECT             0/3 located the leak  λ₂=1.59
[t=  369] DETECT             1/3 located the leak  λ₂=1.59
[t=  417] DETECT             2/3 located the leak  λ₂=2.00
[t=  420] DETECT             2/3 located the leak  λ₂=3.00
[t=  480] DETECT             2/3 located the leak  λ₂=5.00
[t=  498] DETECT             3/3 located the leak  λ₂=5.00
[t=  498] PHASE              LEAK → CONSENSUS
[t=  500] CONSENSUS          σ=7.0px  obs=3H/3T  stable=2/30  λ₂=5.000
[t=  510] CONSENSUS          σ=6.7px  obs=3H/3T  stable=12/30  λ₂=5.000
[t=  520] CONSENSUS          σ=6.5px  obs=3H/3T  stable=22/30  λ₂=5.000
[t=  528] REPORTED           agreed (481, 454) err=26.4px
[t=  528] PHASE              CONSENSUS → REPORTED
