# Simulation started at Sat Jun 27 23:06:53 2026
[t=    0] INIT               5 robots, map 900x600, obstacles=off, sources=1
[t=    0] MODE               entered Hazard Localisation
[t=  199] PHASE              MONITOR → LEAK
[t=  199] LEAK_START         new leak at (785, 380)
[t=  200] DETECT             0/3 located the leak  λ₂=0.00
[t=  240] DETECT             0/3 located the leak  λ₂=0.00
[t=  300] DETECT             0/3 located the leak  λ₂=0.00
[t=  360] DETECT             0/3 located the leak  λ₂=0.00
[t=  371] DETECT             1/3 located the leak  λ₂=0.00
[t=  420] DETECT             1/3 located the leak  λ₂=0.38
[t=  443] DETECT             2/3 located the leak  λ₂=0.52
[t=  480] DETECT             2/3 located the leak  λ₂=0.52
[t=  540] DETECT             2/3 located the leak  λ₂=0.00
[t=  550] DETECT             3/3 located the leak  λ₂=0.00
[t=  550] PHASE              LEAK → CONSENSUS
[t=  560] CONSENSUS          σ=8.1px  obs=3H/3T  stable=10/30  λ₂=0.000
[t=  570] CONSENSUS          σ=8.5px  obs=3H/3T  stable=20/30  λ₂=0.000
[t=  580] CONSENSUS          σ=8.5px  obs=3H/3T  stable=30/30  λ₂=0.000
[t=  580] REPORTED           agreed (771, 380) err=14.0px
[t=  580] PHASE              CONSENSUS → REPORTED
