# Simulation started at Sun Jun 28 18:48:20 2026
[t=    0] INIT               5 robots, map 900x600, obstacles=off, sources=1
[t=    0] MODE               entered Hazard Localization
[t=  199] PHASE              MONITOR → LEAK
[t=  199] LEAK_START         new leak at (481, 97)
[t=  201] DETECT             0/3 located the leak  λ₂=1.00
[t=  240] DETECT             0/3 located the leak  λ₂=0.83
[t=  300] DETECT             0/3 located the leak  λ₂=2.00
[t=  360] DETECT             0/3 located the leak  λ₂=0.83
[t=  420] DETECT             0/3 located the leak  λ₂=0.00
[t=  480] DETECT             0/3 located the leak  λ₂=0.00
[t=  540] DETECT             0/3 located the leak  λ₂=0.52
[t=  600] DETECT             0/3 located the leak  λ₂=0.83
[t=  644] DETECT             1/3 located the leak  λ₂=1.59
[t=  660] DETECT             1/3 located the leak  λ₂=1.59
[t=  720] DETECT             1/3 located the leak  λ₂=3.00
[t=  746] DETECT             2/3 located the leak  λ₂=5.00
[t=  766] DETECT             3/3 located the leak  λ₂=5.00
[t=  766] PHASE              LEAK → CONSENSUS
[t=  770] CONSENSUS          σ=27.2px  obs=3H/3T  stable=0/30  λ₂=5.000
[t=  780] CONSENSUS          σ=19.2px  obs=3H/3T  stable=7/30  λ₂=5.000
[t=  790] CONSENSUS          σ=12.8px  obs=3H/3T  stable=17/30  λ₂=5.000
[t=  800] CONSENSUS          σ=10.7px  obs=3H/3T  stable=27/30  λ₂=5.000
[t=  803] REPORTED           agreed (494, 100) err=12.9px
[t=  803] PHASE              CONSENSUS → REPORTED
