# Simulation started at Sat Jun 27 23:13:13 2026
[t=    0] INIT               5 robots, map 900x600, obstacles=off, sources=1
[t=    0] MODE               entered Hazard Localization
[t=  199] PHASE              MONITOR → LEAK
[t=  199] LEAK_START         new leak at (747, 94)
[t=  200] DETECT             0/3 located the leak  λ₂=0.52
[t=  240] DETECT             0/3 located the leak  λ₂=0.52
[t=  300] DETECT             0/3 located the leak  λ₂=0.00
[t=  360] DETECT             0/3 located the leak  λ₂=0.00
[t=  420] DETECT             0/3 located the leak  λ₂=0.00
[t=  480] DETECT             0/3 located the leak  λ₂=0.00
[t=  520] DETECT             1/3 located the leak  λ₂=0.00
[t=  540] DETECT             1/3 located the leak  λ₂=0.00
[t=  600] DETECT             1/3 located the leak  λ₂=0.00
[t=  601] DETECT             2/3 located the leak  λ₂=0.00
[t=  660] DETECT             2/3 located the leak  λ₂=0.00
[t=  720] DETECT             2/3 located the leak  λ₂=0.00
[t=  780] DETECT             2/3 located the leak  λ₂=0.00
[t=  840] DETECT             2/3 located the leak  λ₂=0.00
[t=  900] DETECT             2/3 located the leak  λ₂=0.00
[t=  945] DETECT             3/3 located the leak  λ₂=0.00
[t=  945] PHASE              LEAK → CONSENSUS
[t=  950] CONSENSUS          σ=20.6px  obs=3H/3T  stable=5/30  λ₂=0.000
[t=  960] CONSENSUS          σ=18.9px  obs=3H/3T  stable=15/30  λ₂=0.000
[t=  970] CONSENSUS          σ=17.9px  obs=3H/3T  stable=25/30  λ₂=0.000
[t=  975] REPORTED           agreed (738, 118) err=25.3px
[t=  975] PHASE              CONSENSUS → REPORTED
