# Simulation started at Sun Jul  5 22:30:14 2026
[t=    0] INIT               5 robots, map 900x600, obstacles=off, sources=1
[t=    0] MODE               entered Hazard Localization
[t=  199] PHASE              MONITOR → LEAK
[t=  199] LEAK_START         new leak at (722, 432)
[t=  200] DETECT             1/3 located the leak  λ₂=3.00
[t=  240] DETECT             1/3 located the leak  λ₂=2.00
[t=  300] DETECT             1/3 located the leak  λ₂=3.00
[t=  311] DETECT             2/3 located the leak  λ₂=3.00
[t=  360] DETECT             2/3 located the leak  λ₂=5.00
[t=  382] DETECT             3/3 located the leak  λ₂=5.00
[t=  540] DETECT             0/3 located the leak  λ₂=0.00
[t=  545] DETECT             1/3 located the leak  λ₂=0.00[[t=  600] DETECT             1/3 located the leak  λ₂=0.00
[t=  660] DETECT             1/3 located the leak  λ₂=0.00
[t=  720] DETECT             1/3 located the leak  λ₂=0.00
[t=  780] DETECT             1/3 located the leak  λ₂=0.00
[t=  840] DETECT             1/3 located the leak  λ₂=0.00
[t=  900] DETECT             1/3 located the leak  λ₂=0.00
[t=  960] DETECT             1/3 located the leak  λ₂=0.00
[t= 1008] DETECT             2/3 located the leak  λ₂=0.00
[t= 1020] DETECT             2/3 located the leak  λ₂=0.00
[t= 1080] DETECT             2/3 located the leak  λ₂=0.00
[t= 1140] DETECT             2/3 located the leak  λ₂=0.00
[t= 1200] DETECT             2/3 located the leak  λ₂=0.00
[t= 1260] DETECT             2/3 located the leak  λ₂=0.00
[t= 1320] DETECT             2/3 located the leak  λ₂=0.00
[t= 1327] DETECT             3/3 located the leak  λ₂=0.00
[t= 1327] PHASE              LEAK → CONSENSUS
[t= 1330] CONSENSUS          σ=32.3px  obs=3H/3T  stable=0/30  λ₂=0.000
[t= 1340] CONSENSUS          σ=27.1px  obs=3H/3T  stable=0/30  λ₂=0.000
[t= 1350] CONSENSUS          σ=18.4px  obs=3H/3T  stable=8/30  λ₂=0.000
[t= 1360] CONSENSUS          σ=11.0px  obs=3H/3T  stable=18/30  λ₂=0.000
[t= 1370] CONSENSUS          σ=9.4px  obs=3H/3T  stable=28/30  λ₂=0.000
[t= 1372] REPORTED           agreed (303, 476) err=12.0px
[t= 1372] PHASE              CONSENSUS → REPORTED
