# Simulation started at Sat Jun 27 23:06:45 2026
[t=    0] INIT               5 robots, map 900x600, obstacles=off, sources=1
[t=    0] MODE               entered Hazard Localization
[t=  199] PHASE              MONITOR → LEAK
[t=  199] LEAK_START         new leak at (489, 498)
[t=  200] DETECT             0/3 located the leak  λ₂=-0.00
[t=  240] DETECT             0/3 located the leak  λ₂=0.00
[t=  300] DETECT             0/3 located the leak  λ₂=0.00
[t=  354] DETECT             1/3 located the leak  λ₂=-0.00
[t=  360] DETECT             1/3 located the leak  λ₂=-0.00
[t=  420] DETECT             1/3 located the leak  λ₂=-0.00
[t=  480] DETECT             1/3 located the leak  λ₂=0.00
[t=  488] DETECT             2/3 located the leak  λ₂=0.00
[t=  540] DETECT             2/3 located the leak  λ₂=0.00
[t=  593] DETECT             3/3 located the leak  λ₂=0.00
[t=  593] PHASE              LEAK → CONSENSUS
[t=  600] CONSENSUS          σ=5.8px  obs=3H/3T  stable=7/30  λ₂=0.000
[t=  610] CONSENSUS          σ=3.8px  obs=3H/3T  stable=17/30  λ₂=0.000
[t=  620] CONSENSUS          σ=3.8px  obs=3H/3T  stable=27/30  λ₂=0.000
[t=  623] REPORTED           agreed (466, 497) err=22.8px
[t=  623] PHASE              CONSENSUS → REPORTED
