# Simulation started at Sat Jun 27 23:23:34 2026
[t=    0] INIT               5 robots, map 900x600, obstacles=off, sources=1
[t=    0] MODE               entered Hazard Localisation
[t=  199] PHASE              MONITOR → LEAK
[t=  199] LEAK_START         new leak at (383, 277)
[t=  200] DETECT             0/3 located the leak  λ₂=0.00
[t=  240] DETECT             0/3 located the leak  λ₂=0.00
[t=  300] DETECT             0/3 located the leak  λ₂=0.00
[t=  314] DETECT             1/3 located the leak  λ₂=0.00
[t=  360] DETECT             1/3 located the leak  λ₂=0.00
[t=  420] DETECT             2/3 located the leak  λ₂=0.00
[t=  480] DETECT             2/3 located the leak  λ₂=0.00
[t=  540] DETECT             2/3 located the leak  λ₂=0.00
[t=  600] DETECT             2/3 located the leak  λ₂=0.00
[t=  660] DETECT             2/3 located the leak  λ₂=0.00
[t=  720] DETECT             2/3 located the leak  λ₂=0.00
[t=  780] DETECT             2/3 located the leak  λ₂=0.00
[t=  840] DETECT             2/3 located the leak  λ₂=0.00
[t=  890] DETECT             3/3 located the leak  λ₂=0.00
[t=  890] PHASE              LEAK → CONSENSUS
[t=  900] CONSENSUS          σ=12.7px  obs=3H/3T  stable=10/30  λ₂=-0.000
[t=  910] CONSENSUS          σ=13.0px  obs=3H/3T  stable=20/30  λ₂=-0.000
[t=  920] CONSENSUS          σ=11.0px  obs=3H/3T  stable=30/30  λ₂=0.000
[t=  920] REPORTED           agreed (388, 263) err=15.7px
[t=  920] PHASE              CONSENSUS → REPORTED
