# Simulation started at Wed Jun 24 10:40:04 2026
[t=    0] INIT               5 robots, map 900x600, obstacles=off, sources=1
[t=    0] MODE               entered Hazard Localisation
[t=   80] MODE               Hazard Localisation → Sensor Degradation & Trust
[t=   80] MODE               exiting Hazard Localisation
[t=   80] MODE               entered Sensor Degradation & Trust
[t=   80] ROBOT              R2: manual degradation triggered
[t=   80] ROBOT              R3: manual degradation triggered
[t=  279] PHASE              MONITOR → LEAK
[t=  279] LEAK_START         new leak at (602, 239)
[t=  340] PHASE              LEAK → CONSENSUS
[t=  350] CONSENSUS          σ=66.7px  obs=1H/3T  stable=0/30  λ₂=0.000
[t=  360] CONSENSUS          σ=67.0px  obs=1H/3T  stable=0/30  λ₂=0.000
[t=  370] CONSENSUS          σ=66.1px  obs=1H/3T  stable=0/30  λ₂=0.000
[t=  380] CONSENSUS          σ=1.0px  obs=1H/3T  stable=0/30  λ₂=0.519
[t=  390] CONSENSUS          σ=0.1px  obs=1H/3T  stable=0/30  λ₂=1.000
[t=  400] CONSENSUS          σ=0.0px  obs=1H/3T  stable=0/30  λ₂=1.000
[t=  410] CONSENSUS          σ=0.4px  obs=1H/3T  stable=0/30  λ₂=1.000
[t=  420] CONSENSUS          σ=0.2px  obs=1H/3T  stable=0/30  λ₂=1.000
[t=  430] CONSENSUS          σ=0.3px  obs=1H/3T  stable=0/30  λ₂=1.000
[t=  440] CONSENSUS          σ=0.2px  obs=1H/3T  stable=0/30  λ₂=1.000
[t=  450] CONSENSUS          σ=0.0px  obs=1H/3T  stable=0/30  λ₂=1.586
[t=  460] CONSENSUS          σ=0.4px  obs=1H/3T  stable=0/30  λ₂=1.586
[t=  470] CONSENSUS          σ=0.1px  obs=1H/3T  stable=0/30  λ₂=2.000
[t=  480] CONSENSUS          σ=0.0px  obs=1H/3T  stable=0/30  λ₂=2.000
[t=  490] CONSENSUS          σ=0.3px  obs=1H/3T  stable=0/30  λ₂=2.000
[t=  500] CONSENSUS          σ=0.0px  obs=1H/3T  stable=0/30  λ₂=3.000
[t=  510] CONSENSUS          σ=0.0px  obs=1H/3T  stable=0/30  λ₂=3.000
[t=  520] CONSENSUS          σ=0.1px  obs=1H/3T  stable=0/30  λ₂=5.000
[t=  530] CONSENSUS          σ=0.1px  obs=1H/3T  stable=0/30  λ₂=5.000
[t=  540] CONSENSUS          σ=0.1px  obs=1H/3T  stable=0/30  λ₂=5.000
[t=  550] CONSENSUS          σ=0.2px  obs=1H/3T  stable=0/30  λ₂=5.000
[t=  560] CONSENSUS          σ=0.2px  obs=1H/3T  stable=0/30  λ₂=5.000
[t=  570] CONSENSUS          σ=0.1px  obs=1H/3T  stable=0/30  λ₂=5.000
[t=  580] CONSENSUS          σ=0.0px  obs=1H/3T  stable=0/30  λ₂=5.000
[t=  590] CONSENSUS          σ=0.0px  obs=1H/3T  stable=0/30  λ₂=5.000
[t=  600] CONSENSUS          σ=0.3px  obs=1H/3T  stable=0/30  λ₂=5.000
[t=  610] CONSENSUS          σ=0.1px  obs=1H/3T  stable=0/30  λ₂=5.000
[t=  620] CONSENSUS          σ=0.0px  obs=1H/3T  stable=0/30  λ₂=5.000
[t=  630] CONSENSUS          σ=0.1px  obs=1H/3T  stable=0/30  λ₂=5.000
[t=  640] CONSENSUS          σ=0.0px  obs=1H/3T  stable=0/30  λ₂=5.000
[t=  650] CONSENSUS          σ=0.0px  obs=1H/3T  stable=0/30  λ₂=5.000
[t=  660] CONSENSUS          σ=0.1px  obs=1H/3T  stable=0/30  λ₂=5.000
[t=  670] CONSENSUS          σ=0.1px  obs=1H/3T  stable=0/30  λ₂=5.000
[t=  680] CONSENSUS          σ=0.0px  obs=1H/3T  stable=0/30  λ₂=5.000
[t=  690] CONSENSUS          σ=0.1px  obs=1H/3T  stable=0/30  λ₂=5.000
[t=  700] CONSENSUS          σ=0.0px  obs=1H/3T  stable=0/30  λ₂=5.000
[t=  710] CONSENSUS          σ=0.0px  obs=1H/3T  stable=0/30  λ₂=5.000
[t=  720] CONSENSUS          σ=0.0px  obs=1H/3T  stable=0/30  λ₂=5.000
[t=  730] CONSENSUS          σ=0.0px  obs=1H/3T  stable=0/30  λ₂=5.000
[t=  740] CONSENSUS          σ=0.0px  obs=1H/3T  stable=0/30  λ₂=5.000
[t=  750] CONSENSUS          σ=0.1px  obs=1H/3T  stable=0/30  λ₂=5.000
[t=  760] CONSENSUS          σ=0.0px  obs=1H/3T  stable=0/30  λ₂=5.000
[t=  770] CONSENSUS          σ=0.0px  obs=1H/3T  stable=0/30  λ₂=5.000
[t=  780] CONSENSUS          σ=0.1px  obs=1H/3T  stable=0/30  λ₂=5.000
[t=  790] CONSENSUS          σ=0.0px  obs=1H/3T  stable=0/30  λ₂=5.000
[t=  800] CONSENSUS          σ=0.2px  obs=1H/3T  stable=0/30  λ₂=5.000
[t=  810] CONSENSUS          σ=0.1px  obs=1H/3T  stable=0/30  λ₂=5.000
[t=  820] CONSENSUS          σ=0.0px  obs=1H/3T  stable=0/30  λ₂=5.000
[t=  830] CONSENSUS          σ=0.3px  obs=1H/3T  stable=0/30  λ₂=5.000
[t=  840] CONSENSUS          σ=0.2px  obs=1H/3T  stable=0/30  λ₂=5.000
[t=  850] CONSENSUS          σ=0.0px  obs=1H/3T  stable=0/30  λ₂=5.000
[t=  860] CONSENSUS          σ=0.1px  obs=1H/3T  stable=0/30  λ₂=5.000
[t=  870] CONSENSUS          σ=0.1px  obs=1H/3T  stable=0/30  λ₂=5.000
[t=  880] CONSENSUS          σ=0.0px  obs=1H/3T  stable=0/30  λ₂=5.000
[t=  890] CONSENSUS          σ=0.0px  obs=1H/3T  stable=0/30  λ₂=5.000
[t=  900] CONSENSUS          σ=0.0px  obs=1H/3T  stable=0/30  λ₂=5.000
[t=  910] CONSENSUS          σ=0.1px  obs=1H/3T  stable=0/30  λ₂=5.000
[t=  920] CONSENSUS          σ=0.1px  obs=1H/3T  stable=0/30  λ₂=5.000
[t=  930] CONSENSUS          σ=0.2px  obs=1H/3T  stable=0/30  λ₂=5.000
[t=  940] CONSENSUS          σ=0.0px  obs=1H/3T  stable=0/30  λ₂=5.000
[t=  950] CONSENSUS          σ=0.1px  obs=1H/3T  stable=0/30  λ₂=5.000
[t=  960] CONSENSUS          σ=0.1px  obs=1H/3T  stable=0/30  λ₂=5.000
[t=  970] CONSENSUS          σ=0.0px  obs=1H/3T  stable=0/30  λ₂=5.000
[t=  980] CONSENSUS          σ=0.0px  obs=1H/3T  stable=0/30  λ₂=5.000
[t=  990] CONSENSUS          σ=0.1px  obs=1H/3T  stable=0/30  λ₂=5.000
[t= 1000] CONSENSUS          σ=0.0px  obs=1H/3T  stable=0/30  λ₂=5.000
[t= 1010] CONSENSUS          σ=0.3px  obs=1H/3T  stable=0/30  λ₂=5.000
[t= 1020] CONSENSUS          σ=0.1px  obs=1H/3T  stable=0/30  λ₂=5.000
[t= 1030] CONSENSUS          σ=0.0px  obs=1H/3T  stable=0/30  λ₂=5.000
[t= 1040] CONSENSUS          σ=0.1px  obs=1H/3T  stable=0/30  λ₂=5.000
[t= 1050] CONSENSUS          σ=0.0px  obs=1H/3T  stable=0/30  λ₂=5.000
[t= 1060] CONSENSUS          σ=0.0px  obs=1H/3T  stable=0/30  λ₂=5.000
[t= 1070] CONSENSUS          σ=0.0px  obs=1H/3T  stable=0/30  λ₂=5.000
[t= 1080] CONSENSUS          σ=0.0px  obs=1H/3T  stable=0/30  λ₂=5.000
[t= 1090] CONSENSUS          σ=0.1px  obs=1H/3T  stable=0/30  λ₂=5.000
[t= 1100] CONSENSUS          σ=0.2px  obs=1H/3T  stable=0/30  λ₂=5.000
[t= 1110] CONSENSUS          σ=0.1px  obs=1H/3T  stable=0/30  λ₂=5.000
[t= 1120] CONSENSUS          σ=0.0px  obs=1H/3T  stable=0/30  λ₂=5.000
[t= 1130] CONSENSUS          σ=0.0px  obs=1H/3T  stable=0/30  λ₂=5.000
[t= 1140] CONSENSUS          σ=0.1px  obs=1H/3T  stable=0/30  λ₂=5.000
[t= 1150] CONSENSUS          σ=0.1px  obs=1H/3T  stable=0/30  λ₂=5.000
[t= 1160] CONSENSUS          σ=0.0px  obs=1H/3T  stable=0/30  λ₂=5.000
[t= 1170] CONSENSUS          σ=0.1px  obs=1H/3T  stable=0/30  λ₂=5.000
[t= 1180] CONSENSUS          σ=0.1px  obs=1H/3T  stable=0/30  λ₂=5.000
[t= 1190] CONSENSUS          σ=0.0px  obs=1H/3T  stable=0/30  λ₂=5.000
[t= 1200] CONSENSUS          σ=0.0px  obs=1H/3T  stable=0/30  λ₂=5.000
[t= 1210] CONSENSUS          σ=0.0px  obs=1H/3T  stable=0/30  λ₂=5.000
[t= 1220] CONSENSUS          σ=0.0px  obs=1H/3T  stable=0/30  λ₂=5.000
[t= 1230] CONSENSUS          σ=0.0px  obs=1H/3T  stable=0/30  λ₂=5.000
[t= 1240] CONSENSUS          σ=0.0px  obs=1H/3T  stable=0/30  λ₂=5.000
[t= 1250] CONSENSUS          σ=0.1px  obs=1H/3T  stable=0/30  λ₂=5.000
[t= 1260] CONSENSUS          σ=0.0px  obs=1H/3T  stable=0/30  λ₂=5.000
[t= 1270] CONSENSUS          σ=0.6px  obs=1H/3T  stable=0/30  λ₂=5.000
[t= 1280] CONSENSUS          σ=0.0px  obs=1H/3T  stable=0/30  λ₂=5.000
[t= 1290] CONSENSUS          σ=0.0px  obs=1H/3T  stable=0/30  λ₂=5.000
[t= 1300] CONSENSUS          σ=0.0px  obs=1H/3T  stable=0/30  λ₂=5.000
[t= 1310] CONSENSUS          σ=0.1px  obs=1H/3T  stable=0/30  λ₂=5.000
[t= 1320] CONSENSUS          σ=0.0px  obs=1H/3T  stable=0/30  λ₂=5.000
[t= 1330] CONSENSUS          σ=0.1px  obs=1H/3T  stable=0/30  λ₂=5.000
[t= 1340] CONSENSUS          σ=0.0px  obs=1H/3T  stable=0/30  λ₂=5.000
[t= 1350] CONSENSUS          σ=0.0px  obs=1H/3T  stable=0/30  λ₂=5.000
[t= 1360] CONSENSUS          σ=0.0px  obs=1H/3T  stable=0/30  λ₂=5.000
[t= 1370] CONSENSUS          σ=0.0px  obs=1H/3T  stable=0/30  λ₂=5.000
[t= 1380] CONSENSUS          σ=0.0px  obs=1H/3T  stable=0/30  λ₂=5.000
[t= 1390] CONSENSUS          σ=0.0px  obs=1H/3T  stable=0/30  λ₂=5.000
[t= 1400] CONSENSUS          σ=0.0px  obs=1H/3T  stable=0/30  λ₂=5.000
[t= 1410] CONSENSUS          σ=0.1px  obs=1H/3T  stable=0/30  λ₂=5.000
[t= 1420] CONSENSUS          σ=0.2px  obs=1H/3T  stable=0/30  λ₂=5.000
[t= 1430] CONSENSUS          σ=0.0px  obs=1H/3T  stable=0/30  λ₂=5.000
[t= 1440] CONSENSUS          σ=0.0px  obs=1H/3T  stable=0/30  λ₂=5.000
[t= 1450] CONSENSUS          σ=0.1px  obs=1H/3T  stable=0/30  λ₂=5.000
[t= 1460] CONSENSUS          σ=0.0px  obs=1H/3T  stable=0/30  λ₂=5.000
[t= 1470] CONSENSUS          σ=0.0px  obs=1H/3T  stable=0/30  λ₂=5.000
[t= 1480] CONSENSUS          σ=0.0px  obs=1H/3T  stable=0/30  λ₂=5.000
[t= 1490] CONSENSUS          σ=0.0px  obs=1H/3T  stable=0/30  λ₂=5.000
[t= 1500] CONSENSUS          σ=0.0px  obs=1H/3T  stable=0/30  λ₂=5.000
[t= 1510] CONSENSUS          σ=0.1px  obs=1H/3T  stable=0/30  λ₂=5.000
[t= 1520] CONSENSUS          σ=0.1px  obs=1H/3T  stable=0/30  λ₂=5.000
[t= 1530] CONSENSUS          σ=0.1px  obs=1H/3T  stable=0/30  λ₂=5.000
[t= 1540] CONSENSUS          σ=0.0px  obs=1H/3T  stable=0/30  λ₂=5.000
[t= 1550] CONSENSUS          σ=0.1px  obs=1H/3T  stable=0/30  λ₂=5.000
[t= 1560] CONSENSUS          σ=0.0px  obs=1H/3T  stable=0/30  λ₂=5.000
[t= 1570] CONSENSUS          σ=0.1px  obs=1H/3T  stable=0/30  λ₂=5.000
[t= 1580] CONSENSUS          σ=0.0px  obs=1H/3T  stable=0/30  λ₂=5.000
[t= 1590] CONSENSUS          σ=0.0px  obs=1H/3T  stable=0/30  λ₂=5.000
[t= 1600] CONSENSUS          σ=0.0px  obs=1H/3T  stable=0/30  λ₂=5.000
[t= 1610] CONSENSUS          σ=0.0px  obs=1H/3T  stable=0/30  λ₂=5.000
[t= 1620] CONSENSUS          σ=0.0px  obs=1H/3T  stable=0/30  λ₂=5.000
[t= 1630] CONSENSUS          σ=0.0px  obs=1H/3T  stable=0/30  λ₂=5.000
[t= 1640] CONSENSUS          σ=0.0px  obs=1H/3T  stable=0/30  λ₂=5.000
[t= 1650] CONSENSUS          σ=0.0px  obs=1H/3T  stable=0/30  λ₂=5.000
[t= 1660] CONSENSUS          σ=0.0px  obs=1H/3T  stable=0/30  λ₂=5.000
[t= 1670] CONSENSUS          σ=0.1px  obs=1H/3T  stable=0/30  λ₂=5.000
[t= 1680] CONSENSUS          σ=0.0px  obs=1H/3T  stable=0/30  λ₂=5.000
[t= 1690] CONSENSUS          σ=0.2px  obs=1H/3T  stable=0/30  λ₂=5.000
[t= 1700] CONSENSUS          σ=0.0px  obs=1H/3T  stable=0/30  λ₂=5.000
[t= 1710] CONSENSUS          σ=0.1px  obs=1H/3T  stable=0/30  λ₂=5.000
[t= 1720] CONSENSUS          σ=0.0px  obs=1H/3T  stable=0/30  λ₂=5.000
[t= 1730] CONSENSUS          σ=0.1px  obs=1H/3T  stable=0/30  λ₂=5.000
[t= 1740] CONSENSUS          σ=0.0px  obs=1H/3T  stable=0/30  λ₂=5.000
[t= 1750] CONSENSUS          σ=0.0px  obs=1H/3T  stable=0/30  λ₂=5.000
[t= 1760] CONSENSUS          σ=0.0px  obs=1H/3T  stable=0/30  λ₂=5.000
[t= 1770] CONSENSUS          σ=0.1px  obs=1H/3T  stable=0/30  λ₂=5.000
[t= 1780] CONSENSUS          σ=0.0px  obs=1H/3T  stable=0/30  λ₂=5.000
[t= 1790] CONSENSUS          σ=0.0px  obs=1H/3T  stable=0/30  λ₂=5.000
[t= 1800] CONSENSUS          σ=0.0px  obs=1H/3T  stable=0/30  λ₂=5.000
[t= 1810] CONSENSUS          σ=0.0px  obs=1H/3T  stable=0/30  λ₂=5.000
[t= 1820] CONSENSUS          σ=0.1px  obs=1H/3T  stable=0/30  λ₂=5.000
[t= 1830] CONSENSUS          σ=0.1px  obs=1H/3T  stable=0/30  λ₂=5.000
[t= 1840] CONSENSUS          σ=0.0px  obs=1H/3T  stable=0/30  λ₂=5.000
[t= 1850] CONSENSUS          σ=0.0px  obs=1H/3T  stable=0/30  λ₂=5.000
[t= 1860] CONSENSUS          σ=0.0px  obs=1H/3T  stable=0/30  λ₂=5.000
[t= 1870] CONSENSUS          σ=0.0px  obs=1H/3T  stable=0/30  λ₂=5.000
[t= 1880] CONSENSUS          σ=0.0px  obs=1H/3T  stable=0/30  λ₂=5.000
[t= 1890] CONSENSUS          σ=0.1px  obs=1H/3T  stable=0/30  λ₂=5.000
[t= 1900] CONSENSUS          σ=0.0px  obs=1H/3T  stable=0/30  λ₂=5.000
[t= 1910] CONSENSUS          σ=0.0px  obs=1H/3T  stable=0/30  λ₂=5.000
[t= 1920] CONSENSUS          σ=0.0px  obs=1H/3T  stable=0/30  λ₂=5.000
[t= 1930] CONSENSUS          σ=0.0px  obs=1H/3T  stable=0/30  λ₂=5.000
[t= 1940] CONSENSUS          σ=0.1px  obs=1H/3T  stable=0/30  λ₂=5.000
[t= 1950] CONSENSUS          σ=0.0px  obs=1H/3T  stable=0/30  λ₂=5.000
[t= 1960] CONSENSUS          σ=0.1px  obs=1H/3T  stable=0/30  λ₂=5.000
[t= 1970] CONSENSUS          σ=0.1px  obs=1H/3T  stable=0/30  λ₂=5.000
[t= 1980] CONSENSUS          σ=0.0px  obs=1H/3T  stable=0/30  λ₂=5.000
[t= 1990] CONSENSUS          σ=0.0px  obs=1H/3T  stable=0/30  λ₂=5.000
[t= 2000] CONSENSUS          σ=0.1px  obs=1H/3T  stable=0/30  λ₂=5.000
[t= 2010] CONSENSUS          σ=0.0px  obs=1H/3T  stable=0/30  λ₂=5.000
[t= 2020] CONSENSUS          σ=0.0px  obs=1H/3T  stable=0/30  λ₂=5.000
[t= 2030] CONSENSUS          σ=0.0px  obs=1H/3T  stable=0/30  λ₂=5.000
[t= 2040] CONSENSUS          σ=0.1px  obs=1H/3T  stable=0/30  λ₂=5.000
[t= 2050] CONSENSUS          σ=0.0px  obs=1H/3T  stable=0/30  λ₂=5.000
[t= 2060] CONSENSUS          σ=0.0px  obs=1H/3T  stable=0/30  λ₂=5.000
[t= 2070] CONSENSUS          σ=0.2px  obs=1H/3T  stable=0/30  λ₂=5.000
[t= 2080] CONSENSUS          σ=0.0px  obs=1H/3T  stable=0/30  λ₂=5.000
[t= 2090] CONSENSUS          σ=0.0px  obs=1H/3T  stable=0/30  λ₂=5.000
[t= 2100] CONSENSUS          σ=0.0px  obs=1H/3T  stable=0/30  λ₂=5.000
[t= 2110] CONSENSUS          σ=0.0px  obs=1H/3T  stable=0/30  λ₂=5.000
[t= 2120] CONSENSUS          σ=0.1px  obs=1H/3T  stable=0/30  λ₂=5.000
[t= 2130] CONSENSUS          σ=0.0px  obs=1H/3T  stable=0/30  λ₂=5.000
[t= 2140] CONSENSUS          σ=0.1px  obs=1H/3T  stable=0/30  λ₂=5.000
[t= 2150] CONSENSUS          σ=0.0px  obs=1H/3T  stable=0/30  λ₂=5.000
[t= 2160] CONSENSUS          σ=0.0px  obs=1H/3T  stable=0/30  λ₂=5.000
[t= 2170] CONSENSUS          σ=0.0px  obs=1H/3T  stable=0/30  λ₂=5.000
[t= 2180] CONSENSUS          σ=0.0px  obs=1H/3T  stable=0/30  λ₂=5.000
[t= 2190] CONSENSUS          σ=0.0px  obs=1H/3T  stable=0/30  λ₂=5.000
[t= 2200] CONSENSUS          σ=0.0px  obs=1H/3T  stable=0/30  λ₂=5.000
[t= 2210] CONSENSUS          σ=0.0px  obs=1H/3T  stable=0/30  λ₂=5.000
[t= 2220] CONSENSUS          σ=0.1px  obs=1H/3T  stable=0/30  λ₂=5.000
[t= 2230] CONSENSUS          σ=0.0px  obs=1H/3T  stable=0/30  λ₂=5.000
[t= 2240] CONSENSUS          σ=0.0px  obs=1H/3T  stable=0/30  λ₂=5.000
[t= 2250] CONSENSUS          σ=0.0px  obs=1H/3T  stable=0/30  λ₂=5.000
[t= 2260] CONSENSUS          σ=0.1px  obs=1H/3T  stable=0/30  λ₂=5.000
[t= 2270] CONSENSUS          σ=0.0px  obs=1H/3T  stable=0/30  λ₂=5.000
[t= 2280] CONSENSUS          σ=0.0px  obs=1H/3T  stable=0/30  λ₂=5.000
[t= 2290] CONSENSUS          σ=0.1px  obs=1H/3T  stable=0/30  λ₂=5.000
[t= 2300] CONSENSUS          σ=0.1px  obs=1H/3T  stable=0/30  λ₂=5.000
[t= 2310] CONSENSUS          σ=0.1px  obs=1H/3T  stable=0/30  λ₂=5.000
[t= 2320] CONSENSUS          σ=0.0px  obs=1H/3T  stable=0/30  λ₂=5.000
[t= 2330] CONSENSUS          σ=0.1px  obs=1H/3T  stable=0/30  λ₂=5.000
[t= 2340] CONSENSUS          σ=0.1px  obs=1H/3T  stable=0/30  λ₂=5.000
[t= 2350] CONSENSUS          σ=0.0px  obs=1H/3T  stable=0/30  λ₂=5.000
[t= 2360] CONSENSUS          σ=0.1px  obs=1H/3T  stable=0/30  λ₂=5.000
[t= 2370] CONSENSUS          σ=0.0px  obs=1H/3T  stable=0/30  λ₂=5.000
[t= 2380] CONSENSUS          σ=0.0px  obs=1H/3T  stable=0/30  λ₂=5.000
[t= 2390] CONSENSUS          σ=0.1px  obs=1H/3T  stable=0/30  λ₂=5.000
[t= 2400] CONSENSUS          σ=0.0px  obs=1H/3T  stable=0/30  λ₂=5.000
[t= 2410] CONSENSUS          σ=0.1px  obs=1H/3T  stable=0/30  λ₂=5.000
[t= 2420] CONSENSUS          σ=0.0px  obs=1H/3T  stable=0/30  λ₂=5.000
[t= 2430] CONSENSUS          σ=0.0px  obs=1H/3T  stable=0/30  λ₂=5.000
[t= 2440] CONSENSUS          σ=0.0px  obs=1H/3T  stable=0/30  λ₂=5.000
[t= 2450] CONSENSUS          σ=0.0px  obs=1H/3T  stable=0/30  λ₂=5.000
[t= 2460] CONSENSUS          σ=0.0px  obs=1H/3T  stable=0/30  λ₂=5.000
[t= 2470] CONSENSUS          σ=0.0px  obs=1H/3T  stable=0/30  λ₂=5.000
[t= 2480] CONSENSUS          σ=0.0px  obs=1H/3T  stable=0/30  λ₂=5.000
[t= 2490] CONSENSUS          σ=0.0px  obs=1H/3T  stable=0/30  λ₂=5.000
[t= 2500] CONSENSUS          σ=0.1px  obs=1H/3T  stable=0/30  λ₂=5.000
[t= 2510] CONSENSUS          σ=0.0px  obs=1H/3T  stable=0/30  λ₂=5.000
[t= 2520] CONSENSUS          σ=0.0px  obs=1H/3T  stable=0/30  λ₂=5.000
[t= 2530] CONSENSUS          σ=0.1px  obs=1H/3T  stable=0/30  λ₂=5.000
[t= 2540] CONSENSUS          σ=0.1px  obs=1H/3T  stable=0/30  λ₂=5.000
[t= 2550] CONSENSUS          σ=0.0px  obs=1H/3T  stable=0/30  λ₂=5.000
[t= 2560] CONSENSUS          σ=0.1px  obs=1H/3T  stable=0/30  λ₂=5.000
[t= 2570] CONSENSUS          σ=0.0px  obs=1H/3T  stable=0/30  λ₂=5.000
[t= 2580] CONSENSUS          σ=0.0px  obs=1H/3T  stable=0/30  λ₂=5.000
[t= 2590] CONSENSUS          σ=0.0px  obs=1H/3T  stable=0/30  λ₂=5.000
[t= 2600] CONSENSUS          σ=0.0px  obs=1H/3T  stable=0/30  λ₂=5.000
[t= 2610] CONSENSUS          σ=0.0px  obs=1H/3T  stable=0/30  λ₂=5.000
[t= 2620] CONSENSUS          σ=0.0px  obs=1H/3T  stable=0/30  λ₂=5.000
[t= 2630] CONSENSUS          σ=0.1px  obs=1H/3T  stable=0/30  λ₂=5.000
[t= 2640] CONSENSUS          σ=0.0px  obs=1H/3T  stable=0/30  λ₂=5.000
[t= 2650] CONSENSUS          σ=0.0px  obs=1H/3T  stable=0/30  λ₂=5.000
[t= 2660] CONSENSUS          σ=0.0px  obs=1H/3T  stable=0/30  λ₂=5.000
[t= 2670] CONSENSUS          σ=0.0px  obs=1H/3T  stable=0/30  λ₂=5.000
[t= 2680] CONSENSUS          σ=0.0px  obs=1H/3T  stable=0/30  λ₂=5.000
[t= 2690] CONSENSUS          σ=0.0px  obs=1H/3T  stable=0/30  λ₂=5.000
[t= 2700] CONSENSUS          σ=0.0px  obs=1H/3T  stable=0/30  λ₂=5.000
[t= 2710] CONSENSUS          σ=0.0px  obs=1H/3T  stable=0/30  λ₂=5.000
[t= 2720] CONSENSUS          σ=0.0px  obs=1H/3T  stable=0/30  λ₂=5.000
[t= 2730] CONSENSUS          σ=0.0px  obs=1H/3T  stable=0/30  λ₂=5.000
[t= 2740] CONSENSUS          σ=0.0px  obs=1H/3T  stable=0/30  λ₂=5.000
[t= 2750] CONSENSUS          σ=0.0px  obs=1H/3T  stable=0/30  λ₂=5.000
[t= 2760] CONSENSUS          σ=0.1px  obs=1H/3T  stable=0/30  λ₂=5.000
[t= 2770] CONSENSUS          σ=0.1px  obs=1H/3T  stable=0/30  λ₂=5.000
[t= 2780] CONSENSUS          σ=0.0px  obs=1H/3T  stable=0/30  λ₂=5.000
[t= 2790] CONSENSUS          σ=0.0px  obs=1H/3T  stable=0/30  λ₂=5.000
[t= 2800] CONSENSUS          σ=0.1px  obs=1H/3T  stable=0/30  λ₂=5.000
[t= 2810] CONSENSUS          σ=0.0px  obs=1H/3T  stable=0/30  λ₂=5.000
[t= 2820] CONSENSUS          σ=0.0px  obs=1H/3T  stable=0/30  λ₂=5.000
[t= 2830] CONSENSUS          σ=0.0px  obs=1H/3T  stable=0/30  λ₂=5.000
[t= 2840] CONSENSUS          σ=0.1px  obs=1H/3T  stable=0/30  λ₂=5.000
[t= 2850] CONSENSUS          σ=0.0px  obs=1H/3T  stable=0/30  λ₂=5.000
[t= 2860] CONSENSUS          σ=0.1px  obs=1H/3T  stable=0/30  λ₂=5.000
[t= 2870] CONSENSUS          σ=0.1px  obs=1H/3T  stable=0/30  λ₂=5.000
[t= 2880] CONSENSUS          σ=0.0px  obs=1H/3T  stable=0/30  λ₂=5.000
[t= 2890] CONSENSUS          σ=0.1px  obs=1H/3T  stable=0/30  λ₂=5.000
[t= 2900] CONSENSUS          σ=0.0px  obs=1H/3T  stable=0/30  λ₂=5.000
[t= 2910] CONSENSUS          σ=0.0px  obs=1H/3T  stable=0/30  λ₂=5.000
[t= 2920] CONSENSUS          σ=0.0px  obs=1H/3T  stable=0/30  λ₂=5.000
[t= 2930] CONSENSUS          σ=0.0px  obs=1H/3T  stable=0/30  λ₂=5.000
[t= 2940] CONSENSUS          σ=0.0px  obs=1H/3T  stable=0/30  λ₂=5.000
[t= 2950] CONSENSUS          σ=0.1px  obs=1H/3T  stable=0/30  λ₂=5.000
[t= 2960] CONSENSUS          σ=0.1px  obs=1H/3T  stable=0/30  λ₂=5.000
[t= 2970] CONSENSUS          σ=0.0px  obs=1H/3T  stable=0/30  λ₂=5.000
[t= 2980] CONSENSUS          σ=0.4px  obs=1H/3T  stable=0/30  λ₂=5.000
[t= 2990] CONSENSUS          σ=0.0px  obs=1H/3T  stable=0/30  λ₂=5.000
[t= 3000] CONSENSUS          σ=0.0px  obs=1H/3T  stable=0/30  λ₂=5.000
[t= 3010] CONSENSUS          σ=0.1px  obs=1H/3T  stable=0/30  λ₂=5.000
[t= 3020] CONSENSUS          σ=0.1px  obs=1H/3T  stable=0/30  λ₂=5.000
[t= 3030] CONSENSUS          σ=0.3px  obs=1H/3T  stable=0/30  λ₂=5.000
[t= 3040] CONSENSUS          σ=0.0px  obs=1H/3T  stable=0/30  λ₂=5.000
[t= 3050] CONSENSUS          σ=0.2px  obs=1H/3T  stable=0/30  λ₂=5.000
[t= 3060] CONSENSUS          σ=0.0px  obs=1H/3T  stable=0/30  λ₂=5.000
[t= 3070] CONSENSUS          σ=0.1px  obs=1H/3T  stable=0/30  λ₂=5.000
[t= 3080] CONSENSUS          σ=0.0px  obs=1H/3T  stable=0/30  λ₂=5.000
[t= 3090] CONSENSUS          σ=0.0px  obs=1H/3T  stable=0/30  λ₂=5.000
[t= 3100] CONSENSUS          σ=0.1px  obs=1H/3T  stable=0/30  λ₂=5.000
[t= 3110] CONSENSUS          σ=0.1px  obs=1H/3T  stable=0/30  λ₂=5.000
[t= 3120] CONSENSUS          σ=0.1px  obs=1H/3T  stable=0/30  λ₂=5.000
[t= 3130] CONSENSUS          σ=0.1px  obs=1H/3T  stable=0/30  λ₂=5.000
[t= 3140] CONSENSUS          σ=0.0px  obs=1H/3T  stable=0/30  λ₂=5.000
[t= 3150] CONSENSUS          σ=0.0px  obs=1H/3T  stable=0/30  λ₂=5.000
[t= 3160] CONSENSUS          σ=0.1px  obs=1H/3T  stable=0/30  λ₂=5.000
[t= 3170] CONSENSUS          σ=0.0px  obs=1H/3T  stable=0/30  λ₂=5.000
[t= 3180] CONSENSUS          σ=0.1px  obs=1H/3T  stable=0/30  λ₂=5.000
[t= 3190] CONSENSUS          σ=0.0px  obs=1H/3T  stable=0/30  λ₂=5.000
[t= 3200] CONSENSUS          σ=0.0px  obs=1H/3T  stable=0/30  λ₂=5.000
[t= 3210] CONSENSUS          σ=0.1px  obs=1H/3T  stable=0/30  λ₂=5.000
[t= 3220] CONSENSUS          σ=0.0px  obs=1H/3T  stable=0/30  λ₂=5.000
[t= 3230] CONSENSUS          σ=0.1px  obs=1H/3T  stable=0/30  λ₂=5.000
[t= 3240] CONSENSUS          σ=0.0px  obs=1H/3T  stable=0/30  λ₂=5.000
[t= 3250] CONSENSUS          σ=0.1px  obs=1H/3T  stable=0/30  λ₂=5.000
[t= 3260] CONSENSUS          σ=0.0px  obs=1H/3T  stable=0/30  λ₂=5.000
[t= 3270] CONSENSUS          σ=0.0px  obs=1H/3T  stable=0/30  λ₂=5.000
[t= 3280] CONSENSUS          σ=0.0px  obs=1H/3T  stable=0/30  λ₂=5.000
[t= 3290] CONSENSUS          σ=0.0px  obs=1H/3T  stable=0/30  λ₂=5.000
[t= 3300] CONSENSUS          σ=0.0px  obs=1H/3T  stable=0/30  λ₂=5.000
[t= 3310] CONSENSUS          σ=0.1px  obs=1H/3T  stable=0/30  λ₂=5.000
[t= 3320] CONSENSUS          σ=0.0px  obs=1H/3T  stable=0/30  λ₂=5.000
[t= 3330] CONSENSUS          σ=0.0px  obs=1H/3T  stable=0/30  λ₂=5.000
[t= 3340] CONSENSUS          σ=0.0px  obs=1H/3T  stable=0/30  λ₂=5.000
[t= 3350] CONSENSUS          σ=0.1px  obs=1H/3T  stable=0/30  λ₂=5.000
[t= 3360] CONSENSUS          σ=0.0px  obs=1H/3T  stable=0/30  λ₂=5.000
[t= 3370] CONSENSUS          σ=0.0px  obs=1H/3T  stable=0/30  λ₂=5.000
[t= 3380] CONSENSUS          σ=0.1px  obs=1H/3T  stable=0/30  λ₂=5.000
[t= 3390] CONSENSUS          σ=0.1px  obs=1H/3T  stable=0/30  λ₂=5.000
[t= 3400] CONSENSUS          σ=0.1px  obs=1H/3T  stable=0/30  λ₂=5.000
[t= 3410] CONSENSUS          σ=0.0px  obs=1H/3T  stable=0/30  λ₂=5.000
[t= 3420] CONSENSUS          σ=0.0px  obs=1H/3T  stable=0/30  λ₂=5.000
[t= 3430] CONSENSUS          σ=0.0px  obs=1H/3T  stable=0/30  λ₂=5.000
[t= 3440] CONSENSUS          σ=0.0px  obs=1H/3T  stable=0/30  λ₂=5.000
[t= 3450] CONSENSUS          σ=0.1px  obs=1H/3T  stable=0/30  λ₂=5.000
[t= 3460] CONSENSUS          σ=0.1px  obs=1H/3T  stable=0/30  λ₂=5.000
[t= 3470] CONSENSUS          σ=0.0px  obs=1H/3T  stable=0/30  λ₂=5.000
[t= 3480] CONSENSUS          σ=0.0px  obs=1H/3T  stable=0/30  λ₂=5.000
[t= 3490] CONSENSUS          σ=0.1px  obs=1H/3T  stable=0/30  λ₂=5.000
[t= 3500] CONSENSUS          σ=0.1px  obs=1H/3T  stable=0/30  λ₂=5.000
[t= 3510] CONSENSUS          σ=0.1px  obs=1H/3T  stable=0/30  λ₂=5.000
[t= 3520] CONSENSUS          σ=0.5px  obs=1H/3T  stable=0/30  λ₂=5.000
[t= 3530] CONSENSUS          σ=0.0px  obs=1H/3T  stable=0/30  λ₂=5.000
[t= 3540] CONSENSUS          σ=0.1px  obs=1H/3T  stable=0/30  λ₂=5.000
[t= 3550] CONSENSUS          σ=0.2px  obs=1H/3T  stable=0/30  λ₂=5.000
[t= 3560] CONSENSUS          σ=0.0px  obs=1H/3T  stable=0/30  λ₂=5.000
[t= 3570] CONSENSUS          σ=0.0px  obs=1H/3T  stable=0/30  λ₂=5.000
[t= 3580] CONSENSUS          σ=0.0px  obs=1H/3T  stable=0/30  λ₂=5.000
[t= 3590] CONSENSUS          σ=0.0px  obs=1H/3T  stable=0/30  λ₂=5.000
[t= 3600] CONSENSUS          σ=0.0px  obs=1H/3T  stable=0/30  λ₂=5.000
[t= 3610] CONSENSUS          σ=0.2px  obs=1H/3T  stable=0/30  λ₂=5.000
[t= 3620] CONSENSUS          σ=0.0px  obs=1H/3T  stable=0/30  λ₂=5.000
[t= 3630] CONSENSUS          σ=0.0px  obs=1H/3T  stable=0/30  λ₂=5.000
[t= 3640] CONSENSUS          σ=0.0px  obs=1H/3T  stable=0/30  λ₂=5.000
[t= 3650] CONSENSUS          σ=0.0px  obs=1H/3T  stable=0/30  λ₂=5.000
[t= 3660] CONSENSUS          σ=0.1px  obs=1H/3T  stable=0/30  λ₂=5.000
[t= 3670] CONSENSUS          σ=0.1px  obs=1H/3T  stable=0/30  λ₂=5.000
[t= 3680] CONSENSUS          σ=0.1px  obs=1H/3T  stable=0/30  λ₂=5.000
[t= 3690] CONSENSUS          σ=0.1px  obs=1H/3T  stable=0/30  λ₂=5.000
[t= 3700] CONSENSUS          σ=0.0px  obs=1H/3T  stable=0/30  λ₂=5.000
[t= 3710] CONSENSUS          σ=0.0px  obs=1H/3T  stable=0/30  λ₂=5.000
[t= 3720] CONSENSUS          σ=0.1px  obs=1H/3T  stable=0/30  λ₂=5.000
[t= 3730] CONSENSUS          σ=0.0px  obs=1H/3T  stable=0/30  λ₂=5.000
[t= 3740] CONSENSUS          σ=0.0px  obs=1H/3T  stable=0/30  λ₂=5.000
[t= 3750] CONSENSUS          σ=0.3px  obs=1H/3T  stable=0/30  λ₂=5.000
[t= 3760] CONSENSUS          σ=0.0px  obs=1H/3T  stable=0/30  λ₂=5.000
[t= 3770] CONSENSUS          σ=0.0px  obs=1H/3T  stable=0/30  λ₂=5.000
[t= 3780] CONSENSUS          σ=0.0px  obs=1H/3T  stable=0/30  λ₂=5.000
[t= 3790] CONSENSUS          σ=0.0px  obs=1H/3T  stable=0/30  λ₂=5.000
[t= 3800] CONSENSUS          σ=0.0px  obs=1H/3T  stable=0/30  λ₂=5.000
[t= 3810] CONSENSUS          σ=0.0px  obs=1H/3T  stable=0/30  λ₂=5.000
[t= 3820] CONSENSUS          σ=0.0px  obs=1H/3T  stable=0/30  λ₂=5.000
[t= 3830] CONSENSUS          σ=0.0px  obs=1H/3T  stable=0/30  λ₂=5.000
[t= 3840] CONSENSUS          σ=0.1px  obs=1H/3T  stable=0/30  λ₂=5.000
[t= 3850] CONSENSUS          σ=0.0px  obs=1H/3T  stable=0/30  λ₂=5.000
[t= 3860] CONSENSUS          σ=0.0px  obs=1H/3T  stable=0/30  λ₂=5.000
[t= 3870] CONSENSUS          σ=0.0px  obs=1H/3T  stable=0/30  λ₂=5.000
[t= 3880] CONSENSUS          σ=0.2px  obs=1H/3T  stable=0/30  λ₂=5.000
[t= 3890] CONSENSUS          σ=0.1px  obs=1H/3T  stable=0/30  λ₂=5.000
[t= 3900] CONSENSUS          σ=0.0px  obs=1H/3T  stable=0/30  λ₂=5.000
[t= 3910] CONSENSUS          σ=0.0px  obs=1H/3T  stable=0/30  λ₂=5.000
[t= 3920] CONSENSUS          σ=0.0px  obs=1H/3T  stable=0/30  λ₂=5.000
[t= 3930] CONSENSUS          σ=0.0px  obs=1H/3T  stable=0/30  λ₂=5.000
[t= 3940] CONSENSUS          σ=0.1px  obs=1H/3T  stable=0/30  λ₂=5.000
[t= 3950] CONSENSUS          σ=0.0px  obs=1H/3T  stable=0/30  λ₂=5.000
[t= 3960] CONSENSUS          σ=0.0px  obs=1H/3T  stable=0/30  λ₂=5.000
[t= 3970] CONSENSUS          σ=0.1px  obs=1H/3T  stable=0/30  λ₂=5.000
[t= 3980] CONSENSUS          σ=0.0px  obs=1H/3T  stable=0/30  λ₂=5.000
[t= 3990] CONSENSUS          σ=0.0px  obs=1H/3T  stable=0/30  λ₂=5.000
[t= 4000] CONSENSUS          σ=0.1px  obs=1H/3T  stable=0/30  λ₂=5.000
[t= 4010] CONSENSUS          σ=0.0px  obs=1H/3T  stable=0/30  λ₂=5.000
[t= 4020] CONSENSUS          σ=0.0px  obs=1H/3T  stable=0/30  λ₂=5.000
[t= 4030] CONSENSUS          σ=0.0px  obs=1H/3T  stable=0/30  λ₂=5.000
[t= 4040] CONSENSUS          σ=0.1px  obs=1H/3T  stable=0/30  λ₂=5.000
[t= 4050] CONSENSUS          σ=0.0px  obs=1H/3T  stable=0/30  λ₂=5.000
[t= 4060] CONSENSUS          σ=0.0px  obs=1H/3T  stable=0/30  λ₂=5.000
[t= 4070] CONSENSUS          σ=0.0px  obs=1H/3T  stable=0/30  λ₂=5.000
