# Simulation started at Sat Jun 27 22:54:37 2026
[t=    0] INIT               5 robots, map 900x600, obstacles=off, sources=1
[t=    0] MODE               entered Hazard Localisation
[t=  199] PHASE              MONITOR → LEAK
[t=  199] LEAK_START         new leak at (756, 151)
[t=  200] DETECT             0/3 located the leak  λ₂=0.00
[t=  240] DETECT             0/3 located the leak  λ₂=2.00
[t=  300] DETECT             0/3 located the leak  λ₂=2.00
[t=  360] DETECT             0/3 located the leak  λ₂=2.00
[t=  420] DETECT             0/3 located the leak  λ₂=3.00
[t=  480] DETECT             0/3 located the leak  λ₂=5.00
[t=  540] DETECT             0/3 located the leak  λ₂=5.00
[t=  558] DETECT             1/3 located the leak  λ₂=5.00
[t=  600] DETECT             1/3 located the leak  λ₂=5.00
[t=  660] DETECT             1/3 located the leak  λ₂=5.00
[t=  665] DETECT             2/3 located the leak  λ₂=5.00
[t=  720] DETECT             2/3 located the leak  λ₂=5.00
[t=  722] DETECT             3/3 located the leak  λ₂=5.00
[t=  722] PHASE              LEAK → CONSENSUS
[t=  730] CONSENSUS          σ=19.1px  obs=4H/4T  stable=8/30  λ₂=5.000
[t=  740] CONSENSUS          σ=18.8px  obs=4H/4T  stable=18/30  λ₂=5.000
[t=  750] CONSENSUS          σ=16.0px  obs=5H/5T  stable=28/30  λ₂=5.000
[t=  752] REPORTED           agreed (763, 186) err=35.6px
[t=  752] PHASE              CONSENSUS → REPORTED
