# Simulation started at Sat Jun 27 23:13:31 2026
[t=    0] INIT               5 robots, map 900x600, obstacles=off, sources=1
[t=    0] MODE               entered Hazard Localisation
[t=  199] PHASE              MONITOR → LEAK
[t=  199] LEAK_START         new leak at (434, 462)
[t=  200] DETECT             0/3 located the leak  λ₂=0.52
[t=  240] DETECT             0/3 located the leak  λ₂=0.00
[t=  300] DETECT             0/3 located the leak  λ₂=0.00
[t=  319] DETECT             1/3 located the leak  λ₂=0.00
[t=  360] DETECT             1/3 located the leak  λ₂=0.00
[t=  372] DETECT             2/3 located the leak  λ₂=0.00
[t=  420] DETECT             2/3 located the leak  λ₂=0.00
[t=  480] DETECT             2/3 located the leak  λ₂=0.00
[t=  540] DETECT             2/3 located the leak  λ₂=0.00
[t=  600] DETECT             2/3 located the leak  λ₂=0.00
[t=  636] DETECT             3/3 located the leak  λ₂=0.00
[t=  636] PHASE              LEAK → CONSENSUS
[t=  640] CONSENSUS          σ=10.8px  obs=3H/3T  stable=4/30  λ₂=0.000
[t=  650] CONSENSUS          σ=11.8px  obs=3H/3T  stable=14/30  λ₂=0.000
[t=  660] CONSENSUS          σ=14.0px  obs=3H/3T  stable=24/30  λ₂=0.000
[t=  666] REPORTED           agreed (461, 470) err=28.5px
[t=  666] PHASE              CONSENSUS → REPORTED
