# Simulation started at Sun Jun 28 17:52:55 2026
[t=    0] INIT               5 robots, map 900x600, obstacles=off, sources=1
[t=    0] MODE               entered Hazard Localization
[t=  199] PHASE              MONITOR → LEAK
[t=  199] LEAK_START         new leak at (360, 122)
[t=  200] DETECT             0/3 located the leak  λ₂=1.59
[t=  240] DETECT             0/3 located the leak  λ₂=1.59
[t=  300] DETECT             0/3 located the leak  λ₂=0.83
[t=  360] DETECT             0/3 located the leak  λ₂=1.59
[t=  420] DETECT             0/3 located the leak  λ₂=1.00
[t=  462] DETECT             1/3 located the leak  λ₂=1.59
[t=  480] DETECT             1/3 located the leak  λ₂=1.59
[t=  536] DETECT             2/3 located the leak  λ₂=5.00
[t=  540] DETECT             2/3 located the leak  λ₂=5.00
[t=  600] DETECT             2/3 located the leak  λ₂=5.00
[t=  633] DETECT             3/3 located the leak  λ₂=5.00
[t=  633] PHASE              LEAK → CONSENSUS
[t=  640] CONSENSUS          σ=21.7px  obs=4H/4T  stable=7/30  λ₂=5.000
[t=  650] CONSENSUS          σ=18.7px  obs=5H/5T  stable=17/30  λ₂=5.000
[t=  660] CONSENSUS          σ=17.7px  obs=5H/5T  stable=27/30  λ₂=5.000
[t=  663] REPORTED           agreed (385, 155) err=41.6px
[t=  663] PHASE              CONSENSUS → REPORTED
