# Simulation started at Sat Jun 27 23:07:17 2026
[t=    0] INIT               5 robots, map 900x600, obstacles=off, sources=1
[t=    0] MODE               entered Hazard Localisation
[t=  199] PHASE              MONITOR → LEAK
[t=  199] LEAK_START         new leak at (233, 412)
[t=  200] DETECT             0/3 located the leak  λ₂=0.00
[t=  240] DETECT             0/3 located the leak  λ₂=0.00
[t=  300] DETECT             0/3 located the leak  λ₂=0.00
[t=  345] DETECT             1/3 located the leak  λ₂=0.00
[t=  360] DETECT             1/3 located the leak  λ₂=0.00
[t=  365] DETECT             2/3 located the leak  λ₂=0.00
[t=  420] DETECT             2/3 located the leak  λ₂=0.00
[t=  480] DETECT             2/3 located the leak  λ₂=0.00
[t=  540] DETECT             2/3 located the leak  λ₂=0.00
[t=  600] DETECT             2/3 located the leak  λ₂=0.00
[t=  660] DETECT             2/3 located the leak  λ₂=0.00
[t=  720] DETECT             2/3 located the leak  λ₂=0.00
[t=  752] DETECT             3/3 located the leak  λ₂=0.00
[t=  752] PHASE              LEAK → CONSENSUS
[t=  760] CONSENSUS          σ=11.1px  obs=3H/3T  stable=8/30  λ₂=0.000
[t=  770] CONSENSUS          σ=9.5px  obs=3H/3T  stable=18/30  λ₂=0.000
[t=  780] CONSENSUS          σ=10.2px  obs=3H/3T  stable=28/30  λ₂=0.000
[t=  782] REPORTED           agreed (255, 411) err=21.2px
[t=  782] PHASE              CONSENSUS → REPORTED
