# Simulation started at Sat Jun 27 23:23:06 2026
[t=    0] INIT               5 robots, map 900x600, obstacles=off, sources=1
[t=    0] MODE               entered Hazard Localisation
[t=  199] PHASE              MONITOR → LEAK
[t=  199] LEAK_START         new leak at (693, 316)
[t=  200] DETECT             1/3 located the leak  λ₂=0.00
[t=  240] DETECT             1/3 located the leak  λ₂=0.00
[t=  300] DETECT             1/3 located the leak  λ₂=0.00
[t=  312] DETECT             2/3 located the leak  λ₂=0.00
[t=  360] DETECT             2/3 located the leak  λ₂=0.00
[t=  420] DETECT             2/3 located the leak  λ₂=0.00
[t=  480] DETECT             2/3 located the leak  λ₂=0.00
[t=  540] DETECT             2/3 located the leak  λ₂=0.00
[t=  584] DETECT             3/3 located the leak  λ₂=0.00
[t=  584] PHASE              LEAK → CONSENSUS
[t=  590] CONSENSUS          σ=9.3px  obs=3H/3T  stable=6/30  λ₂=0.000
[t=  600] CONSENSUS          σ=3.1px  obs=3H/3T  stable=16/30  λ₂=0.000
[t=  610] CONSENSUS          σ=0.6px  obs=3H/3T  stable=26/30  λ₂=0.000
[t=  614] REPORTED           agreed (692, 307) err=8.2px
[t=  614] PHASE              CONSENSUS → REPORTED
