# Simulation started at Sun Jun 28 12:32:46 2026
[t=    0] INIT               5 robots, map 900x600, obstacles=off, sources=1
[t=    0] MODE               entered Hazard Localisation
[t=  199] PHASE              MONITOR → LEAK
[t=  199] LEAK_START         new leak at (296, 350)
[t=  200] DETECT             0/3 located the leak  λ₂=0.00
[t=  240] DETECT             0/3 located the leak  λ₂=0.00
[t=  300] DETECT             0/3 located the leak  λ₂=0.00
[t=  360] DETECT             0/3 located the leak  λ₂=0.00
[t=  420] DETECT             0/3 located the leak  λ₂=0.00
[t=  480] DETECT             0/3 located the leak  λ₂=0.00
[t=  540] DETECT             0/3 located the leak  λ₂=0.00
[t=  561] DETECT             1/3 located the leak  λ₂=0.00
[t=  586] DETECT             2/3 located the leak  λ₂=0.00
[t=  600] DETECT             2/3 located the leak  λ₂=0.00
[t=  660] DETECT             2/3 located the leak  λ₂=0.00
[t=  720] DETECT             2/3 located the leak  λ₂=0.00
[t=  763] DETECT             3/3 located the leak  λ₂=0.00
[t=  763] PHASE              LEAK → CONSENSUS
[t=  770] CONSENSUS          σ=25.1px  obs=3H/3T  stable=0/30  λ₂=0.000
[t=  780] CONSENSUS          σ=19.3px  obs=3H/3T  stable=10/30  λ₂=0.519
[t=  790] CONSENSUS          σ=14.2px  obs=3H/3T  stable=20/30  λ₂=0.519
[t=  800] CONSENSUS          σ=13.8px  obs=3H/3T  stable=30/30  λ₂=0.519
[t=  800] REPORTED           agreed (320, 357) err=24.5px
[t=  800] PHASE              CONSENSUS → REPORTED
