# Simulation started at Sun Jul  5 22:30:25 2026
[t=    0] INIT               5 robots, map 900x600, obstacles=off, sources=1
[t=    0] MODE               entered Hazard Localization
[t=  199] PHASE              MONITOR → LEAK
[t=  199] LEAK_START         new leak at (243, 514)
[t=  200] DETECT             1/3 located the leak  λ₂=0.00
[t=  240] DETECT             1/3 located the leak  λ₂=0.00
[t=  300] DETECT             1/3 located the leak  λ₂=0.00
[t=  301] DETECT             2/3 located the leak  λ₂=0.00
[t=  360] DETECT             2/3 located the leak  λ₂=0.00
[t=  420] DETECT             2/3 located the leak  λ₂=0.00
[t=  480] DETECT             2/3 located the leak  λ₂=0.00
[t=  540] DETECT             2/3 located the leak  λ₂=0.00
[t=  600] DETECT             2/3 located the leak  λ₂=0.00
[t=  660] DETECT             2/3 located the leak  λ₂=0.00
[t=  720] DETECT             2/3 located the leak  λ₂=0.00
[t=  780] DETECT             2/3 located the leak  λ₂=0.00
[t=  840] DETECT             2/3 located the leak  λ₂=0.00
[t=  900] DETECT             2/3 located the leak  λ₂=0.00
[t=  960] DETECT             2/3 located the leak  λ₂=0.00
[t= 1020] DETECT             2/3 located the leak  λ₂=0.00
[t= 1080] DETECT             2/3 located the leak  λ₂=0.00
[t= 1140] DETECT             2/3 located the leak  λ₂=0.00
[t= 1200] DETECT             2/3 located the leak  λ₂=0.00
[t= 1260] DETECT             2/3 located the leak  λ₂=0.00
[t= 1320] DETECT             2/3 located the leak  λ₂=0.00
[t= 1380] DETECT             2/3 located the leak  λ₂=0.00
[t= 1440] DETECT             2/3 located the leak  λ₂=0.00
[t= 1444] DETECT             3/3 located the leak  λ₂=0.00
[t= 1444] PHASE              LEAK → CONSENSUS
[t= 1450] CONSENSUS          σ=8.5px  obs=3H/3T  stable=6/30  λ₂=0.000
[t= 1460] CONSENSUS          σ=8.0px  obs=3H/3T  stable=16/30  λ₂=0.000
[t= 1470] CONSENSUS          σ=9.0px  obs=3H/3T  stable=26/30  λ₂=0.000
[t= 1474] REPORTED           agreed (244, 512) err=2.5px
[t= 1474] PHASE              CONSENSUS → REPORTED
