# Simulation started at Sun Jun 28 18:49:21 2026
[t=    0] INIT               5 robots, map 900x600, obstacles=off, sources=1
[t=    0] MODE               entered Hazard Localization
[t=   81] MODE               Hazard Localization → Sensor Degradation & Trust
[t=   81] MODE               exiting Hazard Localization
[t=   81] MODE               entered Sensor Degradation & Trust
[t=   81] ROBOT              R2: manual degradation triggered
[t=   81] ROBOT              R3: manual degradation triggered
[t=  280] PHASE              MONITOR → LEAK
[t=  280] LEAK_START         new leak at (628, 500)
[t=  397] PHASE              LEAK → CONSENSUS
[t=  400] CONSENSUS          σ=56.8px  obs=1H/3T  stable=0/30  λ₂=0.000
[t=  410] CONSENSUS          σ=52.7px  obs=1H/3T  stable=0/30  λ₂=0.000
[t=  420] CONSENSUS          σ=51.3px  obs=1H/3T  stable=0/30  λ₂=0.000
[t=  430] CONSENSUS          σ=52.4px  obs=1H/3T  stable=0/30  λ₂=0.000
[t=  440] CONSENSUS          σ=54.5px  obs=1H/3T  stable=0/30  λ₂=0.000
[t=  450] CONSENSUS          σ=53.7px  obs=1H/3T  stable=0/30  λ₂=0.697
[t=  460] CONSENSUS          σ=56.2px  obs=1H/3T  stable=0/30  λ₂=1.000
[t=  470] CONSENSUS          σ=60.6px  obs=1H/3T  stable=0/30  λ₂=1.000
[t=  480] CONSENSUS          σ=65.1px  obs=1H/3T  stable=0/30  λ₂=1.000
[t=  490] CONSENSUS          σ=65.5px  obs=1H/3T  stable=0/30  λ₂=1.000
[t=  500] CONSENSUS          σ=61.8px  obs=1H/3T  stable=0/30  λ₂=2.000
[t=  510] CONSENSUS          σ=59.6px  obs=1H/3T  stable=0/30  λ₂=2.000
[t=  520] CONSENSUS          σ=59.7px  obs=1H/3T  stable=0/30  λ₂=2.000
[t=  530] CONSENSUS          σ=60.3px  obs=1H/3T  stable=0/30  λ₂=3.000
[t=  540] CONSENSUS          σ=61.6px  obs=1H/3T  stable=0/30  λ₂=5.000
[t=  550] CONSENSUS          σ=62.1px  obs=1H/3T  stable=0/30  λ₂=5.000
[t=  560] CONSENSUS          σ=62.9px  obs=1H/3T  stable=0/30  λ₂=5.000
[t=  570] CONSENSUS          σ=61.1px  obs=1H/3T  stable=0/30  λ₂=5.000
[t=  580] CONSENSUS          σ=65.8px  obs=1H/3T  stable=0/30  λ₂=5.000
[t=  590] CONSENSUS          σ=8.2px  obs=2H/4T  stable=9/30  λ₂=5.000
[t=  600] CONSENSUS          σ=5.0px  obs=2H/4T  stable=19/30  λ₂=5.000
[t=  610] CONSENSUS          σ=5.0px  obs=2H/4T  stable=29/30  λ₂=5.000
[t=  611] REPORTED           agreed (644, 471) err=33.3px
[t=  611] PHASE              CONSENSUS → REPORTED
