# Simulation started at Sun Jun 28 12:21:56 2026
[t=    0] INIT               5 robots, map 900x600, obstacles=off, sources=1
[t=    0] MODE               entered Hazard Localisation
[t=  199] PHASE              MONITOR → LEAK
[t=  199] LEAK_START         new leak at (515, 125)
[t=  200] DETECT             0/3 located the leak  λ₂=0.83
[t=  240] DETECT             0/3 located the leak  λ₂=1.00
[t=  300] DETECT             0/3 located the leak  λ₂=0.52
[t=  360] DETECT             0/3 located the leak  λ₂=0.00
[t=  420] DETECT             0/3 located the leak  λ₂=0.52
[t=  480] DETECT             0/3 located the leak  λ₂=1.00
[t=  540] DETECT             0/3 located the leak  λ₂=1.00
[t=  553] DETECT             1/3 located the leak  λ₂=1.00
[t=  600] DETECT             1/3 located the leak  λ₂=1.59
[t=  619] DETECT             2/3 located the leak  λ₂=1.59
[t=  660] DETECT             2/3 located the leak  λ₂=2.00
[t=  679] DETECT             3/3 located the leak  λ₂=5.00
[t=  679] PHASE              LEAK → CONSENSUS
[t=  680] CONSENSUS          σ=29.4px  obs=3H/3T  stable=0/30  λ₂=5.000
[t=  690] CONSENSUS          σ=23.8px  obs=3H/3T  stable=1/30  λ₂=5.000
[t=  700] CONSENSUS          σ=16.2px  obs=3H/3T  stable=11/30  λ₂=5.000
[t=  710] CONSENSUS          σ=13.2px  obs=3H/3T  stable=21/30  λ₂=5.000
[t=  719] REPORTED           agreed (557, 149) err=48.3px
[t=  719] PHASE              CONSENSUS → REPORTED
