# Simulation started at Sun Jun 28 19:09:22 2026
[t=    0] INIT               5 robots, map 900x600, obstacles=off, sources=1
[t=    0] MODE               entered Hazard Localization
[t=  199] PHASE              MONITOR → LEAK
[t=  199] LEAK_START         new leak at (708, 517)
[t=  200] DETECT             0/2 located the leak  λ₂=1.00
[t=  240] DETECT             0/2 located the leak  λ₂=1.00
[t=  300] DETECT             0/2 located the leak  λ₂=1.00
[t=  360] DETECT             0/2 located the leak  λ₂=0.00
[t=  420] DETECT             0/2 located the leak  λ₂=2.00
[t=  480] DETECT             0/2 located the leak  λ₂=2.00
[t=  540] DETECT             0/2 located the leak  λ₂=2.00
[t=  600] DETECT             0/2 located the leak  λ₂=2.00
[t=  660] DETECT             0/2 located the leak  λ₂=1.00
[t=  720] DETECT             0/2 located the leak  λ₂=1.00
[t=  780] DETECT             0/2 located the leak  λ₂=1.00
[t=  840] DETECT             0/2 located the leak  λ₂=2.00
[t=  878] DETECT             1/2 located the leak  λ₂=1.00
[t=  900] DETECT             1/2 located the leak  λ₂=2.00
[t=  950] DETECT             2/2 located the leak  λ₂=4.00
[t=  950] PHASE              LEAK → CONSENSUS
[t=  960] CONSENSUS          σ=2.0px  obs=2H/2T  stable=10/30  λ₂=4.000
[t=  970] CONSENSUS          σ=2.0px  obs=2H/2T  stable=20/30  λ₂=4.000
[t=  980] CONSENSUS          σ=2.0px  obs=2H/2T  stable=30/30  λ₂=4.000
[t=  980] REPORTED           agreed (715, 487) err=30.4px
[t=  980] PHASE              CONSENSUS → REPORTED
