# Simulation started at Sat Jun 27 22:53:49 2026
[t=    0] INIT               5 robots, map 900x600, obstacles=off, sources=1
[t=    0] MODE               entered Hazard Localisation
[t=  199] PHASE              MONITOR → LEAK
[t=  199] LEAK_START         new leak at (169, 512)
[t=  200] DETECT             0/3 located the leak  λ₂=3.00
[t=  240] DETECT             0/3 located the leak  λ₂=3.00
[t=  300] DETECT             0/3 located the leak  λ₂=5.00
[t=  360] DETECT             0/3 located the leak  λ₂=5.00
[t=  380] DETECT             1/3 located the leak  λ₂=5.00
[t=  420] DETECT             1/3 located the leak  λ₂=5.00
[t=  473] DETECT             2/3 located the leak  λ₂=5.00
[t=  480] DETECT             2/3 located the leak  λ₂=5.00
[t=  530] DETECT             3/3 located the leak  λ₂=5.00
[t=  530] PHASE              LEAK → CONSENSUS
[t=  540] CONSENSUS          σ=15.7px  obs=3H/3T  stable=10/30  λ₂=5.000
[t=  550] CONSENSUS          σ=14.3px  obs=3H/3T  stable=20/30  λ₂=5.000
[t=  560] CONSENSUS          σ=14.8px  obs=3H/3T  stable=30/30  λ₂=5.000
[t=  560] REPORTED           agreed (202, 495) err=37.6px
[t=  560] PHASE              CONSENSUS → REPORTED
