# Simulation started at Sat Jun 27 23:06:32 2026
[t=    0] INIT               5 robots, map 900x600, obstacles=off, sources=1
[t=    0] MODE               entered Hazard Localisation
[t=  199] PHASE              MONITOR → LEAK
[t=  199] LEAK_START         new leak at (693, 193)
[t=  200] DETECT             0/3 located the leak  λ₂=0.52
[t=  240] DETECT             0/3 located the leak  λ₂=0.52
[t=  300] DETECT             0/3 located the leak  λ₂=0.70
[t=  360] DETECT             0/3 located the leak  λ₂=0.52
[t=  383] DETECT             1/3 located the leak  λ₂=0.52
[t=  420] DETECT             1/3 located the leak  λ₂=0.38
[t=  439] DETECT             2/3 located the leak  λ₂=0.38
[t=  480] DETECT             2/3 located the leak  λ₂=0.52
[t=  540] DETECT             2/3 located the leak  λ₂=0.52
[t=  600] DETECT             2/3 located the leak  λ₂=0.52
[t=  605] DETECT             3/3 located the leak  λ₂=0.52
[t=  605] PHASE              LEAK → CONSENSUS
[t=  610] CONSENSUS          σ=19.0px  obs=3H/3T  stable=5/30  λ₂=0.830
[t=  620] CONSENSUS          σ=11.1px  obs=3H/3T  stable=15/30  λ₂=0.830
[t=  630] CONSENSUS          σ=7.4px  obs=3H/3T  stable=25/30  λ₂=1.000
[t=  635] REPORTED           agreed (740, 196) err=47.1px
[t=  635] PHASE              CONSENSUS → REPORTED
