# Simulation started at Sat Jun 27 23:23:44 2026
[t=    0] INIT               5 robots, map 900x600, obstacles=off, sources=1
[t=    0] MODE               entered Hazard Localisation
[t=  199] PHASE              MONITOR → LEAK
[t=  199] LEAK_START         new leak at (131, 124)
[t=  200] DETECT             1/3 located the leak  λ₂=0.00
[t=  217] DETECT             2/3 located the leak  λ₂=0.00
[t=  240] DETECT             2/3 located the leak  λ₂=0.00
[t=  300] DETECT             2/3 located the leak  λ₂=0.00
[t=  360] DETECT             2/3 located the leak  λ₂=0.00
[t=  420] DETECT             2/3 located the leak  λ₂=0.00
[t=  480] DETECT             2/3 located the leak  λ₂=0.00
[t=  540] DETECT             2/3 located the leak  λ₂=0.00
[t=  589] DETECT             3/3 located the leak  λ₂=0.00
[t=  589] PHASE              LEAK → CONSENSUS
[t=  590] CONSENSUS          σ=13.4px  obs=3H/3T  stable=1/30  λ₂=0.000
[t=  600] CONSENSUS          σ=10.7px  obs=3H/3T  stable=11/30  λ₂=0.000
[t=  610] CONSENSUS          σ=13.5px  obs=3H/3T  stable=21/30  λ₂=0.000
[t=  619] REPORTED           agreed (143, 146) err=25.1px
[t=  619] PHASE              CONSENSUS → REPORTED
