# Simulation started at Sun Jun 28 19:03:53 2026
[t=    0] INIT               5 robots, map 900x600, obstacles=off, sources=1
[t=    0] MODE               entered Hazard Localization
[t=  199] PHASE              MONITOR → LEAK
[t=  199] LEAK_START         new leak at (580, 320)
[t=  200] DETECT             0/3 located the leak  λ₂=1.59
[t=  240] DETECT             0/3 located the leak  λ₂=0.52
[t=  300] DETECT             0/3 located the leak  λ₂=0.00
[t=  360] DETECT             0/3 located the leak  λ₂=1.59
[t=  420] DETECT             0/3 located the leak  λ₂=0.00
[t=  480] DETECT             0/3 located the leak  λ₂=0.52
[t=  540] DETECT             0/3 located the leak  λ₂=1.00
[t=  568] DETECT             1/3 located the leak  λ₂=1.00
[t=  600] DETECT             1/3 located the leak  λ₂=2.00
[t=  629] DETECT             2/3 located the leak  λ₂=3.00
[t=  660] DETECT             2/3 located the leak  λ₂=5.00
[t=  687] DETECT             3/3 located the leak  λ₂=5.00
[t=  687] PHASE              LEAK → CONSENSUS
[t=  690] CONSENSUS          σ=17.8px  obs=3H/3T  stable=3/30  λ₂=5.000
[t=  700] CONSENSUS          σ=19.4px  obs=4H/4T  stable=13/30  λ₂=5.000
[t=  710] CONSENSUS          σ=14.1px  obs=4H/4T  stable=23/30  λ₂=5.000
[t=  717] REPORTED           agreed (574, 339) err=19.5px
[t=  717] PHASE              CONSENSUS → REPORTED
