# Simulation started at Sun Jun 28 19:08:44 2026
[t=    0] INIT               5 robots, map 900x600, obstacles=off, sources=1
[t=    0] MODE               entered Hazard Localization
[t=  199] PHASE              MONITOR → LEAK
[t=  199] LEAK_START         new leak at (336, 205)
[t=  200] DETECT             0/2 located the leak  λ₂=1.00
[t=  240] DETECT             0/2 located the leak  λ₂=2.00
[t=  300] DETECT             0/2 located the leak  λ₂=2.00
[t=  360] DETECT             0/2 located the leak  λ₂=1.00
[t=  420] DETECT             0/2 located the leak  λ₂=0.00
[t=  480] DETECT             0/2 located the leak  λ₂=0.00
[t=  496] DETECT             1/2 located the leak  λ₂=0.59
[t=  540] DETECT             1/2 located the leak  λ₂=0.59
[t=  600] DETECT             1/2 located the leak  λ₂=1.00
[t=  617] DETECT             2/2 located the leak  λ₂=1.00
[t=  617] PHASE              LEAK → CONSENSUS
[t=  620] CONSENSUS          σ=19.7px  obs=2H/2T  stable=3/30  λ₂=1.000
[t=  630] CONSENSUS          σ=15.0px  obs=2H/2T  stable=13/30  λ₂=1.000
[t=  640] CONSENSUS          σ=12.0px  obs=3H/3T  stable=23/30  λ₂=1.000
[t=  647] REPORTED           agreed (326, 201) err=11.0px
[t=  647] PHASE              CONSENSUS → REPORTED
