# Simulation started at Sun Jul  5 22:30:32 2026
[t=    0] INIT               5 robots, map 900x600, obstacles=off, sources=1
[t=    0] MODE               entered Hazard Localization
[t=   81] MODE               Hazard Localization â†’ Sensor Degradation & Trust
[t=   81] MODE               exiting Hazard Localization
[t=   81] MODE               entered Sensor Degradation & Trust
[t=   81] ROBOT      [t=  295] DETECT             1/3 located the leak  Î»â‚‚=0.00
[t=  298] DETECT             3/3 located [t=  280] PHASE              MONITOR â†’ LEAK
[t=  280] LEAK_START         new leak at (400, 170)
[t=  621] PHASE              LEAK â†’ CONSENSUS
[t=  630] CONSENSUS          Ïƒ=54.1px  obs=1H/3T  stable=0/30  Î»â‚‚=1.000
[t=  640] CONSENSUS          Ïƒ=59.7px  obs=1H/3T  stable=0/30  Î»â‚‚=1.000
[t=  650] CONSENSUS          Ïƒ=9.6px  obs=2H/4T  stable=5/30  Î»â‚‚=1.000
[t=  660] CONSENSUS          Ïƒ=6.8px  obs=2H/4T  stable=15/30  Î»â‚‚=2.000
[t=  670] CONSENSUS          Ïƒ=4.9px  obs=2H/4T  stable=25/30  Î»â‚‚=2.000
[t=  675] REPORTED           agreed (400, 165) err=4.9px
[t=  675] PHASE              CONSENSUS â†’ REPORTED
‚=0.00
[t=  900] DETECT             2/3 located the leak  Î»â‚‚=0.00
[t=  949] DETECT             3/3 located the leak  Î»â‚‚=0.00
[t=  949] PHASE              LEAK â†’ CONSENSUS
[t=  950] CONSENSUS          Ïƒ=11.0px  obs=3H/3T  stable=1/30  Î»â‚‚=0.000
[t=  960] CONSENSUS          Ïƒ=5.1px  obs=3H/3T  stable=11/30  Î»â‚‚=0.000
[t=  970] CONSENSUS          Ïƒ=3.9px  obs=3H/3T  stable=21/30  Î»â‚‚=0.000
[t=  979] REPORTED           agreed (685, 239) err=8.3px
[t=  979] PHASE              CONSENSUS â†’ REPORTED
