# Simulation started at Sun Jun 28 12:31:27 2026
[t=    0] INIT               5 robots, map 900x600, obstacles=off, sources=1
[t=    0] MODE               entered Hazard Localisation
[t=  199] PHASE              MONITOR → LEAK
[t=  199] LEAK_START         new leak at (399, 351)
[t=  200] DETECT             0/3 located the leak  λ₂=0.00
[t=  240] DETECT             0/3 located the leak  λ₂=0.00
[t=  300] DETECT             0/3 located the leak  λ₂=0.00
[t=  360] DETECT             0/3 located the leak  λ₂=0.00
[t=  420] DETECT             0/3 located the leak  λ₂=0.00
[t=  480] DETECT             0/3 located the leak  λ₂=0.00
[t=  522] DETECT             1/3 located the leak  λ₂=0.00
[t=  540] DETECT             1/3 located the leak  λ₂=0.00
[t=  600] DETECT             1/3 located the leak  λ₂=0.00
[t=  660] DETECT             1/3 located the leak  λ₂=0.00
[t=  720] DETECT             1/3 located the leak  λ₂=0.00
[t=  780] DETECT             1/3 located the leak  λ₂=0.00
[t=  840] DETECT             1/3 located the leak  λ₂=0.00
[t=  900] DETECT             1/3 located the leak  λ₂=0.00
[t=  916] DETECT             2/3 located the leak  λ₂=0.00
[t=  960] DETECT             2/3 located the leak  λ₂=0.00
[t= 1020] DETECT             2/3 located the leak  λ₂=0.00
[t= 1080] DETECT             2/3 located the leak  λ₂=0.00
[t= 1140] DETECT             2/3 located the leak  λ₂=0.00
[t= 1196] DETECT             3/3 located the leak  λ₂=-0.00
[t= 1196] PHASE              LEAK → CONSENSUS
[t= 1200] CONSENSUS          σ=24.5px  obs=3H/3T  stable=4/30  λ₂=-0.000
[t= 1210] CONSENSUS          σ=21.4px  obs=3H/3T  stable=14/30  λ₂=0.830
[t= 1220] CONSENSUS          σ=20.6px  obs=3H/3T  stable=24/30  λ₂=1.000
[t= 1226] REPORTED           agreed (401, 383) err=31.8px
[t= 1226] PHASE              CONSENSUS → REPORTED
