# Simulation started at Sun Jul  5 22:29:47 2026
[t=    0] INIT               5 robots, map 900x600, obstacles=off, sources=1
[t=    0] MODE               entered Hazard Localization
[t=  199] PHASE              MONITOR → LEAK
[t=  199] LEAK_START         new leak at (742, 311)
[t=  200] DETECT             0/3 located the leak  λ₂=0.52
[t=  231] DETECT             1/3 located the leak  λ₂=0.00
[t=  240] DETECT             1/3 located the leak  λ₂=0.00
[t=  300] DETECT             1/3 located the leak  λ₂=0.00
[t=  305] DETECT             2/3 located the leak  λ₂=0.00
[t=  312] DETECT             3/3 located the leak  λ₂=0.00
[t=  312] PHASE              LEAK → CONSENSUS
[t=  320] CONSENSUS          σ=8.2px  obs=3H/3T  stable=8/30  λ₂=0.000
[t=  330] CONSENSUS          σ=1.7px  obs=3H/3T  stable=18/30  λ₂=0.000
[t=  340] CONSENSUS          σ=0.9px  obs=3H/3T  stable=28/30  λ₂=0.000
[t=  342] REPORTED           agreed (745, 315) err=5.0px
[t=  342] PHASE              CONSENSUS → REPORTED
/30  λ₂=5.000
[t=  500] CONSENSUS          σ=7.5px  obs=4H/4T  stable=20/30  λ₂=5.000
[t=  510] CONSENSUS          σ=13.5px  obs=5H/5T  stable=30/30  λ₂=5.000
[t=  510] REPORTED           agreed (306, 128) err=18.0px
[t=  510] PHASE              CONSENSUS → REPORTED
