# Simulation started at Sun Jun 28 12:32:35 2026
[t=    0] INIT               5 robots, map 900x600, obstacles=off, sources=1
[t=    0] MODE               entered Hazard Localisation
[t=  199] PHASE              MONITOR → LEAK
[t=  199] LEAK_START         new leak at (754, 346)
[t=  200] DETECT             0/3 located the leak  λ₂=0.00
[t=  240] DETECT             0/3 located the leak  λ₂=0.00
[t=  276] DETECT             1/3 located the leak  λ₂=0.00
[t=  300] DETECT             1/3 located the leak  λ₂=0.00
[t=  331] DETECT             2/3 located the leak  λ₂=0.00
[t=  360] DETECT             2/3 located the leak  λ₂=0.00
[t=  420] DETECT             2/3 located the leak  λ₂=0.00
[t=  480] DETECT             2/3 located the leak  λ₂=0.00
[t=  540] DETECT             2/3 located the leak  λ₂=0.00
[t=  556] DETECT             3/3 located the leak  λ₂=0.00
[t=  556] PHASE              LEAK → CONSENSUS
[t=  560] CONSENSUS          σ=8.3px  obs=3H/3T  stable=4/30  λ₂=0.000
[t=  570] CONSENSUS          σ=8.8px  obs=3H/3T  stable=14/30  λ₂=0.000
[t=  580] CONSENSUS          σ=11.8px  obs=3H/3T  stable=24/30  λ₂=0.000
[t=  586] REPORTED           agreed (744, 338) err=13.2px
[t=  586] PHASE              CONSENSUS → REPORTED
