# Simulation started at Sat Jun 27 22:54:06 2026
[t=    0] INIT               5 robots, map 900x600, obstacles=off, sources=1
[t=    0] MODE               entered Hazard Localisation
[t=  199] PHASE              MONITOR → LEAK
[t=  199] LEAK_START         new leak at (754, 346)
[t=  200] DETECT             0/3 located the leak  λ₂=5.00
[t=  240] DETECT             0/3 located the leak  λ₂=5.00
[t=  300] DETECT             0/3 located the leak  λ₂=5.00
[t=  360] DETECT             0/3 located the leak  λ₂=3.00
[t=  420] DETECT             0/3 located the leak  λ₂=3.00
[t=  480] DETECT             0/3 located the leak  λ₂=5.00
[t=  540] DETECT             0/3 located the leak  λ₂=5.00
[t=  590] DETECT             1/3 located the leak  λ₂=5.00
[t=  600] DETECT             1/3 located the leak  λ₂=5.00
[t=  642] DETECT             2/3 located the leak  λ₂=5.00
[t=  660] DETECT             2/3 located the leak  λ₂=5.00
[t=  677] DETECT             3/3 located the leak  λ₂=5.00
[t=  677] PHASE              LEAK → CONSENSUS
[t=  680] CONSENSUS          σ=8.9px  obs=3H/3T  stable=3/30  λ₂=5.000
[t=  690] CONSENSUS          σ=4.9px  obs=3H/3T  stable=13/30  λ₂=5.000
[t=  700] CONSENSUS          σ=5.0px  obs=3H/3T  stable=23/30  λ₂=5.000
[t=  707] REPORTED           agreed (734, 345) err=19.7px
[t=  707] PHASE              CONSENSUS → REPORTED
