# Simulation started at Sun Jul  5 22:30:54 2026
[t=    0] INIT               5 robots, map 900x600, obstacles=off, sources=1
[t=    0] MODE               entered Hazard Localization
[t=  199] PHASE              MONITOR → LEAK
[t=  199] LEAK_START         new leak at (504, 357)
[t=  200] DETECT             0/3 located the leak  λ₂=0.00
[t=  240] DETECT             0/3 located the leak  λ₂=0.00
[t=  300] DETECT             0/3 located the leak  λ₂=0.00
[t=  360] DETECT             0/3 located the leak  λ₂=0.52
[t=  383] DETECT             1/3 located the leak  λ₂=1.59
[t=  420] DETECT             1/3 located the leak  λ₂=3.00
[t=  423] DETECT             2/3 located the leak  λ₂=3.00
[t=  480] DETECT             2/3 located the leak  λ₂=5.00
[t=  513] DETECT             3/3 located the leak  λ₂=5.00
[t=  513] PHASE              LEAK → CONSENSUS
[t=  520] CONSENSUS          σ=18.9px  obs=4H/4T  stable=7/30  λ₂=5.000
[t=  530] CONSENSUS          σ=12.0px  obs=4H/4T  stable=17/30  λ₂=5.000
[t=  540] CONSENSUS          σ=5.6px  obs=4H/4T  stable=27/30  λ₂=5.000
[t=  543] REPORTED           agreed (507, 351) err=6.2px
[t=  543] PHASE              CONSENSUS → REPORTED
