# Simulation started at Sun Jun 28 18:48:08 2026
[t=    0] INIT               5 robots, map 900x600, obstacles=off, sources=1
[t=    0] MODE               entered Hazard Localization
[t=  199] PHASE              MONITOR → LEAK
[t=  199] LEAK_START         new leak at (268, 488)
[t=  200] DETECT             0/3 located the leak  λ₂=5.00
[t=  240] DETECT             0/3 located the leak  λ₂=5.00
[t=  300] DETECT             0/3 located the leak  λ₂=5.00
[t=  360] DETECT             0/3 located the leak  λ₂=2.00
[t=  420] DETECT             0/3 located the leak  λ₂=1.00
[t=  480] DETECT             0/3 located the leak  λ₂=1.00
[t=  524] DETECT             1/3 located the leak  λ₂=3.00
[t=  540] DETECT             1/3 located the leak  λ₂=3.00
[t=  600] DETECT             1/3 located the leak  λ₂=3.00
[t=  660] DETECT             1/3 located the leak  λ₂=5.00
[t=  672] DETECT             2/3 located the leak  λ₂=5.00
[t=  679] DETECT             3/3 located the leak  λ₂=5.00
[t=  679] PHASE              LEAK → CONSENSUS
[t=  680] CONSENSUS          σ=10.1px  obs=3H/3T  stable=1/30  λ₂=5.000
[t=  690] CONSENSUS          σ=5.5px  obs=4H/4T  stable=11/30  λ₂=5.000
[t=  700] CONSENSUS          σ=6.8px  obs=4H/4T  stable=21/30  λ₂=5.000
[t=  709] REPORTED           agreed (289, 456) err=37.9px
[t=  709] PHASE              CONSENSUS → REPORTED
