# Simulation started at Sat Jun 27 22:54:14 2026
[t=    0] INIT               5 robots, map 900x600, obstacles=off, sources=1
[t=    0] MODE               entered Hazard Localisation
[t=  199] PHASE              MONITOR → LEAK
[t=  199] LEAK_START         new leak at (121, 253)
[t=  200] DETECT             0/3 located the leak  λ₂=3.00
[t=  240] DETECT             0/3 located the leak  λ₂=5.00
[t=  300] DETECT             0/3 located the leak  λ₂=2.00
[t=  360] DETECT             0/3 located the leak  λ₂=2.00
[t=  420] DETECT             0/3 located the leak  λ₂=3.00
[t=  480] DETECT             0/3 located the leak  λ₂=2.00
[t=  527] DETECT             1/3 located the leak  λ₂=3.00
[t=  540] DETECT             2/3 located the leak  λ₂=3.00
[t=  548] DETECT             3/3 located the leak  λ₂=3.00
[t=  548] PHASE              LEAK → CONSENSUS
[t=  550] CONSENSUS          σ=19.0px  obs=3H/3T  stable=2/30  λ₂=3.000
[t=  560] CONSENSUS          σ=14.6px  obs=3H/3T  stable=12/30  λ₂=5.000
[t=  570] CONSENSUS          σ=15.1px  obs=3H/3T  stable=22/30  λ₂=5.000
[t=  578] REPORTED           agreed (165, 300) err=64.2px
[t=  578] PHASE              CONSENSUS → REPORTED
