# Simulation started at Sun Jun 28 17:49:07 2026
[t=    0] INIT               5 robots, map 900x600, obstacles=off, sources=1
[t=    0] MODE               entered Hazard Localization
[t=  199] PHASE              MONITOR → LEAK
[t=  199] LEAK_START         new leak at (162, 208)
[t=  200] DETECT             0/3 located the leak  λ₂=2.00
[t=  240] DETECT             0/3 located the leak  λ₂=1.59
[t=  300] DETECT             0/3 located the leak  λ₂=1.59
[t=  360] DETECT             0/3 located the leak  λ₂=1.38
[t=  420] DETECT             0/3 located the leak  λ₂=1.59
[t=  458] DETECT             1/3 located the leak  λ₂=1.59
[t=  472] DETECT             2/3 located the leak  λ₂=2.00
[t=  480] DETECT             2/3 located the leak  λ₂=2.00
[t=  540] DETECT             2/3 located the leak  λ₂=0.00
[t=  557] DETECT             3/3 located the leak  λ₂=0.00
[t=  557] PHASE              LEAK → CONSENSUS
[t=  560] CONSENSUS          σ=18.9px  obs=3H/3T  stable=3/30  λ₂=0.000
[t=  570] CONSENSUS          σ=15.9px  obs=3H/3T  stable=13/30  λ₂=0.000
[t=  580] CONSENSUS          σ=14.8px  obs=3H/3T  stable=23/30  λ₂=0.000
[t=  587] REPORTED           agreed (198, 203) err=35.9px
[t=  587] PHASE              CONSENSUS → REPORTED
