# Simulation started at Sat Jun 27 23:23:20 2026
[t=    0] INIT               5 robots, map 900x600, obstacles=off, sources=1
[t=    0] MODE               entered Hazard Localisation
[t=  199] PHASE              MONITOR → LEAK
[t=  199] LEAK_START         new leak at (434, 462)
[t=  200] DETECT             0/3 located the leak  λ₂=0.00
[t=  240] DETECT             0/3 located the leak  λ₂=0.00
[t=  300] DETECT             0/3 located the leak  λ₂=0.00
[t=  340] DETECT             1/3 located the leak  λ₂=0.00
[t=  360] DETECT             1/3 located the leak  λ₂=0.00
[t=  420] DETECT             1/3 located the leak  λ₂=0.00
[t=  480] DETECT             1/3 located the leak  λ₂=0.00
[t=  540] DETECT             1/3 located the leak  λ₂=0.00
[t=  600] DETECT             1/3 located the leak  λ₂=0.00
[t=  660] DETECT             1/3 located the leak  λ₂=0.00
[t=  720] DETECT             1/3 located the leak  λ₂=0.00
[t=  780] DETECT             1/3 located the leak  λ₂=0.00
[t=  790] DETECT             2/3 located the leak  λ₂=0.00
[t=  840] DETECT             2/3 located the leak  λ₂=0.00
[t=  873] DETECT             3/3 located the leak  λ₂=0.00
[t=  873] PHASE              LEAK → CONSENSUS
[t=  880] CONSENSUS          σ=16.4px  obs=3H/3T  stable=7/30  λ₂=0.000
[t=  890] CONSENSUS          σ=11.6px  obs=3H/3T  stable=17/30  λ₂=0.000
[t=  900] CONSENSUS          σ=10.5px  obs=3H/3T  stable=27/30  λ₂=0.000
[t=  903] REPORTED           agreed (453, 460) err=19.4px
[t=  903] PHASE              CONSENSUS → REPORTED
