# Simulation started at Sun Jul  5 22:29:43 2026
[t=    0] INIT               5 robots, map 900x600, obstacles=off, sources=1
[t=    0] MODE               entered Hazard Localization
[t=  199] PHASE              MONITOR → LEAK
[t=  199] LEAK_START         new leak at (121, 253)
[t=  200] DETECT             1/3 located the leak  λ₂=1.00
[t=  240] DETECT             1/3 located the leak  λ₂=1.00
[t=  276] DETECT             2/3 located the leak  λ₂=1.00
[t=  300] DETECT             2/3 located the leak  λ₂=0.00
[t=  301] DETECT             3/3 located the leak  λ₂=0.00
[t=  301] PHASE              LEAK → CONSENSUS
[t=  310] CONSENSUS          σ=24.3px  obs=3H/3T  stable=3/30  λ₂=0.000
[t=  320] CONSENSUS          σ=16.6px  obs=3H/3T  stable=13/30  λ₂=0.000
[t=  330] CONSENSUS          σ=10.0px  obs=3H/3T  stable=23/30  λ₂=1.000
[t=  337] REPORTED           agreed (135, 260) err=15.6px
[t=  337] PHASE              CONSENSUS → REPORTED
 λ₂=5.000
[t=  430] CONSENSUS          σ=18.9px  obs=4H/4T  stable=30/30  λ₂=5.000
[t=  430] REPORTED           agreed (469, 258) err=15.5px
[t=  430] PHASE              CONSENSUS → REPORTED
