# Simulation started at Sun Jul  5 22:30:43 2026
[t=    0] INIT               5 robots, map 900x600, obstacles=off, sources=1
[t=    0] MODE               entered Hazard Localization
[t=  199] PHASE              MONITOR → LEAK
[t=  199] LEAK_START         new leak at (434, 405)
[t=  200] DETECT             0/3 located the leak  λ₂=1.59
[t=  210] DETECT             1/3 located the leak  λ₂=1.59
[t=  222] DETECT             2/3 located the leak  λ₂=1.59
[t=  240] DETECT             2/3 located the leak  λ₂=1.59
[t=  300] DETECT             2/3 located the leak  λ₂=3.00
[t=  342] DETECT             3/3 located the leak  λ₂=5.00
[t=  342] PHASE              LEAK → CONSENSUS
[t=  350] CONSENSUS          σ=16.3px  obs=3H/3T  stable=8/30  λ₂=5.000
[t=  360] CONSENSUS          σ=12.1px  obs=3H/3T  stable=18/30  λ₂=5.000
[t=  370] CONSENSUS          σ=12.3px  obs=4H/4T  stable=28/30  λ₂=5.000
[t=  372] REPORTED           agreed (440, 405) err=6.2px
[t=  372] PHASE              CONSENSUS → REPORTED
t=  570] CONSENSUS          σ=14.3px  obs=2H/2T  stable=18/30  λ₂=0.000
[t=  580] CONSENSUS          σ=11.4px  obs=2H/2T  stable=28/30  λ₂=0.000
[t=  582] REPORTED           agreed (762, 122) err=11.0px
[t=  582] PHASE              CONSENSUS → REPORTED
