# Simulation started at Sat Jun 27 23:12:24 2026
[t=    0] INIT               5 robots, map 900x600, obstacles=off, sources=1
[t=    0] MODE               entered Hazard Localisation
[t=  199] PHASE              MONITOR → LEAK
[t=  199] LEAK_START         new leak at (163, 232)
[t=  200] DETECT             1/3 located the leak  λ₂=0.00
[t=  240] DETECT             1/3 located the leak  λ₂=0.00
[t=  300] DETECT             1/3 located the leak  λ₂=0.00
[t=  360] DETECT             1/3 located the leak  λ₂=0.00
[t=  401] DETECT             2/3 located the leak  λ₂=0.00
[t=  420] DETECT             2/3 located the leak  λ₂=0.00
[t=  480] DETECT             2/3 located the leak  λ₂=0.00
[t=  540] DETECT             2/3 located the leak  λ₂=0.00
[t=  600] DETECT             2/3 located the leak  λ₂=0.52
[t=  660] DETECT             2/3 located the leak  λ₂=0.00
[t=  693] DETECT             3/3 located the leak  λ₂=0.00
[t=  693] PHASE              LEAK → CONSENSUS
[t=  700] CONSENSUS          σ=23.9px  obs=3H/3T  stable=4/30  λ₂=0.000
[t=  710] CONSENSUS          σ=18.6px  obs=3H/3T  stable=14/30  λ₂=0.000
[t=  720] CONSENSUS          σ=12.3px  obs=3H/3T  stable=24/30  λ₂=0.000
[t=  726] REPORTED           agreed (193, 247) err=33.0px
[t=  726] PHASE              CONSENSUS → REPORTED
