# Simulation started at Wed Jun 24 18:37:05 2026
[t=    0] INIT               5 robots, map 900x600, obstacles=off, sources=1
[t=    0] MODE               entered Hazard Localisation
[t=  199] PHASE              MONITOR → LEAK
[t=  199] LEAK_START         new leak at (407, 300)
[t=  200] DETECT             0/3 located the leak  λ₂=0.52
[t=  240] DETECT             0/3 located the leak  λ₂=0.52
[t=  300] DETECT             0/3 located the leak  λ₂=0.00
[t=  360] DETECT             0/3 located the leak  λ₂=0.00
[t=  420] DETECT             0/3 located the leak  λ₂=0.00
[t=  480] DETECT             0/3 located the leak  λ₂=0.00
[t=  540] DETECT             0/3 located the leak  λ₂=0.00
[t=  600] DETECT             0/3 located the leak  λ₂=0.00
[t=  615] DETECT             1/3 located the leak  λ₂=0.00
[t=  660] DETECT             1/3 located the leak  λ₂=0.52
[t=  701] DETECT             2/3 located the leak  λ₂=0.00
[t=  707] DETECT             3/3 located the leak  λ₂=0.00
[t=  707] PHASE              LEAK → CONSENSUS
[t=  710] CONSENSUS          σ=20.5px  obs=3H/3T  stable=3/30  λ₂=0.000
[t=  720] CONSENSUS          σ=11.9px  obs=3H/3T  stable=13/30  λ₂=0.000
[t=  730] CONSENSUS          σ=9.7px  obs=4H/4T  stable=23/30  λ₂=0.000
[t=  737] REPORTED           agreed (407, 301) err=1.0px
[t=  737] PHASE              CONSENSUS → REPORTED
