# Simulation started at Sat Jun 27 23:00:03 2026
[t=    0] INIT               5 robots, map 900x600, obstacles=off, sources=1
[t=    0] MODE               entered Hazard Localization
[t=   80] MODE               Hazard Localization → Sensor Degradation & Trust
[t=   80] MODE               exiting Hazard Localization
[t=   80] MODE               entered Sensor Degradation & Trust
[t=   80] ROBOT              R2: manual degradation triggered
[t=   80] ROBOT              R3: manual degradation triggered
[t=  279] PHASE              MONITOR → LEAK
[t=  279] LEAK_START         new leak at (444, 221)
[t=  455] PHASE              LEAK → CONSENSUS
[t=  460] CONSENSUS          σ=48.1px  obs=1H/3T  stable=0/30  λ₂=5.000
[t=  470] CONSENSUS          σ=48.6px  obs=1H/3T  stable=0/30  λ₂=5.000
[t=  480] CONSENSUS          σ=52.5px  obs=1H/3T  stable=0/30  λ₂=5.000
[t=  490] CONSENSUS          σ=51.9px  obs=1H/3T  stable=0/30  λ₂=5.000
[t=  500] CONSENSUS          σ=17.6px  obs=2H/4T  stable=6/30  λ₂=5.000
[t=  510] CONSENSUS          σ=27.6px  obs=3H/5T  stable=0/30  λ₂=5.000
[t=  520] CONSENSUS          σ=16.8px  obs=3H/5T  stable=9/30  λ₂=5.000
[t=  530] CONSENSUS          σ=10.5px  obs=3H/5T  stable=19/30  λ₂=5.000
[t=  540] CONSENSUS          σ=9.0px  obs=3H/5T  stable=29/30  λ₂=5.000
[t=  541] REPORTED           agreed (459, 235) err=21.2px
[t=  541] PHASE              CONSENSUS → REPORTED
