# Simulation started at Sat Jun 27 23:06:36 2026
[t=    0] INIT               5 robots, map 900x600, obstacles=off, sources=1
[t=    0] MODE               entered Hazard Localisation
[t=  199] PHASE              MONITOR → LEAK
[t=  199] LEAK_START         new leak at (785, 380)
[t=  200] DETECT             0/3 located the leak  λ₂=1.59
[t=  240] DETECT             0/3 located the leak  λ₂=1.00
[t=  300] DETECT             0/3 located the leak  λ₂=1.59
[t=  360] DETECT             0/3 located the leak  λ₂=1.59
[t=  388] DETECT             1/3 located the leak  λ₂=1.38
[t=  419] DETECT             2/3 located the leak  λ₂=2.00
[t=  420] DETECT             2/3 located the leak  λ₂=2.00
[t=  480] DETECT             2/3 located the leak  λ₂=0.00
[t=  540] DETECT             2/3 located the leak  λ₂=0.00
[t=  578] DETECT             3/3 located the leak  λ₂=0.00
[t=  578] PHASE              LEAK → CONSENSUS
[t=  580] CONSENSUS          σ=14.7px  obs=3H/3T  stable=2/30  λ₂=0.000
[t=  590] CONSENSUS          σ=10.1px  obs=3H/3T  stable=12/30  λ₂=0.000
[t=  600] CONSENSUS          σ=12.4px  obs=4H/4T  stable=22/30  λ₂=0.000
[t=  608] REPORTED           agreed (787, 375) err=6.0px
[t=  608] PHASE              CONSENSUS → REPORTED
