# Simulation started at Wed Jun 24 19:43:01 2026
[t=    0] INIT               5 robots, map 900x600, obstacles=off, sources=1
[t=    0] MODE               entered Hazard Localisation
[t=  199] PHASE              MONITOR → LEAK
[t=  199] LEAK_START         new leak at (374, 422)
[t=  200] DETECT             0/3 located the leak  λ₂=0.70
[t=  240] DETECT             0/3 located the leak  λ₂=0.83
[t=  300] DETECT             0/3 located the leak  λ₂=0.00
[t=  360] DETECT             0/3 located the leak  λ₂=0.38
[t=  420] DETECT             0/3 located the leak  λ₂=0.38
[t=  480] DETECT             0/3 located the leak  λ₂=0.52
[t=  540] DETECT             0/3 located the leak  λ₂=0.52
[t=  600] DETECT             0/3 located the leak  λ₂=1.59
[t=  660] DETECT             0/3 located the leak  λ₂=1.59
[t=  700] DETECT             1/3 located the leak  λ₂=1.59
[t=  720] DETECT             1/3 located the leak  λ₂=1.59
[t=  780] DETECT             1/3 located the leak  λ₂=3.00
[t=  812] DETECT             2/3 located the leak  λ₂=5.00
[t=  835] DETECT             3/3 located the leak  λ₂=5.00
[t=  835] PHASE              LEAK → CONSENSUS
[t=  840] CONSENSUS          σ=17.1px  obs=3H/3T  stable=5/30  λ₂=5.000
[t=  850] CONSENSUS          σ=14.9px  obs=3H/3T  stable=15/30  λ₂=5.000
[t=  860] CONSENSUS          σ=11.7px  obs=4H/4T  stable=25/30  λ₂=5.000
[t=  865] REPORTED           agreed (397, 429) err=24.2px
[t=  865] PHASE              CONSENSUS → REPORTED
