# Simulation started at Sun Jun 28 19:05:07 2026
[t=    0] INIT               5 robots, map 900x600, obstacles=off, sources=1
[t=    0] MODE               entered Hazard Localization
[t=  199] PHASE              MONITOR → LEAK
[t=  199] LEAK_START         new leak at (735, 390)
[t=  200] DETECT             0/3 located the leak  λ₂=0.00
[t=  240] DETECT             0/3 located the leak  λ₂=0.00
[t=  300] DETECT             0/3 located the leak  λ₂=0.00
[t=  304] DETECT             1/3 located the leak  λ₂=0.00
[t=  360] DETECT             1/3 located the leak  λ₂=0.00
[t=  420] DETECT             1/3 located the leak  λ₂=0.00
[t=  480] DETECT             1/3 located the leak  λ₂=0.00
[t=  540] DETECT             1/3 located the leak  λ₂=0.00
[t=  600] DETECT             1/3 located the leak  λ₂=0.00
[t=  660] DETECT             1/3 located the leak  λ₂=0.00
[t=  715] DETECT             2/3 located the leak  λ₂=0.00
[t=  720] DETECT             2/3 located the leak  λ₂=0.00
[t=  780] DETECT             2/3 located the leak  λ₂=0.00
[t=  797] DETECT             3/3 located the leak  λ₂=0.00
[t=  797] PHASE              LEAK → CONSENSUS
[t=  800] CONSENSUS          σ=5.5px  obs=3H/3T  stable=3/30  λ₂=0.000
[t=  810] CONSENSUS          σ=6.4px  obs=3H/3T  stable=13/30  λ₂=0.000
[t=  820] CONSENSUS          σ=8.8px  obs=3H/3T  stable=23/30  λ₂=0.000
[t=  827] REPORTED           agreed (723, 402) err=17.0px
[t=  827] PHASE              CONSENSUS → REPORTED
