# Simulation started at Sun Jun 28 12:31:34 2026
[t=    0] INIT               5 robots, map 900x600, obstacles=off, sources=1
[t=    0] MODE               entered Hazard Localisation
[t=  199] PHASE              MONITOR → LEAK
[t=  199] LEAK_START         new leak at (768, 109)
[t=  200] DETECT             0/3 located the leak  λ₂=0.00
[t=  240] DETECT             0/3 located the leak  λ₂=0.00
[t=  300] DETECT             0/3 located the leak  λ₂=0.00
[t=  314] DETECT             1/3 located the leak  λ₂=0.00
[t=  360] DETECT             1/3 located the leak  λ₂=0.00
[t=  420] DETECT             1/3 located the leak  λ₂=0.00
[t=  480] DETECT             1/3 located the leak  λ₂=0.00
[t=  540] DETECT             1/3 located the leak  λ₂=0.00
[t=  600] DETECT             1/3 located the leak  λ₂=0.00
[t=  660] DETECT             1/3 located the leak  λ₂=0.00
[t=  720] DETECT             1/3 located the leak  λ₂=0.00
[t=  780] DETECT             1/3 located the leak  λ₂=0.00
[t=  840] DETECT             1/3 located the leak  λ₂=0.00
[t=  900] DETECT             1/3 located the leak  λ₂=0.00
[t=  960] DETECT             1/3 located the leak  λ₂=0.00
[t= 1020] DETECT             1/3 located the leak  λ₂=0.00
[t= 1080] DETECT             1/3 located the leak  λ₂=0.00
[t= 1082] DETECT             2/3 located the leak  λ₂=0.00
[t= 1106] DETECT             3/3 located the leak  λ₂=0.00
[t= 1106] PHASE              LEAK → CONSENSUS
[t= 1110] CONSENSUS          σ=12.5px  obs=3H/3T  stable=4/30  λ₂=0.000
[t= 1120] CONSENSUS          σ=12.1px  obs=3H/3T  stable=14/30  λ₂=0.000
[t= 1130] CONSENSUS          σ=13.3px  obs=3H/3T  stable=24/30  λ₂=0.000
[t= 1136] REPORTED           agreed (751, 111) err=17.7px
[t= 1136] PHASE              CONSENSUS → REPORTED
