# Simulation started at Sat Jun 27 23:12:19 2026
[t=    0] INIT               5 robots, map 900x600, obstacles=off, sources=1
[t=    0] MODE               entered Hazard Localisation
[t=  199] PHASE              MONITOR → LEAK
[t=  199] LEAK_START         new leak at (192, 111)
[t=  200] DETECT             0/3 located the leak  λ₂=0.00
[t=  240] DETECT             0/3 located the leak  λ₂=0.00
[t=  300] DETECT             0/3 located the leak  λ₂=0.00
[t=  348] DETECT             1/3 located the leak  λ₂=0.00
[t=  360] DETECT             1/3 located the leak  λ₂=0.00
[t=  420] DETECT             1/3 located the leak  λ₂=0.00
[t=  480] DETECT             1/3 located the leak  λ₂=0.00
[t=  494] DETECT             2/3 located the leak  λ₂=0.00
[t=  540] DETECT             2/3 located the leak  λ₂=0.00
[t=  600] DETECT             2/3 located the leak  λ₂=0.00
[t=  660] DETECT             2/3 located the leak  λ₂=0.00
[t=  720] DETECT             2/3 located the leak  λ₂=0.00
[t=  780] DETECT             2/3 located the leak  λ₂=-0.00
[t=  840] DETECT             2/3 located the leak  λ₂=0.00
[t=  862] DETECT             3/3 located the leak  λ₂=0.00
[t=  862] PHASE              LEAK → CONSENSUS
[t=  870] CONSENSUS          σ=20.1px  obs=3H/3T  stable=8/30  λ₂=0.000
[t=  880] CONSENSUS          σ=14.9px  obs=3H/3T  stable=18/30  λ₂=0.000
[t=  890] CONSENSUS          σ=13.7px  obs=3H/3T  stable=28/30  λ₂=0.000
[t=  892] REPORTED           agreed (208, 119) err=17.8px
[t=  892] PHASE              CONSENSUS → REPORTED
