# Simulation started at Sat Jun 27 23:12:42 2026
[t=    0] INIT               5 robots, map 900x600, obstacles=off, sources=1
[t=    0] MODE               entered Hazard Localisation
[t=  199] PHASE              MONITOR → LEAK
[t=  199] LEAK_START         new leak at (164, 393)
[t=  200] DETECT             0/3 located the leak  λ₂=0.00
[t=  240] DETECT             0/3 located the leak  λ₂=0.00
[t=  300] DETECT             0/3 located the leak  λ₂=0.00
[t=  347] DETECT             1/3 located the leak  λ₂=0.00
[t=  360] DETECT             1/3 located the leak  λ₂=0.00
[t=  420] DETECT             1/3 located the leak  λ₂=0.00
[t=  480] DETECT             1/3 located the leak  λ₂=0.00
[t=  496] DETECT             2/3 located the leak  λ₂=0.00
[t=  540] DETECT             2/3 located the leak  λ₂=0.00
[t=  600] DETECT             2/3 located the leak  λ₂=0.00
[t=  637] DETECT             3/3 located the leak  λ₂=0.00
[t=  637] PHASE              LEAK → CONSENSUS
[t=  640] CONSENSUS          σ=21.6px  obs=3H/3T  stable=3/30  λ₂=0.000
[t=  650] CONSENSUS          σ=20.5px  obs=3H/3T  stable=13/30  λ₂=0.000
[t=  660] CONSENSUS          σ=20.2px  obs=3H/3T  stable=23/30  λ₂=0.000
[t=  667] REPORTED           agreed (187, 374) err=30.4px
[t=  667] PHASE              CONSENSUS → REPORTED
