# Simulation started at Sun Jun 28 18:47:41 2026
[t=    0] INIT               5 robots, map 900x600, obstacles=off, sources=1
[t=    0] MODE               entered Hazard Localization
[t=  199] PHASE              MONITOR → LEAK
[t=  199] LEAK_START         new leak at (378, 341)
[t=  200] DETECT             0/3 located the leak  λ₂=2.00
[t=  240] DETECT             0/3 located the leak  λ₂=0.52
[t=  300] DETECT             0/3 located the leak  λ₂=0.00
[t=  360] DETECT             0/3 located the leak  λ₂=1.00
[t=  420] DETECT             0/3 located the leak  λ₂=0.38
[t=  480] DETECT             0/3 located the leak  λ₂=0.52
[t=  540] DETECT             0/3 located the leak  λ₂=0.83
[t=  564] DETECT             1/3 located the leak  λ₂=0.83
[t=  600] DETECT             1/3 located the leak  λ₂=3.00
[t=  604] DETECT             2/3 located the leak  λ₂=3.00
[t=  623] DETECT             3/3 located the leak  λ₂=3.00
[t=  623] PHASE              LEAK → CONSENSUS
[t=  630] CONSENSUS          σ=19.5px  obs=3H/3T  stable=7/30  λ₂=3.000
[t=  640] CONSENSUS          σ=10.8px  obs=3H/3T  stable=17/30  λ₂=3.000
[t=  650] CONSENSUS          σ=5.7px  obs=3H/3T  stable=27/30  λ₂=5.000
[t=  653] REPORTED           agreed (388, 325) err=18.1px
[t=  653] PHASE              CONSENSUS → REPORTED
