# Simulation started at Sun Jul  5 22:31:02 2026
[t=    0] INIT               5 robots, map 900x600, obstacles=off, sources=1
[t=    0] MODE               entered Hazard Localization
[t=  199] PHASE              MONITOR → LEAK
[t=  199] LEAK_START         new leak at (285, 187)
[t=  200] DETECT             0/3 located the leak  λ₂=0.00
[t=  204] DETECT             1/3 located the leak  λ₂=0.00
[t=  240] DETECT             1/3 located the leak  λ₂=0.00
[t=  300] DETECT             1/3 located the leak  λ₂=0.00
[t=  360] DETECT             1/3 located the leak  λ₂=0.00
[t=  420] DETECT             1/3 located the leak  λ₂=0.00
[t=  480] DETECT             1/3 located the leak  λ₂=0.00
[t=  504] DETECT             2/3 located the leak  λ₂=0.00
[t=  540] DETECT             2/3 located the leak  λ₂=0.00
[t=  572] DETECT             3/3 located the leak  λ₂=0.00
[t=  572] PHASE              LEAK → CONSENSUS
[t=  580] CONSENSUS          σ=18.4px  obs=3H/3T  stable=8/30  λ₂=0.000
[t=  590] CONSENSUS          σ=11.6px  obs=3H/3T  stable=18/30  λ₂=0.000
[t=  600] CONSENSUS          σ=4.1px  obs=3H/3T  stable=28/30  λ₂=0.000
[t=  602] REPORTED           agreed (286, 185) err=2.4px
[t=  602] PHASE              CONSENSUS → REPORTED
