# Simulation started at Sun Jun 28 19:06:18 2026
[t=    0] INIT               5 robots, map 900x600, obstacles=off, sources=1
[t=    0] MODE               entered Hazard Localization
[t=  199] PHASE              MONITOR → LEAK
[t=  199] LEAK_START         new leak at (705, 88)
[t=  200] DETECT             0/3 located the leak  λ₂=1.00
[t=  240] DETECT             0/3 located the leak  λ₂=1.00
[t=  300] DETECT             0/3 located the leak  λ₂=1.00
[t=  360] DETECT             0/3 located the leak  λ₂=1.59
[t=  386] DETECT             1/3 located the leak  λ₂=1.59
[t=  420] DETECT             1/3 located the leak  λ₂=3.00
[t=  480] DETECT             1/3 located the leak  λ₂=1.00
[t=  533] DETECT             2/3 located the leak  λ₂=1.00
[t=  540] DETECT             2/3 located the leak  λ₂=1.00
[t=  553] DETECT             3/3 located the leak  λ₂=1.00
[t=  553] PHASE              LEAK → CONSENSUS
[t=  560] CONSENSUS          σ=8.7px  obs=3H/3T  stable=7/30  λ₂=1.000
[t=  570] CONSENSUS          σ=4.7px  obs=3H/3T  stable=17/30  λ₂=1.000
[t=  580] CONSENSUS          σ=4.1px  obs=3H/3T  stable=27/30  λ₂=1.000
[t=  583] REPORTED           agreed (729, 129) err=47.5px
[t=  583] PHASE              CONSENSUS → REPORTED
