# Simulation started at Sun Jun 28 17:54:37 2026
[t=    0] INIT               5 robots, map 900x600, obstacles=off, sources=1
[t=    0] MODE               entered Hazard Localization
[t=  199] PHASE              MONITOR → LEAK
[t=  199] LEAK_START         new leak at (414, 411)
[t=  201] DETECT             0/3 located the leak  λ₂=0.00
[t=  240] DETECT             0/3 located the leak  λ₂=0.00
[t=  300] DETECT             0/3 located the leak  λ₂=-0.00
[t=  360] DETECT             0/3 located the leak  λ₂=-0.00
[t=  361] DETECT             1/3 located the leak  λ₂=-0.00
[t=  420] DETECT             1/3 located the leak  λ₂=0.00
[t=  463] DETECT             2/3 located the leak  λ₂=0.00
[t=  480] DETECT             2/3 located the leak  λ₂=0.00
[t=  524] DETECT             3/3 located the leak  λ₂=0.00
[t=  524] PHASE              LEAK → CONSENSUS
[t=  530] CONSENSUS          σ=18.9px  obs=3H/3T  stable=6/30  λ₂=0.000
[t=  540] CONSENSUS          σ=13.1px  obs=3H/3T  stable=16/30  λ₂=0.000
[t=  550] CONSENSUS          σ=12.4px  obs=3H/3T  stable=26/30  λ₂=0.000
[t=  554] REPORTED           agreed (446, 427) err=35.6px
[t=  554] PHASE              CONSENSUS → REPORTED
