# Simulation started at Sun Jun 28 17:53:54 2026
[t=    0] INIT               5 robots, map 900x600, obstacles=off, sources=1
[t=    0] MODE               entered Hazard Localization
[t=  199] PHASE              MONITOR → LEAK
[t=  199] LEAK_START         new leak at (414, 411)
[t=  200] DETECT             0/3 located the leak  λ₂=0.00
[t=  240] DETECT             0/3 located the leak  λ₂=0.00
[t=  300] DETECT             0/3 located the leak  λ₂=0.00
[t=  341] DETECT             1/3 located the leak  λ₂=0.00
[t=  360] DETECT             1/3 located the leak  λ₂=0.00
[t=  420] DETECT             1/3 located the leak  λ₂=0.00
[t=  480] DETECT             1/3 located the leak  λ₂=0.00
[t=  540] DETECT             1/3 located the leak  λ₂=0.00
[t=  600] DETECT             1/3 located the leak  λ₂=0.00
[t=  626] DETECT             2/3 located the leak  λ₂=0.00
[t=  660] DETECT             2/3 located the leak  λ₂=0.00
[t=  687] DETECT             3/3 located the leak  λ₂=0.00
[t=  687] PHASE              LEAK → CONSENSUS
[t=  690] CONSENSUS          σ=9.1px  obs=3H/3T  stable=3/30  λ₂=0.000
[t=  700] CONSENSUS          σ=4.1px  obs=3H/3T  stable=13/30  λ₂=0.000
[t=  710] CONSENSUS          σ=1.6px  obs=3H/3T  stable=23/30  λ₂=0.000
[t=  717] REPORTED           agreed (471, 423) err=58.4px
[t=  717] PHASE              CONSENSUS → REPORTED
