# Simulation started at Sat Jun 27 23:23:16 2026
[t=    0] INIT               5 robots, map 900x600, obstacles=off, sources=1
[t=    0] MODE               entered Hazard Localisation
[t=  199] PHASE              MONITOR → LEAK
[t=  199] LEAK_START         new leak at (321, 239)
[t=  200] DETECT             0/3 located the leak  λ₂=0.00
[t=  240] DETECT             0/3 located the leak  λ₂=0.00
[t=  300] DETECT             0/3 located the leak  λ₂=0.00
[t=  360] DETECT             0/3 located the leak  λ₂=0.00
[t=  420] DETECT             0/3 located the leak  λ₂=0.00
[t=  480] DETECT             0/3 located the leak  λ₂=0.00
[t=  531] DETECT             1/3 located the leak  λ₂=0.00
[t=  540] DETECT             1/3 located the leak  λ₂=0.00
[t=  600] DETECT             1/3 located the leak  λ₂=0.00
[t=  660] DETECT             1/3 located the leak  λ₂=0.00
[t=  720] DETECT             1/3 located the leak  λ₂=0.00
[t=  780] DETECT             1/3 located the leak  λ₂=0.00
[t=  792] DETECT             2/3 located the leak  λ₂=0.00
[t=  840] DETECT             2/3 located the leak  λ₂=0.00
[t=  900] DETECT             2/3 located the leak  λ₂=0.00
[t=  960] DETECT             2/3 located the leak  λ₂=0.00
[t= 1020] DETECT             2/3 located the leak  λ₂=0.00
[t= 1053] DETECT             3/3 located the leak  λ₂=0.00
[t= 1053] PHASE              LEAK → CONSENSUS
[t= 1060] CONSENSUS          σ=23.3px  obs=3H/3T  stable=3/30  λ₂=-0.000
[t= 1070] CONSENSUS          σ=15.4px  obs=3H/3T  stable=13/30  λ₂=0.000
[t= 1080] CONSENSUS          σ=12.0px  obs=3H/3T  stable=23/30  λ₂=0.000
[t= 1087] REPORTED           agreed (341, 251) err=23.3px
[t= 1087] PHASE              CONSENSUS → REPORTED
