# Simulation started at Sat Jun 27 23:20:04 2026
[t=    0] INIT               5 robots, map 900x600, obstacles=off, sources=1
[t=    0] MODE               entered Hazard Localisation
[t=  199] PHASE              MONITOR → LEAK
[t=  199] LEAK_START         new leak at (442, 169)
[t=  200] DETECT             0/3 located the leak  λ₂=1.59
[t=  240] DETECT             0/3 located the leak  λ₂=1.59
[t=  300] DETECT             0/3 located the leak  λ₂=2.00
[t=  360] DETECT             0/3 located the leak  λ₂=2.00
[t=  385] DETECT             1/3 located the leak  λ₂=2.00
[t=  420] DETECT             1/3 located the leak  λ₂=5.00
[t=  455] DETECT             2/3 located the leak  λ₂=5.00
[t=  457] DETECT             3/3 located the leak  λ₂=5.00
[t=  457] PHASE              LEAK → CONSENSUS
[t=  460] CONSENSUS          σ=31.7px  obs=3H/3T  stable=0/30  λ₂=5.000
[t=  470] CONSENSUS          σ=23.3px  obs=3H/3T  stable=2/30  λ₂=5.000
[t=  480] CONSENSUS          σ=15.1px  obs=3H/3T  stable=12/30  λ₂=5.000
[t=  490] CONSENSUS          σ=6.5px  obs=3H/3T  stable=22/30  λ₂=5.000
[t=  498] REPORTED           agreed (469, 179) err=28.6px
[t=  498] PHASE              CONSENSUS → REPORTED
