# Simulation started at Sun Jun 28 19:05:33 2026
[t=    0] INIT               5 robots, map 900x600, obstacles=off, sources=1
[t=    0] MODE               entered Hazard Localization
[t=  199] PHASE              MONITOR → LEAK
[t=  199] LEAK_START         new leak at (523, 154)
[t=  200] DETECT             1/3 located the leak  λ₂=0.00
[t=  240] DETECT             1/3 located the leak  λ₂=0.00
[t=  300] DETECT             1/3 located the leak  λ₂=0.00
[t=  313] DETECT             2/3 located the leak  λ₂=0.00
[t=  360] DETECT             2/3 located the leak  λ₂=0.00
[t=  420] DETECT             2/3 located the leak  λ₂=0.00
[t=  480] DETECT             2/3 located the leak  λ₂=1.00
[t=  540] DETECT             2/3 located the leak  λ₂=-0.00
[t=  542] DETECT             3/3 located the leak  λ₂=-0.00
[t=  542] PHASE              LEAK → CONSENSUS
[t=  550] CONSENSUS          σ=16.5px  obs=3H/3T  stable=8/30  λ₂=-0.000
[t=  560] CONSENSUS          σ=11.0px  obs=3H/3T  stable=18/30  λ₂=-0.000
[t=  570] CONSENSUS          σ=10.7px  obs=3H/3T  stable=28/30  λ₂=-0.000
[t=  572] REPORTED           agreed (518, 168) err=15.4px
[t=  572] PHASE              CONSENSUS → REPORTED
