# Simulation started at Sun Jun 28 18:48:04 2026
[t=    0] INIT               5 robots, map 900x600, obstacles=off, sources=1
[t=    0] MODE               entered Hazard Localization
[t=  199] PHASE              MONITOR → LEAK
[t=  199] LEAK_START         new leak at (300, 477)
[t=  200] DETECT             0/3 located the leak  λ₂=2.00
[t=  240] DETECT             0/3 located the leak  λ₂=1.00
[t=  300] DETECT             0/3 located the leak  λ₂=3.00
[t=  360] DETECT             0/3 located the leak  λ₂=2.00
[t=  420] DETECT             0/3 located the leak  λ₂=2.00
[t=  480] DETECT             0/3 located the leak  λ₂=2.00
[t=  540] DETECT             0/3 located the leak  λ₂=1.59
[t=  600] DETECT             0/3 located the leak  λ₂=1.59
[t=  624] DETECT             1/3 located the leak  λ₂=1.59
[t=  660] DETECT             1/3 located the leak  λ₂=3.00
[t=  720] DETECT             1/3 located the leak  λ₂=5.00
[t=  737] DETECT             2/3 located the leak  λ₂=5.00
[t=  738] DETECT             3/3 located the leak  λ₂=5.00
[t=  738] PHASE              LEAK → CONSENSUS
[t=  740] CONSENSUS          σ=25.5px  obs=3H/3T  stable=0/30  λ₂=5.000
[t=  750] CONSENSUS          σ=17.0px  obs=3H/3T  stable=9/30  λ₂=5.000
[t=  760] CONSENSUS          σ=13.3px  obs=3H/3T  stable=19/30  λ₂=5.000
[t=  770] CONSENSUS          σ=10.7px  obs=3H/3T  stable=29/30  λ₂=5.000
[t=  771] REPORTED           agreed (319, 452) err=30.6px
[t=  771] PHASE              CONSENSUS → REPORTED
