# Simulation started at Sun Jun 28 17:53:33 2026
[t=    0] INIT               5 robots, map 900x600, obstacles=off, sources=1
[t=    0] MODE               entered Hazard Localization
[t=  199] PHASE              MONITOR → LEAK
[t=  199] LEAK_START         new leak at (523, 154)
[t=  200] DETECT             0/3 located the leak  λ₂=0.00
[t=  240] DETECT             0/3 located the leak  λ₂=0.00
[t=  300] DETECT             0/3 located the leak  λ₂=0.00
[t=  334] DETECT             1/3 located the leak  λ₂=0.00
[t=  360] DETECT             1/3 located the leak  λ₂=0.00
[t=  420] DETECT             1/3 located the leak  λ₂=0.00
[t=  480] DETECT             1/3 located the leak  λ₂=0.00
[t=  540] DETECT             1/3 located the leak  λ₂=0.00
[t=  600] DETECT             1/3 located the leak  λ₂=0.00
[t=  660] DETECT             1/3 located the leak  λ₂=0.00
[t=  699] DETECT             2/3 located the leak  λ₂=0.00
[t=  720] DETECT             2/3 located the leak  λ₂=0.00
[t=  780] DETECT             2/3 located the leak  λ₂=0.00
[t=  840] DETECT             2/3 located the leak  λ₂=0.00
[t=  900] DETECT             2/3 located the leak  λ₂=0.00
[t=  960] DETECT             2/3 located the leak  λ₂=0.00
[t= 1020] DETECT             2/3 located the leak  λ₂=0.00
[t= 1080] DETECT             2/3 located the leak  λ₂=0.00
[t= 1140] DETECT             2/3 located the leak  λ₂=0.00
[t= 1200] DETECT             2/3 located the leak  λ₂=0.00
[t= 1260] DETECT             2/3 located the leak  λ₂=0.00
[t= 1320] DETECT             2/3 located the leak  λ₂=0.00
[t= 1380] DETECT             2/3 located the leak  λ₂=0.00
[t= 1440] DETECT             2/3 located the leak  λ₂=0.00
[t= 1500] DETECT             2/3 located the leak  λ₂=0.00
[t= 1560] DETECT             2/3 located the leak  λ₂=0.00
[t= 1620] DETECT             2/3 located the leak  λ₂=0.00
[t= 1680] DETECT             2/3 located the leak  λ₂=0.00
[t= 1740] DETECT             2/3 located the leak  λ₂=0.00
[t= 1800] DETECT             2/3 located the leak  λ₂=0.00
[t= 1860] DETECT             2/3 located the leak  λ₂=0.00
[t= 1920] DETECT             2/3 located the leak  λ₂=0.00
[t= 1932] DETECT             3/3 located the leak  λ₂=0.00
[t= 1932] PHASE              LEAK → CONSENSUS
[t= 1940] CONSENSUS          σ=12.7px  obs=3H/3T  stable=8/30  λ₂=0.000
[t= 1950] CONSENSUS          σ=7.6px  obs=3H/3T  stable=18/30  λ₂=0.000
[t= 1960] CONSENSUS          σ=8.4px  obs=3H/3T  stable=28/30  λ₂=0.000
[t= 1962] REPORTED           agreed (528, 171) err=18.1px
[t= 1962] PHASE              CONSENSUS → REPORTED
