# Simulation started at Sat Jun 27 23:22:26 2026
[t=    0] INIT               5 robots, map 900x600, obstacles=off, sources=1
[t=    0] MODE               entered Hazard Localisation
[t=  199] PHASE              MONITOR → LEAK
[t=  199] LEAK_START         new leak at (283, 401)
[t=  200] DETECT             0/3 located the leak  λ₂=0.00
[t=  240] DETECT             0/3 located the leak  λ₂=0.00
[t=  300] DETECT             0/3 located the leak  λ₂=0.00
[t=  320] DETECT             1/3 located the leak  λ₂=0.00
[t=  360] DETECT             1/3 located the leak  λ₂=0.00
[t=  420] DETECT             1/3 located the leak  λ₂=0.00
[t=  446] DETECT             2/3 located the leak  λ₂=0.00
[t=  467] DETECT             3/3 located the leak  λ₂=0.00
[t=  467] PHASE              LEAK → CONSENSUS
[t=  470] CONSENSUS          σ=26.4px  obs=3H/3T  stable=0/30  λ₂=0.000
[t=  480] CONSENSUS          σ=20.2px  obs=3H/3T  stable=7/30  λ₂=0.000
[t=  490] CONSENSUS          σ=14.1px  obs=3H/3T  stable=17/30  λ₂=0.000
[t=  500] CONSENSUS          σ=12.9px  obs=3H/3T  stable=27/30  λ₂=0.000
[t=  503] REPORTED           agreed (300, 392) err=19.2px
[t=  503] PHASE              CONSENSUS → REPORTED
