# Simulation started at Sun Jun 28 12:33:14 2026
[t=    0] INIT               5 robots, map 900x600, obstacles=off, sources=1
[t=    0] MODE               entered Hazard Localisation
[t=  199] PHASE              MONITOR → LEAK
[t=  199] LEAK_START         new leak at (585, 106)
[t=  200] DETECT             0/3 located the leak  λ₂=0.00
[t=  240] DETECT             0/3 located the leak  λ₂=0.38
[t=  300] DETECT             0/3 located the leak  λ₂=0.00
[t=  360] DETECT             0/3 located the leak  λ₂=0.00
[t=  420] DETECT             0/3 located the leak  λ₂=0.38
[t=  443] DETECT             1/3 located the leak  λ₂=0.52
[t=  480] DETECT             1/3 located the leak  λ₂=1.00
[t=  498] DETECT             2/3 located the leak  λ₂=1.00
[t=  540] DETECT             2/3 located the leak  λ₂=0.00
[t=  552] DETECT             3/3 located the leak  λ₂=0.00
[t=  552] PHASE              LEAK → CONSENSUS
[t=  560] CONSENSUS          σ=17.2px  obs=3H/3T  stable=8/30  λ₂=0.000
[t=  570] CONSENSUS          σ=13.1px  obs=3H/3T  stable=18/30  λ₂=0.000
[t=  580] CONSENSUS          σ=12.8px  obs=3H/3T  stable=28/30  λ₂=0.000
[t=  582] REPORTED           agreed (594, 131) err=27.0px
[t=  582] PHASE              CONSENSUS → REPORTED
