# Simulation started at Sun Jun 28 17:55:22 2026
[t=    0] INIT               5 robots, map 900x600, obstacles=off, sources=1
[t=    0] MODE               entered Hazard Localization
[t=  199] PHASE              MONITOR → LEAK
[t=  199] LEAK_START         new leak at (521, 102)
[t=  200] DETECT             0/3 located the leak  λ₂=0.52
[t=  240] DETECT             0/3 located the leak  λ₂=0.52
[t=  300] DETECT             0/3 located the leak  λ₂=0.00
[t=  360] DETECT             0/3 located the leak  λ₂=1.00
[t=  420] DETECT             0/3 located the leak  λ₂=1.00
[t=  480] DETECT             0/3 located the leak  λ₂=1.00
[t=  540] DETECT             0/3 located the leak  λ₂=1.00
[t=  556] DETECT             1/3 located the leak  λ₂=1.00
[t=  600] DETECT             1/3 located the leak  λ₂=1.59
[t=  654] DETECT             2/3 located the leak  λ₂=5.00
[t=  660] DETECT             2/3 located the leak  λ₂=5.00
[t=  705] DETECT             3/3 located the leak  λ₂=5.00
[t=  705] PHASE              LEAK → CONSENSUS
[t=  710] CONSENSUS          σ=15.1px  obs=3H/3T  stable=5/30  λ₂=5.000
[t=  720] CONSENSUS          σ=8.6px  obs=3H/3T  stable=15/30  λ₂=5.000
[t=  730] CONSENSUS          σ=2.7px  obs=3H/3T  stable=25/30  λ₂=5.000
[t=  735] REPORTED           agreed (530, 107) err=10.2px
[t=  735] PHASE              CONSENSUS → REPORTED
