# Simulation started at Sat Jun 27 23:11:22 2026
[t=    0] INIT               5 robots, map 900x600, obstacles=off, sources=1
[t=    0] MODE               entered Hazard Localisation
[t=  199] PHASE              MONITOR → LEAK
[t=  199] LEAK_START         new leak at (247, 427)
[t=  200] DETECT             0/3 located the leak  λ₂=3.00
[t=  240] DETECT             0/3 located the leak  λ₂=5.00
[t=  300] DETECT             0/3 located the leak  λ₂=3.00
[t=  360] DETECT             0/3 located the leak  λ₂=3.00
[t=  382] DETECT             1/3 located the leak  λ₂=3.00
[t=  390] DETECT             2/3 located the leak  λ₂=3.00
[t=  420] DETECT             2/3 located the leak  λ₂=3.00
[t=  480] DETECT             2/3 located the leak  λ₂=5.00
[t=  502] DETECT             3/3 located the leak  λ₂=5.00
[t=  502] PHASE              LEAK → CONSENSUS
[t=  510] CONSENSUS          σ=20.6px  obs=3H/3T  stable=8/30  λ₂=5.000
[t=  520] CONSENSUS          σ=21.3px  obs=3H/3T  stable=18/30  λ₂=5.000
[t=  530] CONSENSUS          σ=21.8px  obs=3H/3T  stable=28/30  λ₂=5.000
[t=  532] REPORTED           agreed (287, 415) err=41.9px
[t=  532] PHASE              CONSENSUS → REPORTED
