# Simulation started at Sun Jun 28 18:44:45 2026
[t=    0] INIT               5 robots, map 900x600, obstacles=off, sources=1
[t=    0] MODE               entered Hazard Localization
[t=  199] PHASE              MONITOR → LEAK
[t=  199] LEAK_START         new leak at (452, 497)
[t=  201] DETECT             0/3 located the leak  λ₂=1.00
[t=  240] DETECT             0/3 located the leak  λ₂=1.00
[t=  300] DETECT             0/3 located the leak  λ₂=1.00
[t=  360] DETECT             0/3 located the leak  λ₂=1.59
[t=  420] DETECT             0/3 located the leak  λ₂=0.83
[t=  480] DETECT             0/3 located the leak  λ₂=0.52
[t=  481] DETECT             1/3 located the leak  λ₂=0.52
[t=  540] DETECT             1/3 located the leak  λ₂=1.59
[t=  600] DETECT             1/3 located the leak  λ₂=3.00
[t=  620] DETECT             2/3 located the leak  λ₂=5.00
[t=  640] DETECT             3/3 located the leak  λ₂=5.00
[t=  640] PHASE              LEAK → CONSENSUS
[t=  650] CONSENSUS          σ=8.9px  obs=3H/3T  stable=10/30  λ₂=5.000
[t=  660] CONSENSUS          σ=8.3px  obs=4H/4T  stable=20/30  λ₂=5.000
[t=  670] CONSENSUS          σ=5.5px  obs=4H/4T  stable=30/30  λ₂=5.000
[t=  670] REPORTED           agreed (450, 491) err=7.2px
[t=  670] PHASE              CONSENSUS → REPORTED
