# Simulation started at Sun Jun 28 18:49:32 2026
[t=    0] INIT               5 robots, map 900x600, obstacles=off, sources=1
[t=    0] MODE               entered Hazard Localization
[t=  199] PHASE              MONITOR → LEAK
[t=  199] LEAK_START         new leak at (803, 239)
[t=  200] DETECT             0/3 located the leak  λ₂=1.00
[t=  240] DETECT             0/3 located the leak  λ₂=1.59
[t=  300] DETECT             0/3 located the leak  λ₂=5.00
[t=  360] DETECT             0/3 located the leak  λ₂=3.00
[t=  369] DETECT             1/3 located the leak  λ₂=3.00
[t=  420] DETECT             1/3 located the leak  λ₂=5.00
[t=  451] DETECT             2/3 located the leak  λ₂=5.00
[t=  480] DETECT             2/3 located the leak  λ₂=5.00
[t=  523] DETECT             3/3 located the leak  λ₂=5.00
[t=  523] PHASE              LEAK → CONSENSUS
[t=  530] CONSENSUS          σ=2.6px  obs=3H/3T  stable=7/30  λ₂=5.000
[t=  540] CONSENSUS          σ=1.9px  obs=3H/3T  stable=17/30  λ₂=5.000
[t=  550] CONSENSUS          σ=1.8px  obs=3H/3T  stable=27/30  λ₂=5.000
[t=  553] REPORTED           agreed (786, 237) err=17.3px
[t=  553] PHASE              CONSENSUS → REPORTED
