# Simulation started at Sun Jul  5 22:30:11 2026
[t=    0] INIT               5 robots, map 900x600, obstacles=off, sources=1
[t=    0] MODE               entered Hazard Localization
[t=  199] PHASE              MONITOR → LEAK
[t=  199] LEAK_START         new leak at (250, 293)
[t=  200] DETECT             0/3 located the leak  λ₂=0.00
[t=  240] DETECT             0/3 located the leak  λ₂=0.00
[t=  242] DETECT             1/3 located the leak  λ₂=0.00
[t=  300] DETECT             1/3 located the leak  λ₂=0.00
[t=  360] DETEC[t=  502] PHASE              LEAK → CONSENSUS
[t=  510] CONSENSUS          σ=12.5px  obs=3H/3T  stable=8/30  λ₂=0.000
[t=  520] CONSENSUS          σ=7.1px  obs=3H/3T  stable=18/30  λ₂=0.000
[t=  530] CONSENSUS          σ=6[t=  540] DETECT             2/3 located the leak  λ₂=0.00
[t=  600] DETECT             2/3 located the leak  λ₂=0.00
[t=  660] DETECT             2/3 located the leak  λ₂=0.00
[t=  720] DETECT             2/3 located the leak  λ₂=0.00
[t=  780] DETECT             2/3 located the leak  λ₂=0.00
[t=  840] DETECT             2/3 located the leak  λ₂=0.00
[t=  900] DETECT             2/3 located the leak  λ₂=0.00
[t=  960] DETECT             2/3 located the leak  λ₂=0.00
[t=  999] DETECT             3/3 located the leak  λ₂=0.00
[t=  999] PHASE              LEAK → CONSENSUS
[t= 1000] CONSENSUS          σ=25.7px  obs=3H/3T  stable=0/30  λ₂=0.000
[t= 1010] CONSENSUS          σ=19.5px  obs=3H/3T  stable=8/30  λ₂=0.000
[t= 1020] CONSENSUS          σ=11.3px  obs=3H/3T  stable=18/30  λ₂=0.000
[t= 1030] CONSENSUS          σ=6.0px  obs=3H/3T  stable=28/30  λ₂=0.000
[t= 1032] REPORTED           agreed (260, 295) err=9.8px
[t= 1032] PHASE              CONSENSUS → REPORTED
