# Simulation started at Sun Jun 28 19:04:28 2026
[t=    0] INIT               5 robots, map 900x600, obstacles=off, sources=1
[t=    0] MODE               entered Hazard Localization
[t=  199] PHASE              MONITOR → LEAK
[t=  199] LEAK_START         new leak at (250, 293)
[t=  200] DETECT             0/3 located the leak  λ₂=0.00
[t=  240] DETECT             0/3 located the leak  λ₂=0.00
[t=  242] DETECT             1/3 located the leak  λ₂=0.00
[t=  300] DETECT             1/3 located the leak  λ₂=0.00
[t=  360] DETECT             1/3 located the leak  λ₂=0.00
[t=  395] DETECT             2/3 located the leak  λ₂=0.00
[t=  420] DETECT             2/3 located the leak  λ₂=0.00
[t=  480] DETECT             2/3 located the leak  λ₂=0.00
[t=  540] DETECT             2/3 located the leak  λ₂=0.00
[t=  600] DETECT             2/3 located the leak  λ₂=0.00
[t=  660] DETECT             2/3 located the leak  λ₂=0.00
[t=  720] DETECT             2/3 located the leak  λ₂=0.00
[t=  780] DETECT             2/3 located the leak  λ₂=0.00
[t=  829] DETECT             3/3 located the leak  λ₂=0.00
[t=  829] PHASE              LEAK → CONSENSUS
[t=  830] CONSENSUS          σ=11.9px  obs=3H/3T  stable=1/30  λ₂=0.000
[t=  840] CONSENSUS          σ=8.7px  obs=3H/3T  stable=11/30  λ₂=0.000
[t=  850] CONSENSUS          σ=1.6px  obs=3H/3T  stable=21/30  λ₂=0.000
[t=  859] REPORTED           agreed (241, 302) err=12.6px
[t=  859] PHASE              CONSENSUS → REPORTED
