# Simulation started at Wed Jun 24 18:36:53 2026
[t=    0] INIT               5 robots, map 900x600, obstacles=off, sources=1
[t=    0] MODE               entered Hazard Localisation
[t=  199] PHASE              MONITOR → LEAK
[t=  199] LEAK_START         new leak at (400, 326)
[t=  200] DETECT             0/3 located the leak  λ₂=0.00
[t=  240] DETECT             0/3 located the leak  λ₂=0.00
[t=  300] DETECT             0/3 located the leak  λ₂=0.00
[t=  360] DETECT             0/3 located the leak  λ₂=0.00
[t=  420] DETECT             0/3 located the leak  λ₂=0.00
[t=  480] DETECT             0/3 located the leak  λ₂=0.00
[t=  497] DETECT             1/3 located the leak  λ₂=0.52
[t=  540] DETECT             1/3 located the leak  λ₂=1.38
[t=  559] DETECT             2/3 located the leak  λ₂=3.00
[t=  588] DETECT             3/3 located the leak  λ₂=5.00
[t=  588] PHASE              LEAK → CONSENSUS
[t=  590] CONSENSUS          σ=15.7px  obs=3H/3T  stable=2/30  λ₂=5.000
[t=  600] CONSENSUS          σ=19.0px  obs=4H/4T  stable=12/30  λ₂=5.000
[t=  610] CONSENSUS          σ=19.3px  obs=5H/5T  stable=22/30  λ₂=5.000
[t=  618] REPORTED           agreed (419, 331) err=19.3px
[t=  618] PHASE              CONSENSUS → REPORTED
