# Simulation started at Sun Jun 28 17:55:24 2026
[t=    0] INIT               5 robots, map 900x600, obstacles=off, sources=1
[t=    0] MODE               entered Hazard Localization
[t=  199] PHASE              MONITOR → LEAK
[t=  199] LEAK_START         new leak at (521, 102)
[t=  200] DETECT             0/3 located the leak  λ₂=1.59
[t=  240] DETECT             0/3 located the leak  λ₂=0.52
[t=  300] DETECT             0/3 located the leak  λ₂=0.00
[t=  360] DETECT             0/3 located the leak  λ₂=0.83
[t=  420] DETECT             0/3 located the leak  λ₂=1.59
[t=  480] DETECT             0/3 located the leak  λ₂=1.59
[t=  540] DETECT             0/3 located the leak  λ₂=3.00
[t=  600] DETECT             0/3 located the leak  λ₂=1.59
[t=  660] DETECT             0/3 located the leak  λ₂=1.59
[t=  720] DETECT             0/3 located the leak  λ₂=1.59
[t=  777] DETECT             1/3 located the leak  λ₂=2.00
[t=  780] DETECT             1/3 located the leak  λ₂=2.00
[t=  840] DETECT             1/3 located the leak  λ₂=2.00
[t=  865] DETECT             2/3 located the leak  λ₂=5.00
[t=  888] DETECT             3/3 located the leak  λ₂=5.00
[t=  888] PHASE              LEAK → CONSENSUS
[t=  890] CONSENSUS          σ=19.1px  obs=3H/3T  stable=2/30  λ₂=5.000
[t=  900] CONSENSUS          σ=18.1px  obs=3H/3T  stable=12/30  λ₂=5.000
[t=  910] CONSENSUS          σ=17.2px  obs=3H/3T  stable=22/30  λ₂=5.000
[t=  918] REPORTED           agreed (566, 134) err=55.0px
[t=  918] PHASE              CONSENSUS → REPORTED
