# Simulation started at Sat Jun 27 23:25:27 2026
[t=    0] INIT               5 robots, map 900x600, obstacles=off, sources=1
[t=    0] MODE               entered Hazard Localisation
[t=  199] PHASE              MONITOR → LEAK
[t=  199] LEAK_START         new leak at (512, 376)
[t=  200] DETECT             0/3 located the leak  λ₂=0.00
[t=  240] DETECT             0/3 located the leak  λ₂=0.00
[t=  300] DETECT             0/3 located the leak  λ₂=0.00
[t=  360] DETECT             0/3 located the leak  λ₂=0.00
[t=  420] DETECT             0/3 located the leak  λ₂=0.00
[t=  446] DETECT             1/3 located the leak  λ₂=0.00
[t=  480] DETECT             1/3 located the leak  λ₂=0.00
[t=  540] DETECT             1/3 located the leak  λ₂=0.00
[t=  569] DETECT             2/3 located the leak  λ₂=0.00
[t=  600] DETECT             2/3 located the leak  λ₂=0.00
[t=  660] DETECT             2/3 located the leak  λ₂=0.00
[t=  720] DETECT             2/3 located the leak  λ₂=1.00
[t=  742] DETECT             3/3 located the leak  λ₂=3.00
[t=  742] PHASE              LEAK → CONSENSUS
[t=  750] CONSENSUS          σ=11.1px  obs=3H/3T  stable=8/30  λ₂=3.000
[t=  760] CONSENSUS          σ=11.2px  obs=3H/3T  stable=18/30  λ₂=3.000
[t=  770] CONSENSUS          σ=11.6px  obs=3H/3T  stable=28/30  λ₂=3.000
[t=  772] REPORTED           agreed (523, 404) err=29.8px
[t=  772] PHASE              CONSENSUS → REPORTED
