# Simulation started at Sun Jun 28 12:31:39 2026
[t=    0] INIT               5 robots, map 900x600, obstacles=off, sources=1
[t=    0] MODE               entered Hazard Localisation
[t=  199] PHASE              MONITOR → LEAK
[t=  199] LEAK_START         new leak at (539, 298)
[t=  200] DETECT             0/3 located the leak  λ₂=0.00
[t=  240] DETECT             0/3 located the leak  λ₂=0.00
[t=  300] DETECT             0/3 located the leak  λ₂=0.00
[t=  319] DETECT             1/3 located the leak  λ₂=0.00
[t=  360] DETECT             1/3 located the leak  λ₂=0.00
[t=  420] DETECT             1/3 located the leak  λ₂=0.00
[t=  480] DETECT             1/3 located the leak  λ₂=0.00
[t=  484] DETECT             2/3 located the leak  λ₂=0.00
[t=  521] DETECT             3/3 located the leak  λ₂=0.00
[t=  521] PHASE              LEAK → CONSENSUS
[t=  530] CONSENSUS          σ=22.1px  obs=3H/3T  stable=9/30  λ₂=0.000
[t=  540] CONSENSUS          σ=20.0px  obs=3H/3T  stable=19/30  λ₂=0.000
[t=  550] CONSENSUS          σ=19.7px  obs=3H/3T  stable=29/30  λ₂=0.000
[t=  551] REPORTED           agreed (568, 313) err=31.9px
[t=  551] PHASE              CONSENSUS → REPORTED
