# Simulation started at Sat Jun 27 23:24:49 2026
[t=    0] INIT               5 robots, map 900x600, obstacles=off, sources=1
[t=    0] MODE               entered Hazard Localisation
[t=  199] PHASE              MONITOR → LEAK
[t=  199] LEAK_START         new leak at (457, 302)
[t=  200] DETECT             0/3 located the leak  λ₂=0.00
[t=  240] DETECT             0/3 located the leak  λ₂=0.00
[t=  283] DETECT             1/3 located the leak  λ₂=0.00
[t=  300] DETECT             1/3 located the leak  λ₂=0.00
[t=  351] DETECT             2/3 located the leak  λ₂=0.00
[t=  360] DETECT             2/3 located the leak  λ₂=0.00
[t=  420] DETECT             2/3 located the leak  λ₂=0.00
[t=  480] DETECT             2/3 located the leak  λ₂=0.00
[t=  540] DETECT             2/3 located the leak  λ₂=0.00
[t=  600] DETECT             2/3 located the leak  λ₂=0.00
[t=  660] DETECT             2/3 located the leak  λ₂=0.00
[t=  720] DETECT             2/3 located the leak  λ₂=0.00
[t=  780] DETECT             2/3 located the leak  λ₂=0.00
[t=  840] DETECT             2/3 located the leak  λ₂=0.00
[t=  889] DETECT             3/3 located the leak  λ₂=0.00
[t=  889] PHASE              LEAK → CONSENSUS
[t=  890] CONSENSUS          σ=23.2px  obs=3H/3T  stable=1/30  λ₂=0.000
[t=  900] CONSENSUS          σ=14.9px  obs=3H/3T  stable=11/30  λ₂=0.000
[t=  910] CONSENSUS          σ=8.9px  obs=3H/3T  stable=21/30  λ₂=0.000
[t=  919] REPORTED           agreed (495, 341) err=54.0px
[t=  919] PHASE              CONSENSUS → REPORTED
