# Simulation started at Sun Jul  5 22:30:22 2026
[t=    0] INIT               5 robots, map 900x600, obstacles=off, sources=1
[t=    0] MODE               entered Hazard Localization
[t=  199] PHASE              MONITOR → LEAK
[t=  199] LEAK_START         new leak at (481, 97)
[t=  201] DETECT             0/3 located the leak  λ₂=1.00
[t=  240] DETECT             0/3 located the leak  λ₂=0.83
[t=  300] DETECT             0/3 located the leak  λ₂=2.00
[t=  360] DETECT             0/3 located the leak  λ₂=0.83
[t=  420] DETECT             0/3 located the leak  λ₂=0.00
[t=  480] DETECT             0/3 located the leak  λ₂=0.00
[t=  540] DETECT             0/3 located the leak  λ₂=0.52
[t=  600] DETECT             0/3 located the leak  λ₂=0.83
[t=  644] DETECT             1/3 located the leak  λ₂=1.59
[t=  660] DETECT             1/3 located the leak  λ₂=1.59
[t=  720] DETECT             1/3 located the leak  λ₂=3.00
[t=  740] DETECT             2/3 located the leak  λ₂=3.00
[t=  777] DETECT             3/3 located the leak  λ₂=5.00
[t=  777] PHASE              LEAK → CONSENSUS
[t=  780] CONSENSUS          σ=17.4px  obs=3H/3T  stable=3/30  λ₂=5.000
[t=  790] CONSENSUS          σ=12.9px  obs=3H/3T  stable=13/30  λ₂=5.000
[t=  800] CONSENSUS          σ=7.2px  obs=3H/3T  stable=23/30  λ₂=5.000
[t=  807] REPORTED           agreed (488, 102) err=8.6px
[t=  807] PHASE              CONSENSUS [t= 1200] DETECT             2/3 located the leak  λ₂=0.00
[t= 1259] DETECT             3/3 located the leak  λ₂=0.00
[t= 1259] PHASE              LEAK → CONSENSUS
[t= 1260] CONSENSUS          σ=22.1px  obs=3H/3T  stable=1/30  λ₂=0.000
[t= 1270] CONSENSUS          σ=17.6px  obs=3H/3T  stable=11/30  λ₂=0.000
[t= 1280] CONSENSUS          σ=9.5px  obs=3H/3T  stable=21/30  λ₂=0.000
[t= 1289] REPORTED           agreed (289, 189) err=3.8px
[t= 1289] PHASE              CONSENSUS → REPORTED
