# Simulation started at Sun Jul  5 22:30:18 2026
[t=    0] INIT               5 robots, map 900x600, obstacles=off, sources=1
[t=    0] MODE               entered Hazard Localization
[t=  199] PHASE              MONITOR → LEAK
[t=  199] LEAK_START         new leak at (385, 333)
[t=  200] DETECT             0/3 located the leak  λ₂=0.52
[t=  240] DETECT             0/3 located the leak  λ₂=0.52
[t=  300] DETECT             0/3 located the leak  λ₂=1.00
[t=  358] DETECT             1/3 located the leak  λ₂=1.59
[t=  360] DETECT             1/3 located the leak  λ₂=1.59
[t=  420] DETECT             1/3 located the leak  λ₂=2.00
[t=  447] DETECT             2/3 located the leak  λ₂=2.00
[t=  448] DETECT             3/3 located the leak  λ₂=2.00
[t=  448] PHASE              LEAK → CONSENSUS
[t=  450] CONSENSUS          σ=23.5px  obs=3H/3T  stable=2/30  λ₂=2.000
[t=  460] CONSENSUS          σ=15.3px  obs=3H/3T  stable=12/30  λ₂=2.000
[t=  470] CONSENSUS          σ=6.9px  obs=3H/3T  stable=22/30  λ₂=2.000
[t=  478] REPORTED           agreed (389, 335) err=4.6px
[t=  478] PHASE              CONSENSUS → REPORTED
 λ₂=0.000
[t=  583] REPORTED           agreed (375, 345) err=5.1px
[t=  583] PHASE              CONSENSUS → REPORTED
