# Simulation started at Sun Jun 28 12:32:19 2026
[t=    0] INIT               5 robots, map 900x600, obstacles=off, sources=1
[t=    0] MODE               entered Hazard Localisation
[t=  199] PHASE              MONITOR → LEAK
[t=  199] LEAK_START         new leak at (678, 255)
[t=  200] DETECT             0/3 located the leak  λ₂=0.00
[t=  240] DETECT             0/3 located the leak  λ₂=0.00
[t=  300] DETECT             0/3 located the leak  λ₂=0.00
[t=  360] DETECT             0/3 located the leak  λ₂=0.00
[t=  420] DETECT             0/3 located the leak  λ₂=0.00
[t=  447] DETECT             1/3 located the leak  λ₂=0.00
[t=  454] DETECT             2/3 located the leak  λ₂=0.00
[t=  480] DETECT             2/3 located the leak  λ₂=0.00
[t=  540] DETECT             2/3 located the leak  λ₂=0.00
[t=  600] DETECT             2/3 located the leak  λ₂=0.00
[t=  660] DETECT             2/3 located the leak  λ₂=0.00
[t=  720] DETECT             2/3 located the leak  λ₂=0.00
[t=  780] DETECT             2/3 located the leak  λ₂=0.00
[t=  840] DETECT             2/3 located the leak  λ₂=0.00
[t=  900] DETECT             2/3 located the leak  λ₂=0.00
[t=  960] DETECT             2/3 located the leak  λ₂=0.00
[t= 1020] DETECT             2/3 located the leak  λ₂=0.00
[t= 1074] DETECT             3/3 located the leak  λ₂=0.00
[t= 1074] PHASE              LEAK → CONSENSUS
[t= 1080] CONSENSUS          σ=10.9px  obs=3H/3T  stable=6/30  λ₂=0.000
[t= 1090] CONSENSUS          σ=13.7px  obs=3H/3T  stable=16/30  λ₂=0.000
[t= 1100] CONSENSUS          σ=14.0px  obs=3H/3T  stable=26/30  λ₂=0.000
[t= 1104] REPORTED           agreed (699, 248) err=21.7px
[t= 1104] PHASE              CONSENSUS → REPORTED
