# Simulation started at Sun Jul  5 22:30:17 2026
[t=    0] INIT               5 robots, map 900x600, obstacles=off, sources=1
[t=    0] MODE               entered Hazard Localization
[t=  199] PHASE              MONITOR → LEAK
[t=  199] LEAK_START         new leak at (442, 119)
[t=  200] DETECT             0/3 located the leak  λ₂=2.00
[t=  240] DETECT             0/3 located the leak  λ₂=1.59
[t=  300] DETECT             0/3 located the leak  λ₂=1.59
[t=  336] DETECT             1/3 located the leak  λ₂=0.52
[t=  360] DETECT             1/3 located the leak  λ₂=0.52
[t=  406] DETECT             2/3 located the leak  λ₂=1.00
[t=  420] DETECT             2/3 located the leak  λ₂=2.00
[t=  480] DETECT             2/3 located the leak  λ₂=5.00
[t=  501] DETECT             3/3 located the leak  λ₂=5.00
[t=  501] PHASE              LEAK → CONSENSUS
[t=  510] CONSENSUS          σ=7.0px  obs=3H/3T  stable=9/30  λ₂=5.000
[t=  520] CONSENSUS          σ=15.3px  obs=4H/4T  stable=19/30  λ₂=5.000
[t=  530] CONSENSUS          σ=11.5px  obs=4H/4T  stable=29/30  λ₂=5.000
[t=  531] REPORTED           agreed (448, 119) err=6.6px
[t=  531] PHASE              CONSENSUS → REPORTED
