# Simulation started at Wed Jun 24 10:39:43 2026
[t=    0] INIT               5 robots, map 900x600, obstacles=off, sources=1
[t=    0] MODE               entered Hazard Localisation
[t=   80] MODE               Hazard Localisation → Sensor Degradation & Trust
[t=   80] MODE               exiting Hazard Localisation
[t=   80] MODE               entered Sensor Degradation & Trust
[t=   80] ROBOT              R2: manual degradation triggered
[t=   80] ROBOT              R3: manual degradation triggered
[t=  279] PHASE              MONITOR → LEAK
[t=  279] LEAK_START         new leak at (156, 220)
[t=  522] PHASE              LEAK → CONSENSUS
[t=  530] CONSENSUS          σ=53.3px  obs=2H/3T  stable=0/30  λ₂=0.000
[t=  540] CONSENSUS          σ=54.9px  obs=2H/3T  stable=0/30  λ₂=0.000
[t=  550] CONSENSUS          σ=52.4px  obs=2H/3T  stable=0/30  λ₂=0.000
[t=  560] CONSENSUS          σ=50.5px  obs=2H/3T  stable=0/30  λ₂=0.000
[t=  570] CONSENSUS          σ=51.8px  obs=2H/3T  stable=0/30  λ₂=0.000
[t=  580] CONSENSUS          σ=52.6px  obs=2H/3T  stable=0/30  λ₂=0.000
[t=  590] CONSENSUS          σ=52.4px  obs=2H/3T  stable=0/30  λ₂=0.000
[t=  600] CONSENSUS          σ=49.8px  obs=2H/3T  stable=0/30  λ₂=0.000
[t=  610] CONSENSUS          σ=50.8px  obs=2H/3T  stable=0/30  λ₂=0.000
[t=  620] CONSENSUS          σ=53.2px  obs=2H/3T  stable=0/30  λ₂=0.000
[t=  630] CONSENSUS          σ=50.8px  obs=2H/3T  stable=0/30  λ₂=0.000
[t=  640] CONSENSUS          σ=51.8px  obs=2H/3T  stable=0/30  λ₂=0.000
[t=  650] CONSENSUS          σ=49.4px  obs=2H/3T  stable=0/30  λ₂=0.000
[t=  660] CONSENSUS          σ=17.0px  obs=2H/3T  stable=5/30  λ₂=0.000
[t=  670] CONSENSUS          σ=15.1px  obs=2H/3T  stable=15/30  λ₂=0.000
[t=  680] CONSENSUS          σ=15.4px  obs=2H/3T  stable=25/30  λ₂=0.000
[t=  685] REPORTED           agreed (98, 214) err=58.5px
[t=  685] PHASE              CONSENSUS → REPORTED
