# Simulation started at Sat Jun 27 23:07:34 2026
[t=    0] INIT               5 robots, map 900x600, obstacles=off, sources=1
[t=    0] MODE               entered Hazard Localisation
[t=  199] PHASE              MONITOR → LEAK
[t=  199] LEAK_START         new leak at (566, 93)
[t=  200] DETECT             0/3 located the leak  λ₂=0.00
[t=  240] DETECT             0/3 located the leak  λ₂=0.00
[t=  300] DETECT             0/3 located the leak  λ₂=0.00
[t=  316] DETECT             1/3 located the leak  λ₂=0.00
[t=  360] DETECT             1/3 located the leak  λ₂=0.00
[t=  420] DETECT             1/3 located the leak  λ₂=0.00
[t=  430] DETECT             2/3 located the leak  λ₂=0.00
[t=  480] DETECT             2/3 located the leak  λ₂=0.00
[t=  540] DETECT             2/3 located the leak  λ₂=0.00
[t=  600] DETECT             2/3 located the leak  λ₂=0.00
[t=  660] DETECT             2/3 located the leak  λ₂=0.00
[t=  720] DETECT             2/3 located the leak  λ₂=0.00
[t=  780] DETECT             2/3 located the leak  λ₂=0.00
[t=  832] DETECT             3/3 located the leak  λ₂=0.00
[t=  832] PHASE              LEAK → CONSENSUS
[t=  840] CONSENSUS          σ=27.0px  obs=3H/3T  stable=0/30  λ₂=0.000
[t=  850] CONSENSUS          σ=20.9px  obs=3H/3T  stable=7/30  λ₂=0.000
[t=  860] CONSENSUS          σ=19.5px  obs=3H/3T  stable=17/30  λ₂=0.000
[t=  870] CONSENSUS          σ=20.6px  obs=3H/3T  stable=27/30  λ₂=0.000
[t=  873] REPORTED           agreed (606, 107) err=41.6px
[t=  873] PHASE              CONSENSUS → REPORTED
