# Simulation started at Sat Jun 27 23:23:49 2026
[t=    0] INIT               5 robots, map 900x600, obstacles=off, sources=1
[t=    0] MODE               entered Hazard Localisation
[t=  199] PHASE              MONITOR → LEAK
[t=  199] LEAK_START         new leak at (653, 365)
[t=  200] DETECT             0/3 located the leak  λ₂=0.00
[t=  240] DETECT             0/3 located the leak  λ₂=0.00
[t=  259] DETECT             1/3 located the leak  λ₂=0.00
[t=  278] DETECT             2/3 located the leak  λ₂=0.00
[t=  300] DETECT             2/3 located the leak  λ₂=0.00
[t=  360] DETECT             2/3 located the leak  λ₂=0.00
[t=  420] DETECT             2/3 located the leak  λ₂=0.00
[t=  480] DETECT             2/3 located the leak  λ₂=0.00
[t=  540] DETECT             2/3 located the leak  λ₂=0.00
[t=  600] DETECT             2/3 located the leak  λ₂=0.00
[t=  660] DETECT             2/3 located the leak  λ₂=0.00
[t=  720] DETECT             2/3 located the leak  λ₂=0.00
[t=  780] DETECT             2/3 located the leak  λ₂=0.00
[t=  840] DETECT             2/3 located the leak  λ₂=0.00
[t=  900] DETECT             2/3 located the leak  λ₂=0.00
[t=  960] DETECT             2/3 located the leak  λ₂=0.00
[t= 1020] DETECT             2/3 located the leak  λ₂=0.00
[t= 1080] DETECT             2/3 located the leak  λ₂=0.00
[t= 1140] DETECT             2/3 located the leak  λ₂=0.00
[t= 1200] DETECT             2/3 located the leak  λ₂=0.00
[t= 1260] DETECT             2/3 located the leak  λ₂=0.00
[t= 1320] DETECT             2/3 located the leak  λ₂=0.00
[t= 1380] DETECT             2/3 located the leak  λ₂=0.00
[t= 1440] DETECT             2/3 located the leak  λ₂=0.00
[t= 1500] DETECT             2/3 located the leak  λ₂=0.00
[t= 1560] DETECT             2/3 located the leak  λ₂=0.00
[t= 1620] DETECT             2/3 located the leak  λ₂=0.00
[t= 1680] DETECT             2/3 located the leak  λ₂=0.00
[t= 1740] DETECT             2/3 located the leak  λ₂=0.00
[t= 1800] DETECT             2/3 located the leak  λ₂=0.00
[t= 1860] DETECT             2/3 located the leak  λ₂=0.00
[t= 1920] DETECT             2/3 located the leak  λ₂=0.00
[t= 1980] DETECT             2/3 located the leak  λ₂=0.00
[t= 2040] DETECT             2/3 located the leak  λ₂=0.00
[t= 2047] DETECT             3/3 located the leak  λ₂=0.00
[t= 2047] PHASE              LEAK → CONSENSUS
[t= 2050] CONSENSUS          σ=18.7px  obs=3H/3T  stable=3/30  λ₂=0.000
[t= 2060] CONSENSUS          σ=15.5px  obs=3H/3T  stable=13/30  λ₂=0.000
[t= 2070] CONSENSUS          σ=14.0px  obs=3H/3T  stable=23/30  λ₂=0.000
[t= 2077] REPORTED           agreed (699, 356) err=47.0px
[t= 2077] PHASE              CONSENSUS → REPORTED
