# Simulation started at Sun Jun 28 19:08:35 2026
[t=    0] INIT               5 robots, map 900x600, obstacles=off, sources=1
[t=    0] MODE               entered Hazard Localization
[t=  199] PHASE              MONITOR → LEAK
[t=  199] LEAK_START         new leak at (755, 113)
[t=  200] DETECT             0/2 located the leak  λ₂=1.00
[t=  240] DETECT             0/2 located the leak  λ₂=1.00
[t=  300] DETECT             0/2 located the leak  λ₂=1.00
[t=  360] DETECT             0/2 located the leak  λ₂=0.00
[t=  420] DETECT             0/2 located the leak  λ₂=2.00
[t=  480] DETECT             0/2 located the leak  λ₂=2.00
[t=  524] DETECT             1/2 located the leak  λ₂=0.59
[t=  540] DETECT             1/2 located the leak  λ₂=0.59
[t=  600] DETECT             1/2 located the leak  λ₂=0.59
[t=  640] DETECT             2/2 located the leak  λ₂=0.00
[t=  640] PHASE              LEAK → CONSENSUS
[t=  650] CONSENSUS          σ=9.1px  obs=2H/2T  stable=10/30  λ₂=0.000
[t=  660] CONSENSUS          σ=1.2px  obs=2H/2T  stable=20/30  λ₂=0.000
[t=  670] CONSENSUS          σ=0.5px  obs=2H/2T  stable=30/30  λ₂=0.586
[t=  670] REPORTED           agreed (771, 147) err=38.0px
[t=  670] PHASE              CONSENSUS → REPORTED
