# Simulation started at Sat Jun 27 23:27:35 2026
[t=    0] INIT               5 robots, map 900x600, obstacles=off, sources=1
[t=    0] MODE               entered Hazard Localization
[t=  199] PHASE              MONITOR → LEAK
[t=  199] LEAK_START         new leak at (247, 427)
[t=  200] DETECT             0/3 located the leak  λ₂=0.00
[t=  227] DETECT             1/3 located the leak  λ₂=0.00
[t=  240] DETECT             1/3 located the leak  λ₂=0.00
[t=  300] DETECT             1/3 located the leak  λ₂=0.00
[t=  360] DETECT             1/3 located the leak  λ₂=0.00
[t=  420] DETECT             1/3 located the leak  λ₂=0.00
[t=  480] DETECT             1/3 located the leak  λ₂=0.00
[t=  540] DETECT             1/3 located the leak  λ₂=0.00
[t=  600] DETECT             1/3 located the leak  λ₂=0.00
[t=  660] DETECT             1/3 located the leak  λ₂=0.00
[t=  706] DETECT             2/3 located the leak  λ₂=0.00
[t=  720] DETECT             2/3 located the leak  λ₂=0.00
[t=  780] DETECT             2/3 located the leak  λ₂=0.00
[t=  840] DETECT             2/3 located the leak  λ₂=0.00
[t=  882] DETECT             3/3 located the leak  λ₂=0.00
[t=  882] PHASE              LEAK → CONSENSUS
[t=  890] CONSENSUS          σ=21.5px  obs=3H/3T  stable=7/30  λ₂=0.000
[t=  900] CONSENSUS          σ=20.1px  obs=3H/3T  stable=17/30  λ₂=0.000
[t=  910] CONSENSUS          σ=20.6px  obs=3H/3T  stable=27/30  λ₂=0.000
[t=  913] REPORTED           agreed (294, 436) err=47.6px
[t=  913] PHASE              CONSENSUS → REPORTED
