# Simulation started at Sun Jun 28 17:50:54 2026
[t=    0] INIT               5 robots, map 900x600, obstacles=off, sources=1
[t=    0] MODE               entered Hazard Localization
[t=  199] PHASE              MONITOR → LEAK
[t=  199] LEAK_START         new leak at (687, 144)
[t=  200] DETECT             0/3 located the leak  λ₂=3.00
[t=  240] DETECT             0/3 located the leak  λ₂=3.00
[t=  300] DETECT             0/3 located the leak  λ₂=1.00
[t=  360] DETECT             0/3 located the leak  λ₂=1.59
[t=  420] DETECT             0/3 located the leak  λ₂=1.00
[t=  468] DETECT             1/3 located the leak  λ₂=1.00
[t=  480] DETECT             1/3 located the leak  λ₂=1.00
[t=  540] DETECT             1/3 located the leak  λ₂=1.00
[t=  600] DETECT             1/3 located the leak  λ₂=0.00
[t=  646] DETECT             2/3 located the leak  λ₂=0.00
[t=  656] DETECT             3/3 located the leak  λ₂=0.00
[t=  656] PHASE              LEAK → CONSENSUS
[t=  660] CONSENSUS          σ=5.5px  obs=3H/3T  stable=4/30  λ₂=0.000
[t=  670] CONSENSUS          σ=4.0px  obs=3H/3T  stable=14/30  λ₂=0.000
[t=  680] CONSENSUS          σ=4.8px  obs=3H/3T  stable=24/30  λ₂=0.000
[t=  686] REPORTED           agreed (712, 186) err=48.2px
[t=  686] PHASE              CONSENSUS → REPORTED
