# Simulation started at Sun Jun 28 19:08:50 2026
[t=    0] INIT               5 robots, map 900x600, obstacles=off, sources=1
[t=    0] MODE               entered Hazard Localization
[t=  199] PHASE              MONITOR → LEAK
[t=  199] LEAK_START         new leak at (804, 270)
[t=  200] DETECT             0/2 located the leak  λ₂=0.00
[t=  240] DETECT             0/2 located the leak  λ₂=4.00
[t=  300] DETECT             0/2 located the leak  λ₂=2.00
[t=  360] DETECT             0/2 located the leak  λ₂=1.00
[t=  420] DETECT             0/2 located the leak  λ₂=0.00
[t=  471] DETECT             1/2 located the leak  λ₂=0.59
[t=  480] DETECT             1/2 located the leak  λ₂=0.59
[t=  540] DETECT             1/2 located the leak  λ₂=1.00
[t=  550] DETECT             2/2 located the leak  λ₂=1.00
[t=  550] PHASE              LEAK → CONSENSUS
[t=  560] CONSENSUS          σ=20.2px  obs=2H/2T  stable=10/30  λ₂=1.000
[t=  570] CONSENSUS          σ=16.4px  obs=2H/2T  stable=20/30  λ₂=1.000
[t=  580] CONSENSUS          σ=17.3px  obs=2H/2T  stable=30/30  λ₂=1.000
[t=  580] REPORTED           agreed (819, 287) err=23.0px
[t=  580] PHASE              CONSENSUS → REPORTED
