# Simulation started at Sun Jun 28 12:31:50 2026
[t=    0] INIT               5 robots, map 900x600, obstacles=off, sources=1
[t=    0] MODE               entered Hazard Localisation
[t=  199] PHASE              MONITOR → LEAK
[t=  199] LEAK_START         new leak at (800, 276)
[t=  200] DETECT             0/3 located the leak  λ₂=0.00
[t=  216] DETECT             1/3 located the leak  λ₂=0.00
[t=  240] DETECT             1/3 located the leak  λ₂=0.00
[t=  300] DETECT             1/3 located the leak  λ₂=0.00
[t=  360] DETECT             1/3 located the leak  λ₂=0.00
[t=  420] DETECT             1/3 located the leak  λ₂=0.00
[t=  448] DETECT             2/3 located the leak  λ₂=0.00
[t=  480] DETECT             2/3 located the leak  λ₂=0.00
[t=  540] DETECT             2/3 located the leak  λ₂=0.00
[t=  600] DETECT             2/3 located the leak  λ₂=0.00
[t=  660] DETECT             2/3 located the leak  λ₂=0.00
[t=  720] DETECT             2/3 located the leak  λ₂=0.00
[t=  780] DETECT             2/3 located the leak  λ₂=0.00
[t=  840] DETECT             2/3 located the leak  λ₂=0.00
[t=  900] DETECT             2/3 located the leak  λ₂=0.00
[t=  960] DETECT             2/3 located the leak  λ₂=0.00
[t= 1020] DETECT             2/3 located the leak  λ₂=0.00
[t= 1080] DETECT             2/3 located the leak  λ₂=0.00
[t= 1103] DETECT             3/3 located the leak  λ₂=0.00
[t= 1103] PHASE              LEAK → CONSENSUS
[t= 1110] CONSENSUS          σ=6.8px  obs=3H/3T  stable=7/30  λ₂=0.000
[t= 1120] CONSENSUS          σ=2.5px  obs=3H/3T  stable=17/30  λ₂=0.000
[t= 1130] CONSENSUS          σ=4.1px  obs=3H/3T  stable=27/30  λ₂=0.000
[t= 1133] REPORTED           agreed (800, 292) err=16.5px
[t= 1133] PHASE              CONSENSUS → REPORTED
