# Simulation started at Wed Jun 24 13:14:11 2026
[t=    0] INIT               5 robots, map 900x600, obstacles=off, sources=1
[t=    0] MODE               entered Hazard Localisation
[t=   80] MODE               Hazard Localisation → Sensor Degradation & Trust
[t=   80] MODE               exiting Hazard Localisation
[t=   80] MODE               entered Sensor Degradation & Trust
[t=   80] ROBOT              R2: manual degradation triggered
[t=   80] ROBOT              R3: manual degradation triggered
[t=  279] PHASE              MONITOR → LEAK
[t=  279] LEAK_START         new leak at (394, 444)
[t=  587] PHASE              LEAK → CONSENSUS
[t=  590] CONSENSUS          σ=59.6px  obs=1H/3T  stable=0/30  λ₂=0.000
[t=  600] CONSENSUS          σ=54.9px  obs=1H/3T  stable=0/30  λ₂=0.000
[t=  610] CONSENSUS          σ=58.9px  obs=1H/3T  stable=0/30  λ₂=0.000
[t=  620] CONSENSUS          σ=51.6px  obs=1H/3T  stable=0/30  λ₂=0.000
[t=  630] CONSENSUS          σ=0.0px  obs=1H/3T  stable=0/30  λ₂=0.830
[t=  640] CONSENSUS          σ=0.0px  obs=1H/3T  stable=0/30  λ₂=1.000
[t=  650] CONSENSUS          σ=0.0px  obs=1H/3T  stable=0/30  λ₂=1.000
[t=  660] CONSENSUS          σ=0.0px  obs=1H/3T  stable=0/30  λ₂=2.000
[t=  670] CONSENSUS          σ=0.0px  obs=1H/3T  stable=0/30  λ₂=2.000
[t=  680] CONSENSUS          σ=0.0px  obs=1H/3T  stable=0/30  λ₂=3.000
[t=  690] CONSENSUS          σ=0.0px  obs=1H/3T  stable=0/30  λ₂=5.000
[t=  700] CONSENSUS          σ=0.0px  obs=2H/4T  stable=9/30  λ₂=5.000
[t=  710] CONSENSUS          σ=0.0px  obs=2H/4T  stable=19/30  λ₂=5.000
[t=  720] CONSENSUS          σ=0.0px  obs=2H/4T  stable=29/30  λ₂=5.000
[t=  721] REPORTED           agreed (405, 450) err=12.9px
[t=  721] PHASE              CONSENSUS → REPORTED
