# Simulation started at Sun Jul  5 22:30:41 2026
[t=    0] INIT               5 robots, map 900x600, obstacles=off, sources=1
[t=    0] MODE               entered Hazard Localization
[t=  199] PHASE              MONITOR → LEAK
[t=  199] LEAK_START         new leak at (803, 239)
[t=  200] DETECT             0/2 located the leak  λ₂=1.00
[t=  240] DETECT             0/3 located the leak  λ₂=0.00
[t=  300] DETECT             0/3 located the leak  λ₂=0.00
[t=  341] DETECT             1/3 located the leak  λ₂=0.00
[t=  360] DETECT             1/3 located the leak  λ₂=3.00
[t=  373] DETECT             2/3 located the leak  λ₂=3.00
[t=  408] DETECT             3/3 located the leak  λ₂=5.00
[t=  539] DETECT             2/3 located the leak  λ₂=0.00
[t=  540] DETECT             2/3 located the leak  λ₂=0.00
[t=  600] DETECT             2/3 located the leak  λ₂=0.00
[t=  660] DETECT             2/3 located the leak  λ₂=0.00
[t=  720] DETECT             2/3 located the leak  λ₂=0.00
[t=  780] DETECT             2/3 located the leak  λ₂=0.00
[t=  840] DETECT             2/3 located the leak  λ₂=0.00
[t=  900] DETECT             2/3 located the leak  λ₂=0.00
[t=  931] DETECT             3/3 located the leak  λ₂=0.00
[t=  931] PHASE              LEAK → CONSENSUS
[t=  940] CONSENSUS          σ=6.9px  obs=3H/3T  stable=9/30  λ₂=0.000
[t=  950] CONSENSUS          σ=6.3px  obs=3H/3T  stable=19/30  λ₂=0.000
[t=  960] CONSENSUS          σ=5.7px  obs=3H/3T  stable=29/30  λ₂=0.000
[t=  961] REPORTED           agreed (417, 415) err=4.4px
[t=  961] PHASE              CONSENSUS → REPORTED
