# Simulation started at Sat Jun 27 23:13:11 2026
[t=    0] INIT               5 robots, map 900x600, obstacles=off, sources=1
[t=    0] MODE               entered Hazard Localisation
[t=  199] PHASE              MONITOR → LEAK
[t=  199] LEAK_START         new leak at (726, 215)
[t=  200] DETECT             0/3 located the leak  λ₂=0.00
[t=  240] DETECT             0/3 located the leak  λ₂=0.00
[t=  300] DETECT             0/3 located the leak  λ₂=0.00
[t=  360] DETECT             0/3 located the leak  λ₂=0.00
[t=  404] DETECT             1/3 located the leak  λ₂=0.00
[t=  420] DETECT             1/3 located the leak  λ₂=0.00
[t=  473] DETECT             2/3 located the leak  λ₂=0.00
[t=  480] DETECT             2/3 located the leak  λ₂=0.00
[t=  540] DETECT             2/3 located the leak  λ₂=0.00
[t=  592] DETECT             3/3 located the leak  λ₂=0.00
[t=  592] PHASE              LEAK → CONSENSUS
[t=  600] CONSENSUS          σ=15.2px  obs=3H/3T  stable=8/30  λ₂=0.000
[t=  610] CONSENSUS          σ=15.3px  obs=3H/3T  stable=18/30  λ₂=0.000
[t=  620] CONSENSUS          σ=14.1px  obs=3H/3T  stable=28/30  λ₂=0.000
[t=  622] REPORTED           agreed (717, 228) err=15.6px
[t=  622] PHASE              CONSENSUS → REPORTED
