# Simulation started at Sun Jun 28 12:32:04 2026
[t=    0] INIT               5 robots, map 900x600, obstacles=off, sources=1
[t=    0] MODE               entered Hazard Localisation
[t=  199] PHASE              MONITOR → LEAK
[t=  199] LEAK_START         new leak at (464, 97)
[t=  200] DETECT             0/3 located the leak  λ₂=0.00
[t=  240] DETECT             0/3 located the leak  λ₂=0.00
[t=  300] DETECT             0/3 located the leak  λ₂=0.00
[t=  360] DETECT             0/3 located the leak  λ₂=0.00
[t=  420] DETECT             0/3 located the leak  λ₂=0.00
[t=  449] DETECT             1/3 located the leak  λ₂=0.00
[t=  480] DETECT             1/3 located the leak  λ₂=0.00
[t=  540] DETECT             1/3 located the leak  λ₂=0.00
[t=  544] DETECT             2/3 located the leak  λ₂=0.00
[t=  600] DETECT             2/3 located the leak  λ₂=0.00
[t=  660] DETECT             2/3 located the leak  λ₂=0.00
[t=  690] DETECT             3/3 located the leak  λ₂=0.00
[t=  690] PHASE              LEAK → CONSENSUS
[t=  700] CONSENSUS          σ=15.6px  obs=3H/3T  stable=10/30  λ₂=0.000
[t=  710] CONSENSUS          σ=16.3px  obs=3H/3T  stable=20/30  λ₂=0.000
[t=  720] CONSENSUS          σ=17.2px  obs=3H/3T  stable=30/30  λ₂=0.000
[t=  720] REPORTED           agreed (468, 116) err=19.3px
[t=  720] PHASE              CONSENSUS → REPORTED
