# Simulation started at Sun Jun 28 19:06:33 2026
[t=    0] INIT               5 robots, map 900x600, obstacles=off, sources=1
[t=    0] MODE               entered Hazard Localization
[t=  199] PHASE              MONITOR → LEAK
[t=  199] LEAK_START         new leak at (475, 122)
[t=  200] DETECT             0/3 located the leak  λ₂=2.00
[t=  240] DETECT             0/3 located the leak  λ₂=3.00
[t=  300] DETECT             0/3 located the leak  λ₂=3.00
[t=  360] DETECT             0/3 located the leak  λ₂=3.00
[t=  420] DETECT             0/3 located the leak  λ₂=2.00
[t=  446] DETECT             1/3 located the leak  λ₂=3.00
[t=  480] DETECT             1/3 located the leak  λ₂=5.00
[t=  505] DETECT             2/3 located the leak  λ₂=5.00
[t=  540] DETECT             2/3 located the leak  λ₂=5.00
[t=  548] DETECT             4/3 located the leak  λ₂=5.00
[t=  548] PHASE              LEAK → CONSENSUS
[t=  550] CONSENSUS          σ=25.1px  obs=4H/4T  stable=0/30  λ₂=5.000
[t=  560] CONSENSUS          σ=21.9px  obs=4H/4T  stable=7/30  λ₂=5.000
[t=  570] CONSENSUS          σ=16.0px  obs=4H/4T  stable=17/30  λ₂=5.000
[t=  580] CONSENSUS          σ=20.1px  obs=5H/5T  stable=27/30  λ₂=5.000
[t=  583] REPORTED           agreed (485, 151) err=30.5px
[t=  583] PHASE              CONSENSUS → REPORTED
