# Simulation started at Sat Jun 27 23:11:54 2026
[t=    0] INIT               5 robots, map 900x600, obstacles=off, sources=1
[t=    0] MODE               entered Hazard Localisation
[t=  199] PHASE              MONITOR → LEAK
[t=  199] LEAK_START         new leak at (292, 179)
[t=  200] DETECT             0/3 located the leak  λ₂=0.52
[t=  234] DETECT             1/3 located the leak  λ₂=0.00
[t=  240] DETECT             1/3 located the leak  λ₂=0.00
[t=  300] DETECT             1/3 located the leak  λ₂=0.52
[t=  343] DETECT             2/3 located the leak  λ₂=1.00
[t=  360] DETECT             2/3 located the leak  λ₂=1.00
[t=  420] DETECT             2/3 located the leak  λ₂=2.00
[t=  435] DETECT             3/3 located the leak  λ₂=2.00
[t=  435] PHASE              LEAK → CONSENSUS
[t=  440] CONSENSUS          σ=28.1px  obs=3H/3T  stable=0/30  λ₂=2.000
[t=  450] CONSENSUS          σ=21.5px  obs=3H/3T  stable=4/30  λ₂=2.000
[t=  460] CONSENSUS          σ=13.4px  obs=3H/3T  stable=14/30  λ₂=2.000
[t=  470] CONSENSUS          σ=6.0px  obs=3H/3T  stable=24/30  λ₂=2.000
[t=  476] REPORTED           agreed (306, 173) err=14.7px
[t=  476] PHASE              CONSENSUS → REPORTED
