# Simulation started at Sun Jul  5 22:30:48 2026
[t=    0] INIT               5 robots, map 900x600, obstacles=off, sources=1
[t=    0] MODE               entered Hazard Localization
[t=  199] PHASE              MONITOR → LEAK
[t=  199] LEAK_START         new leak at (555, 175)
[t=  201] DETECT             0/3 located the leak  λ₂=0.00
[t=  213] DETECT             1/3 located the leak  λ₂=0.00
[t=  240] DETECT             1/3 located the leak  λ₂=0.00
[t=  279] DETECT             2/3 located the leak  λ₂=0.00
[t=  300] DETECT             2/3 located the leak  λ₂=0.00
[t=  360] DETECT             2/3 located the leak  λ₂=0.00
[t=  420] DETECT             2/3 located the leak  λ₂=0.00
[t=  480] DETECT             2/3 located the leak  λ₂=0.00
[t=  540] DETECT             2/3 located the leak  λ₂=0.00
[t=  600] DETECT             2/3 located the leak  λ₂=0.00
[t=  660] DETECT             2/3 located the leak  λ₂=0.00
[t=  666] DETECT             3/3 located the leak  λ₂=0.00
[t=  666] PHASE              LEAK → CONSENSUS
[t=  670] CONSENSUS          σ=8.6px  obs=3H/3T  stable=4/30  λ₂=0.000
[t=  680] CONSENSUS          σ=3.7px  obs=3H/3T  stable=14/30  λ₂=0.000
[t=  690] CONSENSUS          σ=4.5px  obs=3H/3T  stable=24/30  λ₂=0.000
[t=  696] REPORTED           agreed (539, 175) err=16.0px
[t=  696] PHASE              CONSENSUS → REPORTED
