# Simulation started at Sun Jul  5 22:31:03 2026
[t=    0] INIT               5 robots, map 900x600, obstacles=off, sources=1
[t=    0] MODE               entered Hazard Localization
[t=  199] PHASE              MONITOR → LEAK
[t=  199] LEAK_START         new leak at (243, 514)
[t=  200] DETECT             0/3 located the leak  λ₂=0.00
[t=  240] DETECT             0/3 located the leak  λ₂=0.00
[t=  300] DETECT             0/3 located the leak  λ₂=0.00
[t=  325] DETECT             1/3 located the leak  λ₂=0.00
[t=  360] DETECT             1/3 located the leak  λ₂=0.00
[t=  410] DETECT             2/3 located the leak  λ₂=0.00
[t=  420] DETECT             2/3 located the leak  λ₂=0.00
[t=  480] DETECT             2/3 located the leak  λ₂=0.00
[t=  540] DETECT             2/3 located the leak  λ₂=0.00
[t=  560] DETECT             3/3 located the leak  λ₂=0.00
[t=  560] PHASE              LEAK → CONSENSUS
[t=  570] CONSENSUS          σ=20.0px  obs=3H/3T  stable=10/30  λ₂=0.000
[t=  580] CONSENSUS          σ=12.2px  obs=3H/3T  stable=20/30  λ₂=0.000
[t=  590] CONSENSUS          σ=6.9px  obs=3H/3T  stable=30/30  λ₂=0.000
[t=  590] REPORTED           agreed (253, 512) err=10.5px
[t=  590] PHASE              CONSENSUS → REPORTED
