# Simulation started at Sun Jun 28 18:48:35 2026
[t=    0] INIT               5 robots, map 900x600, obstacles=off, sources=1
[t=    0] MODE               entered Hazard Localization
[t=  199] PHASE              MONITOR → LEAK
[t=  199] LEAK_START         new leak at (188, 514)
[t=  200] DETECT             0/3 located the leak  λ₂=5.00
[t=  240] DETECT             0/3 located the leak  λ₂=3.00
[t=  300] DETECT             0/3 located the leak  λ₂=3.00
[t=  360] DETECT             0/3 located the leak  λ₂=1.00
[t=  377] DETECT             1/3 located the leak  λ₂=3.00
[t=  420] DETECT             1/3 located the leak  λ₂=1.00
[t=  480] DETECT             1/3 located the leak  λ₂=1.00
[t=  505] DETECT             2/3 located the leak  λ₂=0.00
[t=  506] DETECT             3/3 located the leak  λ₂=0.00
[t=  506] PHASE              LEAK → CONSENSUS
[t=  510] CONSENSUS          σ=27.8px  obs=3H/3T  stable=0/30  λ₂=0.000
[t=  520] CONSENSUS          σ=21.1px  obs=3H/3T  stable=5/30  λ₂=0.000
[t=  530] CONSENSUS          σ=13.1px  obs=3H/3T  stable=15/30  λ₂=0.000
[t=  540] CONSENSUS          σ=6.6px  obs=3H/3T  stable=25/30  λ₂=0.000
[t=  545] REPORTED           agreed (188, 502) err=12.4px
[t=  545] PHASE              CONSENSUS → REPORTED
