# Simulation started at Sun Jul  5 22:31:26 2026
[t=    0] INIT               5 robots, map 900x600, obstacles=off, sources=1
[t=    0] MODE               entered Hazard Localization
[t=  199] PHASE              MONITOR → LEAK
[t=  199] LEAK_START         new leak at (748, 383)
[t=  200] DETECT             0/3 located the leak  λ₂=2.00
[t=  240] DETECT             0/3 located the leak  λ₂=1.38
[t=  300] DETECT             0/3 located the leak  λ₂=0.52
[t=  318] DETECT             1/3 located the leak  λ₂=0.52
[t=  360] DETECT             2/3 located the leak  λ₂=0.52
[t=  420] DETECT             2/3 located the leak  λ₂=3.00
[t=  480] DETECT             2/3 located the leak  λ₂=5.00
[t=  540] DETECT             2/3 located the leak  λ₂=5.00
[t=  572] DETECT             3/3 located the leak  λ₂=5.00
[t=  572] PHASE              LEAK → CONSENSUS
[t=  580] CONSENSUS          σ=7.3px  obs=3H/3T  stable=8/30  λ₂=5.000
[t=  590] CONSENSUS          σ=5.5px  obs=3H/3T  stable=18/30  λ₂=5.000
[t=  600] CONSENSUS          σ=7.7px  obs=4H/4T  stable=28/30  λ₂=5.000
[t=  602] REPORTED           agreed (739, 385) err=8.5px
[t=  602] PHASE              CONSENSUS → REPORTED
