# Simulation started at Sun Jun 28 17:52:39 2026
[t=    0] INIT               5 robots, map 900x600, obstacles=off, sources=1
[t=    0] MODE               entered Hazard Localization
[t=  199] PHASE              MONITOR → LEAK
[t=  199] LEAK_START         new leak at (791, 302)
[t=  200] DETECT             0/3 located the leak  λ₂=2.00
[t=  240] DETECT             0/3 located the leak  λ₂=1.00
[t=  300] DETECT             0/3 located the leak  λ₂=0.83
[t=  360] DETECT             0/3 located the leak  λ₂=1.59
[t=  420] DETECT             0/3 located the leak  λ₂=1.59
[t=  428] DETECT             1/3 located the leak  λ₂=1.59
[t=  474] DETECT             2/3 located the leak  λ₂=0.52
[t=  480] DETECT             2/3 located the leak  λ₂=0.52
[t=  525] DETECT             3/3 located the leak  λ₂=0.52
[t=  525] PHASE              LEAK → CONSENSUS
[t=  530] CONSENSUS          σ=7.6px  obs=3H/3T  stable=5/30  λ₂=0.519
[t=  540] CONSENSUS          σ=3.8px  obs=3H/3T  stable=15/30  λ₂=0.830
[t=  550] CONSENSUS          σ=4.3px  obs=3H/3T  stable=25/30  λ₂=0.830
[t=  555] REPORTED           agreed (798, 287) err=16.2px
[t=  555] PHASE              CONSENSUS → REPORTED
