# Simulation started at Sun Jun 28 17:55:18 2026
[t=    0] INIT               5 robots, map 900x600, obstacles=off, sources=1
[t=    0] MODE               entered Hazard Localization
[t=  199] PHASE              MONITOR → LEAK
[t=  199] LEAK_START         new leak at (597, 415)
[t=  201] DETECT             0/3 located the leak  λ₂=1.00
[t=  240] DETECT             0/3 located the leak  λ₂=0.52
[t=  300] DETECT             0/3 located the leak  λ₂=1.00
[t=  360] DETECT             0/3 located the leak  λ₂=1.59
[t=  420] DETECT             0/3 located the leak  λ₂=1.00
[t=  480] DETECT             0/3 located the leak  λ₂=1.38
[t=  540] DETECT             0/3 located the leak  λ₂=0.52
[t=  600] DETECT             0/3 located the leak  λ₂=0.38
[t=  660] DETECT             0/3 located the leak  λ₂=0.38
[t=  720] DETECT             0/3 located the leak  λ₂=1.59
[t=  766] DETECT             1/3 located the leak  λ₂=1.00
[t=  780] DETECT             1/3 located the leak  λ₂=1.59
[t=  820] DETECT             2/3 located the leak  λ₂=5.00
[t=  838] DETECT             3/3 located the leak  λ₂=5.00
[t=  838] PHASE              LEAK → CONSENSUS
[t=  840] CONSENSUS          σ=17.5px  obs=3H/3T  stable=2/30  λ₂=5.000
[t=  850] CONSENSUS          σ=11.4px  obs=3H/3T  stable=12/30  λ₂=5.000
[t=  860] CONSENSUS          σ=5.3px  obs=3H/3T  stable=22/30  λ₂=5.000
[t=  868] REPORTED           agreed (598, 410) err=5.0px
[t=  868] PHASE              CONSENSUS → REPORTED
