# Simulation started at Sat Jun 27 23:00:00 2026
[t=    0] INIT               5 robots, map 900x600, obstacles=off, sources=1
[t=    0] MODE               entered Hazard Localization
[t=  199] PHASE              MONITOR → LEAK
[t=  199] LEAK_START         new leak at (444, 221)
[t=  200] DETECT             0/3 located the leak  λ₂=2.00
[t=  240] DETECT             0/3 located the leak  λ₂=1.59
[t=  260] DETECT             1/3 located the leak  λ₂=1.59
[t=  300] DETECT             1/3 located the leak  λ₂=2.00
[t=  303] DETECT             2/3 located the leak  λ₂=2.00
[t=  354] DETECT             3/3 located the leak  λ₂=5.00
[t=  354] PHASE              LEAK → CONSENSUS
[t=  360] CONSENSUS          σ=25.5px  obs=3H/3T  stable=0/30  λ₂=5.000
[t=  370] CONSENSUS          σ=22.8px  obs=3H/3T  stable=9/30  λ₂=5.000
[t=  380] CONSENSUS          σ=20.0px  obs=3H/3T  stable=19/30  λ₂=5.000
[t=  390] CONSENSUS          σ=23.9px  obs=4H/4T  stable=15/30  λ₂=5.000
[t=  400] CONSENSUS          σ=25.0px  obs=5H/5T  stable=11/30  λ₂=5.000
[t=  410] CONSENSUS          σ=17.9px  obs=5H/5T  stable=21/30  λ₂=5.000
[t=  419] REPORTED           agreed (461, 249) err=33.2px
[t=  419] PHASE              CONSENSUS → REPORTED
