# Simulation started at Sat Jun 27 23:10:44 2026
[t=    0] INIT               5 robots, map 900x600, obstacles=off, sources=1
[t=    0] MODE               entered Hazard Localisation
[t=  199] PHASE              MONITOR → LEAK
[t=  199] LEAK_START         new leak at (164, 393)
[t=  200] DETECT             0/3 located the leak  λ₂=0.00
[t=  240] DETECT             0/3 located the leak  λ₂=0.00
[t=  265] DETECT             1/3 located the leak  λ₂=0.00
[t=  293] DETECT             2/3 located the leak  λ₂=0.00
[t=  300] DETECT             2/3 located the leak  λ₂=0.00
[t=  360] DETECT             2/3 located the leak  λ₂=0.00
[t=  420] DETECT             2/3 located the leak  λ₂=0.00
[t=  480] DETECT             2/3 located the leak  λ₂=0.00
[t=  525] DETECT             3/3 located the leak  λ₂=0.00
[t=  525] PHASE              LEAK → CONSENSUS
[t=  530] CONSENSUS          σ=16.9px  obs=3H/3T  stable=5/30  λ₂=0.000
[t=  540] CONSENSUS          σ=16.6px  obs=3H/3T  stable=15/30  λ₂=0.000
[t=  550] CONSENSUS          σ=16.3px  obs=3H/3T  stable=25/30  λ₂=0.000
[t=  555] REPORTED           agreed (169, 375) err=18.7px
[t=  555] PHASE              CONSENSUS → REPORTED
