# Simulation started at Sun Jul  5 22:31:06 2026
[t=    0] INIT               5 robots, map 900x600, obstacles=off, sources=1
[t=    0] MODE               entered Hazard Localization
[t=  199] PHASE              MONITOR → LEAK
[t=  199] LEAK_START         new leak at (416, 481)
[t=  200] DETECT             0/3 located the leak  λ₂=0.00
[t=  240] DETECT             0/3 located the leak  λ₂=1.00
[t=  257] DETECT             1/3 located the leak  λ₂=1.59
[t=  294] DETECT             2/3 located the leak  λ₂=2.00
[t=  300] DETECT             2/3 located the leak  λ₂=2.00
[t=  360] DETECT             2/3 located the leak  λ₂=5.00
[t=  392] DETECT             3/3 located the leak  λ₂=5.00
[t=  392] PHASE              LEAK → CONSENSUS
[t=  400] CONSENSUS          σ=12.7px  obs=4H/4T  stable=8/30  λ₂=5.000
[t=  410] CONSENSUS          σ=8.4px  obs=4H/4T  stable=18/30  λ₂=5.000
[t=  420] CONSENSUS          σ=6.3px  obs=4H/4T  stable=28/30  λ₂=5.000
[t=  422] REPORTED           agreed (415, 485) err=3.9px
[t=  422] PHASE              CONSENSUS → REPORTED
err=10.9px
[t=  510] PHASE              CONSENSUS → REPORTED
