# Simulation started at Sun Jun 28 19:08:47 2026
[t=    0] INIT               5 robots, map 900x600, obstacles=off, sources=1
[t=    0] MODE               entered Hazard Localization
[t=  199] PHASE              MONITOR → LEAK
[t=  199] LEAK_START         new leak at (168, 110)
[t=  200] DETECT             0/2 located the leak  λ₂=0.59
[t=  240] DETECT             0/2 located the leak  λ₂=1.00
[t=  300] DETECT             0/2 located the leak  λ₂=1.00
[t=  360] DETECT             0/2 located the leak  λ₂=0.00
[t=  420] DETECT             0/2 located the leak  λ₂=1.00
[t=  480] DETECT             0/2 located the leak  λ₂=1.00
[t=  540] DETECT             0/2 located the leak  λ₂=4.00
[t=  600] DETECT             0/2 located the leak  λ₂=2.00
[t=  608] DETECT             1/2 located the leak  λ₂=2.00
[t=  660] DETECT             1/2 located the leak  λ₂=4.00
[t=  703] DETECT             2/2 located the leak  λ₂=4.00
[t=  703] PHASE              LEAK → CONSENSUS
[t=  710] CONSENSUS          σ=15.3px  obs=2H/2T  stable=7/30  λ₂=4.000
[t=  720] CONSENSUS          σ=8.2px  obs=2H/2T  stable=17/30  λ₂=4.000
[t=  730] CONSENSUS          σ=7.1px  obs=2H/2T  stable=27/30  λ₂=4.000
[t=  733] REPORTED           agreed (216, 138) err=55.5px
[t=  733] PHASE              CONSENSUS → REPORTED
