# Simulation started at Sun Jul  5 22:30:50 2026
[t=    0] INIT               5 robots, map 900x600, obstacles=off, sources=1
[t=    0] MODE               entered Hazard Localization
[t=  199] PHASE              MONITOR → LEAK
[t=  199] LEAK_START         new leak at (250, 293)
[t=  200] DETECT             0/3 located the leak  λ₂=0.00
[t=  240] DETECT             0/3 located the leak  λ₂=0.00
[t=  300] DETECT             0/3 located the leak  λ₂=0.00
[t=  360] DETECT             0/3 located the leak  λ₂=0.00
[t=  420] DETECT             0/3 located the leak  λ₂=0.83
[t=  480] DETECT             0/3 located the leak  λ₂=0.52
[t=  481] DETECT             1/3 located the leak  λ₂=0.52
[t=  540] DETECT             1/3 located the leak  λ₂=1.59
[t=  600] DETECT             1/3 located the leak  λ₂=3.00
[t=  620] DETECT             2/3 located the leak  λ₂=5.00
[t=  634] DETECT             3/3 located the leak  λ₂=5.00
[t=  634] PHASE              LEAK → CONSENSUS
[t=  640] CONSENSUS          σ=16.5px  obs=3H/3T  stable=6/30  λ₂=5.000
[t=  650] CONSENSUS          σ=11.4px  obs=3H/3T  stable=16/30  λ₂=5.000
[t=  660] CONSENSUS          σ=10.3px  obs=4H/4T  stable=26/30  λ₂=5.000
[t=  664] REPORTED           agreed (459, 494) err=7.2px
[t=  664] PHASE              CONSENSUS → REPORTED
