# Simulation started at Sun Jun 28 19:07:19 2026
[t=    0] INIT               5 robots, map 900x600, obstacles=off, sources=1
[t=    0] MODE               entered Hazard Localization
[t=  199] PHASE              MONITOR → LEAK
[t=  199] LEAK_START         new leak at (154, 343)
[t=  200] DETECT             0/3 located the leak  λ₂=0.00
[t=  240] DETECT             0/3 located the leak  λ₂=0.00
[t=  300] DETECT             0/3 located the leak  λ₂=0.00
[t=  360] DETECT             0/3 located the leak  λ₂=0.00
[t=  420] DETECT             0/3 located the leak  λ₂=0.00
[t=  480] DETECT             0/3 located the leak  λ₂=0.00
[t=  503] DETECT             1/3 located the leak  λ₂=0.00
[t=  540] DETECT             1/3 located the leak  λ₂=0.00
[t=  542] DETECT             2/3 located the leak  λ₂=0.00
[t=  600] DETECT             2/3 located the leak  λ₂=0.00
[t=  637] DETECT             3/3 located the leak  λ₂=0.00
[t=  637] PHASE              LEAK → CONSENSUS
[t=  640] CONSENSUS          σ=27.0px  obs=3H/3T  stable=0/30  λ₂=0.000
[t=  650] CONSENSUS          σ=21.8px  obs=3H/3T  stable=6/30  λ₂=0.000
[t=  660] CONSENSUS          σ=18.5px  obs=3H/3T  stable=16/30  λ₂=0.000
[t=  670] CONSENSUS          σ=17.8px  obs=3H/3T  stable=26/30  λ₂=0.000
[t=  674] REPORTED           agreed (193, 347) err=39.2px
[t=  674] PHASE              CONSENSUS → REPORTED
