# Simulation started at Sun Jun 28 12:30:51 2026
[t=    0] INIT               5 robots, map 900x600, obstacles=off, sources=1
[t=    0] MODE               entered Hazard Localisation
[t=  199] PHASE              MONITOR → LEAK
[t=  199] LEAK_START         new leak at (543, 322)
[t=  200] DETECT             0/3 located the leak  λ₂=0.00
[t=  240] DETECT             0/3 located the leak  λ₂=0.00
[t=  300] DETECT             0/3 located the leak  λ₂=0.00
[t=  360] DETECT             0/3 located the leak  λ₂=0.00
[t=  420] DETECT             0/3 located the leak  λ₂=0.00
[t=  480] DETECT             0/3 located the leak  λ₂=0.00
[t=  540] DETECT             0/3 located the leak  λ₂=0.00
[t=  554] DETECT             1/3 located the leak  λ₂=0.00
[t=  580] DETECT             2/3 located the leak  λ₂=0.00
[t=  600] DETECT             2/3 located the leak  λ₂=0.00
[t=  660] DETECT             2/3 located the leak  λ₂=0.00
[t=  720] DETECT             2/3 located the leak  λ₂=0.00
[t=  780] DETECT             2/3 located the leak  λ₂=0.00
[t=  840] DETECT             2/3 located the leak  λ₂=0.00
[t=  900] DETECT             2/3 located the leak  λ₂=0.00
[t=  960] DETECT             2/3 located the leak  λ₂=0.00
[t= 1020] DETECT             2/3 located the leak  λ₂=0.00
[t= 1038] DETECT             3/3 located the leak  λ₂=0.00
[t= 1038] PHASE              LEAK → CONSENSUS
[t= 1040] CONSENSUS          σ=22.5px  obs=3H/3T  stable=2/30  λ₂=0.000
[t= 1050] CONSENSUS          σ=18.6px  obs=3H/3T  stable=12/30  λ₂=0.000
[t= 1060] CONSENSUS          σ=15.3px  obs=3H/3T  stable=22/30  λ₂=0.000
[t= 1068] REPORTED           agreed (575, 333) err=34.4px
[t= 1068] PHASE              CONSENSUS → REPORTED
