# Simulation started at Sun Jun 28 18:48:26 2026
[t=    0] INIT               5 robots, map 900x600, obstacles=off, sources=1
[t=    0] MODE               entered Hazard Localization
[t=  199] PHASE              MONITOR → LEAK
[t=  199] LEAK_START         new leak at (730, 403)
[t=  200] DETECT             0/3 located the leak  λ₂=5.00
[t=  240] DETECT             0/3 located the leak  λ₂=5.00
[t=  300] DETECT             0/3 located the leak  λ₂=5.00
[t=  360] DETECT             0/3 located the leak  λ₂=5.00
[t=  420] DETECT             0/3 located the leak  λ₂=5.00
[t=  480] DETECT             0/3 located the leak  λ₂=5.00
[t=  540] DETECT             0/3 located the leak  λ₂=5.00
[t=  600] DETECT             0/3 located the leak  λ₂=5.00
[t=  660] DETECT             0/3 located the leak  λ₂=5.00
[t=  720] DETECT             0/3 located the leak  λ₂=5.00
[t=  780] DETECT             0/3 located the leak  λ₂=2.00
[t=  840] DETECT             0/3 located the leak  λ₂=2.00
[t=  900] DETECT             0/3 located the leak  λ₂=1.00
[t=  960] DETECT             0/3 located the leak  λ₂=1.59
[t= 1020] DETECT             0/3 located the leak  λ₂=1.00
[t= 1080] DETECT             0/3 located the leak  λ₂=2.00
[t= 1140] DETECT             0/3 located the leak  λ₂=5.00
[t= 1200] DETECT             0/3 located the leak  λ₂=5.00
[t= 1221] DETECT             1/3 located the leak  λ₂=5.00
[t= 1260] DETECT             1/3 located the leak  λ₂=5.00
[t= 1320] DETECT             1/3 located the leak  λ₂=5.00
[t= 1351] DETECT             2/3 located the leak  λ₂=5.00
[t= 1380] DETECT             2/3 located the leak  λ₂=5.00
[t= 1391] DETECT             3/3 located the leak  λ₂=5.00
[t= 1391] PHASE              LEAK → CONSENSUS
[t= 1400] CONSENSUS          σ=11.1px  obs=3H/3T  stable=9/30  λ₂=5.000
[t= 1410] CONSENSUS          σ=14.1px  obs=3H/3T  stable=19/30  λ₂=5.000
[t= 1420] CONSENSUS          σ=14.0px  obs=3H/3T  stable=29/30  λ₂=5.000
[t= 1421] REPORTED           agreed (709, 428) err=32.1px
[t= 1421] PHASE              CONSENSUS → REPORTED
