# Simulation started at Sun Jun 28 18:45:55 2026
[t=    0] INIT               5 robots, map 900x600, obstacles=off, sources=1
[t=    0] MODE               entered Hazard Localization
[t=  199] PHASE              MONITOR → LEAK
[t=  199] LEAK_START         new leak at (151, 238)
[t=  200] DETECT             0/3 located the leak  λ₂=0.00
[t=  240] DETECT             0/3 located the leak  λ₂=0.00
[t=  300] DETECT             0/3 located the leak  λ₂=0.00
[t=  360] DETECT             0/3 located the leak  λ₂=0.00
[t=  420] DETECT             0/3 located the leak  λ₂=0.00
[t=  463] DETECT             1/3 located the leak  λ₂=0.00
[t=  480] DETECT             1/3 located the leak  λ₂=0.00
[t=  540] DETECT             1/3 located the leak  λ₂=0.00
[t=  600] DETECT             1/3 located the leak  λ₂=0.00
[t=  660] DETECT             1/3 located the leak  λ₂=0.00
[t=  720] DETECT             1/3 located the leak  λ₂=0.00
[t=  780] DETECT             1/3 located the leak  λ₂=0.00
[t=  840] DETECT             1/3 located the leak  λ₂=0.00
[t=  886] DETECT             2/3 located the leak  λ₂=0.00
[t=  900] DETECT             2/3 located the leak  λ₂=0.00
[t=  917] DETECT             3/3 located the leak  λ₂=0.00
[t=  917] PHASE              LEAK → CONSENSUS
[t=  920] CONSENSUS          σ=17.3px  obs=3H/3T  stable=3/30  λ₂=0.000
[t=  930] CONSENSUS          σ=15.3px  obs=3H/3T  stable=13/30  λ₂=0.000
[t=  940] CONSENSUS          σ=14.0px  obs=3H/3T  stable=23/30  λ₂=0.000
[t=  947] REPORTED           agreed (200, 246) err=50.0px
[t=  947] PHASE              CONSENSUS → REPORTED
