# Simulation started at Sat Jun 27 23:22:10 2026
[t=    0] INIT               5 robots, map 900x600, obstacles=off, sources=1
[t=    0] MODE               entered Hazard Localisation
[t=  199] PHASE              MONITOR → LEAK
[t=  199] LEAK_START         new leak at (376, 485)
[t=  200] DETECT             0/3 located the leak  λ₂=0.00
[t=  240] DETECT             0/3 located the leak  λ₂=0.00
[t=  300] DETECT             0/3 located the leak  λ₂=0.00
[t=  324] DETECT             1/3 located the leak  λ₂=0.00
[t=  360] DETECT             1/3 located the leak  λ₂=0.00
[t=  403] DETECT             2/3 located the leak  λ₂=0.00
[t=  420] DETECT             2/3 located the leak  λ₂=0.00
[t=  480] DETECT             2/3 located the leak  λ₂=0.00
[t=  540] DETECT             2/3 located the leak  λ₂=0.00
[t=  600] DETECT             2/3 located the leak  λ₂=0.00
[t=  660] DETECT             2/3 located the leak  λ₂=0.00
[t=  664] DETECT             3/3 located the leak  λ₂=0.00
[t=  664] PHASE              LEAK → CONSENSUS
[t=  670] CONSENSUS          σ=19.0px  obs=3H/3T  stable=6/30  λ₂=0.000
[t=  680] CONSENSUS          σ=14.3px  obs=3H/3T  stable=16/30  λ₂=0.000
[t=  690] CONSENSUS          σ=12.7px  obs=3H/3T  stable=26/30  λ₂=0.000
[t=  694] REPORTED           agreed (392, 492) err=18.1px
[t=  694] PHASE              CONSENSUS → REPORTED
