# Simulation started at Sat Jun 27 23:07:15 2026
[t=    0] INIT               5 robots, map 900x600, obstacles=off, sources=1
[t=    0] MODE               entered Hazard Localisation
[t=  199] PHASE              MONITOR → LEAK
[t=  199] LEAK_START         new leak at (523, 369)
[t=  200] DETECT             0/3 located the leak  λ₂=0.00
[t=  240] DETECT             0/3 located the leak  λ₂=0.00
[t=  300] DETECT             0/3 located the leak  λ₂=0.00
[t=  340] DETECT             1/3 located the leak  λ₂=0.00
[t=  360] DETECT             1/3 located the leak  λ₂=0.00
[t=  401] DETECT             2/3 located the leak  λ₂=0.00
[t=  420] DETECT             2/3 located the leak  λ₂=0.00
[t=  480] DETECT             2/3 located the leak  λ₂=0.00
[t=  540] DETECT             2/3 located the leak  λ₂=0.00
[t=  600] DETECT             2/3 located the leak  λ₂=0.00
[t=  624] DETECT             3/3 located the leak  λ₂=0.00
[t=  624] PHASE              LEAK → CONSENSUS
[t=  630] CONSENSUS          σ=9.7px  obs=3H/3T  stable=6/30  λ₂=0.000
[t=  640] CONSENSUS          σ=12.0px  obs=3H/3T  stable=16/30  λ₂=0.000
[t=  650] CONSENSUS          σ=12.9px  obs=3H/3T  stable=26/30  λ₂=0.000
[t=  654] REPORTED           agreed (560, 366) err=37.4px
[t=  654] PHASE              CONSENSUS → REPORTED
