# Simulation started at Sun Jul  5 22:31:21 2026
[t=    0] INIT               5 robots, map 900x600, obstacles=off, sources=1
[t=    0] MODE               entered Hazard Localization
[t=  199] PHASE              MONITOR → LEAK
[t=  199] LEAK_START         new leak at (285, 187)
[t=  200] DETECT             0/3 located the leak  λ₂=0.00
[t=  240] DETECT             0/3 located the leak  λ₂=0.00
[t=  300] DETECT             0/3 located the leak  λ₂=0.00
[t=  360] DETECT             0/3 located the leak  λ₂=0.00
[t=  420] DETECT             0/3 located the leak  λ₂=0.00
[t=  480] DETECT             0/3 located the leak  λ₂=0.00
[t=  492] DETECT             1/3 located the leak  λ₂=0.00
[t=  540] DETECT             1/3 located the leak  λ₂=0.00
[t=  561] DETECT             2/3 located the leak  λ₂=0.00
[t=  600] DETECT             2/3 located the leak  λ₂=0.00
[t=  660] DETECT             2/3 located the leak  λ₂=0.00
[t=  720] DETECT             2/3 located the leak  λ₂=0.00
[t=  780] DETECT             2/3 located the leak  λ₂=0.00
[t=  804] DETECT             3/3 located the leak  λ₂=0.00
[t=  804] PHASE              LEAK → CONSENSUS
[t=  810] CONSENSUS          σ=25.3px  obs=3H/3T  stable=0/30  λ₂=0.000
[t=  820] CONSENSUS          σ=19.2px  obs=3H/3T  stable=10/30  λ₂=0.000
[t=  830] CONSENSUS          σ=11.7px  obs=3H/3T  stable=20/30  λ₂=0.000
[t=  840] CONSENSUS          σ=7.4px  obs=3H/3T  stable=30/30  λ₂=-0.000
[t=  840] REPORTED           agreed (293, 181) err=9.6px
[t=  840] PHASE              CONSENSUS → REPORTED
