# Simulation started at Sat Jun 27 23:25:40 2026
[t=    0] INIT               5 robots, map 900x600, obstacles=off, sources=1
[t=    0] MODE               entered Hazard Localisation
[t=  199] PHASE              MONITOR → LEAK
[t=  199] LEAK_START         new leak at (442, 169)
[t=  200] DETECT             0/3 located the leak  λ₂=0.00
[t=  240] DETECT             0/3 located the leak  λ₂=0.00
[t=  300] DETECT             0/3 located the leak  λ₂=0.00
[t=  360] DETECT             0/3 located the leak  λ₂=0.00
[t=  374] DETECT             1/3 located the leak  λ₂=0.00
[t=  420] DETECT             1/3 located the leak  λ₂=0.00
[t=  449] DETECT             2/3 located the leak  λ₂=0.00
[t=  480] DETECT             2/3 located the leak  λ₂=-0.00
[t=  540] DETECT             3/3 located the leak  λ₂=0.00
[t=  540] PHASE              LEAK → CONSENSUS
[t=  550] CONSENSUS          σ=19.2px  obs=3H/3T  stable=10/30  λ₂=0.000
[t=  560] CONSENSUS          σ=18.6px  obs=3H/3T  stable=20/30  λ₂=0.000
[t=  570] CONSENSUS          σ=18.8px  obs=3H/3T  stable=30/30  λ₂=0.000
[t=  570] REPORTED           agreed (482, 185) err=43.2px
[t=  570] PHASE              CONSENSUS → REPORTED
