# Simulation started at Sun Jun 28 12:22:12 2026
[t=    0] INIT               5 robots, map 900x600, obstacles=off, sources=1
[t=    0] MODE               entered Hazard Localisation
[t=  199] PHASE              MONITOR → LEAK
[t=  199] LEAK_START         new leak at (685, 80)
[t=  200] DETECT             0/3 located the leak  λ₂=0.52
[t=  240] DETECT             0/3 located the leak  λ₂=0.38
[t=  300] DETECT             0/3 located the leak  λ₂=0.52
[t=  359] DETECT             1/3 located the leak  λ₂=0.52
[t=  360] DETECT             1/3 located the leak  λ₂=0.52
[t=  420] DETECT             1/3 located the leak  λ₂=0.52
[t=  468] DETECT             2/3 located the leak  λ₂=0.52
[t=  480] DETECT             2/3 located the leak  λ₂=0.83
[t=  540] DETECT             2/3 located the leak  λ₂=1.00
[t=  562] DETECT             3/3 located the leak  λ₂=1.00
[t=  562] PHASE              LEAK → CONSENSUS
[t=  570] CONSENSUS          σ=14.8px  obs=3H/3T  stable=8/30  λ₂=1.000
[t=  580] CONSENSUS          σ=11.2px  obs=3H/3T  stable=18/30  λ₂=1.000
[t=  590] CONSENSUS          σ=11.5px  obs=3H/3T  stable=28/30  λ₂=2.000
[t=  592] REPORTED           agreed (693, 113) err=33.3px
[t=  592] PHASE              CONSENSUS → REPORTED
