# Simulation started at Sat Jun 27 22:54:00 2026
[t=    0] INIT               5 robots, map 900x600, obstacles=off, sources=1
[t=    0] MODE               entered Hazard Localisation
[t=  199] PHASE              MONITOR → LEAK
[t=  199] LEAK_START         new leak at (585, 106)
[t=  200] DETECT             0/3 located the leak  λ₂=1.00
[t=  240] DETECT             0/3 located the leak  λ₂=1.00
[t=  300] DETECT             0/3 located the leak  λ₂=2.00
[t=  360] DETECT             0/3 located the leak  λ₂=2.00
[t=  403] DETECT             1/3 located the leak  λ₂=2.00
[t=  420] DETECT             1/3 located the leak  λ₂=2.00
[t=  463] DETECT             2/3 located the leak  λ₂=5.00
[t=  480] DETECT             2/3 located the leak  λ₂=5.00
[t=  540] DETECT             2/3 located the leak  λ₂=5.00
[t=  555] DETECT             3/3 located the leak  λ₂=5.00
[t=  555] PHASE              LEAK → CONSENSUS
[t=  560] CONSENSUS          σ=7.6px  obs=3H/3T  stable=5/30  λ₂=5.000
[t=  570] CONSENSUS          σ=2.2px  obs=3H/3T  stable=15/30  λ₂=5.000
[t=  580] CONSENSUS          σ=0.8px  obs=3H/3T  stable=25/30  λ₂=5.000
[t=  585] REPORTED           agreed (594, 127) err=22.3px
[t=  585] PHASE              CONSENSUS → REPORTED
