# Simulation started at Sun Jun 28 18:46:51 2026
[t=    0] INIT               5 robots, map 900x600, obstacles=off, sources=1
[t=    0] MODE               entered Hazard Localization
[t=  199] PHASE              MONITOR → LEAK
[t=  199] LEAK_START         new leak at (718, 497)
[t=  200] DETECT             0/3 located the leak  λ₂=0.00
[t=  240] DETECT             0/3 located the leak  λ₂=0.00
[t=  268] DETECT             1/3 located the leak  λ₂=0.00
[t=  300] DETECT             1/3 located the leak  λ₂=0.00
[t=  360] DETECT             1/3 located the leak  λ₂=0.00
[t=  363] DETECT             2/3 located the leak  λ₂=0.00
[t=  420] DETECT             2/3 located the leak  λ₂=0.00
[t=  480] DETECT             2/3 located the leak  λ₂=0.00
[t=  540] DETECT             2/3 located the leak  λ₂=0.00
[t=  600] DETECT             2/3 located the leak  λ₂=0.00
[t=  660] DETECT             2/3 located the leak  λ₂=0.00
[t=  720] DETECT             2/3 located the leak  λ₂=0.00
[t=  728] DETECT             3/3 located the leak  λ₂=0.00
[t=  728] PHASE              LEAK → CONSENSUS
[t=  730] CONSENSUS          σ=0.7px  obs=3H/3T  stable=2/30  λ₂=0.000
[t=  740] CONSENSUS          σ=0.9px  obs=3H/3T  stable=12/30  λ₂=0.000
[t=  750] CONSENSUS          σ=0.8px  obs=3H/3T  stable=22/30  λ₂=0.000
[t=  758] REPORTED           agreed (726, 469) err=29.5px
[t=  758] PHASE              CONSENSUS → REPORTED
