# Simulation started at Sun Jun 28 12:32:16 2026
[t=    0] INIT               5 robots, map 900x600, obstacles=off, sources=1
[t=    0] MODE               entered Hazard Localisation
[t=  199] PHASE              MONITOR → LEAK
[t=  199] LEAK_START         new leak at (793, 86)
[t=  200] DETECT             0/3 located the leak  λ₂=0.00
[t=  240] DETECT             0/3 located the leak  λ₂=0.00
[t=  275] DETECT             1/3 located the leak  λ₂=0.00
[t=  300] DETECT             1/3 located the leak  λ₂=0.00
[t=  360] DETECT             1/3 located the leak  λ₂=0.00
[t=  420] DETECT             1/3 located the leak  λ₂=0.00
[t=  480] DETECT             1/3 located the leak  λ₂=0.00
[t=  540] DETECT             1/3 located the leak  λ₂=0.00
[t=  600] DETECT             1/3 located the leak  λ₂=0.00
[t=  660] DETECT             1/3 located the leak  λ₂=0.00
[t=  720] DETECT             1/3 located the leak  λ₂=0.00
[t=  742] DETECT             2/3 located the leak  λ₂=0.00
[t=  780] DETECT             2/3 located the leak  λ₂=0.00
[t=  840] DETECT             2/3 located the leak  λ₂=0.00
[t=  900] DETECT             2/3 located the leak  λ₂=0.00
[t=  960] DETECT             2/3 located the leak  λ₂=0.00
[t= 1020] DETECT             2/3 located the leak  λ₂=0.00
[t= 1080] DETECT             2/3 located the leak  λ₂=0.00
[t= 1140] DETECT             2/3 located the leak  λ₂=0.00
[t= 1200] DETECT             2/3 located the leak  λ₂=0.00
[t= 1260] DETECT             2/3 located the leak  λ₂=0.00
[t= 1320] DETECT             2/3 located the leak  λ₂=0.00
[t= 1380] DETECT             2/3 located the leak  λ₂=0.00
[t= 1440] DETECT             2/3 located the leak  λ₂=0.00
[t= 1458] DETECT             3/3 located the leak  λ₂=0.00
[t= 1458] PHASE              LEAK → CONSENSUS
[t= 1460] CONSENSUS          σ=24.5px  obs=3H/3T  stable=2/30  λ₂=0.000
[t= 1470] CONSENSUS          σ=19.6px  obs=3H/3T  stable=12/30  λ₂=0.000
[t= 1480] CONSENSUS          σ=14.7px  obs=3H/3T  stable=22/30  λ₂=0.000
[t= 1488] REPORTED           agreed (805, 125) err=40.9px
[t= 1488] PHASE              CONSENSUS → REPORTED
