# Simulation started at Sun Jul  5 22:30:23 2026
[t=    0] INIT               5 robots, map 900x600, obstacles=off, sources=1
[t=    0] MODE               entered Hazard Localization
[t=   81] MODE               Hazard Localization → Sensor Degradation & Trust
[t=   81] MODE               exiting Hazard Localization
[t=   81] MODE               entered Sensor Degradation & Trust
[t=   81] ROBOT              R2: manual degradation triggered
[t=   81] ROBOT              R3: manual degradation triggered
[t=  280] PHASE              MONITOR → LEAK
[t=  280] LEAK_START         new leak at (628, 500)
[t=  397] PHASE              LEAK → CONSENSUS
[t=  400] CONSENSUS          σ=57.1px  obs=1H/3T  stable=0/30  λ₂=0.000
[t=  410] CONSENSUS          σ=50.0px  obs=1H/3T  stable=0/30  λ₂=0.000
[t=  420] CONSENSUS          σ=44.4px  obs=1H/3T  stable=0/30  λ₂=0.000
[t=  430] CONSENSUS          σ=44.0px  obs=1H/3T  stable=0/30  λ₂=0.000
[t=  440] CONSENSUS          σ=45.2px  obs=1H/3T  stable=0/30  λ₂=0.000
[t=  450] CONSENSUS          σ=43.3px  obs=1H/3T  stable=0/30  λ₂=0.697
[t=  460] CONSENSUS          σ=45.1px  obs=1H/3T  stable=0/30  λ₂=1.000
[t=  470] CONSENSUS          σ=49.2px  obs=1H/3T  stable=0/30  λ₂=1.000
[t=  480] CONSENSUS          σ=53.9px  obs=1H/3T  stable=0/30  λ₂=1.000
[t=  490] CONSENSUS          σ=54.2px  obs=1H/3T  stable=0/30  λ₂=1.000
[t=  500] CONSENSUS          σ=52.5px  obs=1H/3T  stable=0/30  λ₂=1.000
[t=  510] CONSENSUS          σ=52.0px  obs=1H/3T  stable=0/30  λ₂=2.000
[t=  520] CONSENSUS          σ=51.0px  obs=1H/3T  stable=0/30  λ₂=2.000
[t=  530] CONSENSUS          σ=50.7px  obs=1H/3T  stable=0/30  λ₂=5.000
[t=  540] CONSENSUS          σ=50.1px  obs=1H/3T  stable=0/30  λ₂=5.000
[t=  550] CONSENSUS          σ=50.1px  obs=1H/3T  stable=0/30  λ₂=5.000
[t=  560] CONSENSUS          σ=51.7px  obs=1H/3T  stable=0/30  λ₂=5.000
[t=  570] CONSENSUS          σ=49.7px  obs=1H/3T  stable=0/30  λ₂=5.000
[t=  580] CONSENSUS          σ=54.5px  obs=1H/3T  stable=0/30  λ₂=5.000
[t=  590] CONSENSUS          σ=53.3px  obs=1H/3T  stable=0/30  λ₂=5.000
[t=  600] CONSENSUS          σ=15.1px  obs=2H/4T  stable=7/30  λ₂=5.000
[t=  610] CONSENSUS          σ=11.9px  obs=2H/4T  stable=17/30  λ₂=5.000
[t=  620] CONSENSUS          σ=14.6px  obs=3H/5T  stable=27/30  λ₂=5.000
[t=  623] REPORTED           agreed (625, 485) err=14.9px
[t=  623] PHASE              CONSENSUS → REPORTED
