# Simulation started at Wed Jun 24 10:12:09 2026
[t=    0] INIT               5 robots, map 900x600, obstacles=off, sources=1
[t=    0] MODE               entered Hazard Localisation
[t=  199] PHASE              MONITOR → LEAK
[t=  199] LEAK_START         new leak at (374, 422)
[t=  200] DETECT             2 smell gas  0 located it  need 3  λ₂=0.000
[t=  220] DETECT             5 smell gas  1 located it  need 3  λ₂=0.000
[t=  240] DETECT             5 smell gas  1 located it  need 3  λ₂=0.000
[t=  260] DETECT             5 smell gas  1 located it  need 3  λ₂=0.000
[t=  280] DETECT             5 smell gas  1 located it  need 3  λ₂=0.000
[t=  300] DETECT             5 smell gas  1 located it  need 3  λ₂=0.000
[t=  320] DETECT             5 smell gas  1 located it  need 3  λ₂=0.000
[t=  340] DETECT             5 smell gas  1 located it  need 3  λ₂=0.000
[t=  360] DETECT             5 smell gas  2 located it  need 3  λ₂=0.000
[t=  380] DETECT             5 smell gas  3 located it  need 3  λ₂=0.000
[t=  380] PHASE              LEAK → CONSENSUS
[t=  390] CONSENSUS          σ=0.0px  obs=3H/3T  stable=10/30  λ₂=0.000
[t=  400] CONSENSUS          σ=0.0px  obs=3H/3T  stable=20/30  λ₂=0.000
[t=  410] CONSENSUS          σ=0.0px  obs=3H/3T  stable=30/30  λ₂=1.000
[t=  410] REPORTED           agreed (405, 425) err=31.5px
[t=  410] PHASE              CONSENSUS → REPORTED
