# Simulation started at Sun Jun 28 19:04:03 2026
[t=    0] INIT               5 robots, map 900x600, obstacles=off, sources=1
[t=    0] MODE               entered Hazard Localization
[t=  199] PHASE              MONITOR → LEAK
[t=  199] LEAK_START         new leak at (243, 514)
[t=  200] DETECT             0/3 located the leak  λ₂=0.00
[t=  240] DETECT             0/3 located the leak  λ₂=0.00
[t=  300] DETECT             0/3 located the leak  λ₂=0.00
[t=  360] DETECT             0/3 located the leak  λ₂=0.00
[t=  420] DETECT             0/3 located the leak  λ₂=0.00
[t=  453] DETECT             1/3 located the leak  λ₂=0.00
[t=  480] DETECT             1/3 located the leak  λ₂=0.00
[t=  510] DETECT             2/3 located the leak  λ₂=0.00
[t=  540] DETECT             2/3 located the leak  λ₂=0.00
[t=  600] DETECT             2/3 located the leak  λ₂=0.00
[t=  609] DETECT             3/3 located the leak  λ₂=0.00
[t=  609] PHASE              LEAK → CONSENSUS
[t=  610] CONSENSUS          σ=17.4px  obs=3H/3T  stable=1/30  λ₂=0.000
[t=  620] CONSENSUS          σ=13.4px  obs=3H/3T  stable=11/30  λ₂=0.000
[t=  630] CONSENSUS          σ=9.8px  obs=3H/3T  stable=21/30  λ₂=0.000
[t=  639] REPORTED           agreed (262, 514) err=19.3px
[t=  639] PHASE              CONSENSUS → REPORTED
