# Simulation started at Sun Jun 28 17:49:53 2026
[t=    0] INIT               5 robots, map 900x600, obstacles=off, sources=1
[t=    0] MODE               entered Hazard Localization
[t=  199] PHASE              MONITOR → LEAK
[t=  199] LEAK_START         new leak at (146, 387)
[t=  200] DETECT             0/3 located the leak  λ₂=0.83
[t=  240] DETECT             0/3 located the leak  λ₂=1.00
[t=  300] DETECT             0/3 located the leak  λ₂=1.59
[t=  360] DETECT             0/3 located the leak  λ₂=1.00
[t=  420] DETECT             0/3 located the leak  λ₂=1.00
[t=  452] DETECT             1/3 located the leak  λ₂=1.00
[t=  480] DETECT             1/3 located the leak  λ₂=1.00
[t=  508] DETECT             2/3 located the leak  λ₂=1.00
[t=  540] DETECT             2/3 located the leak  λ₂=1.59
[t=  576] DETECT             3/3 located the leak  λ₂=2.00
[t=  576] PHASE              LEAK → CONSENSUS
[t=  580] CONSENSUS          σ=22.2px  obs=3H/3T  stable=4/30  λ₂=2.000
[t=  590] CONSENSUS          σ=18.2px  obs=3H/3T  stable=14/30  λ₂=3.000
[t=  600] CONSENSUS          σ=15.7px  obs=3H/3T  stable=24/30  λ₂=3.000
[t=  606] REPORTED           agreed (173, 404) err=32.7px
[t=  606] PHASE              CONSENSUS → REPORTED
