# Simulation started at Sun Jun 28 19:08:34 2026
[t=    0] INIT               5 robots, map 900x600, obstacles=off, sources=1
[t=    0] MODE               entered Hazard Localization
[t=  199] PHASE              MONITOR → LEAK
[t=  199] LEAK_START         new leak at (804, 270)
[t=  200] DETECT             0/2 located the leak  λ₂=2.00
[t=  240] DETECT             0/2 located the leak  λ₂=2.00
[t=  300] DETECT             0/2 located the leak  λ₂=2.00
[t=  360] DETECT             0/2 located the leak  λ₂=1.00
[t=  420] DETECT             0/2 located the leak  λ₂=1.00
[t=  442] DETECT             1/2 located the leak  λ₂=1.00
[t=  480] DETECT             1/2 located the leak  λ₂=0.59
[t=  540] DETECT             1/2 located the leak  λ₂=0.00
[t=  553] DETECT             2/2 located the leak  λ₂=0.00
[t=  553] PHASE              LEAK → CONSENSUS
[t=  560] CONSENSUS          σ=10.0px  obs=2H/2T  stable=7/30  λ₂=0.000
[t=  570] CONSENSUS          σ=12.9px  obs=2H/2T  stable=17/30  λ₂=0.000
[t=  580] CONSENSUS          σ=13.8px  obs=2H/2T  stable=27/30  λ₂=0.586
[t=  583] REPORTED           agreed (801, 251) err=18.8px
[t=  583] PHASE              CONSENSUS → REPORTED
