# Simulation started at Sat Jun 27 23:07:32 2026
[t=    0] INIT               5 robots, map 900x600, obstacles=off, sources=1
[t=    0] MODE               entered Hazard Localisation
[t=  199] PHASE              MONITOR → LEAK
[t=  199] LEAK_START         new leak at (489, 498)
[t=  200] DETECT             1/3 located the leak  λ₂=0.00
[t=  240] DETECT             1/3 located the leak  λ₂=0.00
[t=  300] DETECT             1/3 located the leak  λ₂=0.00
[t=  360] DETECT             1/3 located the leak  λ₂=0.00
[t=  420] DETECT             1/3 located the leak  λ₂=0.00
[t=  428] DETECT             2/3 located the leak  λ₂=0.00
[t=  480] DETECT             2/3 located the leak  λ₂=0.00
[t=  540] DETECT             2/3 located the leak  λ₂=0.00
[t=  600] DETECT             2/3 located the leak  λ₂=0.00
[t=  660] DETECT             2/3 located the leak  λ₂=0.00
[t=  705] DETECT             3/3 located the leak  λ₂=0.00
[t=  705] PHASE              LEAK → CONSENSUS
[t=  710] CONSENSUS          σ=5.9px  obs=3H/3T  stable=5/30  λ₂=0.000
[t=  720] CONSENSUS          σ=6.3px  obs=3H/3T  stable=15/30  λ₂=0.000
[t=  730] CONSENSUS          σ=8.1px  obs=3H/3T  stable=25/30  λ₂=0.000
[t=  735] REPORTED           agreed (474, 488) err=18.2px
[t=  735] PHASE              CONSENSUS → REPORTED
