# Simulation started at Sun Jul  5 22:30:40 2026
[t=    0] INIT               5 robots, map 900x600, obstacles=off, sources=1
[t=    0] MODE               entered Hazard Localization
[t=  199] PHASE              MONITOR → LEAK
[t=  199] LEAK_START         new leak at (188, 514)
[t=  200] DETECT             1/3 located the leak  λ₂=0.00
[t=  205] DETECT             2/3 located the leak  λ₂=0.00
[t=  240] DETECT             2/3 located the leak  λ₂=0.00
[t=  300] DETECT             2/3 located the leak  λ₂=0.00
[t=  360] DETECT             2/3 located the leak  λ₂=0.00
[t=  363] DETECT             3/3 located the leak  λ₂=0.00
[t=  363] PHASE              LEAK → CONSENSUS
[t=  370] CONSENSUS          σ=8.8px  obs=3H/3T  stable=7/30  λ₂=0.000
[t=  380] CONSENSUS          σ=6.7px  obs=3H/3T  stable=17/30  λ₂=0.830
[t=  390] CONSENSUS          σ=9.3px  obs=3H/3T  stable=27/30  λ₂=2.000
[t=  393] REPORTED           agreed (196, 512) err=8.1px
[t=  393] PHASE              CONSENSUS → REPORTED
30  λ₂=5.000
[t=  503] REPORTED           agreed (474, 445) err=4.2px
[t=  503] PHASE              CONSENSUS → REPORTED
