# Simulation started at Sun Jun 28 17:53:58 2026
[t=    0] INIT               5 robots, map 900x600, obstacles=off, sources=1
[t=    0] MODE               entered Hazard Localization
[t=  199] PHASE              MONITOR → LEAK
[t=  199] LEAK_START         new leak at (392, 468)
[t=  200] DETECT             1/3 located the leak  λ₂=0.00
[t=  240] DETECT             1/3 located the leak  λ₂=0.00
[t=  300] DETECT             1/3 located the leak  λ₂=0.00
[t=  360] DETECT             1/3 located the leak  λ₂=0.00
[t=  361] DETECT             2/3 located the leak  λ₂=0.00
[t=  420] DETECT             2/3 located the leak  λ₂=0.00
[t=  480] DETECT             2/3 located the leak  λ₂=0.00
[t=  540] DETECT             2/3 located the leak  λ₂=0.00
[t=  600] DETECT             2/3 located the leak  λ₂=0.00
[t=  660] DETECT             2/3 located the leak  λ₂=0.00
[t=  720] DETECT             2/3 located the leak  λ₂=0.00
[t=  780] DETECT             2/3 located the leak  λ₂=0.00
[t=  840] DETECT             2/3 located the leak  λ₂=0.00
[t=  900] DETECT             2/3 located the leak  λ₂=0.00
[t=  908] DETECT             3/3 located the leak  λ₂=0.00
[t=  908] PHASE              LEAK → CONSENSUS
[t=  910] CONSENSUS          σ=26.0px  obs=3H/3T  stable=0/30  λ₂=0.000
[t=  920] CONSENSUS          σ=22.7px  obs=3H/3T  stable=6/30  λ₂=0.000
[t=  930] CONSENSUS          σ=21.9px  obs=3H/3T  stable=16/30  λ₂=0.000
[t=  940] CONSENSUS          σ=21.5px  obs=3H/3T  stable=26/30  λ₂=0.000
[t=  944] REPORTED           agreed (427, 473) err=35.2px
[t=  944] PHASE              CONSENSUS → REPORTED
