# Simulation started at Wed Jun 24 10:12:18 2026
[t=    0] INIT               5 robots, map 900x600, obstacles=off, sources=1
[t=    0] MODE               entered Hazard Localisation
[t=  199] PHASE              MONITOR → LEAK
[t=  199] LEAK_START         new leak at (318, 321)
[t=  200] DETECT             1 smell gas  0 located it  need 3  λ₂=0.000
[t=  220] DETECT             5 smell gas  0 located it  need 3  λ₂=0.000
[t=  240] DETECT             5 smell gas  0 located it  need 3  λ₂=0.000
[t=  260] DETECT             5 smell gas  0 located it  need 3  λ₂=0.000
[t=  280] DETECT             5 smell gas  0 located it  need 3  λ₂=0.000
[t=  300] DETECT             5 smell gas  0 located it  need 3  λ₂=0.000
[t=  320] DETECT             5 smell gas  1 located it  need 3  λ₂=0.382
[t=  340] DETECT             5 smell gas  1 located it  need 3  λ₂=0.382
[t=  360] DETECT             5 smell gas  2 located it  need 3  λ₂=0.519
[t=  380] DETECT             5 smell gas  2 located it  need 3  λ₂=0.519
[t=  400] DETECT             5 smell gas  2 located it  need 3  λ₂=0.000
[t=  415] PHASE              LEAK → CONSENSUS
[t=  420] CONSENSUS          σ=0.0px  obs=3H/3T  stable=5/30  λ₂=3.000
[t=  430] CONSENSUS          σ=0.0px  obs=3H/3T  stable=15/30  λ₂=3.000
[t=  440] CONSENSUS          σ=0.0px  obs=3H/3T  stable=25/30  λ₂=5.000
[t=  445] REPORTED           agreed (303, 331) err=18.2px
[t=  445] PHASE              CONSENSUS → REPORTED
