# Simulation started at Wed Jun 24 18:34:36 2026
[t=    0] INIT               5 robots, map 900x600, obstacles=off, sources=1
[t=    0] MODE               entered Hazard Localisation
[t=  199] PHASE              MONITOR → LEAK
[t=  199] LEAK_START         new leak at (289, 413)
[t=  201] DETECT             0/3 located the leak  λ₂=0.00
[t=  204] DETECT             1/3 located the leak  λ₂=0.00
[t=  238] DETECT             2/3 located the leak  λ₂=0.00
[t=  240] DETECT             2/3 located the leak  λ₂=0.00
[t=  290] DETECT             3/3 located the leak  λ₂=0.00
[t=  290] PHASE              LEAK → CONSENSUS
[t=  300] CONSENSUS          σ=29.9px  obs=3H/3T  stable=0/30  λ₂=0.000
[t=  310] CONSENSUS          σ=29.9px  obs=3H/3T  stable=0/30  λ₂=0.000
[t=  320] CONSENSUS          σ=29.9px  obs=3H/3T  stable=0/30  λ₂=0.519
[t=  330] CONSENSUS          σ=29.9px  obs=3H/3T  stable=0/30  λ₂=0.830
[t=  340] CONSENSUS          σ=29.9px  obs=3H/3T  stable=0/30  λ₂=0.830
[t=  350] CONSENSUS          σ=29.9px  obs=3H/3T  stable=0/30  λ₂=0.830
[t=  360] CONSENSUS          σ=29.9px  obs=3H/3T  stable=0/30  λ₂=0.830
[t=  370] CONSENSUS          σ=29.9px  obs=3H/3T  stable=0/30  λ₂=0.830
[t=  380] CONSENSUS          σ=29.9px  obs=3H/3T  stable=0/30  λ₂=2.000
[t=  390] CONSENSUS          σ=29.9px  obs=3H/3T  stable=0/30  λ₂=2.000
[t=  400] CONSENSUS          σ=29.9px  obs=3H/3T  stable=0/30  λ₂=2.000
[t=  410] CONSENSUS          σ=29.9px  obs=3H/3T  stable=0/30  λ₂=2.000
[t=  420] CONSENSUS          σ=29.9px  obs=3H/3T  stable=0/30  λ₂=2.000
[t=  430] CONSENSUS          σ=29.9px  obs=3H/3T  stable=0/30  λ₂=3.000
[t=  440] CONSENSUS          σ=35.0px  obs=4H/4T  stable=0/30  λ₂=5.000
[t=  450] CONSENSUS          σ=35.0px  obs=4H/4T  stable=0/30  λ₂=5.000
[t=  460] CONSENSUS          σ=35.0px  obs=4H/4T  stable=0/30  λ₂=5.000
[t=  470] CONSENSUS          σ=35.0px  obs=4H/4T  stable=0/30  λ₂=5.000
[t=  480] CONSENSUS          σ=35.0px  obs=4H/4T  stable=0/30  λ₂=5.000
[t=  490] CONSENSUS          σ=35.0px  obs=4H/4T  stable=0/30  λ₂=5.000
[t=  500] CONSENSUS          σ=35.0px  obs=4H/4T  stable=0/30  λ₂=5.000
[t=  510] CONSENSUS          σ=34.8px  obs=5H/5T  stable=0/30  λ₂=5.000
[t=  520] CONSENSUS          σ=34.8px  obs=5H/5T  stable=0/30  λ₂=5.000
[t=  530] CONSENSUS          σ=34.8px  obs=5H/5T  stable=0/30  λ₂=5.000
[t=  540] CONSENSUS          σ=34.8px  obs=5H/5T  stable=0/30  λ₂=5.000
[t=  550] CONSENSUS          σ=34.8px  obs=5H/5T  stable=0/30  λ₂=5.000
[t=  560] CONSENSUS          σ=34.8px  obs=5H/5T  stable=0/30  λ₂=5.000
[t=  570] CONSENSUS          σ=34.8px  obs=5H/5T  stable=0/30  λ₂=5.000
[t=  580] CONSENSUS          σ=34.8px  obs=5H/5T  stable=0/30  λ₂=5.000
[t=  590] CONSENSUS          σ=34.8px  obs=5H/5T  stable=0/30  λ₂=5.000
[t=  600] CONSENSUS          σ=34.8px  obs=5H/5T  stable=0/30  λ₂=5.000
[t=  610] CONSENSUS          σ=34.8px  obs=5H/5T  stable=0/30  λ₂=5.000
[t=  620] CONSENSUS          σ=34.8px  obs=5H/5T  stable=0/30  λ₂=5.000
[t=  630] CONSENSUS          σ=34.8px  obs=5H/5T  stable=0/30  λ₂=5.000
[t=  640] CONSENSUS          σ=34.8px  obs=5H/5T  stable=0/30  λ₂=5.000
[t=  650] CONSENSUS          σ=34.8px  obs=5H/5T  stable=0/30  λ₂=5.000
[t=  660] CONSENSUS          σ=34.8px  obs=5H/5T  stable=0/30  λ₂=5.000
[t=  670] CONSENSUS          σ=34.8px  obs=5H/5T  stable=0/30  λ₂=5.000
[t=  680] CONSENSUS          σ=34.8px  obs=5H/5T  stable=0/30  λ₂=5.000
[t=  690] CONSENSUS          σ=34.8px  obs=5H/5T  stable=0/30  λ₂=5.000
[t=  700] CONSENSUS          σ=34.8px  obs=5H/5T  stable=0/30  λ₂=5.000
[t=  710] CONSENSUS          σ=34.8px  obs=5H/5T  stable=0/30  λ₂=5.000
[t=  720] CONSENSUS          σ=34.8px  obs=5H/5T  stable=0/30  λ₂=5.000
[t=  730] CONSENSUS          σ=34.8px  obs=5H/5T  stable=0/30  λ₂=5.000
[t=  740] CONSENSUS          σ=34.8px  obs=5H/5T  stable=0/30  λ₂=5.000
[t=  750] CONSENSUS          σ=34.8px  obs=5H/5T  stable=0/30  λ₂=5.000
[t=  760] CONSENSUS          σ=34.8px  obs=5H/5T  stable=0/30  λ₂=5.000
[t=  770] CONSENSUS          σ=34.8px  obs=5H/5T  stable=0/30  λ₂=5.000
[t=  780] CONSENSUS          σ=34.8px  obs=5H/5T  stable=0/30  λ₂=5.000
[t=  790] CONSENSUS          σ=34.8px  obs=5H/5T  stable=0/30  λ₂=5.000
