# Simulation started at Wed Jun 24 18:37:03 2026
[t=    0] INIT               5 robots, map 900x600, obstacles=off, sources=1
[t=    0] MODE               entered Hazard Localisation
[t=  199] PHASE              MONITOR → LEAK
[t=  199] LEAK_START         new leak at (526, 243)
[t=  200] DETECT             0/3 located the leak  λ₂=0.00
[t=  240] DETECT             0/3 located the leak  λ₂=0.00
[t=  300] DETECT             0/3 located the leak  λ₂=0.00
[t=  360] DETECT             0/3 located the leak  λ₂=0.00
[t=  381] DETECT             1/3 located the leak  λ₂=0.00
[t=  420] DETECT             1/3 located the leak  λ₂=0.00
[t=  438] DETECT             2/3 located the leak  λ₂=0.00
[t=  475] DETECT             3/3 located the leak  λ₂=0.00
[t=  475] PHASE              LEAK → CONSENSUS
[t=  480] CONSENSUS          σ=29.9px  obs=3H/3T  stable=0/30  λ₂=0.000
[t=  490] CONSENSUS          σ=22.4px  obs=3H/3T  stable=4/30  λ₂=0.000
[t=  500] CONSENSUS          σ=17.2px  obs=3H/3T  stable=14/30  λ₂=0.000
[t=  510] CONSENSUS          σ=16.1px  obs=3H/3T  stable=24/30  λ₂=0.519
[t=  516] REPORTED           agreed (566, 234) err=40.2px
[t=  516] PHASE              CONSENSUS → REPORTED
