# Simulation started at Sat Jun 27 23:11:49 2026
[t=    0] INIT               5 robots, map 900x600, obstacles=off, sources=1
[t=    0] MODE               entered Hazard Localisation
[t=  199] PHASE              MONITOR → LEAK
[t=  199] LEAK_START         new leak at (434, 462)
[t=  200] DETECT             0/3 located the leak  λ₂=2.00
[t=  240] DETECT             0/3 located the leak  λ₂=2.00
[t=  300] DETECT             0/3 located the leak  λ₂=0.83
[t=  360] DETECT             0/3 located the leak  λ₂=1.59
[t=  420] DETECT             0/3 located the leak  λ₂=1.59
[t=  480] DETECT             0/3 located the leak  λ₂=0.83
[t=  540] DETECT             0/3 located the leak  λ₂=1.00
[t=  600] DETECT             0/3 located the leak  λ₂=1.00
[t=  660] DETECT             0/3 located the leak  λ₂=2.00
[t=  697] DETECT             1/3 located the leak  λ₂=2.00
[t=  720] DETECT             1/3 located the leak  λ₂=2.00
[t=  753] DETECT             2/3 located the leak  λ₂=1.00
[t=  777] DETECT             3/3 located the leak  λ₂=0.00
[t=  777] PHASE              LEAK → CONSENSUS
[t=  780] CONSENSUS          σ=10.4px  obs=3H/3T  stable=3/30  λ₂=0.000
[t=  790] CONSENSUS          σ=22.2px  obs=4H/4T  stable=13/30  λ₂=0.000
[t=  800] CONSENSUS          σ=17.4px  obs=4H/4T  stable=23/30  λ₂=0.000
[t=  807] REPORTED           agreed (447, 471) err=16.3px
[t=  807] PHASE              CONSENSUS → REPORTED
