# Simulation started at Sun Jun 28 17:53:55 2026
[t=    0] INIT               5 robots, map 900x600, obstacles=off, sources=1
[t=    0] MODE               entered Hazard Localization
[t=  199] PHASE              MONITOR → LEAK
[t=  199] LEAK_START         new leak at (305, 350)
[t=  200] DETECT             0/3 located the leak  λ₂=0.00
[t=  240] DETECT             0/3 located the leak  λ₂=0.00
[t=  300] DETECT             0/3 located the leak  λ₂=0.00
[t=  360] DETECT             0/3 located the leak  λ₂=0.00
[t=  392] DETECT             1/3 located the leak  λ₂=0.00
[t=  417] DETECT             2/3 located the leak  λ₂=0.00
[t=  420] DETECT             2/3 located the leak  λ₂=0.00
[t=  480] DETECT             2/3 located the leak  λ₂=0.00
[t=  528] DETECT             3/3 located the leak  λ₂=0.00
[t=  528] PHASE              LEAK → CONSENSUS
[t=  530] CONSENSUS          σ=18.7px  obs=3H/3T  stable=2/30  λ₂=0.000
[t=  540] CONSENSUS          σ=20.0px  obs=3H/3T  stable=12/30  λ₂=0.000
[t=  550] CONSENSUS          σ=21.1px  obs=3H/3T  stable=22/30  λ₂=0.000
[t=  558] REPORTED           agreed (362, 365) err=59.2px
[t=  558] PHASE              CONSENSUS → REPORTED
