# Simulation started at Sun Jun 28 17:51:40 2026
[t=    0] INIT               5 robots, map 900x600, obstacles=off, sources=1
[t=    0] MODE               entered Hazard Localization
[t=  199] PHASE              MONITOR → LEAK
[t=  199] LEAK_START         new leak at (442, 119)
[t=  200] DETECT             0/3 located the leak  λ₂=2.00
[t=  240] DETECT             0/3 located the leak  λ₂=1.59
[t=  300] DETECT             0/3 located the leak  λ₂=1.59
[t=  336] DETECT             1/3 located the leak  λ₂=0.52
[t=  360] DETECT             1/3 located the leak  λ₂=0.52
[t=  406] DETECT             2/3 located the leak  λ₂=1.00
[t=  420] DETECT             2/3 located the leak  λ₂=3.00
[t=  480] DETECT             2/3 located the leak  λ₂=5.00
[t=  499] DETECT             3/3 located the leak  λ₂=5.00
[t=  499] PHASE              LEAK → CONSENSUS
[t=  500] CONSENSUS          σ=8.4px  obs=3H/3T  stable=1/30  λ₂=5.000
[t=  510] CONSENSUS          σ=7.3px  obs=3H/3T  stable=11/30  λ₂=5.000
[t=  520] CONSENSUS          σ=17.1px  obs=4H/4T  stable=21/30  λ₂=5.000
[t=  529] REPORTED           agreed (450, 139) err=21.3px
[t=  529] PHASE              CONSENSUS → REPORTED
