# Simulation started at Sun Jun 28 12:33:06 2026
[t=    0] INIT               5 robots, map 900x600, obstacles=off, sources=1
[t=    0] MODE               entered Hazard Localisation
[t=  199] PHASE              MONITOR → LEAK
[t=  199] LEAK_START         new leak at (169, 512)
[t=  200] DETECT             1/3 located the leak  λ₂=0.00
[t=  240] DETECT             1/3 located the leak  λ₂=0.00
[t=  300] DETECT             1/3 located the leak  λ₂=0.00
[t=  316] DETECT             2/3 located the leak  λ₂=0.00
[t=  360] DETECT             2/3 located the leak  λ₂=0.00
[t=  420] DETECT             2/3 located the leak  λ₂=0.00
[t=  480] DETECT             2/3 located the leak  λ₂=0.00
[t=  540] DETECT             2/3 located the leak  λ₂=0.00
[t=  600] DETECT             2/3 located the leak  λ₂=0.00
[t=  607] DETECT             3/3 located the leak  λ₂=0.00
[t=  607] PHASE              LEAK → CONSENSUS
[t=  610] CONSENSUS          σ=25.1px  obs=3H/3T  stable=0/30  λ₂=0.000
[t=  620] CONSENSUS          σ=20.8px  obs=3H/3T  stable=8/30  λ₂=0.000
[t=  630] CONSENSUS          σ=14.5px  obs=3H/3T  stable=18/30  λ₂=0.000
[t=  640] CONSENSUS          σ=13.2px  obs=3H/3T  stable=28/30  λ₂=0.000
[t=  642] REPORTED           agreed (191, 506) err=23.0px
[t=  642] PHASE              CONSENSUS → REPORTED
