# Simulation started at Sun Jul  5 22:31:28 2026
[t=    0] INIT               5 robots, map 900x600, obstacles=off, sources=1
[t=    0] MODE               entered Hazard Localization
[t=  199] PHASE              MONITOR → LEAK
[t=  199] LEAK_START         new leak at (378, 383)
[t=  200] DETECT             0/3 located the leak  λ₂=0.52
[t=  240] DETECT             0/3 located the leak  λ₂=0.00
[t=  253] DETECT             1/3 located the leak  λ₂=0.00
[t=  300] DETECT             1/3 located the leak  λ₂=0.00
[t=  347] DETECT             2/3 located the leak  λ₂=0.00
[t=  360] DETECT             2/3 located the leak  λ₂=0.00
[t=  363] DETECT             3/3 located the leak  λ₂=0.00
[t=  540] DETECT             1/2 located the leak  λ₂=0.59
[t=  543] DETECT             2/2 located the leak  λ₂=1.00
[t=  543] PHASE              LEAK → CONSENSUS
[t=  550] CONSENSUS          σ=27.3px  obs=2H/2T  stable=0/30  λ₂=2.000
[t=  560] CONSENSUS          σ=19.0px  obs=2H/2T  stable=7/30  λ₂=2.000
[t=  570] CONSENSUS          σ=10.4px  obs=2H/2T  stable=17/30  λ₂=2.000
[t=  580] CONSENSUS          σ=1.9px  obs=2H/2T  stable=27/30  λ₂=4.000
[t=  583] REPORTED           agreed (627, 297) err=5.1px
[t=  583] PHASE              CONSENSUS → REPORTED
