# Simulation started at Sat Jun 27 23:25:01 2026
[t=    0] INIT               5 robots, map 900x600, obstacles=off, sources=1
[t=    0] MODE               entered Hazard Localisation
[t=  199] PHASE              MONITOR → LEAK
[t=  199] LEAK_START         new leak at (410, 225)
[t=  200] DETECT             0/3 located the leak  λ₂=0.00
[t=  237] DETECT             1/3 located the leak  λ₂=0.00
[t=  240] DETECT             1/3 located the leak  λ₂=0.00
[t=  300] DETECT             1/3 located the leak  λ₂=0.00
[t=  360] DETECT             1/3 located the leak  λ₂=0.00
[t=  420] DETECT             1/3 located the leak  λ₂=0.00
[t=  457] DETECT             2/3 located the leak  λ₂=0.00
[t=  480] DETECT             2/3 located the leak  λ₂=0.00
[t=  540] DETECT             2/3 located the leak  λ₂=0.00
[t=  575] DETECT             3/3 located the leak  λ₂=0.00
[t=  575] PHASE              LEAK → CONSENSUS
[t=  580] CONSENSUS          σ=9.8px  obs=3H/3T  stable=5/30  λ₂=0.000
[t=  590] CONSENSUS          σ=5.5px  obs=3H/3T  stable=15/30  λ₂=0.000
[t=  600] CONSENSUS          σ=4.3px  obs=3H/3T  stable=25/30  λ₂=0.000
[t=  605] REPORTED           agreed (432, 209) err=27.1px
[t=  605] PHASE              CONSENSUS → REPORTED
