# Simulation started at Sat Jun 27 23:23:41 2026
[t=    0] INIT               5 robots, map 900x600, obstacles=off, sources=1
[t=    0] MODE               entered Hazard Localisation
[t=  199] PHASE              MONITOR → LEAK
[t=  199] LEAK_START         new leak at (367, 512)
[t=  200] DETECT             0/3 located the leak  λ₂=0.00
[t=  240] DETECT             0/3 located the leak  λ₂=0.00
[t=  300] DETECT             0/3 located the leak  λ₂=0.00
[t=  318] DETECT             1/3 located the leak  λ₂=0.00
[t=  360] DETECT             1/3 located the leak  λ₂=0.00
[t=  420] DETECT             1/3 located the leak  λ₂=0.00
[t=  480] DETECT             1/3 located the leak  λ₂=0.00
[t=  540] DETECT             1/3 located the leak  λ₂=0.00
[t=  600] DETECT             1/3 located the leak  λ₂=0.00
[t=  660] DETECT             1/3 located the leak  λ₂=0.00
[t=  720] DETECT             1/3 located the leak  λ₂=0.00
[t=  780] DETECT             1/3 located the leak  λ₂=0.00
[t=  827] DETECT             2/3 located the leak  λ₂=0.00
[t=  840] DETECT             2/3 located the leak  λ₂=0.00
[t=  900] DETECT             2/3 located the leak  λ₂=0.00
[t=  960] DETECT             2/3 located the leak  λ₂=0.00
[t= 1020] DETECT             2/3 located the leak  λ₂=0.00
[t= 1047] DETECT             3/3 located the leak  λ₂=0.00
[t= 1047] PHASE              LEAK → CONSENSUS
[t= 1050] CONSENSUS          σ=26.8px  obs=3H/3T  stable=0/30  λ₂=0.000
[t= 1060] CONSENSUS          σ=20.5px  obs=3H/3T  stable=7/30  λ₂=0.000
[t= 1070] CONSENSUS          σ=16.2px  obs=3H/3T  stable=17/30  λ₂=0.000
[t= 1080] CONSENSUS          σ=14.7px  obs=3H/3T  stable=27/30  λ₂=0.000
[t= 1083] REPORTED           agreed (381, 529) err=22.0px
[t= 1083] PHASE              CONSENSUS → REPORTED
