# Simulation started at Sun Jul  5 22:31:14 2026
[t=    0] INIT               5 robots, map 900x600, obstacles=off, sources=1
[t=    0] MODE               entered Hazard Localization
[t=  199] PHASE              MONITOR → LEAK
[t=  199] LEAK_START         new leak at (692, 311)
[t=  200] DETECT             0/3 located the leak  λ₂=0.00
[t=  240] DETECT             0/3 located the leak  λ₂=0.00
[t=  268] DETECT             1/3 located the leak  λ₂=0.00
[t=  283] DETECT             2/3 located the leak  λ₂=0.00
[t=  360] DETECT             1/3 located the leak  λ₂=3.00
[t=  414] DETECT             2/3 located the leak  λ₂=1.00
[t=  420] DETECT             2/3 located the leak  λ₂=1.00
[t=  600] DETECT             0/2 located the leak  λ₂=2.00
[t=  608] DETECT             1/2 located the leak  λ₂=2.00
[t=  660] DETECT             1/2 located the leak  λ₂=2.00
[t=  701] DETECT             2/2 located the leak  λ₂=4.00
[t=  701] PHASE              LEAK → CONSENSUS
[t=  710] CONSENSUS          σ=25.1px  obs=2H/2T  stable=0/30  λ₂=4.000
[t=  720] CONSENSUS          σ=14.8px  obs=2H/2T  stable=10/30  λ₂=4.000
[t=  730] CONSENSUS          σ=4.7px  obs=2H/2T  stable=20/30  λ₂=4.000
[t=  740] CONSENSUS          σ=4.3px  obs=2H/2T  stable=30/30  λ₂=4.000
[t=  740] REPORTED           agreed (172, 118) err=8.8px
[t=  740] PHASE              CONSENSUS → REPORTED
