# Simulation started at Sun Jun 28 12:33:37 2026
[t=    0] INIT               5 robots, map 900x600, obstacles=off, sources=1
[t=    0] MODE               entered Hazard Localisation
[t=  199] PHASE              MONITOR → LEAK
[t=  199] LEAK_START         new leak at (588, 114)
[t=  200] DETECT             0/3 located the leak  λ₂=0.00
[t=  240] DETECT             0/3 located the leak  λ₂=0.00
[t=  300] DETECT             0/3 located the leak  λ₂=0.00
[t=  324] DETECT             1/3 located the leak  λ₂=0.00
[t=  360] DETECT             1/3 located the leak  λ₂=0.00
[t=  420] DETECT             1/3 located the leak  λ₂=0.70
[t=  427] DETECT             2/3 located the leak  λ₂=0.83
[t=  480] DETECT             2/3 located the leak  λ₂=1.00
[t=  540] DETECT             3/3 located the leak  λ₂=0.00
[t=  540] PHASE              LEAK → CONSENSUS
[t=  550] CONSENSUS          σ=17.4px  obs=3H/3T  stable=10/30  λ₂=0.000
[t=  560] CONSENSUS          σ=15.5px  obs=4H/4T  stable=20/30  λ₂=0.000
[t=  570] CONSENSUS          σ=15.1px  obs=4H/4T  stable=30/30  λ₂=0.000
[t=  570] REPORTED           agreed (608, 149) err=40.5px
[t=  570] PHASE              CONSENSUS → REPORTED
