# Simulation started at Sun Jul  5 22:29:40 2026
[t=    0] INIT               5 robots, map 900x600, obstacles=off, sources=1
[t=    0] MODE               entered Hazard Localization
[t=  199] PHASE              MONITOR → LEAK
[t=  199] LEAK_START         new leak at (162, 208)
[t=  200] DETECT             0/3 located the leak  λ₂=2.00
[t=  240] DETECT             0/3 located the leak  λ₂=1.59
[t=  300] DETECT             0/3 located the leak  λ₂=1.59
[t=  360] DETECT             0/3 located the leak  λ₂=1.38
[t=  420] DETECT             0/3 located the leak  λ₂=1.59
[t=  458] DETECT             1/3 located the leak  λ₂=1.59
[t=  472] DETECT             2/3 located the leak  λ₂=2.00
[t=  480] DETECT             2/3 located the leak  λ₂=2.00
[t=  540] DETECT             2/3 located the leak  λ₂=0.00
[t=  552] DETECT             3/3 located the leak  λ₂=0.00
[t=  552] PHASE              LEAK → CONSENSUS
[t=  560] CONSENSUS          σ=16.4px  obs=3H/3T  stable=8/30  λ₂=0.000
[t=  570] CONSENSUS          σ=10.5px  obs=3H/3T  stable=18/30  λ₂=0.000
[t=  580] CONSENSUS          σ=9.0px  obs=3H/3T  stable=28/30  λ₂=0.000
[t=  582] REPORTED           agreed (171, 205) err=9.3px
[t=  582] PHASE              CONSENSUS → REPORTED
