# Simulation started at Sun Jun 28 12:29:59 2026
[t=    0] INIT               5 robots, map 900x600, obstacles=off, sources=1
[t=    0] MODE               entered Hazard Localisation
[t=  199] PHASE              MONITOR → LEAK
[t=  199] LEAK_START         new leak at (768, 109)
[t=  200] DETECT             1/3 located the leak  λ₂=0.00
[t=  240] DETECT             1/3 located the leak  λ₂=0.00
[t=  241] DETECT             2/3 located the leak  λ₂=0.00
[t=  300] DETECT             2/3 located the leak  λ₂=0.00
[t=  360] DETECT             2/3 located the leak  λ₂=0.00
[t=  420] DETECT             2/3 located the leak  λ₂=0.00
[t=  480] DETECT             2/3 located the leak  λ₂=0.00
[t=  540] DETECT             2/3 located the leak  λ₂=0.00
[t=  600] DETECT             2/3 located the leak  λ₂=0.00
[t=  660] DETECT             2/3 located the leak  λ₂=0.00
[t=  720] DETECT             2/3 located the leak  λ₂=0.00
[t=  780] DETECT             2/3 located the leak  λ₂=0.00
[t=  840] DETECT             2/3 located the leak  λ₂=0.00
[t=  856] DETECT             3/3 located the leak  λ₂=0.00
[t=  856] PHASE              LEAK → CONSENSUS
[t=  860] CONSENSUS          σ=16.5px  obs=3H/3T  stable=4/30  λ₂=0.000
[t=  870] CONSENSUS          σ=10.0px  obs=3H/3T  stable=14/30  λ₂=0.000
[t=  880] CONSENSUS          σ=3.8px  obs=3H/3T  stable=24/30  λ₂=0.000
[t=  886] REPORTED           agreed (777, 132) err=24.9px
[t=  886] PHASE              CONSENSUS → REPORTED
