# Simulation started at Sun Jun 28 18:44:58 2026
[t=    0] INIT               5 robots, map 900x600, obstacles=off, sources=1
[t=    0] MODE               entered Hazard Localization
[t=  199] PHASE              MONITOR → LEAK
[t=  199] LEAK_START         new leak at (412, 209)
[t=  200] DETECT             0/3 located the leak  λ₂=1.59
[t=  240] DETECT             0/3 located the leak  λ₂=1.59
[t=  300] DETECT             0/3 located the leak  λ₂=0.83
[t=  360] DETECT             0/3 located the leak  λ₂=1.59
[t=  420] DETECT             0/3 located the leak  λ₂=3.00
[t=  480] DETECT             0/3 located the leak  λ₂=0.83
[t=  540] DETECT             0/3 located the leak  λ₂=0.00
[t=  600] DETECT             0/3 located the leak  λ₂=0.52
[t=  604] DETECT             1/3 located the leak  λ₂=0.83
[t=  660] DETECT             1/3 located the leak  λ₂=1.00
[t=  720] DETECT             1/3 located the leak  λ₂=1.00
[t=  746] DETECT             2/3 located the leak  λ₂=1.00
[t=  750] DETECT             3/3 located the leak  λ₂=1.00
[t=  750] PHASE              LEAK → CONSENSUS
[t=  760] CONSENSUS          σ=21.5px  obs=3H/3T  stable=5/30  λ₂=1.000
[t=  770] CONSENSUS          σ=15.8px  obs=3H/3T  stable=15/30  λ₂=1.000
[t=  780] CONSENSUS          σ=14.9px  obs=3H/3T  stable=25/30  λ₂=1.000
[t=  785] REPORTED           agreed (408, 218) err=9.8px
[t=  785] PHASE              CONSENSUS → REPORTED
