# Simulation started at Sun Jul  5 22:29:35 2026
[t=    0] INIT               5 robots, map 900x600, obstacles=off, sources=1
[t=    0] MODE               entered Hazard Localization
[t=  199] PHASE              MONITOR → LEAK
[t=  199] LEAK_START         new leak at (526, 242)
[t=  200] DETECT             0/3 located the leak  λ₂=0.00
[t=  240] DETECT             0/3 located the leak  λ₂=1.00
[t=  294] DETECT             1/3 located the leak  λ₂=0.52
[t=  300] DETECT             1/3 located the leak  λ₂=0.52
[t=  360] DETECT             1/3 located the leak  λ₂=0.00
[t=  420] DETECT             1/3 located the leak  λ₂=0.00
[t=  420] DETECT             2/3 located the leak  λ₂=5.00
[t=  540] DETECT             1/3 located the leak  λ₂=0.00
[t=  600] DETECT             1/3 located the leak  λ₂=0.00
[t=  660] DETECT             1/3 located the leak  λ₂=0.00
[t=  720] DETECT             1/3 located the leak  λ₂=0.00
[t=  780] DETECT             1/3 located the leak  λ₂=0.00
[t=  840] DETECT             1/3 located the leak  λ₂=0.00
[t=  900] DETECT             1/3 located the leak  λ₂=0.00
[t=  936] DETECT             2/3 located the leak  λ₂=0.00
[t=  960] DETECT             2/3 located the leak  λ₂=0.00
[t= 1020] DETECT             2/3 located the leak  λ₂=0.00
[t= 1080] DETECT             2/3 located the leak  λ₂=0.00
[t= 1118] DETECT             3/3 located the leak  λ₂=0.00
[t= 1118] PHASE              LEAK → CONSENSUS
[t= 1120] CONSENSUS          σ=32.0px  obs=3H/3T  stable=0/30  λ₂=0.000
[t= 1130] CONSENSUS          σ=27.2px  obs=3H/3T  stable=0/30  λ₂=0.000
[t= 1140] CONSENSUS          σ=22.1px  obs=3H/3T  stable=5/30  λ₂=0.000
[t= 1150] CONSENSUS          σ=13.7px  obs=3H/3T  stable=15/30  λ₂=0.000
[t= 1160] CONSENSUS          σ=4.7px  obs=3H/3T  stable=25/30  λ₂=0.000
[t= 1165] REPORTED           agreed (525, 245) err=2.9px
[t= 1165] PHASE              CONSENSUS → REPORTED
