# Simulation started at Sun Jun 28 18:44:02 2026
[t=    0] INIT               5 robots, map 900x600, obstacles=off, sources=1
[t=    0] MODE               entered Hazard Localization
[t=  199] PHASE              MONITOR → LEAK
[t=  199] LEAK_START         new leak at (101, 304)
[t=  200] DETECT             0/3 located the leak  λ₂=1.00
[t=  240] DETECT             0/3 located the leak  λ₂=1.00
[t=  300] DETECT             0/3 located the leak  λ₂=0.83
[t=  360] DETECT             0/3 located the leak  λ₂=0.00
[t=  420] DETECT             0/3 located the leak  λ₂=1.00
[t=  480] DETECT             0/3 located the leak  λ₂=2.00
[t=  540] DETECT             0/3 located the leak  λ₂=1.59
[t=  600] DETECT             0/3 located the leak  λ₂=1.59
[t=  660] DETECT             0/3 located the leak  λ₂=1.00
[t=  720] DETECT             0/3 located the leak  λ₂=2.00
[t=  780] DETECT             0/3 located the leak  λ₂=1.59
[t=  840] DETECT             0/3 located the leak  λ₂=0.83
[t=  859] DETECT             1/3 located the leak  λ₂=0.83
[t=  900] DETECT             1/3 located the leak  λ₂=0.83
[t=  912] DETECT             2/3 located the leak  λ₂=0.52
[t=  960] DETECT             2/3 located the leak  λ₂=0.52
[t= 1020] DETECT             2/3 located the leak  λ₂=2.00
[t= 1080] DETECT             2/3 located the leak  λ₂=1.00
[t= 1140] DETECT             2/3 located the leak  λ₂=1.00
[t= 1149] DETECT             3/3 located the leak  λ₂=1.00
[t= 1149] PHASE              LEAK → CONSENSUS
[t= 1150] CONSENSUS          σ=22.1px  obs=3H/3T  stable=1/30  λ₂=1.000
[t= 1160] CONSENSUS          σ=19.5px  obs=3H/3T  stable=11/30  λ₂=1.000
[t= 1170] CONSENSUS          σ=15.9px  obs=3H/3T  stable=21/30  λ₂=1.000
[t= 1179] REPORTED           agreed (133, 330) err=40.9px
[t= 1179] PHASE              CONSENSUS → REPORTED
