# Simulation started at Sun Jul  5 22:30:16 2026
[t=    0] INIT               5 robots, map 900x600, obstacles=off, sources=1
[t=    0] MODE               entered Hazard Localization
[t=  199] PHASE              MONITOR → LEAK
[t=  199] LEAK_START         new leak at (256, 205)
[t=  200] DETECT             0/3 located the leak  λ₂=2.00
[t=  204] DETECT             1/3 located the leak  λ₂=2.00
[t=  240] DETECT             1/3 located the leak  λ₂=1.00
[t=  246] DETECT             2/3 located [t=  280] PHASE              MONITOR → LEAK
[t=  280] LEAK_START         new leak at (782, 417)
[t= 1021] PHASE              LEAK → CONSENSUS
[t= 1030] CONSENSUS          σ=63.7px  obs=1H/3T  stable=0/30  λ₂=0.000
[t= 1040] CONSENSUS          σ=61.2px  obs=1H/3T  stable=0/30  λ₂=0.000
[t= 1050] CONSENSUS          σ=60.8px  obs=1H/3T  stable=0/30  λ₂=0.000
[t= 1060] CONSENSUS          σ=62.9px  obs=1H/3T  stable=0/30  λ₂=0.000
[t= 1070] CONSENSUS          σ=8.7px  obs=2H/4T  stable=8/30  λ₂=0.000
[t= 1080] CONSENSUS          σ=6.1px  obs=2H/4T  stable=18/30  λ₂=0.000
[t= 1090] CONSENSUS          σ=5.1px  obs=2H/4T  stable=28/30  λ₂=0.000
[t= 1092] REPORTED           agreed (779, 415) err=2.9px
[t= 1092] PHASE              CONSENSUS → REPORTED
