# Simulation started at Sat Jun 27 23:22:55 2026
[t=    0] INIT               5 robots, map 900x600, obstacles=off, sources=1
[t=    0] MODE               entered Hazard Localisation
[t=  199] PHASE              MONITOR → LEAK
[t=  199] LEAK_START         new leak at (403, 163)
[t=  200] DETECT             0/3 located the leak  λ₂=0.00
[t=  240] DETECT             0/3 located the leak  λ₂=0.00
[t=  300] DETECT             0/3 located the leak  λ₂=0.00
[t=  303] DETECT             1/3 located the leak  λ₂=0.00
[t=  360] DETECT             1/3 located the leak  λ₂=0.00
[t=  420] DETECT             1/3 located the leak  λ₂=0.00
[t=  480] DETECT             1/3 located the leak  λ₂=0.00
[t=  499] DETECT             2/3 located the leak  λ₂=0.00
[t=  503] DETECT             3/3 located the leak  λ₂=0.52
[t=  503] PHASE              LEAK → CONSENSUS
[t=  510] CONSENSUS          σ=29.0px  obs=3H/3T  stable=0/30  λ₂=0.830
[t=  520] CONSENSUS          σ=17.1px  obs=3H/3T  stable=8/30  λ₂=1.000
[t=  530] CONSENSUS          σ=11.3px  obs=3H/3T  stable=18/30  λ₂=2.000
[t=  540] CONSENSUS          σ=9.2px  obs=3H/3T  stable=28/30  λ₂=2.000
[t=  542] REPORTED           agreed (415, 167) err=12.9px
[t=  542] PHASE              CONSENSUS → REPORTED
