# Simulation started at Sun Jun 28 18:45:18 2026
[t=    0] INIT               5 robots, map 900x600, obstacles=off, sources=1
[t=    0] MODE               entered Hazard Localization
[t=  199] PHASE              MONITOR → LEAK
[t=  199] LEAK_START         new leak at (748, 383)
[t=  200] DETECT             0/3 located the leak  λ₂=2.00
[t=  240] DETECT             0/3 located the leak  λ₂=1.38
[t=  300] DETECT             0/3 located the leak  λ₂=0.52
[t=  318] DETECT             1/3 located the leak  λ₂=0.52
[t=  360] DETECT             2/3 located the leak  λ₂=0.52
[t=  420] DETECT             2/3 located the leak  λ₂=3.00
[t=  480] DETECT             2/3 located the leak  λ₂=5.00
[t=  540] DETECT             2/3 located the leak  λ₂=5.00
[t=  565] DETECT             3/3 located the leak  λ₂=5.00
[t=  565] PHASE              LEAK → CONSENSUS
[t=  570] CONSENSUS          σ=8.0px  obs=3H/3T  stable=5/30  λ₂=5.000
[t=  580] CONSENSUS          σ=2.0px  obs=3H/3T  stable=15/30  λ₂=5.000
[t=  590] CONSENSUS          σ=0.6px  obs=3H/3T  stable=25/30  λ₂=5.000
[t=  595] REPORTED           agreed (749, 378) err=5.1px
[t=  595] PHASE              CONSENSUS → REPORTED
