# Simulation started at Sun Jun 28 18:44:52 2026
[t=    0] INIT               5 robots, map 900x600, obstacles=off, sources=1
[t=    0] MODE               entered Hazard Localization
[t=  199] PHASE              MONITOR → LEAK
[t=  199] LEAK_START         new leak at (247, 176)
[t=  200] DETECT             0/3 located the leak  λ₂=1.59
[t=  240] DETECT             0/3 located the leak  λ₂=1.59
[t=  300] DETECT             0/3 located the leak  λ₂=1.00
[t=  360] DETECT             0/3 located the leak  λ₂=1.00
[t=  420] DETECT             0/3 located the leak  λ₂=0.70
[t=  480] DETECT             0/3 located the leak  λ₂=0.52
[t=  540] DETECT             0/3 located the leak  λ₂=1.00
[t=  600] DETECT             0/3 located the leak  λ₂=1.59
[t=  605] DETECT             1/3 located the leak  λ₂=1.59
[t=  619] DETECT             2/3 located the leak  λ₂=1.59
[t=  660] DETECT             2/3 located the leak  λ₂=2.00
[t=  701] DETECT             3/3 located the leak  λ₂=5.00
[t=  701] PHASE              LEAK → CONSENSUS
[t=  710] CONSENSUS          σ=23.4px  obs=4H/4T  stable=9/30  λ₂=5.000
[t=  720] CONSENSUS          σ=21.0px  obs=4H/4T  stable=19/30  λ₂=5.000
[t=  730] CONSENSUS          σ=20.9px  obs=4H/4T  stable=29/30  λ₂=5.000
[t=  731] REPORTED           agreed (288, 186) err=42.3px
[t=  731] PHASE              CONSENSUS → REPORTED
