# Simulation started at Sun Jun 28 12:30:22 2026
[t=    0] INIT               5 robots, map 900x600, obstacles=off, sources=1
[t=    0] MODE               entered Hazard Localisation
[t=  199] PHASE              MONITOR → LEAK
[t=  199] LEAK_START         new leak at (800, 276)
[t=  200] DETECT             0/3 located the leak  λ₂=0.00
[t=  240] DETECT             0/3 located the leak  λ₂=0.00
[t=  300] DETECT             0/3 located the leak  λ₂=0.00
[t=  357] DETECT             1/3 located the leak  λ₂=0.00
[t=  360] DETECT             1/3 located the leak  λ₂=0.00
[t=  398] DETECT             2/3 located the leak  λ₂=0.00
[t=  420] DETECT             2/3 located the leak  λ₂=0.00
[t=  480] DETECT             2/3 located the leak  λ₂=0.00
[t=  540] DETECT             2/3 located the leak  λ₂=0.00
[t=  587] DETECT             3/3 located the leak  λ₂=0.00
[t=  587] PHASE              LEAK → CONSENSUS
[t=  590] CONSENSUS          σ=8.8px  obs=3H/3T  stable=3/30  λ₂=0.000
[t=  600] CONSENSUS          σ=5.2px  obs=3H/3T  stable=13/30  λ₂=0.000
[t=  610] CONSENSUS          σ=4.2px  obs=3H/3T  stable=23/30  λ₂=0.000
[t=  617] REPORTED           agreed (805, 280) err=6.2px
[t=  617] PHASE              CONSENSUS → REPORTED
