# Simulation started at Sun Jun 28 12:32:53 2026
[t=    0] INIT               5 robots, map 900x600, obstacles=off, sources=1
[t=    0] MODE               entered Hazard Localization
[t=  199] PHASE              MONITOR → LEAK
[t=  199] LEAK_START         new leak at (601, 309)
[t=  200] DETECT             0/3 located the leak  λ₂=0.00
[t=  240] DETECT             0/3 located the leak  λ₂=0.00
[t=  300] DETECT             0/3 located the leak  λ₂=0.00
[t=  360] DETECT             0/3 located the leak  λ₂=0.00
[t=  419] DETECT             1/3 located the leak  λ₂=0.00
[t=  420] DETECT             1/3 located the leak  λ₂=0.00
[t=  472] DETECT             2/3 located the leak  λ₂=0.00
[t=  480] DETECT             2/3 located the leak  λ₂=0.00
[t=  532] DETECT             3/3 located the leak  λ₂=-0.00
[t=  532] PHASE              LEAK → CONSENSUS
[t=  540] CONSENSUS          σ=5.9px  obs=3H/3T  stable=8/30  λ₂=-0.000
[t=  550] CONSENSUS          σ=25.4px  obs=4H/4T  stable=4/30  λ₂=-0.000
[t=  560] CONSENSUS          σ=18.0px  obs=4H/4T  stable=14/30  λ₂=-0.000
[t=  570] CONSENSUS          σ=9.8px  obs=4H/4T  stable=24/30  λ₂=-0.000
[t=  576] REPORTED           agreed (606, 316) err=9.1px
[t=  576] PHASE              CONSENSUS → REPORTED
