# Simulation started at Sun Jun 28 12:33:25 2026
[t=    0] INIT               5 robots, map 900x600, obstacles=off, sources=1
[t=    0] MODE               entered Hazard Localisation
[t=  199] PHASE              MONITOR → LEAK
[t=  199] LEAK_START         new leak at (440, 288)
[t=  201] DETECT             0/3 located the leak  λ₂=0.00
[t=  240] DETECT             0/3 located the leak  λ₂=0.00
[t=  300] DETECT             0/3 located the leak  λ₂=0.00
[t=  360] DETECT             0/3 located the leak  λ₂=0.00
[t=  420] DETECT             0/3 located the leak  λ₂=0.00
[t=  480] DETECT             0/3 located the leak  λ₂=0.00
[t=  540] DETECT             0/3 located the leak  λ₂=0.70
[t=  600] DETECT             0/3 located the leak  λ₂=0.52
[t=  646] DETECT             1/3 located the leak  λ₂=1.00
[t=  660] DETECT             1/3 located the leak  λ₂=1.00
[t=  666] DETECT             2/3 located the leak  λ₂=1.00
[t=  697] DETECT             3/3 located the leak  λ₂=2.00
[t=  697] PHASE              LEAK → CONSENSUS
[t=  700] CONSENSUS          σ=22.4px  obs=3H/3T  stable=3/30  λ₂=2.000
[t=  710] CONSENSUS          σ=17.2px  obs=3H/3T  stable=13/30  λ₂=3.000
[t=  720] CONSENSUS          σ=9.0px  obs=3H/3T  stable=23/30  λ₂=5.000
[t=  727] REPORTED           agreed (458, 288) err=18.0px
[t=  727] PHASE              CONSENSUS → REPORTED
