# Simulation started at Sat Jun 27 23:24:02 2026
[t=    0] INIT               5 robots, map 900x600, obstacles=off, sources=1
[t=    0] MODE               entered Hazard Localisation
[t=  199] PHASE              MONITOR → LEAK
[t=  199] LEAK_START         new leak at (377, 332)
[t=  200] DETECT             1/3 located the leak  λ₂=0.00
[t=  240] DETECT             1/3 located the leak  λ₂=0.00
[t=  300] DETECT             1/3 located the leak  λ₂=0.00
[t=  324] DETECT             2/3 located the leak  λ₂=0.00
[t=  360] DETECT             2/3 located the leak  λ₂=0.00
[t=  420] DETECT             2/3 located the leak  λ₂=0.00
[t=  480] DETECT             2/3 located the leak  λ₂=0.00
[t=  540] DETECT             2/3 located the leak  λ₂=0.00
[t=  600] DETECT             2/3 located the leak  λ₂=0.00
[t=  660] DETECT             2/3 located the leak  λ₂=0.00
[t=  720] DETECT             2/3 located the leak  λ₂=0.00
[t=  780] DETECT             2/3 located the leak  λ₂=0.00
[t=  840] DETECT             2/3 located the leak  λ₂=0.00
[t=  900] DETECT             2/3 located the leak  λ₂=0.00
[t=  960] DETECT             2/3 located the leak  λ₂=0.00
[t= 1008] DETECT             3/3 located the leak  λ₂=0.00
[t= 1008] PHASE              LEAK → CONSENSUS
[t= 1010] CONSENSUS          σ=9.7px  obs=3H/3T  stable=2/30  λ₂=0.000
[t= 1020] CONSENSUS          σ=8.9px  obs=3H/3T  stable=12/30  λ₂=0.000
[t= 1030] CONSENSUS          σ=8.5px  obs=3H/3T  stable=22/30  λ₂=0.000
[t= 1038] REPORTED           agreed (357, 334) err=19.4px
[t= 1038] PHASE              CONSENSUS → REPORTED
