# Simulation started at Sun Jun 28 12:34:20 2026
[t=    0] INIT               5 robots, map 900x600, obstacles=off, sources=1
[t=    0] MODE               entered Hazard Localisation
[t=  199] PHASE              MONITOR → LEAK
[t=  199] LEAK_START         new leak at (815, 276)
[t=  200] DETECT             0/3 located the leak  λ₂=0.83
[t=  240] DETECT             0/3 located the leak  λ₂=0.00
[t=  300] DETECT             0/3 located the leak  λ₂=0.00
[t=  360] DETECT             0/3 located the leak  λ₂=0.52
[t=  420] DETECT             0/3 located the leak  λ₂=0.52
[t=  480] DETECT             0/3 located the leak  λ₂=0.83
[t=  540] DETECT             0/3 located the leak  λ₂=0.00
[t=  600] DETECT             0/3 located the leak  λ₂=0.00
[t=  660] DETECT             0/3 located the leak  λ₂=0.00
[t=  720] DETECT             0/3 located the leak  λ₂=1.00
[t=  780] DETECT             0/3 located the leak  λ₂=0.83
[t=  840] DETECT             0/3 located the leak  λ₂=0.00
[t=  886] DETECT             1/3 located the leak  λ₂=0.00
[t=  900] DETECT             1/3 located the leak  λ₂=0.00
[t=  942] DETECT             2/3 located the leak  λ₂=0.00
[t=  960] DETECT             2/3 located the leak  λ₂=0.00
[t= 1020] DETECT             2/3 located the leak  λ₂=0.00
[t= 1080] DETECT             2/3 located the leak  λ₂=0.00
[t= 1140] DETECT             2/3 located the leak  λ₂=0.00
[t= 1195] DETECT             3/3 located the leak  λ₂=0.00
[t= 1195] PHASE              LEAK → CONSENSUS
[t= 1200] CONSENSUS          σ=8.7px  obs=3H/3T  stable=5/30  λ₂=0.000
[t= 1210] CONSENSUS          σ=7.7px  obs=3H/3T  stable=15/30  λ₂=0.000
[t= 1220] CONSENSUS          σ=9.0px  obs=3H/3T  stable=25/30  λ₂=0.000
[t= 1225] REPORTED           agreed (817, 258) err=18.2px
[t= 1225] PHASE              CONSENSUS → REPORTED
