# Simulation started at Wed Jun 24 19:43:12 2026
[t=    0] INIT               5 robots, map 900x600, obstacles=off, sources=1
[t=    0] MODE               entered Hazard Localisation
[t=  199] PHASE              MONITOR → LEAK
[t=  199] LEAK_START         new leak at (526, 243)
[t=  200] DETECT             0/3 located the leak  λ₂=3.00
[t=  240] DETECT             0/3 located the leak  λ₂=1.38
[t=  300] DETECT             0/3 located the leak  λ₂=0.52
[t=  360] DETECT             0/3 located the leak  λ₂=1.00
[t=  420] DETECT             0/3 located the leak  λ₂=1.59
[t=  480] DETECT             0/3 located the leak  λ₂=1.59
[t=  514] DETECT             1/3 located the leak  λ₂=1.00
[t=  540] DETECT             1/3 located the leak  λ₂=3.00
[t=  593] DETECT             2/3 located the leak  λ₂=5.00
[t=  600] DETECT             2/3 located the leak  λ₂=5.00
[t=  612] DETECT             3/3 located the leak  λ₂=5.00
[t=  612] PHASE              LEAK → CONSENSUS
[t=  620] CONSENSUS          σ=17.7px  obs=3H/3T  stable=8/30  λ₂=5.000
[t=  630] CONSENSUS          σ=27.8px  obs=4H/4T  stable=12/30  λ₂=5.000
[t=  640] CONSENSUS          σ=22.0px  obs=4H/4T  stable=14/30  λ₂=5.000
[t=  650] CONSENSUS          σ=17.0px  obs=4H/4T  stable=24/30  λ₂=5.000
[t=  656] REPORTED           agreed (534, 234) err=11.8px
[t=  656] PHASE              CONSENSUS → REPORTED
