# Simulation started at Sun Jun 28 12:33:10 2026
[t=    0] INIT               5 robots, map 900x600, obstacles=off, sources=1
[t=    0] MODE               entered Hazard Localisation
[t=  199] PHASE              MONITOR → LEAK
[t=  199] LEAK_START         new leak at (768, 109)
[t=  200] DETECT             1/3 located the leak  λ₂=-0.00
[t=  240] DETECT             1/3 located the leak  λ₂=0.00
[t=  300] DETECT             1/3 located the leak  λ₂=0.00
[t=  360] DETECT             1/3 located the leak  λ₂=0.00
[t=  420] DETECT             1/3 located the leak  λ₂=-0.00
[t=  480] DETECT             1/3 located the leak  λ₂=0.52
[t=  540] DETECT             1/3 located the leak  λ₂=0.00
[t=  600] DETECT             1/3 located the leak  λ₂=0.00
[t=  604] DETECT             2/3 located the leak  λ₂=0.00
[t=  660] DETECT             2/3 located the leak  λ₂=0.00
[t=  720] DETECT             2/3 located the leak  λ₂=0.00
[t=  780] DETECT             2/3 located the leak  λ₂=0.00
[t=  840] DETECT             2/3 located the leak  λ₂=0.00
[t=  900] DETECT             2/3 located the leak  λ₂=0.00
[t=  960] DETECT             2/3 located the leak  λ₂=0.00
[t= 1020] DETECT             2/3 located the leak  λ₂=0.00
[t= 1048] DETECT             3/3 located the leak  λ₂=0.00
[t= 1048] PHASE              LEAK → CONSENSUS
[t= 1050] CONSENSUS          σ=8.5px  obs=3H/3T  stable=2/30  λ₂=0.000
[t= 1060] CONSENSUS          σ=9.8px  obs=3H/3T  stable=12/30  λ₂=0.000
[t= 1070] CONSENSUS          σ=14.0px  obs=3H/3T  stable=22/30  λ₂=0.000
[t= 1078] REPORTED           agreed (760, 114) err=10.0px
[t= 1078] PHASE              CONSENSUS → REPORTED
