# Simulation started at Sun Jul  5 22:31:39 2026
[t=    0] INIT               5 robots, map 900x600, obstacles=off, sources=1
[t=    0] MODE               entered Hazard Localization
[t=  199] PHASE              MONITOR → LEAK
[t=  199] LEAK_START         new leak at (621, 279)
[t=  200] DETECT             0/3 located the leak  λ₂=2.00
[t=  240] DETECT             0/3 located the leak  λ₂=1.00
[t=  300] DETECT             0/3 located the leak  λ₂=0.00
[t=  347] DETECT             1/3 located the leak  λ₂=1.00
[t=  360] DETECT             1/3 located the leak  λ₂=2.00
[t=  420] DETECT             1/3 located the leak  λ₂=2.00
[t=  448] DETECT             2/3 located the leak  λ₂=1.59
[t=  480] DETECT             2/3 located the leak  λ₂=2.00
[t=  525] DETECT             3/3 located the leak  λ₂=5.00
[t=  525] PHASE              LEAK → CONSENSUS
[t=  530] CONSENSUS          σ=7.9px  obs=3H/3T  stable=5/30  λ₂=5.000
[t=  540] CONSENSUS          σ=6.3px  obs=3H/3T  stable=15/30  λ₂=5.000
[t=  550] CONSENSUS          σ=8.2px  obs=3H/3T  stable=25/30  λ₂=5.000
[t=  555] REPORTED           agreed (622, 275) err=4.5px
[t=  555] PHASE              CONSENSUS → REPORTED
