# Simulation started at Sun Jun 28 12:32:24 2026
[t=    0] INIT               5 robots, map 900x600, obstacles=off, sources=1
[t=    0] MODE               entered Hazard Localisation
[t=  199] PHASE              MONITOR → LEAK
[t=  199] LEAK_START         new leak at (652, 466)
[t=  200] DETECT             0/3 located the leak  λ₂=0.00
[t=  203] DETECT             1/3 located the leak  λ₂=0.00
[t=  240] DETECT             1/3 located the leak  λ₂=0.00
[t=  300] DETECT             1/3 located the leak  λ₂=0.00
[t=  312] DETECT             2/3 located the leak  λ₂=0.00
[t=  360] DETECT             2/3 located the leak  λ₂=0.00
[t=  420] DETECT             2/3 located the leak  λ₂=0.00
[t=  480] DETECT             2/3 located the leak  λ₂=0.00
[t=  540] DETECT             2/3 located the leak  λ₂=0.00
[t=  558] DETECT             3/3 located the leak  λ₂=0.00
[t=  558] PHASE              LEAK → CONSENSUS
[t=  560] CONSENSUS          σ=21.2px  obs=3H/3T  stable=2/30  λ₂=0.000
[t=  570] CONSENSUS          σ=16.7px  obs=3H/3T  stable=12/30  λ₂=0.000
[t=  580] CONSENSUS          σ=12.0px  obs=3H/3T  stable=22/30  λ₂=0.000
[t=  588] REPORTED           agreed (681, 441) err=37.7px
[t=  588] PHASE              CONSENSUS → REPORTED
