# Simulation started at Sat Jun 27 23:07:13 2026
[t=    0] INIT               5 robots, map 900x600, obstacles=off, sources=1
[t=    0] MODE               entered Hazard Localisation
[t=  199] PHASE              MONITOR → LEAK
[t=  199] LEAK_START         new leak at (785, 380)
[t=  200] DETECT             0/3 located the leak  λ₂=0.00
[t=  240] DETECT             0/3 located the leak  λ₂=0.00
[t=  300] DETECT             0/3 located the leak  λ₂=0.00
[t=  360] DETECT             0/3 located the leak  λ₂=0.00
[t=  420] DETECT             0/3 located the leak  λ₂=0.00
[t=  445] DETECT             1/3 located the leak  λ₂=0.00
[t=  480] DETECT             1/3 located the leak  λ₂=0.00
[t=  531] DETECT             2/3 located the leak  λ₂=0.00
[t=  538] DETECT             3/3 located the leak  λ₂=0.00
[t=  538] PHASE              LEAK → CONSENSUS
[t=  540] CONSENSUS          σ=12.9px  obs=3H/3T  stable=2/30  λ₂=0.000
[t=  550] CONSENSUS          σ=8.7px  obs=3H/3T  stable=12/30  λ₂=0.000
[t=  560] CONSENSUS          σ=11.4px  obs=3H/3T  stable=22/30  λ₂=0.000
[t=  568] REPORTED           agreed (784, 362) err=18.5px
[t=  568] PHASE              CONSENSUS → REPORTED
