# Simulation started at Sat Jun 27 23:23:56 2026
[t=    0] INIT               5 robots, map 900x600, obstacles=off, sources=1
[t=    0] MODE               entered Hazard Localization
[t=  199] PHASE              MONITOR → LEAK
[t=  199] LEAK_START         new leak at (84, 141)
[t=  200] DETECT             0/3 located the leak  λ₂=0.00
[t=  240] DETECT             0/3 located the leak  λ₂=0.00
[t=  300] DETECT             0/3 located the leak  λ₂=0.00
[t=  350] DETECT             1/3 located the leak  λ₂=0.00
[t=  360] DETECT             1/3 located the leak  λ₂=0.00
[t=  420] DETECT             1/3 located the leak  λ₂=0.00
[t=  469] DETECT             2/3 located the leak  λ₂=0.00
[t=  480] DETECT             2/3 located the leak  λ₂=0.00
[t=  540] DETECT             2/3 located the leak  λ₂=0.00
[t=  600] DETECT             2/3 located the leak  λ₂=0.00
[t=  660] DETECT             2/3 located the leak  λ₂=0.00
[t=  720] DETECT             2/3 located the leak  λ₂=0.00
[t=  780] DETECT             2/3 located the leak  λ₂=0.00
[t=  840] DETECT             2/3 located the leak  λ₂=0.00
[t=  900] DETECT             2/3 located the leak  λ₂=0.00
[t=  924] DETECT             3/3 located the leak  λ₂=0.00
[t=  924] PHASE              LEAK → CONSENSUS
[t=  930] CONSENSUS          σ=7.7px  obs=3H/3T  stable=6/30  λ₂=0.000
[t=  940] CONSENSUS          σ=6.2px  obs=3H/3T  stable=16/30  λ₂=0.000
[t=  950] CONSENSUS          σ=6.7px  obs=3H/3T  stable=26/30  λ₂=0.000
[t=  954] REPORTED           agreed (109, 187) err=52.0px
[t=  954] PHASE              CONSENSUS → REPORTED
