# Simulation started at Sun Jul  5 22:31:52 2026
[t=    0] INIT               5 robots, map 900x600, obstacles=off, sources=1
[t=    0] MODE               entered Hazard Localization
[t=  199] PHASE              MONITOR → LEAK
[t=  199] LEAK_START         new leak at (555, 175)
[t=  200] DETECT             1/3 located the leak  λ₂=1.59
[t=  240] DETECT             1/3 located the leak  λ₂=2.00
[t=  276] DETECT             2/3 located the leak  λ₂=5.00
[t=  300] DETECT             2/3 located the leak  λ₂=5.00
[t=  313] DETECT             3/3 located the leak  λ₂=5.00
[t=  313] PHASE              LEAK → CONSENSUS
[t=  320] CONS[t=  540] DETECT             0/2 located the leak  λ₂=2.00
[t=  600] DETECT             0/2 located the leak  λ₂=2.00
[t=  660] DETECT             0/2 located the leak  λ₂=1.00
[t=  720] DETECT             0/2 located the leak  λ₂=1.00
[t=  780] DETECT             0/2 located the leak  λ₂=1.00
[t=  840] DETECT             0/2 located the leak  λ₂=2.00
[t=  878] DETECT             1/2 located the leak  λ₂=1.00
[t=  900] DETECT             1/2 located the leak  λ₂=2.00
[t=  939] DETECT             2/2 located the leak  λ₂=4.00
[t=  939] PHASE              LEAK → CONSENSUS
[t=  940] CONSENSUS          σ=9.3px  obs=2H/2T  stable=1/30  λ₂=4.000
[t=  950] CONSENSUS          σ=4.7px  obs=2H/2T  stable=11/30  λ₂=4.000
[t=  960] CONSENSUS          σ=2.7px  obs=2H/2T  stable=21/30  λ₂=4.000
[t=  969] REPORTED           agreed (712, 499) err=17.7px
[t=  969] PHASE              CONSENSUS → REPORTED
