# Simulation started at Sun Jun 28 19:02:43 2026
[t=    0] INIT               5 robots, map 900x600, obstacles=off, sources=1
[t=    0] MODE               entered Hazard Localization
[t=  199] PHASE              MONITOR → LEAK
[t=  199] LEAK_START         new leak at (173, 516)
[t=  200] DETECT             0/3 located the leak  λ₂=0.52
[t=  240] DETECT             0/3 located the leak  λ₂=0.52
[t=  300] DETECT             0/3 located the leak  λ₂=1.00
[t=  338] DETECT             1/3 located the leak  λ₂=1.59
[t=  360] DETECT             1/3 located the leak  λ₂=1.59
[t=  420] DETECT             1/3 located the leak  λ₂=0.00
[t=  425] DETECT             2/3 located the leak  λ₂=0.00
[t=  480] DETECT             2/3 located the leak  λ₂=0.52
[t=  485] DETECT             3/3 located the leak  λ₂=1.00
[t=  485] PHASE              LEAK → CONSENSUS
[t=  490] CONSENSUS          σ=13.2px  obs=3H/3T  stable=5/30  λ₂=1.000
[t=  500] CONSENSUS          σ=13.7px  obs=3H/3T  stable=15/30  λ₂=1.000
[t=  510] CONSENSUS          σ=15.2px  obs=3H/3T  stable=25/30  λ₂=1.000
[t=  515] REPORTED           agreed (193, 493) err=30.4px
[t=  515] PHASE              CONSENSUS → REPORTED
