# Simulation started at Sun Jun 28 19:09:15 2026
[t=    0] INIT               5 robots, map 900x600, obstacles=off, sources=1
[t=    0] MODE               entered Hazard Localization
[t=  199] PHASE              MONITOR → LEAK
[t=  199] LEAK_START         new leak at (622, 295)
[t=  200] DETECT             0/2 located the leak  λ₂=1.00
[t=  240] DETECT             0/2 located the leak  λ₂=1.00
[t=  300] DETECT             0/2 located the leak  λ₂=1.00
[t=  360] DETECT             0/2 located the leak  λ₂=1.00
[t=  420] DETECT             0/2 located the leak  λ₂=1.00
[t=  461] DETECT             1/2 located the leak  λ₂=2.00
[t=  480] DETECT             1/2 located the leak  λ₂=2.00
[t=  490] DETECT             2/2 located the leak  λ₂=2.00
[t=  490] PHASE              LEAK → CONSENSUS
[t=  500] CONSENSUS          σ=26.6px  obs=2H/2T  stable=0/30  λ₂=2.000
[t=  510] CONSENSUS          σ=20.8px  obs=2H/2T  stable=8/30  λ₂=2.000
[t=  520] CONSENSUS          σ=19.7px  obs=2H/2T  stable=18/30  λ₂=2.000
[t=  530] CONSENSUS          σ=20.1px  obs=2H/2T  stable=28/30  λ₂=2.000
[t=  532] REPORTED           agreed (655, 290) err=33.0px
[t=  532] PHASE              CONSENSUS → REPORTED
