# Simulation started at Sun Jun 28 12:31:29 2026
[t=    0] INIT               5 robots, map 900x600, obstacles=off, sources=1
[t=    0] MODE               entered Hazard Localisation
[t=  199] PHASE              MONITOR → LEAK
[t=  199] LEAK_START         new leak at (169, 512)
[t=  200] DETECT             0/3 located the leak  λ₂=0.00
[t=  221] DETECT             1/3 located the leak  λ₂=0.00
[t=  240] DETECT             1/3 located the leak  λ₂=0.00
[t=  300] DETECT             1/3 located the leak  λ₂=0.00
[t=  360] DETECT             1/3 located the leak  λ₂=0.00
[t=  420] DETECT             1/3 located the leak  λ₂=0.00
[t=  480] DETECT             1/3 located the leak  λ₂=0.00
[t=  540] DETECT             1/3 located the leak  λ₂=0.00
[t=  600] DETECT             1/3 located the leak  λ₂=0.00
[t=  660] DETECT             1/3 located the leak  λ₂=0.00
[t=  720] DETECT             1/3 located the leak  λ₂=0.00
[t=  780] DETECT             1/3 located the leak  λ₂=0.00
[t=  840] DETECT             1/3 located the leak  λ₂=0.00
[t=  900] DETECT             1/3 located the leak  λ₂=0.00
[t=  960] DETECT             1/3 located the leak  λ₂=0.00
[t= 1020] DETECT             1/3 located the leak  λ₂=0.00
[t= 1080] DETECT             1/3 located the leak  λ₂=0.00
[t= 1140] DETECT             1/3 located the leak  λ₂=0.00
[t= 1200] DETECT             1/3 located the leak  λ₂=0.00
[t= 1260] DETECT             1/3 located the leak  λ₂=0.00
[t= 1320] DETECT             1/3 located the leak  λ₂=0.00
[t= 1380] DETECT             1/3 located the leak  λ₂=0.00
[t= 1433] DETECT             2/3 located the leak  λ₂=0.00
[t= 1440] DETECT             2/3 located the leak  λ₂=0.00
[t= 1500] DETECT             2/3 located the leak  λ₂=0.00
[t= 1560] DETECT             2/3 located the leak  λ₂=0.00
[t= 1620] DETECT             2/3 located the leak  λ₂=0.00
[t= 1661] DETECT             3/3 located the leak  λ₂=0.00
[t= 1661] PHASE              LEAK → CONSENSUS
[t= 1670] CONSENSUS          σ=9.7px  obs=3H/3T  stable=9/30  λ₂=0.000
[t= 1680] CONSENSUS          σ=11.8px  obs=3H/3T  stable=19/30  λ₂=0.000
[t= 1690] CONSENSUS          σ=12.5px  obs=3H/3T  stable=29/30  λ₂=0.000
[t= 1691] REPORTED           agreed (192, 502) err=24.9px
[t= 1691] PHASE              CONSENSUS → REPORTED
