# Simulation started at Sun Jun 28 12:21:43 2026
[t=    0] INIT               5 robots, map 900x600, obstacles=off, sources=1
[t=    0] MODE               entered Hazard Localisation
[t=  199] PHASE              MONITOR → LEAK
[t=  199] LEAK_START         new leak at (652, 230)
[t=  200] DETECT             0/3 located the leak  λ₂=1.00
[t=  240] DETECT             0/3 located the leak  λ₂=1.00
[t=  300] DETECT             0/3 located the leak  λ₂=1.00
[t=  360] DETECT             0/3 located the leak  λ₂=5.00
[t=  420] DETECT             0/3 located the leak  λ₂=5.00
[t=  438] DETECT             1/3 located the leak  λ₂=5.00
[t=  480] DETECT             1/3 located the leak  λ₂=5.00
[t=  540] DETECT             1/3 located the leak  λ₂=5.00
[t=  556] DETECT             2/3 located the leak  λ₂=5.00
[t=  591] DETECT             3/3 located the leak  λ₂=5.00
[t=  591] PHASE              LEAK → CONSENSUS
[t=  600] CONSENSUS          σ=18.1px  obs=3H/3T  stable=9/30  λ₂=5.000
[t=  610] CONSENSUS          σ=14.5px  obs=4H/4T  stable=19/30  λ₂=5.000
[t=  620] CONSENSUS          σ=13.1px  obs=4H/4T  stable=29/30  λ₂=5.000
[t=  621] REPORTED           agreed (666, 261) err=34.2px
[t=  621] PHASE              CONSENSUS → REPORTED
