# Simulation started at Sun Jun 28 18:51:00 2026
[t=    0] INIT               5 robots, map 900x600, obstacles=off, sources=1
[t=    0] MODE               entered Hazard Localization
[t=  199] PHASE              MONITOR → LEAK
[t=  199] LEAK_START         new leak at (159, 102)
[t=  200] DETECT             0/2 located the leak  λ₂=1.00
[t=  240] DETECT             0/2 located the leak  λ₂=1.00
[t=  300] DETECT             0/2 located the leak  λ₂=1.00
[t=  360] DETECT             0/2 located the leak  λ₂=0.59
[t=  420] DETECT             0/2 located the leak  λ₂=0.59
[t=  480] DETECT             0/2 located the leak  λ₂=1.00
[t=  536] DETECT             1/2 located the leak  λ₂=1.00
[t=  540] DETECT             1/2 located the leak  λ₂=1.00
[t=  600] DETECT             1/2 located the leak  λ₂=2.00
[t=  653] DETECT             2/2 located the leak  λ₂=4.00
[t=  653] PHASE              LEAK → CONSENSUS
[t=  660] CONSENSUS          σ=11.4px  obs=2H/2T  stable=7/30  λ₂=4.000
[t=  670] CONSENSUS          σ=7.7px  obs=2H/2T  stable=17/30  λ₂=4.000
[t=  680] CONSENSUS          σ=5.3px  obs=2H/2T  stable=27/30  λ₂=4.000
[t=  683] REPORTED           agreed (166, 155) err=53.2px
[t=  683] PHASE              CONSENSUS → REPORTED
