# Simulation started at Sun Jun 28 19:08:38 2026
[t=    0] INIT               5 robots, map 900x600, obstacles=off, sources=1
[t=    0] MODE               entered Hazard Localization
[t=  199] PHASE              MONITOR → LEAK
[t=  199] LEAK_START         new leak at (708, 517)
[t=  200] DETECT             0/2 located the leak  λ₂=0.59
[t=  240] DETECT             0/2 located the leak  λ₂=1.00
[t=  300] DETECT             0/2 located the leak  λ₂=2.00
[t=  360] DETECT             0/2 located the leak  λ₂=2.00
[t=  420] DETECT             0/2 located the leak  λ₂=4.00
[t=  480] DETECT             0/2 located the leak  λ₂=1.00
[t=  540] DETECT             0/2 located the leak  λ₂=0.59
[t=  542] DETECT             1/2 located the leak  λ₂=0.59
[t=  600] DETECT             1/2 located the leak  λ₂=1.00
[t=  660] DETECT             1/2 located the leak  λ₂=2.00
[t=  720] DETECT             1/2 located the leak  λ₂=2.00
[t=  733] DETECT             2/2 located the leak  λ₂=2.00
[t=  733] PHASE              LEAK → CONSENSUS
[t=  740] CONSENSUS          σ=8.6px  obs=2H/2T  stable=7/30  λ₂=4.000
[t=  750] CONSENSUS          σ=7.3px  obs=3H/3T  stable=17/30  λ₂=4.000
[t=  760] CONSENSUS          σ=6.4px  obs=3H/3T  stable=27/30  λ₂=4.000
[t=  763] REPORTED           agreed (688, 511) err=21.4px
[t=  763] PHASE              CONSENSUS → REPORTED
