# Simulation started at Sun Jul  5 22:30:15 2026
[t=    0] INIT               5 robots, map 900x600, obstacles=off, sources=1
[t=    0] MODE               entered Hazard Localization
[t=  199] PHASE              MONITOR → LEAK
[t=  199] LEAK_START         new leak at (244, 518)
[t=  200] DETECT             0/3 located the leak  λ₂=0.52
[t=  240] DETECT             0/3 located the leak  λ₂=0.52
[t=  300] DETECT             0/3 located the leak  λ₂=3.00
[t=  360] DETECT             0/3 located the leak  λ₂=0.70
[t=  384] DETECT             1/3 located the leak  λ₂=0.70
[t=  420] DETECT             1/3 located the leak  λ₂=0.70
[t=  480] DETECT             1/3 located the leak  λ₂=0.83
[t=  540] DETECT             1/3 located the leak  λ₂=2.00
[t=  559] DETECT             2/3 located the leak  λ₂=1.00
[t=  600] DETECT             2/3 located the leak  λ₂=1.00
[t=  656] DETECT             3/3 located the leak  λ₂=1.00
[t=  656] PHASE              LEAK → CONSENSUS
[t=  660] CONSENSUS          σ=25.6px  obs=3H/3T  stable=0/30  λ₂=1.000
[t=  670] CONSENSUS          σ=19.6px  obs=3H/3T  stable=10/30  λ₂=1.000
[t=  680] CONSENSUS          σ=12.5px  obs=3H/3T  stable=20/30  λ₂=1.000
[t=  690] CONSENSUS          σ=9.7px  obs=3H/3T  stable=30/30  λ₂=1.000
[t=  690] REPORTED           agreed (256, 512) err=13.9px
[t=  690] PHASE              CONSENSUS → REPORTED
