# Simulation started at Sun Jun 28 17:54:30 2026
[t=    0] INIT               5 robots, map 900x600, obstacles=off, sources=1
[t=    0] MODE               entered Hazard Localization
[t=  199] PHASE              MONITOR → LEAK
[t=  199] LEAK_START         new leak at (285, 187)
[t=  200] DETECT             0/3 located the leak  λ₂=0.00
[t=  240] DETECT             0/3 located the leak  λ₂=0.00
[t=  300] DETECT             0/3 located the leak  λ₂=0.00
[t=  360] DETECT             0/3 located the leak  λ₂=0.00
[t=  420] DETECT             0/3 located the leak  λ₂=0.00
[t=  480] DETECT             0/3 located the leak  λ₂=0.00
[t=  492] DETECT             1/3 located the leak  λ₂=0.00
[t=  540] DETECT             1/3 located the leak  λ₂=0.00
[t=  562] DETECT             2/3 located the leak  λ₂=0.00
[t=  600] DETECT             2/3 located the leak  λ₂=0.00
[t=  660] DETECT             2/3 located the leak  λ₂=0.00
[t=  707] DETECT             3/3 located the leak  λ₂=0.00
[t=  707] PHASE              LEAK → CONSENSUS
[t=  710] CONSENSUS          σ=20.8px  obs=3H/3T  stable=3/30  λ₂=0.000
[t=  720] CONSENSUS          σ=14.6px  obs=3H/3T  stable=13/30  λ₂=0.000
[t=  730] CONSENSUS          σ=7.9px  obs=3H/3T  stable=23/30  λ₂=0.000
[t=  737] REPORTED           agreed (292, 190) err=7.3px
[t=  737] PHASE              CONSENSUS → REPORTED
