# Simulation started at Sun Jun 28 17:55:56 2026
[t=    0] INIT               5 robots, map 900x600, obstacles=off, sources=1
[t=    0] MODE               entered Hazard Localization
[t=  199] PHASE              MONITOR → LEAK
[t=  199] LEAK_START         new leak at (316, 146)
[t=  200] DETECT             0/3 located the leak  λ₂=5.00
[t=  240] DETECT             0/3 located the leak  λ₂=5.00
[t=  300] DETECT             0/3 located the leak  λ₂=5.00
[t=  360] DETECT             0/3 located the leak  λ₂=3.00
[t=  420] DETECT             0/3 located the leak  λ₂=2.00
[t=  480] DETECT             0/3 located the leak  λ₂=0.52
[t=  540] DETECT             0/3 located the leak  λ₂=0.00
[t=  596] DETECT             1/3 located the leak  λ₂=0.83
[t=  600] DETECT             1/3 located the leak  λ₂=0.83
[t=  660] DETECT             1/3 located the leak  λ₂=0.83
[t=  700] DETECT             2/3 located the leak  λ₂=1.00
[t=  720] DETECT             2/3 located the leak  λ₂=1.00
[t=  723] DETECT             3/3 located the leak  λ₂=1.00
[t=  723] PHASE              LEAK → CONSENSUS
[t=  730] CONSENSUS          σ=5.6px  obs=3H/3T  stable=7/30  λ₂=1.000
[t=  740] CONSENSUS          σ=1.6px  obs=3H/3T  stable=17/30  λ₂=1.000
[t=  750] CONSENSUS          σ=0.3px  obs=3H/3T  stable=27/30  λ₂=1.000
[t=  753] REPORTED           agreed (292, 146) err=24.5px
[t=  753] PHASE              CONSENSUS → REPORTED
