# Simulation started at Sun Jun 28 12:32:01 2026
[t=    0] INIT               5 robots, map 900x600, obstacles=off, sources=1
[t=    0] MODE               entered Hazard Localisation
[t=  199] PHASE              MONITOR → LEAK
[t=  199] LEAK_START         new leak at (235, 375)
[t=  200] DETECT             0/3 located the leak  λ₂=0.00
[t=  240] DETECT             0/3 located the leak  λ₂=0.00
[t=  300] DETECT             0/3 located the leak  λ₂=0.00
[t=  318] DETECT             1/3 located the leak  λ₂=0.00
[t=  360] DETECT             1/3 located the leak  λ₂=0.00
[t=  386] DETECT             2/3 located the leak  λ₂=0.00
[t=  420] DETECT             2/3 located the leak  λ₂=0.00
[t=  480] DETECT             2/3 located the leak  λ₂=0.00
[t=  540] DETECT             2/3 located the leak  λ₂=0.00
[t=  600] DETECT             2/3 located the leak  λ₂=0.00
[t=  660] DETECT             2/3 located the leak  λ₂=0.00
[t=  720] DETECT             2/3 located the leak  λ₂=0.00
[t=  780] DETECT             2/3 located the leak  λ₂=0.00
[t=  840] DETECT             2/3 located the leak  λ₂=0.00
[t=  900] DETECT             2/3 located the leak  λ₂=0.00
[t=  960] DETECT             2/3 located the leak  λ₂=0.00
[t=  995] DETECT             3/3 located the leak  λ₂=0.00
[t=  995] PHASE              LEAK → CONSENSUS
[t= 1000] CONSENSUS          σ=27.7px  obs=3H/3T  stable=0/30  λ₂=0.000
[t= 1010] CONSENSUS          σ=20.9px  obs=3H/3T  stable=6/30  λ₂=0.000
[t= 1020] CONSENSUS          σ=15.2px  obs=3H/3T  stable=16/30  λ₂=0.000
[t= 1030] CONSENSUS          σ=13.5px  obs=3H/3T  stable=26/30  λ₂=0.000
[t= 1034] REPORTED           agreed (267, 382) err=33.2px
[t= 1034] PHASE              CONSENSUS → REPORTED
