# Simulation started at Sat Jun 27 22:59:26 2026
[t=    0] INIT               5 robots, map 900x600, obstacles=off, sources=1
[t=    0] MODE               entered Hazard Localisation
[t=  199] PHASE              MONITOR → LEAK
[t=  199] LEAK_START         new leak at (492, 516)
[t=  200] DETECT             0/3 located the leak  λ₂=2.00
[t=  240] DETECT             0/3 located the leak  λ₂=3.00
[t=  300] DETECT             0/3 located the leak  λ₂=1.00
[t=  360] DETECT             0/3 located the leak  λ₂=0.52
[t=  415] DETECT             1/3 located the leak  λ₂=0.52
[t=  420] DETECT             1/3 located the leak  λ₂=0.52
[t=  480] DETECT             1/3 located the leak  λ₂=1.00
[t=  516] DETECT             2/3 located the leak  λ₂=1.00
[t=  527] DETECT             3/3 located the leak  λ₂=1.00
[t=  527] PHASE              LEAK → CONSENSUS
[t=  530] CONSENSUS          σ=20.0px  obs=3H/3T  stable=3/30  λ₂=1.000
[t=  540] CONSENSUS          σ=17.1px  obs=3H/3T  stable=13/30  λ₂=2.000
[t=  550] CONSENSUS          σ=19.3px  obs=3H/3T  stable=23/30  λ₂=2.000
[t=  557] REPORTED           agreed (547, 498) err=58.2px
[t=  557] PHASE              CONSENSUS → REPORTED
