# Simulation started at Sun Jun 28 17:52:17 2026
[t=    0] INIT               5 robots, map 900x600, obstacles=off, sources=1
[t=    0] MODE               entered Hazard Localization
[t=  199] PHASE              MONITOR → LEAK
[t=  199] LEAK_START         new leak at (536, 351)
[t=  200] DETECT             0/3 located the leak  λ₂=0.52
[t=  240] DETECT             0/3 located the leak  λ₂=0.52
[t=  300] DETECT             0/3 located the leak  λ₂=0.52
[t=  360] DETECT             0/3 located the leak  λ₂=1.59
[t=  420] DETECT             0/3 located the leak  λ₂=1.59
[t=  466] DETECT             1/3 located the leak  λ₂=1.59
[t=  480] DETECT             1/3 located the leak  λ₂=1.59
[t=  498] DETECT             2/3 located the leak  λ₂=2.00
[t=  540] DETECT             2/3 located the leak  λ₂=3.00
[t=  549] DETECT             3/3 located the leak  λ₂=5.00
[t=  549] PHASE              LEAK → CONSENSUS
[t=  550] CONSENSUS          σ=21.1px  obs=3H/3T  stable=1/30  λ₂=5.000
[t=  560] CONSENSUS          σ=19.6px  obs=3H/3T  stable=11/30  λ₂=5.000
[t=  570] CONSENSUS          σ=26.9px  obs=4H/4T  stable=9/30  λ₂=5.000
[t=  580] CONSENSUS          σ=21.1px  obs=4H/4T  stable=15/30  λ₂=5.000
[t=  590] CONSENSUS          σ=18.6px  obs=4H/4T  stable=25/30  λ₂=5.000
[t=  595] REPORTED           agreed (570, 359) err=35.2px
[t=  595] PHASE              CONSENSUS → REPORTED
