# Simulation started at Sun Jun 28 12:31:17 2026
[t=    0] INIT               5 robots, map 900x600, obstacles=off, sources=1
[t=    0] MODE               entered Hazard Localisation
[t=  199] PHASE              MONITOR → LEAK
[t=  199] LEAK_START         new leak at (678, 255)
[t=  200] DETECT             0/3 located the leak  λ₂=0.00
[t=  240] DETECT             0/3 located the leak  λ₂=0.00
[t=  300] DETECT             0/3 located the leak  λ₂=0.00
[t=  360] DETECT             0/3 located the leak  λ₂=0.00
[t=  420] DETECT             0/3 located the leak  λ₂=0.00
[t=  456] DETECT             1/3 located the leak  λ₂=0.00
[t=  480] DETECT             1/3 located the leak  λ₂=0.00
[t=  540] DETECT             1/3 located the leak  λ₂=0.00
[t=  600] DETECT             1/3 located the leak  λ₂=0.00
[t=  660] DETECT             1/3 located the leak  λ₂=0.00
[t=  720] DETECT             1/3 located the leak  λ₂=0.00
[t=  780] DETECT             1/3 located the leak  λ₂=0.00
[t=  802] DETECT             2/3 located the leak  λ₂=0.00
[t=  840] DETECT             2/3 located the leak  λ₂=0.00
[t=  864] DETECT             3/3 located the leak  λ₂=0.00
[t=  864] PHASE              LEAK → CONSENSUS
[t=  870] CONSENSUS          σ=18.1px  obs=3H/3T  stable=6/30  λ₂=0.000
[t=  880] CONSENSUS          σ=11.3px  obs=3H/3T  stable=16/30  λ₂=0.000
[t=  890] CONSENSUS          σ=5.1px  obs=3H/3T  stable=26/30  λ₂=0.000
[t=  894] REPORTED           agreed (685, 261) err=9.2px
[t=  894] PHASE              CONSENSUS → REPORTED
