# Simulation started at Sun Jul  5 22:31:01 2026
[t=    0] INIT               5 robots, map 900x600, obstacles=off, sources=1
[t=    0] MODE               entered Hazard Localization
[t=  199] PHASE              MONITOR → LEAK
[t=  199] LEAK_START         new leak at (536, 351)
[t=  200] DETECT             0/3 located the leak  λ₂=0.52
[t=  240] DETECT             0/3 located the leak  λ₂=0.52
[t=  300] DETECT             0/3 located the leak  λ₂=0.52
[t=  360] DETECT             0/3 located the leak  λ₂=1.59
[t=  420] DETECT             0/3 located the leak  λ₂=1.59
[t=  466] DETECT             1/3 located the leak  λ₂=1.59
[t=  480] DETECT             1/3 located the leak  λ₂=1.59
[t=  498] DETECT             2/3 located the leak  λ₂=2.00
[t=  600] DETECT             1/2 located the leak  λ₂=0.59
[t=  639] DETECT             2/2 located the leak  λ₂=0.00
[t=  639] PHASE              LEAK → CONSENSUS
[t=  640] CONSENSUS          σ=15.2px  obs=2H/2T  stable=1/30  λ₂=0.000
[t=  650] CONSENSUS          σ=10.9px  obs=2H/2T  stable=11/30  λ₂=0.000
[t=  660] CONSENSUS          σ=1.2px  obs=2H/2T  stable=21/30  λ₂=0.000
[t=  669] REPORTED           agreed (760, 121) err=9.4px
[t=  669] PHASE              CONSENSUS → REPORTED
 → REPORTED
