# Simulation started at Sun Jun 28 12:32:50 2026
[t=    0] INIT               5 robots, map 900x600, obstacles=off, sources=1
[t=    0] MODE               entered Hazard Localisation
[t=  199] PHASE              MONITOR → LEAK
[t=  199] LEAK_START         new leak at (756, 151)
[t=  200] DETECT             0/3 located the leak  λ₂=0.00
[t=  203] DETECT             1/3 located the leak  λ₂=0.00
[t=  240] DETECT             1/3 located the leak  λ₂=0.00
[t=  300] DETECT             1/3 located the leak  λ₂=0.00
[t=  360] DETECT             1/3 located the leak  λ₂=0.00
[t=  371] DETECT             2/3 located the leak  λ₂=0.00
[t=  420] DETECT             2/3 located the leak  λ₂=0.00
[t=  480] DETECT             2/3 located the leak  λ₂=0.38
[t=  540] DETECT             2/3 located the leak  λ₂=0.00
[t=  544] DETECT             3/3 located the leak  λ₂=0.00
[t=  544] PHASE              LEAK → CONSENSUS
[t=  550] CONSENSUS          σ=12.3px  obs=3H/3T  stable=6/30  λ₂=0.000
[t=  560] CONSENSUS          σ=14.5px  obs=3H/3T  stable=16/30  λ₂=0.000
[t=  570] CONSENSUS          σ=15.9px  obs=3H/3T  stable=26/30  λ₂=0.000
[t=  574] REPORTED           agreed (764, 176) err=26.7px
[t=  574] PHASE              CONSENSUS → REPORTED
