# Simulation started at Sun Jun 28 17:54:22 2026
[t=    0] INIT               5 robots, map 900x600, obstacles=off, sources=1
[t=    0] MODE               entered Hazard Localization
[t=  199] PHASE              MONITOR → LEAK
[t=  199] LEAK_START         new leak at (151, 238)
[t=  200] DETECT             0/3 located the leak  λ₂=0.00
[t=  240] DETECT             0/3 located the leak  λ₂=0.00
[t=  247] DETECT             1/3 located the leak  λ₂=0.00
[t=  271] DETECT             2/3 located the leak  λ₂=0.00
[t=  300] DETECT             2/3 located the leak  λ₂=0.00
[t=  360] DETECT             2/3 located the leak  λ₂=0.00
[t=  420] DETECT             2/3 located the leak  λ₂=0.00
[t=  480] DETECT             2/3 located the leak  λ₂=0.00
[t=  526] DETECT             3/3 located the leak  λ₂=0.00
[t=  526] PHASE              LEAK → CONSENSUS
[t=  530] CONSENSUS          σ=22.4px  obs=3H/3T  stable=4/30  λ₂=0.000
[t=  540] CONSENSUS          σ=16.0px  obs=3H/3T  stable=14/30  λ₂=0.000
[t=  550] CONSENSUS          σ=13.1px  obs=3H/3T  stable=24/30  λ₂=0.000
[t=  556] REPORTED           agreed (168, 262) err=29.0px
[t=  556] PHASE              CONSENSUS → REPORTED
