# Simulation started at Sun Jun 28 12:31:22 2026
[t=    0] INIT               5 robots, map 900x600, obstacles=off, sources=1
[t=    0] MODE               entered Hazard Localisation
[t=  199] PHASE              MONITOR → LEAK
[t=  199] LEAK_START         new leak at (100, 87)
[t=  200] DETECT             0/3 located the leak  λ₂=0.00
[t=  240] DETECT             0/3 located the leak  λ₂=0.00
[t=  300] DETECT             0/3 located the leak  λ₂=0.00
[t=  347] DETECT             1/3 located the leak  λ₂=0.00
[t=  360] DETECT             1/3 located the leak  λ₂=0.00
[t=  420] DETECT             1/3 located the leak  λ₂=0.00
[t=  480] DETECT             1/3 located the leak  λ₂=0.00
[t=  540] DETECT             1/3 located the leak  λ₂=0.00
[t=  600] DETECT             1/3 located the leak  λ₂=0.00
[t=  660] DETECT             1/3 located the leak  λ₂=0.00
[t=  720] DETECT             1/3 located the leak  λ₂=0.00
[t=  780] DETECT             1/3 located the leak  λ₂=0.00
[t=  840] DETECT             1/3 located the leak  λ₂=0.00
[t=  900] DETECT             1/3 located the leak  λ₂=0.00
[t=  960] DETECT             1/3 located the leak  λ₂=0.00
[t= 1020] DETECT             1/3 located the leak  λ₂=0.00
[t= 1080] DETECT             1/3 located the leak  λ₂=0.00
[t= 1140] DETECT             1/3 located the leak  λ₂=0.00
[t= 1200] DETECT             1/3 located the leak  λ₂=0.00
[t= 1260] DETECT             1/3 located the leak  λ₂=0.00
[t= 1320] DETECT             1/3 located the leak  λ₂=0.00
[t= 1380] DETECT             1/3 located the leak  λ₂=0.00
[t= 1394] DETECT             2/3 located the leak  λ₂=0.00
[t= 1440] DETECT             2/3 located the leak  λ₂=0.00
[t= 1500] DETECT             2/3 located the leak  λ₂=0.00
[t= 1560] DETECT             2/3 located the leak  λ₂=0.00
[t= 1620] DETECT             2/3 located the leak  λ₂=0.00
[t= 1680] DETECT             2/3 located the leak  λ₂=0.00
[t= 1735] DETECT             3/3 located the leak  λ₂=0.00
[t= 1735] PHASE              LEAK → CONSENSUS
[t= 1740] CONSENSUS          σ=14.2px  obs=3H/3T  stable=5/30  λ₂=0.000
[t= 1750] CONSENSUS          σ=12.5px  obs=3H/3T  stable=15/30  λ₂=0.000
[t= 1760] CONSENSUS          σ=12.9px  obs=3H/3T  stable=25/30  λ₂=0.000
[t= 1765] REPORTED           agreed (147, 102) err=49.6px
[t= 1765] PHASE              CONSENSUS → REPORTED
