# Simulation started at Sun Jun 28 12:30:39 2026
[t=    0] INIT               5 robots, map 900x600, obstacles=off, sources=1
[t=    0] MODE               entered Hazard Localization
[t=  199] PHASE              MONITOR → LEAK
[t=  199] LEAK_START         new leak at (553, 417)
[t=  200] DETECT             0/3 located the leak  λ₂=0.00
[t=  240] DETECT             0/3 located the leak  λ₂=0.00
[t=  300] DETECT             0/3 located the leak  λ₂=0.00
[t=  311] DETECT             1/3 located the leak  λ₂=0.00
[t=  360] DETECT             1/3 located the leak  λ₂=0.00
[t=  420] DETECT             1/3 located the leak  λ₂=0.00
[t=  480] DETECT             1/3 located the leak  λ₂=0.00
[t=  540] DETECT             1/3 located the leak  λ₂=0.00
[t=  600] DETECT             1/3 located the leak  λ₂=0.00
[t=  660] DETECT             1/3 located the leak  λ₂=0.00
[t=  720] DETECT             1/3 located the leak  λ₂=0.00
[t=  780] DETECT             1/3 located the leak  λ₂=0.00
[t=  800] DETECT             2/3 located the leak  λ₂=0.00
[t=  840] DETECT             2/3 located the leak  λ₂=0.00
[t=  900] DETECT             2/3 located the leak  λ₂=0.00
[t=  960] DETECT             2/3 located the leak  λ₂=0.00
[t= 1020] DETECT             2/3 located the leak  λ₂=0.00
[t= 1080] DETECT             2/3 located the leak  λ₂=0.00
[t= 1088] DETECT             3/3 located the leak  λ₂=0.00
[t= 1088] PHASE              LEAK → CONSENSUS
[t= 1090] CONSENSUS          σ=26.5px  obs=3H/3T  stable=0/30  λ₂=0.000
[t= 1100] CONSENSUS          σ=19.7px  obs=3H/3T  stable=9/30  λ₂=0.000
[t= 1110] CONSENSUS          σ=16.9px  obs=3H/3T  stable=19/30  λ₂=0.000
[t= 1120] CONSENSUS          σ=16.4px  obs=3H/3T  stable=29/30  λ₂=0.000
[t= 1121] REPORTED           agreed (601, 424) err=48.9px
[t= 1121] PHASE              CONSENSUS → REPORTED
