# Simulation started at Sat Jun 27 23:27:07 2026
[t=    0] INIT               5 robots, map 900x600, obstacles=off, sources=1
[t=    0] MODE               entered Hazard Localisation
[t=  199] PHASE              MONITOR → LEAK
[t=  199] LEAK_START         new leak at (150, 182)
[t=  200] DETECT             0/3 located the leak  λ₂=0.00
[t=  228] DETECT             1/3 located the leak  λ₂=0.00
[t=  240] DETECT             1/3 located the leak  λ₂=0.00
[t=  300] DETECT             1/3 located the leak  λ₂=0.00
[t=  360] DETECT             1/3 located the leak  λ₂=0.00
[t=  420] DETECT             1/3 located the leak  λ₂=0.00
[t=  480] DETECT             1/3 located the leak  λ₂=0.00
[t=  540] DETECT             1/3 located the leak  λ₂=0.00
[t=  600] DETECT             1/3 located the leak  λ₂=0.00
[t=  660] DETECT             1/3 located the leak  λ₂=0.00
[t=  720] DETECT             1/3 located the leak  λ₂=0.00
[t=  780] DETECT             1/3 located the leak  λ₂=0.00
[t=  840] DETECT             1/3 located the leak  λ₂=0.00
[t=  900] DETECT             1/3 located the leak  λ₂=0.00
[t=  960] DETECT             1/3 located the leak  λ₂=0.00
[t=  974] DETECT             2/3 located the leak  λ₂=0.00
[t= 1020] DETECT             2/3 located the leak  λ₂=0.00
[t= 1080] DETECT             2/3 located the leak  λ₂=0.00
[t= 1140] DETECT             2/3 located the leak  λ₂=0.00
[t= 1200] DETECT             2/3 located the leak  λ₂=0.00
[t= 1260] DETECT             2/3 located the leak  λ₂=0.00
[t= 1320] DETECT             2/3 located the leak  λ₂=0.00
[t= 1380] DETECT             2/3 located the leak  λ₂=0.00
[t= 1440] DETECT             2/3 located the leak  λ₂=0.00
[t= 1500] DETECT             2/3 located the leak  λ₂=0.00
[t= 1560] DETECT             2/3 located the leak  λ₂=0.00
[t= 1620] DETECT             2/3 located the leak  λ₂=0.00
[t= 1680] DETECT             2/3 located the leak  λ₂=0.00
[t= 1740] DETECT             2/3 located the leak  λ₂=0.00
[t= 1800] DETECT             2/3 located the leak  λ₂=0.00
[t= 1860] DETECT             2/3 located the leak  λ₂=0.00
[t= 1920] DETECT             2/3 located the leak  λ₂=0.00
[t= 1980] DETECT             2/3 located the leak  λ₂=0.00
[t= 2009] DETECT             3/3 located the leak  λ₂=0.00
[t= 2009] PHASE              LEAK → CONSENSUS
[t= 2010] CONSENSUS          σ=17.9px  obs=3H/3T  stable=1/30  λ₂=0.000
[t= 2020] CONSENSUS          σ=18.6px  obs=3H/3T  stable=11/30  λ₂=0.000
[t= 2030] CONSENSUS          σ=13.8px  obs=3H/3T  stable=21/30  λ₂=0.000
[t= 2039] REPORTED           agreed (191, 216) err=53.1px
[t= 2039] PHASE              CONSENSUS → REPORTED
