# Simulation started at Sat Jun 27 23:21:36 2026
[t=    0] INIT               5 robots, map 900x600, obstacles=off, sources=1
[t=    0] MODE               entered Hazard Localisation
[t=  199] PHASE              MONITOR → LEAK
[t=  199] LEAK_START         new leak at (283, 401)
[t=  200] DETECT             0/3 located the leak  λ₂=0.00
[t=  240] DETECT             0/3 located the leak  λ₂=0.52
[t=  300] DETECT             0/3 located the leak  λ₂=0.00
[t=  313] DETECT             1/3 located the leak  λ₂=0.00
[t=  360] DETECT             1/3 located the leak  λ₂=0.00
[t=  420] DETECT             1/3 located the leak  λ₂=0.00
[t=  424] DETECT             2/3 located the leak  λ₂=0.00
[t=  480] DETECT             2/3 located the leak  λ₂=0.00
[t=  519] DETECT             3/3 located the leak  λ₂=0.00
[t=  519] PHASE              LEAK → CONSENSUS
[t=  520] CONSENSUS          σ=9.5px  obs=3H/3T  stable=1/30  λ₂=0.000
[t=  530] CONSENSUS          σ=8.4px  obs=3H/3T  stable=11/30  λ₂=0.000
[t=  540] CONSENSUS          σ=8.7px  obs=3H/3T  stable=21/30  λ₂=0.000
[t=  549] REPORTED           agreed (280, 396) err=5.9px
[t=  549] PHASE              CONSENSUS → REPORTED
