# Simulation started at Sat Jun 27 23:25:56 2026
[t=    0] INIT               5 robots, map 900x600, obstacles=off, sources=1
[t=    0] MODE               entered Hazard Localisation
[t=  199] PHASE              MONITOR → LEAK
[t=  199] LEAK_START         new leak at (163, 232)
[t=  200] DETECT             0/3 located the leak  λ₂=0.00
[t=  240] DETECT             0/3 located the leak  λ₂=0.00
[t=  288] DETECT             1/3 located the leak  λ₂=0.00
[t=  300] DETECT             1/3 located the leak  λ₂=0.00
[t=  360] DETECT             1/3 located the leak  λ₂=0.00
[t=  420] DETECT             1/3 located the leak  λ₂=0.00
[t=  480] DETECT             1/3 located the leak  λ₂=0.00
[t=  540] DETECT             1/3 located the leak  λ₂=0.00
[t=  600] DETECT             1/3 located the leak  λ₂=0.00
[t=  660] DETECT             1/3 located the leak  λ₂=0.00
[t=  720] DETECT             1/3 located the leak  λ₂=0.00
[t=  780] DETECT             1/3 located the leak  λ₂=0.00
[t=  840] DETECT             1/3 located the leak  λ₂=0.00
[t=  900] DETECT             1/3 located the leak  λ₂=0.00
[t=  960] DETECT             1/3 located the leak  λ₂=0.00
[t= 1020] DETECT             1/3 located the leak  λ₂=0.00
[t= 1080] DETECT             1/3 located the leak  λ₂=0.00
[t= 1140] DETECT             1/3 located the leak  λ₂=0.00
[t= 1200] DETECT             1/3 located the leak  λ₂=0.00
[t= 1260] DETECT             1/3 located the leak  λ₂=0.00
[t= 1320] DETECT             1/3 located the leak  λ₂=0.00
[t= 1380] DETECT             1/3 located the leak  λ₂=0.00
[t= 1440] DETECT             1/3 located the leak  λ₂=0.00
[t= 1441] DETECT             2/3 located the leak  λ₂=0.00
[t= 1500] DETECT             2/3 located the leak  λ₂=0.00
[t= 1536] DETECT             3/3 located the leak  λ₂=0.00
[t= 1536] PHASE              LEAK → CONSENSUS
[t= 1540] CONSENSUS          σ=20.3px  obs=3H/3T  stable=4/30  λ₂=0.000
[t= 1550] CONSENSUS          σ=18.2px  obs=3H/3T  stable=14/30  λ₂=0.000
[t= 1560] CONSENSUS          σ=21.6px  obs=3H/3T  stable=24/30  λ₂=0.000
[t= 1566] REPORTED           agreed (202, 245) err=41.1px
[t= 1566] PHASE              CONSENSUS → REPORTED
