# Simulation started at Sat Jun 27 23:21:48 2026
[t=    0] INIT               5 robots, map 900x600, obstacles=off, sources=1
[t=    0] MODE               entered Hazard Localisation
[t=  199] PHASE              MONITOR → LEAK
[t=  199] LEAK_START         new leak at (442, 169)
[t=  200] DETECT             0/3 located the leak  λ₂=0.38
[t=  240] DETECT             0/3 located the leak  λ₂=0.38
[t=  300] DETECT             0/3 located the leak  λ₂=0.00
[t=  360] DETECT             0/3 located the leak  λ₂=0.00
[t=  420] DETECT             0/3 located the leak  λ₂=0.00
[t=  480] DETECT             0/3 located the leak  λ₂=0.00
[t=  540] DETECT             0/3 located the leak  λ₂=0.00
[t=  600] DETECT             0/3 located the leak  λ₂=0.00
[t=  635] DETECT             1/3 located the leak  λ₂=0.00
[t=  660] DETECT             1/3 located the leak  λ₂=0.00
[t=  696] DETECT             2/3 located the leak  λ₂=0.00
[t=  720] DETECT             2/3 located the leak  λ₂=0.00
[t=  780] DETECT             2/3 located the leak  λ₂=0.00
[t=  840] DETECT             2/3 located the leak  λ₂=0.00
[t=  900] DETECT             2/3 located the leak  λ₂=0.00
[t=  960] DETECT             2/3 located the leak  λ₂=0.00
[t= 1020] DETECT             2/3 located the leak  λ₂=0.00
[t= 1056] DETECT             3/3 located the leak  λ₂=0.00
[t= 1056] PHASE              LEAK → CONSENSUS
[t= 1060] CONSENSUS          σ=23.9px  obs=3H/3T  stable=2/30  λ₂=0.000
[t= 1070] CONSENSUS          σ=17.1px  obs=3H/3T  stable=12/30  λ₂=0.000
[t= 1080] CONSENSUS          σ=16.6px  obs=4H/4T  stable=22/30  λ₂=0.000
[t= 1088] REPORTED           agreed (487, 172) err=45.2px
[t= 1088] PHASE              CONSENSUS → REPORTED
