# Simulation started at Sun Jul  5 22:29:55 2026
[t=    0] INIT               5 robots, map 900x600, obstacles=off, sources=1
[t=    0] MODE               entered Hazard Localization
[t=  199] PHASE              MONITOR → LEAK
[t=  199] LEAK_START         new leak at (570, 428)
[t=  200] DETECT             0/3 located the leak  λ₂=0.00
[t=  240] DETECT             0/3 located the leak  λ₂=0.00
[t=  300] DETECT             0/3 located the leak  λ₂=0.00
[t=  360] DETECT             0/3 located the leak  λ₂=-0.00
[t=  369] DETECT             1/3 located the leak  λ₂=-0.00
[t=  420] DETECT             1/3 located the leak  λ₂=-0.00
[t=  434] DETECT             2/3 located the leak  λ₂=-0.00
[t=  438] DETECT             3/3 located the leak  λ₂=-0.00
[t=  438] PHASE              LEAK → CONSENSUS
[t=  440] CONSENSUS          σ=25.7px  obs=3H/3T  stable=0/30  λ₂=-0.000
[t=  450] CONSENSUS          σ=18.2px  obs=3H/3T  stable=8/30  λ₂=-0.000
[t=  460] CONSENSUS          σ=17.7px  obs=4H/4T  stable=18/30  λ₂=-0.000
[t=  470] CONSENSUS          σ=14.7px  obs=4H/4T  stable=28/30  λ₂=-0.000
[t=  472] REPORTED           agreed (574, 422) err=7.6px
[t=  472] PHASE              CONSENSUS → REPORTED
