# Simulation started at Sun Jun 28 19:09:05 2026
[t=    0] INIT               5 robots, map 900x600, obstacles=off, sources=1
[t=    0] MODE               entered Hazard Localization
[t=  199] PHASE              MONITOR → LEAK
[t=  199] LEAK_START         new leak at (755, 113)
[t=  200] DETECT             0/2 located the leak  λ₂=2.00
[t=  240] DETECT             0/2 located the leak  λ₂=2.00
[t=  300] DETECT             0/2 located the leak  λ₂=1.00
[t=  360] DETECT             0/2 located the leak  λ₂=1.00
[t=  420] DETECT             0/2 located the leak  λ₂=1.00
[t=  480] DETECT             0/2 located the leak  λ₂=1.00
[t=  540] DETECT             0/2 located the leak  λ₂=1.00
[t=  600] DETECT             0/2 located the leak  λ₂=1.00
[t=  660] DETECT             0/2 located the leak  λ₂=1.00
[t=  720] DETECT             0/2 located the leak  λ₂=0.59
[t=  780] DETECT             0/2 located the leak  λ₂=1.00
[t=  840] DETECT             0/2 located the leak  λ₂=0.59
[t=  884] DETECT             1/2 located the leak  λ₂=0.00
[t=  900] DETECT             1/2 located the leak  λ₂=0.00
[t=  960] DETECT             1/2 located the leak  λ₂=0.00
[t=  981] DETECT             2/2 located the leak  λ₂=0.00
[t=  981] PHASE              LEAK → CONSENSUS
[t=  990] CONSENSUS          σ=20.1px  obs=2H/2T  stable=9/30  λ₂=0.000
[t= 1000] CONSENSUS          σ=16.6px  obs=2H/2T  stable=19/30  λ₂=0.000
[t= 1010] CONSENSUS          σ=16.7px  obs=2H/2T  stable=29/30  λ₂=0.000
[t= 1011] REPORTED           agreed (773, 150) err=40.6px
[t= 1011] PHASE              CONSENSUS → REPORTED
