# Simulation started at Sun Jun 28 12:32:57 2026
[t=    0] INIT               5 robots, map 900x600, obstacles=off, sources=1
[t=    0] MODE               entered Hazard Localisation
[t=  199] PHASE              MONITOR → LEAK
[t=  199] LEAK_START         new leak at (793, 86)
[t=  200] DETECT             0/3 located the leak  λ₂=0.00
[t=  240] DETECT             0/3 located the leak  λ₂=0.00
[t=  300] DETECT             0/3 located the leak  λ₂=0.00
[t=  360] DETECT             0/3 located the leak  λ₂=0.00
[t=  420] DETECT             0/3 located the leak  λ₂=0.00
[t=  480] DETECT             0/3 located the leak  λ₂=0.00
[t=  540] DETECT             0/3 located the leak  λ₂=0.00
[t=  600] DETECT             0/3 located the leak  λ₂=0.00
[t=  660] DETECT             0/3 located the leak  λ₂=0.00
[t=  720] DETECT             0/3 located the leak  λ₂=0.00
[t=  780] DETECT             0/3 located the leak  λ₂=0.00
[t=  840] DETECT             0/3 located the leak  λ₂=0.00
[t=  877] DETECT             1/3 located the leak  λ₂=0.83
[t=  900] DETECT             1/3 located the leak  λ₂=0.83
[t=  960] DETECT             1/3 located the leak  λ₂=0.00
[t=  987] DETECT             2/3 located the leak  λ₂=0.00
[t= 1018] DETECT             3/3 located the leak  λ₂=0.00
[t= 1018] PHASE              LEAK → CONSENSUS
[t= 1020] CONSENSUS          σ=12.5px  obs=3H/3T  stable=2/30  λ₂=0.000
[t= 1030] CONSENSUS          σ=10.0px  obs=3H/3T  stable=12/30  λ₂=0.000
[t= 1040] CONSENSUS          σ=6.3px  obs=3H/3T  stable=22/30  λ₂=0.000
[t= 1048] REPORTED           agreed (787, 104) err=18.8px
[t= 1048] PHASE              CONSENSUS → REPORTED
