# Simulation started at Sat Jun 27 23:20:33 2026
[t=    0] INIT               5 robots, map 900x600, obstacles=off, sources=1
[t=    0] MODE               entered Hazard Localisation
[t=  199] PHASE              MONITOR → LEAK
[t=  199] LEAK_START         new leak at (321, 239)
[t=  200] DETECT             0/3 located the leak  λ₂=1.38
[t=  240] DETECT             0/3 located the leak  λ₂=1.59
[t=  300] DETECT             0/3 located the leak  λ₂=2.00
[t=  360] DETECT             0/3 located the leak  λ₂=1.59
[t=  420] DETECT             0/3 located the leak  λ₂=1.59
[t=  435] DETECT             1/3 located the leak  λ₂=1.59
[t=  480] DETECT             1/3 located the leak  λ₂=2.00
[t=  491] DETECT             2/3 located the leak  λ₂=5.00
[t=  528] DETECT             3/3 located the leak  λ₂=5.00
[t=  528] PHASE              LEAK → CONSENSUS
[t=  530] CONSENSUS          σ=24.9px  obs=3H/3T  stable=2/30  λ₂=5.000
[t=  540] CONSENSUS          σ=20.5px  obs=3H/3T  stable=8/30  λ₂=5.000
[t=  550] CONSENSUS          σ=11.9px  obs=3H/3T  stable=18/30  λ₂=5.000
[t=  560] CONSENSUS          σ=7.3px  obs=3H/3T  stable=28/30  λ₂=5.000
[t=  562] REPORTED           agreed (334, 236) err=14.0px
[t=  562] PHASE              CONSENSUS → REPORTED
