# Simulation started at Sun Jun 28 12:33:20 2026
[t=    0] INIT               5 robots, map 900x600, obstacles=off, sources=1
[t=    0] MODE               entered Hazard Localisation
[t=  199] PHASE              MONITOR → LEAK
[t=  199] LEAK_START         new leak at (121, 253)
[t=  200] DETECT             0/3 located the leak  λ₂=0.00
[t=  240] DETECT             0/3 located the leak  λ₂=0.00
[t=  286] DETECT             1/3 located the leak  λ₂=0.00
[t=  300] DETECT             1/3 located the leak  λ₂=0.00
[t=  360] DETECT             1/3 located the leak  λ₂=0.52
[t=  420] DETECT             1/3 located the leak  λ₂=0.00
[t=  436] DETECT             2/3 located the leak  λ₂=0.00
[t=  480] DETECT             2/3 located the leak  λ₂=0.00
[t=  540] DETECT             2/3 located the leak  λ₂=0.00
[t=  551] DETECT             3/3 located the leak  λ₂=0.00
[t=  551] PHASE              LEAK → CONSENSUS
[t=  560] CONSENSUS          σ=13.7px  obs=3H/3T  stable=9/30  λ₂=0.000
[t=  570] CONSENSUS          σ=14.7px  obs=3H/3T  stable=19/30  λ₂=0.000
[t=  580] CONSENSUS          σ=14.4px  obs=3H/3T  stable=29/30  λ₂=0.000
[t=  581] REPORTED           agreed (147, 243) err=28.0px
[t=  581] PHASE              CONSENSUS → REPORTED
