# Simulation started at Sun Jun 28 17:51:32 2026
[t=    0] INIT               5 robots, map 900x600, obstacles=off, sources=1
[t=    0] MODE               entered Hazard Localization
[t=  199] PHASE              MONITOR → LEAK
[t=  199] LEAK_START         new leak at (462, 285)
[t=  200] DETECT             0/3 located the leak  λ₂=2.00
[t=  240] DETECT             0/3 located the leak  λ₂=2.00
[t=  300] DETECT             0/3 located the leak  λ₂=1.59
[t=  360] DETECT             0/3 located the leak  λ₂=1.00
[t=  420] DETECT             0/3 located the leak  λ₂=2.00
[t=  480] DETECT             0/3 located the leak  λ₂=2.00
[t=  540] DETECT             0/3 located the leak  λ₂=2.00
[t=  577] DETECT             1/3 located the leak  λ₂=2.00
[t=  581] DETECT             2/3 located the leak  λ₂=2.00
[t=  599] DETECT             3/3 located the leak  λ₂=2.00
[t=  599] PHASE              LEAK → CONSENSUS
[t=  600] CONSENSUS          σ=18.5px  obs=3H/3T  stable=1/30  λ₂=2.000
[t=  610] CONSENSUS          σ=15.0px  obs=3H/3T  stable=11/30  λ₂=5.000
[t=  620] CONSENSUS          σ=7.9px  obs=3H/3T  stable=21/30  λ₂=5.000
[t=  629] REPORTED           agreed (468, 286) err=6.5px
[t=  629] PHASE              CONSENSUS → REPORTED
