# Simulation started at Sun Jun 28 12:32:03 2026
[t=    0] INIT               5 robots, map 900x600, obstacles=off, sources=1
[t=    0] MODE               entered Hazard Localisation
[t=  199] PHASE              MONITOR → LEAK
[t=  199] LEAK_START         new leak at (694, 407)
[t=  200] DETECT             0/3 located the leak  λ₂=0.00
[t=  240] DETECT             0/3 located the leak  λ₂=0.00
[t=  300] DETECT             0/3 located the leak  λ₂=0.00
[t=  326] DETECT             1/3 located the leak  λ₂=0.00
[t=  360] DETECT             1/3 located the leak  λ₂=0.00
[t=  361] DETECT             2/3 located the leak  λ₂=0.00
[t=  420] DETECT             2/3 located the leak  λ₂=0.00
[t=  480] DETECT             2/3 located the leak  λ₂=0.00
[t=  540] DETECT             2/3 located the leak  λ₂=0.00
[t=  600] DETECT             2/3 located the leak  λ₂=0.00
[t=  603] DETECT             3/3 located the leak  λ₂=0.00
[t=  603] PHASE              LEAK → CONSENSUS
[t=  610] CONSENSUS          σ=8.3px  obs=3H/3T  stable=7/30  λ₂=0.000
[t=  620] CONSENSUS          σ=5.0px  obs=3H/3T  stable=17/30  λ₂=0.000
[t=  630] CONSENSUS          σ=4.6px  obs=3H/3T  stable=27/30  λ₂=0.000
[t=  633] REPORTED           agreed (700, 393) err=14.7px
[t=  633] PHASE              CONSENSUS → REPORTED
