# Simulation started at Sun Jun 28 18:50:42 2026
[t=    0] INIT               5 robots, map 900x600, obstacles=off, sources=1
[t=    0] MODE               entered Hazard Localization
[t=  199] PHASE              MONITOR → LEAK
[t=  199] LEAK_START         new leak at (479, 267)
[t=  200] DETECT             0/2 located the leak  λ₂=2.00
[t=  240] DETECT             0/2 located the leak  λ₂=2.00
[t=  300] DETECT             0/2 located the leak  λ₂=1.00
[t=  360] DETECT             0/2 located the leak  λ₂=2.00
[t=  420] DETECT             0/2 located the leak  λ₂=0.59
[t=  480] DETECT             0/2 located the leak  λ₂=1.00
[t=  494] DETECT             1/2 located the leak  λ₂=2.00
[t=  540] DETECT             1/2 located the leak  λ₂=4.00
[t=  541] DETECT             2/2 located the leak  λ₂=4.00
[t=  541] PHASE              LEAK → CONSENSUS
[t=  550] CONSENSUS          σ=14.9px  obs=2H/2T  stable=9/30  λ₂=4.000
[t=  560] CONSENSUS          σ=24.0px  obs=3H/3T  stable=19/30  λ₂=4.000
[t=  570] CONSENSUS          σ=21.1px  obs=3H/3T  stable=29/30  λ₂=4.000
[t=  571] REPORTED           agreed (497, 248) err=25.9px
[t=  571] PHASE              CONSENSUS → REPORTED
