# Simulation started at Sat Jun 27 23:17:54 2026
[t=    0] INIT               5 robots, map 900x600, obstacles=off, sources=1
[t=    0] MODE               entered Hazard Localisation
[t=  199] PHASE              MONITOR → LEAK
[t=  199] LEAK_START         new leak at (457, 302)
[t=  200] DETECT             0/3 located the leak  λ₂=1.59
[t=  240] DETECT             0/3 located the leak  λ₂=1.59
[t=  300] DETECT             0/3 located the leak  λ₂=0.00
[t=  360] DETECT             0/3 located the leak  λ₂=0.00
[t=  420] DETECT             0/3 located the leak  λ₂=1.59
[t=  474] DETECT             1/3 located the leak  λ₂=2.00
[t=  478] DETECT             2/3 located the leak  λ₂=2.00
[t=  480] DETECT             2/3 located the leak  λ₂=2.00
[t=  540] DETECT             2/3 located the leak  λ₂=5.00
[t=  580] DETECT             3/3 located the leak  λ₂=5.00
[t=  580] PHASE              LEAK → CONSENSUS
[t=  590] CONSENSUS          σ=13.6px  obs=3H/3T  stable=10/30  λ₂=5.000
[t=  600] CONSENSUS          σ=11.4px  obs=3H/3T  stable=20/30  λ₂=5.000
[t=  610] CONSENSUS          σ=10.0px  obs=3H/3T  stable=30/30  λ₂=5.000
[t=  610] REPORTED           agreed (473, 292) err=19.1px
[t=  610] PHASE              CONSENSUS → REPORTED
