# Simulation started at Sat Jun 27 23:08:52 2026
[t=    0] INIT               5 robots, map 900x600, obstacles=off, sources=1
[t=    0] MODE               entered Hazard Localisation
[t=  199] PHASE              MONITOR → LEAK
[t=  199] LEAK_START         new leak at (693, 193)
[t=  200] DETECT             0/3 located the leak  λ₂=0.00
[t=  240] DETECT             0/3 located the leak  λ₂=0.00
[t=  242] DETECT             1/3 located the leak  λ₂=0.00
[t=  300] DETECT             1/3 located the leak  λ₂=0.00
[t=  360] DETECT             1/3 located the leak  λ₂=0.00
[t=  420] DETECT             1/3 located the leak  λ₂=0.00
[t=  480] DETECT             1/3 located the leak  λ₂=0.00
[t=  540] DETECT             1/3 located the leak  λ₂=0.00
[t=  600] DETECT             1/3 located the leak  λ₂=0.00
[t=  660] DETECT             1/3 located the leak  λ₂=0.00
[t=  720] DETECT             1/3 located the leak  λ₂=0.00
[t=  780] DETECT             1/3 located the leak  λ₂=0.00
[t=  840] DETECT             1/3 located the leak  λ₂=0.00
[t=  900] DETECT             1/3 located the leak  λ₂=0.00
[t=  960] DETECT             1/3 located the leak  λ₂=0.00
[t= 1020] DETECT             1/3 located the leak  λ₂=0.00
[t= 1080] DETECT             1/3 located the leak  λ₂=0.00
[t= 1140] DETECT             1/3 located the leak  λ₂=0.00
[t= 1200] DETECT             1/3 located the leak  λ₂=0.00
[t= 1260] DETECT             1/3 located the leak  λ₂=0.00
[t= 1320] DETECT             1/3 located the leak  λ₂=0.00
[t= 1380] DETECT             1/3 located the leak  λ₂=0.00
[t= 1440] DETECT             1/3 located the leak  λ₂=0.00
[t= 1500] DETECT             1/3 located the leak  λ₂=0.00
[t= 1548] DETECT             2/3 located the leak  λ₂=0.00
[t= 1560] DETECT             2/3 located the leak  λ₂=0.00
[t= 1620] DETECT             2/3 located the leak  λ₂=0.00
[t= 1680] DETECT             2/3 located the leak  λ₂=0.00
[t= 1740] DETECT             2/3 located the leak  λ₂=0.00
[t= 1800] DETECT             2/3 located the leak  λ₂=0.00
[t= 1860] DETECT             2/3 located the leak  λ₂=0.00
[t= 1920] DETECT             2/3 located the leak  λ₂=0.00
[t= 1980] DETECT             2/3 located the leak  λ₂=0.00
[t= 2040] DETECT             2/3 located the leak  λ₂=0.00
[t= 2100] DETECT             2/3 located the leak  λ₂=0.00
[t= 2160] DETECT             2/3 located the leak  λ₂=0.00
[t= 2220] DETECT             2/3 located the leak  λ₂=0.00
[t= 2280] DETECT             2/3 located the leak  λ₂=0.00
[t= 2340] DETECT             2/3 located the leak  λ₂=0.00
[t= 2400] DETECT             2/3 located the leak  λ₂=0.00
[t= 2460] DETECT             2/3 located the leak  λ₂=0.00
[t= 2520] DETECT             2/3 located the leak  λ₂=0.00
[t= 2580] DETECT             2/3 located the leak  λ₂=0.00
[t= 2640] DETECT             2/3 located the leak  λ₂=0.00
[t= 2700] DETECT             2/3 located the leak  λ₂=0.00
[t= 2732] DETECT             3/3 located the leak  λ₂=0.00
[t= 2732] PHASE              LEAK → CONSENSUS
[t= 2740] CONSENSUS          σ=21.2px  obs=3H/3T  stable=8/30  λ₂=0.000
[t= 2750] CONSENSUS          σ=25.4px  obs=3H/3T  stable=12/30  λ₂=0.000
[t= 2760] CONSENSUS          σ=26.3px  obs=3H/3T  stable=2/30  λ₂=0.000
[t= 2770] CONSENSUS          σ=25.5px  obs=3H/3T  stable=0/30  λ₂=0.000
[t= 2780] CONSENSUS          σ=26.1px  obs=3H/3T  stable=0/30  λ₂=0.000
[t= 2790] CONSENSUS          σ=26.3px  obs=3H/3T  stable=0/30  λ₂=0.000
[t= 2800] CONSENSUS          σ=26.0px  obs=3H/3T  stable=0/30  λ₂=0.000
[t= 2810] CONSENSUS          σ=25.6px  obs=3H/3T  stable=0/30  λ₂=0.000
[t= 2820] CONSENSUS          σ=26.4px  obs=3H/3T  stable=0/30  λ₂=0.000
[t= 2830] CONSENSUS          σ=27.0px  obs=3H/3T  stable=0/30  λ₂=0.000
[t= 2840] CONSENSUS          σ=26.9px  obs=3H/3T  stable=0/30  λ₂=0.000
[t= 2850] CONSENSUS          σ=26.8px  obs=3H/3T  stable=0/30  λ₂=0.000
[t= 2860] CONSENSUS          σ=26.4px  obs=3H/3T  stable=0/30  λ₂=0.000
[t= 2870] CONSENSUS          σ=27.3px  obs=3H/3T  stable=0/30  λ₂=0.000
[t= 2880] CONSENSUS          σ=26.3px  obs=3H/3T  stable=0/30  λ₂=0.000
[t= 2890] CONSENSUS          σ=24.3px  obs=3H/3T  stable=1/30  λ₂=0.000
[t= 2900] CONSENSUS          σ=22.6px  obs=3H/3T  stable=11/30  λ₂=0.000
[t= 2910] CONSENSUS          σ=21.9px  obs=4H/4T  stable=21/30  λ₂=0.000
[t= 2919] REPORTED           agreed (691, 200) err=7.7px
[t= 2919] PHASE              CONSENSUS → REPORTED
