# Simulation started at Sun Jul  5 22:29:27 2026
[t=    0] INIT               5 robots, map 900x600, obstacles=off, sources=1
[t=    0] MODE               entered Hazard Localization
[t=  199] PHASE              MONITOR → LEAK
[t=  199] LEAK_START         new leak at (687, 144)
[t=  200] DETECT             0/3 located the leak  λ₂=3.00
[t=  240] DETECT             0/3 located the leak  λ₂=3.00
[t=  300] DETECT             0/3 located the leak  λ₂=1.00
[t=  360] DETECT             0/3 located the leak  λ₂=1.59
[t=  420] DETECT             0/3 located the leak  λ₂=1.00
[t=  468] DETECT             1/3 located the leak  λ₂=1.00
[t=  480] DETECT             1/3 located the leak  λ₂=1.00
[t=  540] DETECT             1/3 located the leak  λ₂=1.00
[t=  600] DETECT             1/3 located the leak  λ₂=0.00
[t=  628] DETECT             2/3 located the leak  λ₂=0.00
[t=  650] DETECT             3/3 located the leak  λ₂=0.00
[t=  650] PHASE              LEAK → CONSENSUS
[t=  660] CONSENSUS          σ=11.0px  obs=3H/3T  stable=10/30  λ₂=0.519
[t=  670] CONSENSUS          σ=8.3px  obs=3H/3T  stable=20/30  λ₂=0.519
[t=  680] CONSENSUS          σ=9.1px  obs=3H/3T  stable=30/30  λ₂=0.830
[t=  680] REPORTED           agreed (691, 156) err=12.6px
[t=  680] PHASE              CONSENSUS → REPORTED
