# Simulation started at Sun Jul  5 22:29:56 2026
[t=    0] INIT               5 robots, map 900x600, obstacles=off, sources=1
[t=    0] MODE               entered Hazard Localization
[t=  199] PHASE              MONITOR → LEAK
[t=  199] LEAK_START         new leak at (400, 170)
[t=  200] DETECT             1/3 located the leak  λ₂=0.38
[t=  240] DETECT             1/3 located the leak  λ₂=0.52
[t=  254] DETECT             2/3 located the leak  λ₂=0.52
[t=  300] DETECT             2/3 located the leak  λ₂=1.59
[t=  330] DETECT             3/3 located the leak  λ₂=2.00
[t=  330] PHASE              LEAK → CONSENSUS
[t=  340] CONSENSUS          σ=10.3px  obs=3H/3T  stable=10/30  λ₂=2.000
[t=  350] CONSENSUS          σ=5.6px  obs=3H/3T  stable=20/30  λ₂=3.000
[t=  360] CONSENSUS          σ=5.1px  obs=3H/3T  stable=30/30  λ₂=3.000
[t=  360] REPORTED           agre[t=  660] DETECT             2/3 located the leak  λ₂=5.00
[t=  683] DETECT             3/3 located the leak  λ₂=5.00
[t=  683] PHASE              LEAK → CONSENSUS
[t=  690] CONSENSUS          σ=12.4px  obs=3H/3T  stable=7/30  λ₂=5.000
[t=  700] CONSENSUS          σ=6.0px  obs=3H/3T  stable=17/30  λ₂=5.000
[t=  710] CONSENSUS          σ=5.8px  obs=3H/3T  stable=27/30  λ₂=5.000
[t=  713] REPORTED           agreed (619, 221) err=10.7px
[t=  713] PHASE              CONSENSUS → REPORTED
