# Simulation started at Sun Jun 28 12:30:08 2026
[t=    0] INIT               5 robots, map 900x600, obstacles=off, sources=1
[t=    0] MODE               entered Hazard Localisation
[t=  199] PHASE              MONITOR → LEAK
[t=  199] LEAK_START         new leak at (754, 346)
[t=  200] DETECT             0/3 located the leak  λ₂=0.00
[t=  240] DETECT             0/3 located the leak  λ₂=0.00
[t=  250] DETECT             1/3 located the leak  λ₂=0.00
[t=  300] DETECT             1/3 located the leak  λ₂=0.00
[t=  360] DETECT             1/3 located the leak  λ₂=0.00
[t=  420] DETECT             1/3 located the leak  λ₂=0.00
[t=  480] DETECT             1/3 located the leak  λ₂=0.00
[t=  540] DETECT             1/3 located the leak  λ₂=0.00
[t=  600] DETECT             1/3 located the leak  λ₂=0.00
[t=  660] DETECT             1/3 located the leak  λ₂=0.00
[t=  676] DETECT             2/3 located the leak  λ₂=0.00
[t=  720] DETECT             2/3 located the leak  λ₂=0.00
[t=  780] DETECT             2/3 located the leak  λ₂=0.00
[t=  840] DETECT             2/3 located the leak  λ₂=0.00
[t=  900] DETECT             2/3 located the leak  λ₂=0.00
[t=  960] DETECT             2/3 located the leak  λ₂=0.00
[t= 1020] DETECT             2/3 located the leak  λ₂=0.00
[t= 1080] DETECT             2/3 located the leak  λ₂=0.00
[t= 1120] DETECT             3/3 located the leak  λ₂=0.00
[t= 1120] PHASE              LEAK → CONSENSUS
[t= 1130] CONSENSUS          σ=4.0px  obs=3H/3T  stable=10/30  λ₂=0.000
[t= 1140] CONSENSUS          σ=3.7px  obs=3H/3T  stable=20/30  λ₂=0.000
[t= 1150] CONSENSUS          σ=4.8px  obs=3H/3T  stable=30/30  λ₂=0.000
[t= 1150] REPORTED           agreed (734, 352) err=20.6px
[t= 1150] PHASE              CONSENSUS → REPORTED
