# Simulation started at Sun Jun 28 12:30:45 2026
[t=    0] INIT               5 robots, map 900x600, obstacles=off, sources=1
[t=    0] MODE               entered Hazard Localisation
[t=  199] PHASE              MONITOR → LEAK
[t=  199] LEAK_START         new leak at (235, 375)
[t=  200] DETECT             0/3 located the leak  λ₂=0.00
[t=  240] DETECT             0/3 located the leak  λ₂=0.00
[t=  300] DETECT             0/3 located the leak  λ₂=0.00
[t=  314] DETECT             1/3 located the leak  λ₂=0.00
[t=  360] DETECT             1/3 located the leak  λ₂=0.00
[t=  420] DETECT             1/3 located the leak  λ₂=0.00
[t=  421] DETECT             2/3 located the leak  λ₂=0.00
[t=  480] DETECT             2/3 located the leak  λ₂=0.00
[t=  540] DETECT             2/3 located the leak  λ₂=0.00
[t=  600] DETECT             2/3 located the leak  λ₂=0.00
[t=  660] DETECT             2/3 located the leak  λ₂=0.00
[t=  720] DETECT             2/3 located the leak  λ₂=0.00
[t=  780] DETECT             2/3 located the leak  λ₂=0.00
[t=  840] DETECT             2/3 located the leak  λ₂=0.00
[t=  900] DETECT             2/3 located the leak  λ₂=0.00
[t=  960] DETECT             2/3 located the leak  λ₂=0.00
[t= 1020] DETECT             2/3 located the leak  λ₂=0.00
[t= 1080] DETECT             2/3 located the leak  λ₂=0.00
[t= 1140] DETECT             2/3 located the leak  λ₂=0.00
[t= 1167] DETECT             3/3 located the leak  λ₂=0.00
[t= 1167] PHASE              LEAK → CONSENSUS
[t= 1170] CONSENSUS          σ=26.3px  obs=3H/3T  stable=0/30  λ₂=0.000
[t= 1180] CONSENSUS          σ=19.6px  obs=3H/3T  stable=8/30  λ₂=0.000
[t= 1190] CONSENSUS          σ=22.4px  obs=3H/3T  stable=18/30  λ₂=0.000
[t= 1200] CONSENSUS          σ=23.8px  obs=3H/3T  stable=28/30  λ₂=0.000
[t= 1202] REPORTED           agreed (282, 390) err=49.5px
[t= 1202] PHASE              CONSENSUS → REPORTED
