# Simulation started at Sat Jun 27 23:06:59 2026
[t=    0] INIT               5 robots, map 900x600, obstacles=off, sources=1
[t=    0] MODE               entered Hazard Localisation
[t=  199] PHASE              MONITOR → LEAK
[t=  199] LEAK_START         new leak at (577, 351)
[t=  200] DETECT             0/3 located the leak  λ₂=0.00
[t=  240] DETECT             0/3 located the leak  λ₂=0.00
[t=  300] DETECT             0/3 located the leak  λ₂=0.00
[t=  360] DETECT             0/3 located the leak  λ₂=0.00
[t=  420] DETECT             0/3 located the leak  λ₂=0.38
[t=  432] DETECT             1/3 located the leak  λ₂=0.52
[t=  480] DETECT             1/3 located the leak  λ₂=0.00
[t=  491] DETECT             2/3 located the leak  λ₂=0.00
[t=  500] DETECT             3/3 located the leak  λ₂=0.00
[t=  500] PHASE              LEAK → CONSENSUS
[t=  510] CONSENSUS          σ=14.3px  obs=3H/3T  stable=10/30  λ₂=0.000
[t=  520] CONSENSUS          σ=8.5px  obs=3H/3T  stable=20/30  λ₂=0.000
[t=  530] CONSENSUS          σ=7.5px  obs=3H/3T  stable=30/30  λ₂=0.000
[t=  530] REPORTED           agreed (573, 350) err=4.6px
[t=  530] PHASE              CONSENSUS → REPORTED
