# Simulation started at Sat Jun 27 23:07:10 2026
[t=    0] INIT               5 robots, map 900x600, obstacles=off, sources=1
[t=    0] MODE               entered Hazard Localisation
[t=  199] PHASE              MONITOR → LEAK
[t=  199] LEAK_START         new leak at (693, 193)
[t=  200] DETECT             0/3 located the leak  λ₂=0.00
[t=  240] DETECT             0/3 located the leak  λ₂=0.00
[t=  300] DETECT             0/3 located the leak  λ₂=0.00
[t=  360] DETECT             0/3 located the leak  λ₂=0.00
[t=  400] DETECT             1/3 located the leak  λ₂=0.00
[t=  420] DETECT             1/3 located the leak  λ₂=0.00
[t=  475] DETECT             2/3 located the leak  λ₂=0.00
[t=  480] DETECT             2/3 located the leak  λ₂=0.00
[t=  486] DETECT             3/3 located the leak  λ₂=0.00
[t=  486] PHASE              LEAK → CONSENSUS
[t=  490] CONSENSUS          σ=8.5px  obs=3H/3T  stable=4/30  λ₂=0.000
[t=  500] CONSENSUS          σ=9.1px  obs=3H/3T  stable=14/30  λ₂=0.000
[t=  510] CONSENSUS          σ=10.6px  obs=3H/3T  stable=24/30  λ₂=0.000
[t=  516] REPORTED           agreed (678, 212) err=23.8px
[t=  516] PHASE              CONSENSUS → REPORTED
