# Simulation started at Sun Jun 28 18:46:49 2026
[t=    0] INIT               5 robots, map 900x600, obstacles=off, sources=1
[t=    0] MODE               entered Hazard Localization
[t=  199] PHASE              MONITOR → LEAK
[t=  199] LEAK_START         new leak at (243, 514)
[t=  200] DETECT             0/3 located the leak  λ₂=0.00
[t=  240] DETECT             0/3 located the leak  λ₂=0.00
[t=  300] DETECT             0/3 located the leak  λ₂=0.00
[t=  325] DETECT             1/3 located the leak  λ₂=0.00
[t=  360] DETECT             1/3 located the leak  λ₂=0.00
[t=  419] DETECT             2/3 located the leak  λ₂=0.00
[t=  420] DETECT             2/3 located the leak  λ₂=0.00
[t=  480] DETECT             2/3 located the leak  λ₂=0.00
[t=  540] DETECT             2/3 located the leak  λ₂=0.00
[t=  600] DETECT             2/3 located the leak  λ₂=0.00
[t=  660] DETECT             2/3 located the leak  λ₂=0.00
[t=  720] DETECT             2/3 located the leak  λ₂=0.00
[t=  780] DETECT             2/3 located the leak  λ₂=0.00
[t=  840] DETECT             2/3 located the leak  λ₂=0.00
[t=  900] DETECT             3/3 located the leak  λ₂=0.00
[t=  900] PHASE              LEAK → CONSENSUS
[t=  910] CONSENSUS          σ=9.7px  obs=3H/3T  stable=10/30  λ₂=0.000
[t=  920] CONSENSUS          σ=13.1px  obs=3H/3T  stable=20/30  λ₂=0.000
[t=  930] CONSENSUS          σ=14.2px  obs=3H/3T  stable=30/30  λ₂=0.000
[t=  930] REPORTED           agreed (250, 492) err=22.8px
[t=  930] PHASE              CONSENSUS → REPORTED
