# Simulation started at Sun Jul  5 22:30:10 2026
[t=    0] INIT               5 robots, map 900x600, obstacles=off, sources=1
[t=    0] MODE               entered Hazard Localization
[t=  199] PHASE              MONITOR → LEAK
[t=  199] LEAK_START         new leak at (555, 175)
[t=  200] DETECT             0/3 located the leak  λ₂=0.00
[t=  240] DETECT             0/3 located the leak  λ₂=0.00
[t=  300] DETECT             0/3 located the leak  λ₂=0.00
[t=  306] DETECT             1/3 located the leak  λ₂=0.00
[t=  325] DETECT             2/3 located the leak  λ₂=0.00
[t=  360] DETECT             2/3 located the leak  λ₂=0.00
[t=  396] DETECT             3/3 located the leak  λ₂=0.00
[t=  396] PHASE              LEAK → CONSENSUS
[t=  400] CONSENSUS          σ=19.8px  obs=3H/3T  stable=4/30  λ₂=0.000
[t=  410] CONSENSUS          σ=11.6px  obs=3H/3T  stable=14/30  λ₂=0.000
[t=  420] CONSENSUS          σ=5.1px  obs=3H/3T  stable=24/30  λ₂=0.000
[t=  426] REPORTED           agreed (562, 176) err=6.9px
[t=  426] PHASE              CONSENSUS → REPORTED
err=4.2px
[t=  451] PHASE              CONSENSUS → REPORTED
