# Simulation started at Sat Jun 27 23:12:35 2026
[t=    0] INIT               5 robots, map 900x600, obstacles=off, sources=1
[t=    0] MODE               entered Hazard Localisation
[t=  199] PHASE              MONITOR → LEAK
[t=  199] LEAK_START         new leak at (551, 113)
[t=  200] DETECT             0/3 located the leak  λ₂=0.38
[t=  240] DETECT             0/3 located the leak  λ₂=0.52
[t=  300] DETECT             0/3 located the leak  λ₂=0.00
[t=  360] DETECT             0/3 located the leak  λ₂=0.00
[t=  420] DETECT             0/3 located the leak  λ₂=0.00
[t=  480] DETECT             0/3 located the leak  λ₂=0.00
[t=  522] DETECT             1/3 located the leak  λ₂=0.00
[t=  540] DETECT             1/3 located the leak  λ₂=0.00
[t=  600] DETECT             1/3 located the leak  λ₂=0.00
[t=  617] DETECT             2/3 located the leak  λ₂=0.00
[t=  660] DETECT             2/3 located the leak  λ₂=0.52
[t=  709] DETECT             3/3 located the leak  λ₂=-0.00
[t=  709] PHASE              LEAK → CONSENSUS
[t=  710] CONSENSUS          σ=21.7px  obs=3H/3T  stable=1/30  λ₂=-0.000
[t=  720] CONSENSUS          σ=14.2px  obs=3H/3T  stable=11/30  λ₂=-0.000
[t=  730] CONSENSUS          σ=11.4px  obs=3H/3T  stable=21/30  λ₂=-0.000
[t=  739] REPORTED           agreed (585, 135) err=40.5px
[t=  739] PHASE              CONSENSUS → REPORTED
