# Simulation started at Sun Jun 28 19:04:52 2026
[t=    0] INIT               5 robots, map 900x600, obstacles=off, sources=1
[t=    0] MODE               entered Hazard Localization
[t=  199] PHASE              MONITOR → LEAK
[t=  199] LEAK_START         new leak at (681, 231)
[t=  200] DETECT             0/3 located the leak  λ₂=0.00
[t=  240] DETECT             0/3 located the leak  λ₂=0.00
[t=  295] DETECT             1/3 located the leak  λ₂=0.00
[t=  300] DETECT             1/3 located the leak  λ₂=0.00
[t=  326] DETECT             2/3 located the leak  λ₂=0.00
[t=  360] DETECT             2/3 located the leak  λ₂=0.00
[t=  420] DETECT             2/3 located the leak  λ₂=0.00
[t=  480] DETECT             2/3 located the leak  λ₂=0.00
[t=  540] DETECT             2/3 located the leak  λ₂=0.00
[t=  600] DETECT             2/3 located the leak  λ₂=0.00
[t=  660] DETECT             2/3 located the leak  λ₂=0.00
[t=  720] DETECT             2/3 located the leak  λ₂=0.00
[t=  780] DETECT             2/3 located the leak  λ₂=0.00
[t=  824] DETECT             3/3 located the leak  λ₂=0.00
[t=  824] PHASE              LEAK → CONSENSUS
[t=  830] CONSENSUS          σ=10.1px  obs=3H/3T  stable=6/30  λ₂=0.000
[t=  840] CONSENSUS          σ=6.5px  obs=3H/3T  stable=16/30  λ₂=0.000
[t=  850] CONSENSUS          σ=6.2px  obs=3H/3T  stable=26/30  λ₂=0.000
[t=  854] REPORTED           agreed (685, 240) err=9.2px
[t=  854] PHASE              CONSENSUS → REPORTED
