# Simulation started at Wed Jun 24 10:41:31 2026
[t=    0] INIT               5 robots, map 900x600, obstacles=off, sources=1
[t=    0] MODE               entered Hazard Localisation
[t=  199] PHASE              MONITOR → LEAK
[t=  199] LEAK_START         new leak at (407, 300)
[t=  200] DETECT             1 smell gas  0 located it  need 3  λ₂=0.519
[t=  220] DETECT             5 smell gas  0 located it  need 3  λ₂=0.519
[t=  240] DETECT             5 smell gas  0 located it  need 3  λ₂=0.519
[t=  260] DETECT             5 smell gas  0 located it  need 3  λ₂=0.000
[t=  280] DETECT             5 smell gas  0 located it  need 3  λ₂=0.000
[t=  300] DETECT             5 smell gas  0 located it  need 3  λ₂=0.000
[t=  320] DETECT             5 smell gas  0 located it  need 3  λ₂=0.000
[t=  340] DETECT             5 smell gas  0 located it  need 3  λ₂=0.000
[t=  360] DETECT             5 smell gas  0 located it  need 3  λ₂=0.000
[t=  380] DETECT             5 smell gas  0 located it  need 3  λ₂=0.000
[t=  400] DETECT             5 smell gas  0 located it  need 3  λ₂=0.000
[t=  420] DETECT             5 smell gas  0 located it  need 3  λ₂=0.000
[t=  440] DETECT             5 smell gas  0 located it  need 3  λ₂=0.000
[t=  460] DETECT             5 smell gas  0 located it  need 3  λ₂=0.000
[t=  480] DETECT             5 smell gas  0 located it  need 3  λ₂=0.000
[t=  500] DETECT             5 smell gas  0 located it  need 3  λ₂=0.000
[t=  520] DETECT             5 smell gas  0 located it  need 3  λ₂=0.000
[t=  540] DETECT             5 smell gas  0 located it  need 3  λ₂=0.000
[t=  560] DETECT             5 smell gas  0 located it  need 3  λ₂=0.000
[t=  580] DETECT             5 smell gas  0 located it  need 3  λ₂=0.000
[t=  600] DETECT             5 smell gas  0 located it  need 3  λ₂=0.000
[t=  620] DETECT             5 smell gas  1 located it  need 3  λ₂=0.000
[t=  640] DETECT             5 smell gas  1 located it  need 3  λ₂=0.519
[t=  660] DETECT             5 smell gas  1 located it  need 3  λ₂=0.519
[t=  680] DETECT             5 smell gas  1 located it  need 3  λ₂=0.830
[t=  700] DETECT             5 smell gas  2 located it  need 3  λ₂=1.000
[t=  702] PHASE              LEAK → CONSENSUS
[t=  710] CONSENSUS          σ=0.0px  obs=3H/3T  stable=8/30  λ₂=2.000
[t=  720] CONSENSUS          σ=0.0px  obs=3H/3T  stable=18/30  λ₂=2.000
[t=  730] CONSENSUS          σ=0.1px  obs=4H/4T  stable=28/30  λ₂=2.000
[t=  732] REPORTED           agreed (408, 305) err=4.2px
[t=  732] PHASE              CONSENSUS → REPORTED
