# Simulation started at Sat Jun 27 23:09:15 2026
[t=    0] INIT               5 robots, map 900x600, obstacles=off, sources=1
[t=    0] MODE               entered Hazard Localisation
[t=  199] PHASE              MONITOR → LEAK
[t=  199] LEAK_START         new leak at (523, 369)
[t=  200] DETECT             0/3 located the leak  λ₂=0.00
[t=  203] DETECT             1/3 located the leak  λ₂=0.00
[t=  210] DETECT             2/3 located the leak  λ₂=0.00
[t=  240] DETECT             2/3 located the leak  λ₂=0.00
[t=  300] DETECT             2/3 located the leak  λ₂=0.00
[t=  360] DETECT             2/3 located the leak  λ₂=0.00
[t=  420] DETECT             2/3 located the leak  λ₂=0.00
[t=  480] DETECT             2/3 located the leak  λ₂=0.00
[t=  540] DETECT             2/3 located the leak  λ₂=0.00
[t=  600] DETECT             2/3 located the leak  λ₂=0.00
[t=  660] DETECT             2/3 located the leak  λ₂=0.00
[t=  720] DETECT             2/3 located the leak  λ₂=0.00
[t=  780] DETECT             2/3 located the leak  λ₂=0.00
[t=  840] DETECT             2/3 located the leak  λ₂=0.00
[t=  900] DETECT             2/3 located the leak  λ₂=0.00
[t=  960] DETECT             2/3 located the leak  λ₂=0.00
[t= 1020] DETECT             2/3 located the leak  λ₂=0.00
[t= 1080] DETECT             2/3 located the leak  λ₂=0.00
[t= 1140] DETECT             2/3 located the leak  λ₂=0.00
[t= 1200] DETECT             2/3 located the leak  λ₂=0.00
[t= 1260] DETECT             2/3 located the leak  λ₂=0.00
[t= 1320] DETECT             2/3 located the leak  λ₂=0.00
[t= 1380] DETECT             2/3 located the leak  λ₂=0.00
[t= 1440] DETECT             2/3 located the leak  λ₂=0.00
[t= 1500] DETECT             2/3 located the leak  λ₂=0.00
[t= 1560] DETECT             2/3 located the leak  λ₂=0.00
[t= 1620] DETECT             2/3 located the leak  λ₂=0.00
[t= 1680] DETECT             2/3 located the leak  λ₂=0.00
[t= 1740] DETECT             2/3 located the leak  λ₂=0.00
[t= 1800] DETECT             2/3 located the leak  λ₂=0.00
[t= 1860] DETECT             2/3 located the leak  λ₂=0.00
[t= 1920] DETECT             2/3 located the leak  λ₂=0.00
[t= 1980] DETECT             2/3 located the leak  λ₂=0.00
[t= 2040] DETECT             2/3 located the leak  λ₂=0.00
[t= 2100] DETECT             2/3 located the leak  λ₂=0.00
[t= 2160] DETECT             2/3 located the leak  λ₂=0.00
[t= 2220] DETECT             2/3 located the leak  λ₂=0.00
[t= 2280] DETECT             2/3 located the leak  λ₂=0.00
[t= 2340] DETECT             2/3 located the leak  λ₂=0.00
[t= 2400] DETECT             2/3 located the leak  λ₂=0.00
[t= 2403] DETECT             3/3 located the leak  λ₂=0.00
[t= 2403] PHASE              LEAK → CONSENSUS
[t= 2410] CONSENSUS          σ=28.4px  obs=3H/3T  stable=0/30  λ₂=0.000
[t= 2420] CONSENSUS          σ=27.9px  obs=3H/3T  stable=0/30  λ₂=0.000
[t= 2430] CONSENSUS          σ=27.2px  obs=3H/3T  stable=0/30  λ₂=0.000
[t= 2440] CONSENSUS          σ=26.6px  obs=3H/3T  stable=0/30  λ₂=0.000
[t= 2450] CONSENSUS          σ=28.0px  obs=3H/3T  stable=0/30  λ₂=0.000
[t= 2460] CONSENSUS          σ=29.0px  obs=3H/3T  stable=0/30  λ₂=0.000
[t= 2470] CONSENSUS          σ=27.7px  obs=3H/3T  stable=0/30  λ₂=0.000
[t= 2480] CONSENSUS          σ=26.9px  obs=4H/4T  stable=0/30  λ₂=0.000
[t= 2490] CONSENSUS          σ=22.2px  obs=4H/4T  stable=4/30  λ₂=0.000
[t= 2500] CONSENSUS          σ=18.2px  obs=4H/4T  stable=14/30  λ₂=0.000
[t= 2510] CONSENSUS          σ=17.4px  obs=4H/4T  stable=24/30  λ₂=0.000
[t= 2516] REPORTED           agreed (557, 364) err=34.2px
[t= 2516] PHASE              CONSENSUS → REPORTED
