# Simulation started at Sat Jun 27 23:07:02 2026
[t=    0] INIT               5 robots, map 900x600, obstacles=off, sources=1
[t=    0] MODE               entered Hazard Localisation
[t=  199] PHASE              MONITOR → LEAK
[t=  199] LEAK_START         new leak at (489, 498)
[t=  200] DETECT             0/3 located the leak  λ₂=0.00
[t=  240] DETECT             0/3 located the leak  λ₂=0.00
[t=  300] DETECT             0/3 located the leak  λ₂=0.00
[t=  360] DETECT             0/3 located the leak  λ₂=0.00
[t=  404] DETECT             1/3 located the leak  λ₂=0.00
[t=  420] DETECT             1/3 located the leak  λ₂=0.00
[t=  466] DETECT             2/3 located the leak  λ₂=0.00
[t=  480] DETECT             2/3 located the leak  λ₂=0.00
[t=  540] DETECT             2/3 located the leak  λ₂=0.00
[t=  600] DETECT             2/3 located the leak  λ₂=0.00
[t=  660] DETECT             2/3 located the leak  λ₂=0.00
[t=  699] DETECT             3/3 located the leak  λ₂=0.00
[t=  699] PHASE              LEAK → CONSENSUS
[t=  700] CONSENSUS          σ=14.3px  obs=3H/3T  stable=1/30  λ₂=0.000
[t=  710] CONSENSUS          σ=12.5px  obs=4H/4T  stable=11/30  λ₂=0.000
[t=  720] CONSENSUS          σ=11.4px  obs=4H/4T  stable=21/30  λ₂=0.000
[t=  729] REPORTED           agreed (487, 472) err=25.9px
[t=  729] PHASE              CONSENSUS → REPORTED
