# Simulation started at Sat Jun 27 23:10:46 2026
[t=    0] INIT               5 robots, map 900x600, obstacles=off, sources=1
[t=    0] MODE               entered Hazard Localisation
[t=  199] PHASE              MONITOR → LEAK
[t=  199] LEAK_START         new leak at (292, 179)
[t=  200] DETECT             0/3 located the leak  λ₂=0.00
[t=  240] DETECT             0/3 located the leak  λ₂=0.00
[t=  300] DETECT             0/3 located the leak  λ₂=0.00
[t=  360] DETECT             0/3 located the leak  λ₂=0.00
[t=  420] DETECT             0/3 located the leak  λ₂=0.00
[t=  480] DETECT             0/3 located the leak  λ₂=0.00
[t=  537] DETECT             1/3 located the leak  λ₂=0.00
[t=  540] DETECT             1/3 located the leak  λ₂=0.00
[t=  600] DETECT             1/3 located the leak  λ₂=0.00
[t=  650] DETECT             2/3 located the leak  λ₂=0.83
[t=  660] DETECT             2/3 located the leak  λ₂=0.83
[t=  679] DETECT             3/3 located the leak  λ₂=0.83
[t=  679] PHASE              LEAK → CONSENSUS
[t=  680] CONSENSUS          σ=17.5px  obs=3H/3T  stable=1/30  λ₂=0.830
[t=  690] CONSENSUS          σ=20.9px  obs=3H/3T  stable=11/30  λ₂=0.830
[t=  700] CONSENSUS          σ=23.1px  obs=3H/3T  stable=21/30  λ₂=0.830
[t=  709] REPORTED           agreed (338, 195) err=48.5px
[t=  709] PHASE              CONSENSUS → REPORTED
