# Simulation started at Sun Jun 28 17:51:35 2026
[t=    0] INIT               5 robots, map 900x600, obstacles=off, sources=1
[t=    0] MODE               entered Hazard Localization
[t=  199] PHASE              MONITOR → LEAK
[t=  199] LEAK_START         new leak at (625, 170)
[t=  200] DETECT             0/3 located the leak  λ₂=2.00
[t=  240] DETECT             0/3 located the leak  λ₂=2.00
[t=  300] DETECT             0/3 located the leak  λ₂=2.00
[t=  360] DETECT             0/3 located the leak  λ₂=3.00
[t=  420] DETECT             0/3 located the leak  λ₂=2.00
[t=  480] DETECT             0/3 located the leak  λ₂=2.00
[t=  528] DETECT             1/3 located the leak  λ₂=2.00
[t=  540] DETECT             1/3 located the leak  λ₂=2.00
[t=  553] DETECT             2/3 located the leak  λ₂=2.00
[t=  570] DETECT             3/3 located the leak  λ₂=2.00
[t=  570] PHASE              LEAK → CONSENSUS
[t=  580] CONSENSUS          σ=20.1px  obs=3H/3T  stable=10/30  λ₂=2.000
[t=  590] CONSENSUS          σ=14.8px  obs=3H/3T  stable=20/30  λ₂=3.000
[t=  600] CONSENSUS          σ=11.1px  obs=3H/3T  stable=30/30  λ₂=5.000
[t=  600] REPORTED           agreed (632, 192) err=22.6px
[t=  600] PHASE              CONSENSUS → REPORTED
