# Simulation started at Sun Jun 28 12:32:25 2026
[t=    0] INIT               5 robots, map 900x600, obstacles=off, sources=1
[t=    0] MODE               entered Hazard Localisation
[t=  199] PHASE              MONITOR → LEAK
[t=  199] LEAK_START         new leak at (655, 250)
[t=  200] DETECT             0/3 located the leak  λ₂=0.00
[t=  216] DETECT             1/3 located the leak  λ₂=0.00
[t=  240] DETECT             1/3 located the leak  λ₂=0.00
[t=  300] DETECT             1/3 located the leak  λ₂=0.00
[t=  360] DETECT             1/3 located the leak  λ₂=0.00
[t=  374] DETECT             2/3 located the leak  λ₂=0.00
[t=  420] DETECT             2/3 located the leak  λ₂=0.00
[t=  480] DETECT             2/3 located the leak  λ₂=0.00
[t=  540] DETECT             2/3 located the leak  λ₂=0.00
[t=  596] DETECT             3/3 located the leak  λ₂=0.00
[t=  596] PHASE              LEAK → CONSENSUS
[t=  600] CONSENSUS          σ=8.8px  obs=3H/3T  stable=4/30  λ₂=0.000
[t=  610] CONSENSUS          σ=10.6px  obs=3H/3T  stable=14/30  λ₂=0.000
[t=  620] CONSENSUS          σ=13.0px  obs=3H/3T  stable=24/30  λ₂=0.000
[t=  626] REPORTED           agreed (657, 256) err=6.8px
[t=  626] PHASE              CONSENSUS → REPORTED
