# Simulation started at Sun Jun 28 12:32:12 2026
[t=    0] INIT               5 robots, map 900x600, obstacles=off, sources=1
[t=    0] MODE               entered Hazard Localization
[t=  199] PHASE              MONITOR → LEAK
[t=  199] LEAK_START         new leak at (621, 418)
[t=  200] DETECT             0/3 located the leak  λ₂=0.00
[t=  240] DETECT             0/3 located the leak  λ₂=0.00
[t=  254] DETECT             1/3 located the leak  λ₂=0.00
[t=  293] DETECT             2/3 located the leak  λ₂=0.00
[t=  300] DETECT             2/3 located the leak  λ₂=0.00
[t=  360] DETECT             2/3 located the leak  λ₂=0.00
[t=  420] DETECT             2/3 located the leak  λ₂=0.00
[t=  480] DETECT             2/3 located the leak  λ₂=0.00
[t=  540] DETECT             2/3 located the leak  λ₂=0.00
[t=  600] DETECT             2/3 located the leak  λ₂=0.00
[t=  660] DETECT             2/3 located the leak  λ₂=0.00
[t=  720] DETECT             2/3 located the leak  λ₂=0.00
[t=  738] DETECT             3/3 located the leak  λ₂=0.00
[t=  738] PHASE              LEAK → CONSENSUS
[t=  740] CONSENSUS          σ=13.0px  obs=3H/3T  stable=2/30  λ₂=0.000
[t=  750] CONSENSUS          σ=10.3px  obs=3H/3T  stable=12/30  λ₂=0.000
[t=  760] CONSENSUS          σ=9.8px  obs=3H/3T  stable=22/30  λ₂=0.000
[t=  768] REPORTED           agreed (643, 413) err=23.3px
[t=  768] PHASE              CONSENSUS → REPORTED
