# Simulation started at Sun Jul  5 22:30:46 2026
[t=    0] INIT               5 robots, map 900x600, obstacles=off, sources=1
[t=    0] MODE               entered Hazard Localization
[t=  199] PHASE              MONITOR → LEAK
[t=  199] LEAK_START         new leak at (494, 144)
[t=  200] DETECT             1/3 located the leak  λ₂=5.00
[t=  235] DETECT             2/3 located the leak  λ₂=5.00
[t=  240] DETECT             2/3 located the leak  λ₂=5.00
[t=  360] DETECT             0/3 located the leak  λ₂=0.83
[t=  382] DETECT             1/3 located the leak  λ₂=0.38
[t=  420] DETECT             1/3 located the leak  λ₂=0.83
[t=  446] DETECT             2/3 located the leak  λ₂=1.59
[t=  480] DETECT             2/3 located the leak  λ₂=5.00
[t=  506] DETECT             3/3 located the leak  λ₂=5.00
[t=  506] PHASE              LEAK → CONSENSUS
[t=  510] CONSENSUS          σ=28.9px  obs=3H/3T  stable=0/30  λ₂=5.000
[t=  520] CONSENSUS          σ=22.7px  obs=3H/3T  stable=4/30  λ₂=5.000
[t=  530] CONSENSUS          σ=14.9px  obs=3H/3T  stable=14/30  λ₂=5.000
[t=  540] CONSENSUS          σ=13.4px  obs=3H/3T  stable=24/30  λ₂=5.000
[t=  546] REPORTED           agreed (272, 202) err=12.6px
[t=  546] PHASE              CONSENSUS → REPORTED
