# Simulation started at Sun Jul  5 22:30:28 2026
[t=    0] INIT               5 robots, map 900x600, obstacles=off, sources=1
[t=    0] MODE               entered Hazard Localization
[t=  199] PHASE              MONITOR → LEAK
[t=  199] LEAK_START         new leak at (709, 139)
[t=  200] DETECT             0/3 located the leak  λ₂=5.00
[t=  240] DETECT             0/3 located the leak  λ₂=1.00
[t=  300] DETECT             0/3 located the leak  λ₂=1.00
[t=  360] DETECT             0/3 located the leak  λ₂=1.59
[t=  420] DETECT             0/3 located the leak  λ₂=3.00
[t=  426] DETECT             1/3 located the leak  λ₂=3.00
[t=  480] DETECT             1/3 located the leak  λ₂=5.00
[t=  488] DETECT             2/3 located the leak  λ₂=5.00
[t=  521] DETECT             3/3 located the leak  λ₂=5.00
[t=  521] PHASE              LEAK → CONSENSUS
[t=  530] CONSENSUS          σ=20.3px  obs=3H/3T  stable=9/30  λ₂=5.000
[t=  540] CONSENSUS          σ=9.9px  obs=3H/3T  stable=19/30  λ₂=5.000
[t=  550] CONSENSUS          σ=7.3px  obs=3H/3T  stable=29/30  λ₂=5.000
[t=  551] REPORTED           agreed (358, 451) err=12.6px
[t=  551] PHASE              CONSENSUS → REPORTED
