# Simulation started at Sun Jun 28 12:34:06 2026
[t=    0] INIT               5 robots, map 900x600, obstacles=off, sources=1
[t=    0] MODE               entered Hazard Localisation
[t=  199] PHASE              MONITOR → LEAK
[t=  199] LEAK_START         new leak at (612, 213)
[t=  200] DETECT             0/3 located the leak  λ₂=2.00
[t=  240] DETECT             0/3 located the leak  λ₂=2.00
[t=  300] DETECT             0/3 located the leak  λ₂=1.59
[t=  360] DETECT             0/3 located the leak  λ₂=1.59
[t=  420] DETECT             0/3 located the leak  λ₂=3.00
[t=  480] DETECT             0/3 located the leak  λ₂=1.00
[t=  538] DETECT             1/3 located the leak  λ₂=0.00
[t=  540] DETECT             1/3 located the leak  λ₂=0.00
[t=  580] DETECT             2/3 located the leak  λ₂=1.59
[t=  600] DETECT             2/3 located the leak  λ₂=3.00
[t=  660] DETECT             2/3 located the leak  λ₂=5.00
[t=  688] DETECT             3/3 located the leak  λ₂=5.00
[t=  688] PHASE              LEAK → CONSENSUS
[t=  690] CONSENSUS          σ=21.7px  obs=3H/3T  stable=2/30  λ₂=5.000
[t=  700] CONSENSUS          σ=19.5px  obs=3H/3T  stable=12/30  λ₂=5.000
[t=  710] CONSENSUS          σ=19.2px  obs=3H/3T  stable=22/30  λ₂=5.000
[t=  718] REPORTED           agreed (655, 222) err=44.7px
[t=  718] PHASE              CONSENSUS → REPORTED
