# Simulation started at Sun Jun 28 19:02:49 2026
[t=    0] INIT               5 robots, map 900x600, obstacles=off, sources=1
[t=    0] MODE               entered Hazard Localization
[t=  199] PHASE              MONITOR → LEAK
[t=  199] LEAK_START         new leak at (401, 84)
[t=  200] DETECT             0/3 located the leak  λ₂=1.59
[t=  240] DETECT             0/3 located the leak  λ₂=1.00
[t=  300] DETECT             0/3 located the leak  λ₂=0.52
[t=  360] DETECT             0/3 located the leak  λ₂=1.00
[t=  420] DETECT             0/3 located the leak  λ₂=1.59
[t=  450] DETECT             1/3 located the leak  λ₂=1.59
[t=  468] DETECT             2/3 located the leak  λ₂=1.59
[t=  480] DETECT             2/3 located the leak  λ₂=2.00
[t=  506] DETECT             3/3 located the leak  λ₂=2.00
[t=  506] PHASE              LEAK → CONSENSUS
[t=  510] CONSENSUS          σ=28.1px  obs=3H/3T  stable=0/30  λ₂=2.000
[t=  520] CONSENSUS          σ=19.2px  obs=3H/3T  stable=7/30  λ₂=3.000
[t=  530] CONSENSUS          σ=14.3px  obs=3H/3T  stable=17/30  λ₂=5.000
[t=  540] CONSENSUS          σ=11.8px  obs=3H/3T  stable=27/30  λ₂=5.000
[t=  543] REPORTED           agreed (411, 96) err=15.5px
[t=  543] PHASE              CONSENSUS → REPORTED
