# Simulation started at Sun Jun 28 12:29:43 2026
[t=    0] INIT               5 robots, map 900x600, obstacles=off, sources=1
[t=    0] MODE               entered Hazard Localisation
[t=  199] PHASE              MONITOR → LEAK
[t=  199] LEAK_START         new leak at (652, 466)
[t=  200] DETECT             0/3 located the leak  λ₂=0.00
[t=  208] DETECT             1/3 located the leak  λ₂=0.00
[t=  240] DETECT             1/3 located the leak  λ₂=0.00
[t=  300] DETECT             1/3 located the leak  λ₂=0.00
[t=  360] DETECT             1/3 located the leak  λ₂=0.00
[t=  420] DETECT             1/3 located the leak  λ₂=0.00
[t=  480] DETECT             1/3 located the leak  λ₂=0.00
[t=  540] DETECT             1/3 located the leak  λ₂=0.00
[t=  591] DETECT             2/3 located the leak  λ₂=0.00
[t=  600] DETECT             2/3 located the leak  λ₂=0.00
[t=  660] DETECT             2/3 located the leak  λ₂=0.00
[t=  720] DETECT             2/3 located the leak  λ₂=0.00
[t=  780] DETECT             2/3 located the leak  λ₂=0.00
[t=  840] DETECT             2/3 located the leak  λ₂=0.00
[t=  900] DETECT             2/3 located the leak  λ₂=0.00
[t=  960] DETECT             2/3 located the leak  λ₂=0.00
[t= 1020] DETECT             2/3 located the leak  λ₂=0.00
[t= 1080] DETECT             2/3 located the leak  λ₂=0.00
[t= 1140] DETECT             2/3 located the leak  λ₂=0.00
[t= 1200] DETECT             2/3 located the leak  λ₂=0.00
[t= 1260] DETECT             2/3 located the leak  λ₂=0.00
[t= 1320] DETECT             2/3 located the leak  λ₂=0.00
[t= 1380] DETECT             2/3 located the leak  λ₂=0.00
[t= 1440] DETECT             2/3 located the leak  λ₂=0.00
[t= 1442] DETECT             3/3 located the leak  λ₂=0.00
[t= 1442] PHASE              LEAK → CONSENSUS
[t= 1450] CONSENSUS          σ=8.8px  obs=3H/3T  stable=8/30  λ₂=0.000
[t= 1460] CONSENSUS          σ=5.2px  obs=3H/3T  stable=18/30  λ₂=0.000
[t= 1470] CONSENSUS          σ=4.3px  obs=3H/3T  stable=28/30  λ₂=0.000
[t= 1472] REPORTED           agreed (672, 456) err=21.6px
[t= 1472] PHASE              CONSENSUS → REPORTED
