# Simulation started at Sun Jun 28 12:32:28 2026
[t=    0] INIT               5 robots, map 900x600, obstacles=off, sources=1
[t=    0] MODE               entered Hazard Localisation
[t=  199] PHASE              MONITOR → LEAK
[t=  199] LEAK_START         new leak at (169, 512)
[t=  200] DETECT             0/3 located the leak  λ₂=0.00
[t=  240] DETECT             0/3 located the leak  λ₂=0.00
[t=  300] DETECT             0/3 located the leak  λ₂=0.00
[t=  360] DETECT             0/3 located the leak  λ₂=0.00
[t=  420] DETECT             0/3 located the leak  λ₂=0.00
[t=  480] DETECT             0/3 located the leak  λ₂=0.00
[t=  540] DETECT             0/3 located the leak  λ₂=0.00
[t=  600] DETECT             0/3 located the leak  λ₂=0.00
[t=  660] DETECT             0/3 located the leak  λ₂=0.00
[t=  720] DETECT             0/3 located the leak  λ₂=0.38
[t=  780] DETECT             0/3 located the leak  λ₂=0.00
[t=  788] DETECT             1/3 located the leak  λ₂=0.00
[t=  810] DETECT             2/3 located the leak  λ₂=0.00
[t=  840] DETECT             2/3 located the leak  λ₂=0.00
[t=  900] DETECT             2/3 located the leak  λ₂=0.00
[t=  924] DETECT             3/3 located the leak  λ₂=0.00
[t=  924] PHASE              LEAK → CONSENSUS
[t=  930] CONSENSUS          σ=17.4px  obs=3H/3T  stable=6/30  λ₂=0.000
[t=  940] CONSENSUS          σ=12.5px  obs=3H/3T  stable=16/30  λ₂=0.519
[t=  950] CONSENSUS          σ=11.1px  obs=3H/3T  stable=26/30  λ₂=0.830
[t=  954] REPORTED           agreed (196, 503) err=28.7px
[t=  954] PHASE              CONSENSUS → REPORTED
