# Simulation started at Sun Jul  5 22:30:37 2026
[t=    0] INIT               5 robots, map 900x600, obstacles=off, sources=1
[t=    0] MODE               entered Hazard Localization
[t=  199] PHASE              MONITOR → LEAK
[t=  199] LEAK_START         new leak at (523, 363)
[t=  200] DETECT             1/3 located the leak  λ₂=5.00
[t=  227] DETECT             2/3 located the leak  λ₂=5.00
[t=  240] DETECT             2/3 located the leak  λ₂=5.00
[t=  263] DETECT             3/3 located the leak  λ₂=5.00
[t=  263] PHASE              LEAK → CONSENSUS
[t=  270] CONSENSUS          σ=21.8px  obs=3H/3T  stable=7/30  λ₂=5.000
[t=  475] DETECT             2/3 located the leak  λ₂=1.00
[t=  480] DETECT             2/3 located the leak  λ₂=1.00
[t=  519] DETECT             3/3 located the leak  λ₂=1.00
[t=  519] PHASE              LEAK → CONSENSUS
[t=  520] CONSENSUS          σ=8.4px  obs=3H/3T  stable=1/30  λ₂=1.000
[t=  530] CONSENSUS          σ=6.8px  obs=3H/3T  stable=11/30  λ₂=1.000
[t=  540] CONSENSUS          σ=4.9px  obs=3H/3T  stable=21/30  λ₂=1.000
[t=  549] REPORTED           agreed (628, 295) err=5.7px
[t=  549] PHASE              CONSENSUS → REPORTED
