# Simulation started at Sun Jul  5 22:30:39 2026
[t=    0] INIT               5 robots, map 900x600, obstacles=off, sources=1
[t=    0] MODE               entered Hazard Localization
[t=  199] PHASE              MONITOR → LEAK
[t=  199] LEAK_START         new leak at (666, 514)
[t=  200] DETECT             1/3 located the leak  λ₂=0.00
[t=  239] DETECT             2/3 located the leak  λ₂=0.00
[t=  240] DETECT             2/3 located the leak  λ₂=0.00
[t=  300] DETECT             2/3 located the leak  λ₂=0.00
[t=  360] DETECT             2/3 located the leak  λ₂=0.00
[t=  420] DETECT             2/3 located the leak  λ₂=1.59
[t=  435] DETECT             3/3 located the leak  λ₂=3.00
[t=  435] PHASE              LEAK → CONSENSUS
[t=  440] CONSENSUS          σ=12.3px  obs=3H/3T  stable=5/30  λ₂=3.000
[t=  450] CONSENSUS          σ=11.4px  obs=3H/3T  stable=15/30  λ₂=3.000
[t=  460] CONSENSUS          σ=11.4px  obs=3H/3T  stable=25/30  λ₂=3.000
[t=  465] REPORTED           agreed (666, 508) err=5.3px
[t=  465] PHASE              CONSENSUS → REPORTED
σ=6.9px  obs=3H/3T  stable=6/30  λ₂=1.000
[t=  730] CONSENSUS          σ=2.1px  obs=3H/3T  stable=16/30  λ₂=1.000
[t=  740] CONSENSUS          σ=0.6px  obs=3H/3T  stable=26/30  λ₂=1.000
[t=  744] REPORTED           agreed (315, 145) err=1.8px
[t=  744] PHASE              CONSENSUS → REPORTED
