# Simulation started at Sun Jun 28 12:34:54 2026
[t=    0] INIT               5 robots, map 900x600, obstacles=off, sources=1
[t=    0] MODE               entered Hazard Localisation
[t=   80] MODE               Hazard Localisation → Sensor Degradation & Trust
[t=   80] MODE               exiting Hazard Localisation
[t=   80] MODE               entered Sensor Degradation & Trust
[t=   80] ROBOT              R2: manual degradation triggered
[t=   80] ROBOT              R3: manual degradation triggered
[t=  279] PHASE              MONITOR → LEAK
[t=  279] LEAK_START         new leak at (112, 202)
[t=  348] PHASE              LEAK → CONSENSUS
[t=  350] CONSENSUS          σ=57.4px  obs=1H/3T  stable=0/30  λ₂=0.000
[t=  360] CONSENSUS          σ=52.9px  obs=1H/3T  stable=0/30  λ₂=0.000
[t=  370] CONSENSUS          σ=57.5px  obs=1H/3T  stable=0/30  λ₂=0.000
[t=  380] CONSENSUS          σ=58.2px  obs=1H/3T  stable=0/30  λ₂=0.000
[t=  390] CONSENSUS          σ=55.9px  obs=1H/3T  stable=0/30  λ₂=0.000
[t=  400] CONSENSUS          σ=48.0px  obs=1H/3T  stable=0/30  λ₂=0.000
[t=  410] CONSENSUS          σ=49.8px  obs=1H/3T  stable=0/30  λ₂=0.000
[t=  420] CONSENSUS          σ=50.9px  obs=1H/3T  stable=0/30  λ₂=0.000
[t=  430] CONSENSUS          σ=47.0px  obs=1H/3T  stable=0/30  λ₂=0.519
[t=  440] CONSENSUS          σ=39.0px  obs=1H/3T  stable=0/30  λ₂=0.830
[t=  450] CONSENSUS          σ=37.0px  obs=1H/3T  stable=0/30  λ₂=0.830
[t=  460] CONSENSUS          σ=36.1px  obs=1H/3T  stable=0/30  λ₂=1.586
[t=  470] CONSENSUS          σ=35.5px  obs=1H/3T  stable=0/30  λ₂=1.586
[t=  480] CONSENSUS          σ=38.2px  obs=1H/3T  stable=0/30  λ₂=2.000
[t=  490] CONSENSUS          σ=40.8px  obs=1H/3T  stable=0/30  λ₂=2.000
[t=  500] CONSENSUS          σ=44.6px  obs=1H/3T  stable=0/30  λ₂=2.000
[t=  510] CONSENSUS          σ=47.6px  obs=1H/3T  stable=0/30  λ₂=2.000
[t=  520] CONSENSUS          σ=49.8px  obs=1H/3T  stable=0/30  λ₂=2.000
[t=  530] CONSENSUS          σ=49.2px  obs=1H/3T  stable=0/30  λ₂=3.000
[t=  540] CONSENSUS          σ=48.0px  obs=1H/3T  stable=0/30  λ₂=3.000
[t=  550] CONSENSUS          σ=47.7px  obs=1H/3T  stable=0/30  λ₂=5.000
[t=  560] CONSENSUS          σ=44.0px  obs=1H/3T  stable=0/30  λ₂=5.000
[t=  570] CONSENSUS          σ=45.3px  obs=1H/3T  stable=0/30  λ₂=5.000
[t=  580] CONSENSUS          σ=18.6px  obs=2H/4T  stable=1/30  λ₂=5.000
[t=  590] CONSENSUS          σ=16.0px  obs=2H/4T  stable=11/30  λ₂=5.000
[t=  600] CONSENSUS          σ=15.6px  obs=2H/4T  stable=21/30  λ₂=5.000
[t=  609] REPORTED           agreed (174, 208) err=62.6px
[t=  609] PHASE              CONSENSUS → REPORTED
