# Simulation started at Sun Jun 28 12:22:03 2026
[t=    0] INIT               5 robots, map 900x600, obstacles=off, sources=1
[t=    0] MODE               entered Hazard Localization
[t=  199] PHASE              MONITOR → LEAK
[t=  199] LEAK_START         new leak at (164, 393)
[t=  200] DETECT             0/3 located the leak  λ₂=1.00
[t=  240] DETECT             0/3 located the leak  λ₂=0.83
[t=  300] DETECT             0/3 located the leak  λ₂=0.83
[t=  351] DETECT             1/3 located the leak  λ₂=0.83
[t=  360] DETECT             1/3 located the leak  λ₂=0.83
[t=  420] DETECT             1/3 located the leak  λ₂=1.00
[t=  462] DETECT             2/3 located the leak  λ₂=1.00
[t=  480] DETECT             2/3 located the leak  λ₂=1.00
[t=  540] DETECT             2/3 located the leak  λ₂=1.00
[t=  555] DETECT             3/3 located the leak  λ₂=0.52
[t=  555] PHASE              LEAK → CONSENSUS
[t=  560] CONSENSUS          σ=29.5px  obs=3H/3T  stable=0/30  λ₂=0.519
[t=  570] CONSENSUS          σ=22.1px  obs=3H/3T  stable=4/30  λ₂=0.830
[t=  580] CONSENSUS          σ=16.8px  obs=3H/3T  stable=14/30  λ₂=0.830
[t=  590] CONSENSUS          σ=14.6px  obs=3H/3T  stable=24/30  λ₂=1.586
[t=  596] REPORTED           agreed (175, 385) err=13.4px
[t=  596] PHASE              CONSENSUS → REPORTED
