# Simulation started at Sun Jul  5 22:31:54 2026
[t=    0] INIT               5 robots, map 900x600, obstacles=off, sources=1
[t=    0] MODE               entered Hazard Localization
[t=  199] PHASE              MONITOR → LEAK
[t=  199] LEAK_START         new leak at (665, 429)
[t=  200] DETECT             0/2 located the leak  λ₂=0.00
[t=  240] DETECT             0/2 located the leak  λ₂=0.59
[t=  300] DETECT             0/2 located the leak  λ₂=1.00
[t=  300] DETECT             1/3 located the leak  λ₂=0.00
[t=  360] DETECT             1/2 located the leak  λ₂=0.00
[t=  384] DETECT             2/2 located the leak  λ₂=1.00
[t=  420] DETECT             2/3 located the leak  λ₂=1.00
[t=  480] DETECT             2/3 located the leak  λ₂=0.00
[t=  518] DETECT             3/3 located the leak  λ₂=0.00
[t=  518] PHASE              LEAK → CONSENSUS
[t=  520] CONSENSUS          σ=9.6px  obs=3H/3T  stable=2/30  λ₂=0.000
[t=  530] CONSENSUS          σ=4.8px  obs=3H/3T  stable=12/30  λ₂=0.000
[t=  540] CONSENSUS          σ=0.8px  obs=3H/3T  stable=22/30  λ₂=0.000
[t=  548] REPORTED           agreed (735, 395) err=4.8px
[t=  548] PHASE              CONSENSUS → REPORTED
