# Simulation started at Sun Jun 28 12:33:01 2026
[t=    0] INIT               5 robots, map 900x600, obstacles=off, sources=1
[t=    0] MODE               entered Hazard Localisation
[t=  199] PHASE              MONITOR → LEAK
[t=  199] LEAK_START         new leak at (687, 144)
[t=  200] DETECT             1/3 located the leak  λ₂=0.00
[t=  240] DETECT             1/3 located the leak  λ₂=0.38
[t=  300] DETECT             1/3 located the leak  λ₂=0.00
[t=  305] DETECT             2/3 located the leak  λ₂=0.00
[t=  360] DETECT             2/3 located the leak  λ₂=0.00
[t=  420] DETECT             2/3 located the leak  λ₂=0.00
[t=  480] DETECT             2/3 located the leak  λ₂=0.00
[t=  540] DETECT             2/3 located the leak  λ₂=0.00
[t=  600] DETECT             2/3 located the leak  λ₂=0.00
[t=  616] DETECT             3/3 located the leak  λ₂=0.00
[t=  616] PHASE              LEAK → CONSENSUS
[t=  620] CONSENSUS          σ=16.9px  obs=3H/3T  stable=4/30  λ₂=0.000
[t=  630] CONSENSUS          σ=13.4px  obs=3H/3T  stable=14/30  λ₂=0.000
[t=  640] CONSENSUS          σ=13.3px  obs=3H/3T  stable=24/30  λ₂=0.000
[t=  646] REPORTED           agreed (693, 152) err=10.1px
[t=  646] PHASE              CONSENSUS → REPORTED
