# Simulation started at Sun Jun 28 18:45:37 2026
[t=    0] INIT               5 robots, map 900x600, obstacles=off, sources=1
[t=    0] MODE               entered Hazard Localization
[t=  199] PHASE              MONITOR → LEAK
[t=  199] LEAK_START         new leak at (526, 242)
[t=  200] DETECT             0/3 located the leak  λ₂=0.00
[t=  225] DETECT             1/3 located the leak  λ₂=0.00
[t=  240] DETECT             1/3 located the leak  λ₂=0.00
[t=  300] DETECT             1/3 located the leak  λ₂=0.00
[t=  360] DETECT             1/3 located the leak  λ₂=0.00
[t=  420] DETECT             1/3 located the leak  λ₂=0.00
[t=  480] DETECT             1/3 located the leak  λ₂=0.00
[t=  540] DETECT             1/3 located the leak  λ₂=0.00
[t=  600] DETECT             1/3 located the leak  λ₂=0.00
[t=  660] DETECT             1/3 located the leak  λ₂=0.00
[t=  720] DETECT             1/3 located the leak  λ₂=0.00
[t=  780] DETECT             1/3 located the leak  λ₂=0.00
[t=  840] DETECT             1/3 located the leak  λ₂=0.00
[t=  900] DETECT             1/3 located the leak  λ₂=0.00
[t=  960] DETECT             1/3 located the leak  λ₂=0.00
[t= 1020] DETECT             1/3 located the leak  λ₂=0.00
[t= 1080] DETECT             1/3 located the leak  λ₂=0.00
[t= 1140] DETECT             1/3 located the leak  λ₂=0.00
[t= 1200] DETECT             1/3 located the leak  λ₂=0.00
[t= 1260] DETECT             1/3 located the leak  λ₂=0.00
[t= 1320] DETECT             1/3 located the leak  λ₂=0.00
[t= 1380] DETECT             1/3 located the leak  λ₂=0.00
[t= 1440] DETECT             1/3 located the leak  λ₂=0.00
[t= 1500] DETECT             1/3 located the leak  λ₂=0.00
[t= 1560] DETECT             1/3 located the leak  λ₂=0.00
[t= 1620] DETECT             1/3 located the leak  λ₂=0.00
[t= 1680] DETECT             1/3 located the leak  λ₂=0.00
[t= 1740] DETECT             1/3 located the leak  λ₂=0.00
[t= 1800] DETECT             1/3 located the leak  λ₂=0.00
[t= 1839] DETECT             2/3 located the leak  λ₂=0.00
[t= 1860] DETECT             2/3 located the leak  λ₂=0.00
[t= 1920] DETECT             2/3 located the leak  λ₂=0.00
[t= 1980] DETECT             2/3 located the leak  λ₂=0.00
[t= 2040] DETECT             2/3 located the leak  λ₂=0.00
[t= 2100] DETECT             2/3 located the leak  λ₂=0.00
[t= 2160] DETECT             2/3 located the leak  λ₂=0.00
[t= 2220] DETECT             2/3 located the leak  λ₂=0.00
[t= 2280] DETECT             2/3 located the leak  λ₂=0.00
[t= 2340] DETECT             2/3 located the leak  λ₂=0.00
[t= 2400] DETECT             2/3 located the leak  λ₂=0.00
[t= 2460] DETECT             2/3 located the leak  λ₂=0.00
[t= 2520] DETECT             2/3 located the leak  λ₂=0.00
[t= 2580] DETECT             2/3 located the leak  λ₂=0.00
[t= 2640] DETECT             2/3 located the leak  λ₂=0.00
[t= 2700] DETECT             2/3 located the leak  λ₂=0.00
[t= 2760] DETECT             2/3 located the leak  λ₂=0.00
[t= 2809] DETECT             3/3 located the leak  λ₂=0.00
[t= 2809] PHASE              LEAK → CONSENSUS
[t= 2810] CONSENSUS          σ=21.2px  obs=3H/3T  stable=1/30  λ₂=0.000
[t= 2820] CONSENSUS          σ=20.1px  obs=3H/3T  stable=11/30  λ₂=0.000
[t= 2830] CONSENSUS          σ=18.6px  obs=3H/3T  stable=21/30  λ₂=0.000
[t= 2839] REPORTED           agreed (526, 277) err=35.0px
[t= 2839] PHASE              CONSENSUS → REPORTED
