# Simulation started at Sun Jun 28 19:04:50 2026
[t=    0] INIT               5 robots, map 900x600, obstacles=off, sources=1
[t=    0] MODE               entered Hazard Localization
[t=  199] PHASE              MONITOR → LEAK
[t=  199] LEAK_START         new leak at (526, 242)
[t=  200] DETECT             0/3 located the leak  λ₂=0.00
[t=  214] DETECT             1/3 located the leak  λ₂=0.00
[t=  240] DETECT             1/3 located the leak  λ₂=0.00
[t=  300] DETECT             1/3 located the leak  λ₂=0.00
[t=  360] DETECT             1/3 located the leak  λ₂=0.00
[t=  420] DETECT             1/3 located the leak  λ₂=0.00
[t=  434] DETECT             2/3 located the leak  λ₂=0.00
[t=  480] DETECT             2/3 located the leak  λ₂=0.00
[t=  540] DETECT             2/3 located the leak  λ₂=0.00
[t=  600] DETECT             2/3 located the leak  λ₂=0.00
[t=  660] DETECT             2/3 located the leak  λ₂=0.00
[t=  720] DETECT             2/3 located the leak  λ₂=0.00
[t=  780] DETECT             2/3 located the leak  λ₂=0.00
[t=  840] DETECT             2/3 located the leak  λ₂=0.00
[t=  900] DETECT             2/3 located the leak  λ₂=0.00
[t=  960] DETECT             2/3 located the leak  λ₂=0.00
[t= 1020] DETECT             2/3 located the leak  λ₂=0.00
[t= 1046] DETECT             3/3 located the leak  λ₂=0.00
[t= 1046] PHASE              LEAK → CONSENSUS
[t= 1050] CONSENSUS          σ=26.4px  obs=3H/3T  stable=0/30  λ₂=0.000
[t= 1060] CONSENSUS          σ=22.0px  obs=3H/3T  stable=8/30  λ₂=-0.000
[t= 1070] CONSENSUS          σ=21.9px  obs=3H/3T  stable=18/30  λ₂=-0.000
[t= 1080] CONSENSUS          σ=20.9px  obs=3H/3T  stable=28/30  λ₂=-0.000
[t= 1082] REPORTED           agreed (568, 234) err=43.1px
[t= 1082] PHASE              CONSENSUS → REPORTED
