# Simulation started at Sun Jun 28 19:03:51 2026
[t=    0] INIT               5 robots, map 900x600, obstacles=off, sources=1
[t=    0] MODE               entered Hazard Localization
[t=  199] PHASE              MONITOR → LEAK
[t=  199] LEAK_START         new leak at (687, 228)
[t=  200] DETECT             0/3 located the leak  λ₂=1.38
[t=  240] DETECT             0/3 located the leak  λ₂=0.00
[t=  281] DETECT             1/3 located the leak  λ₂=0.52
[t=  289] DETECT             2/3 located the leak  λ₂=0.52
[t=  300] DETECT             2/3 located the leak  λ₂=0.52
[t=  360] DETECT             2/3 located the leak  λ₂=0.52
[t=  397] DETECT             3/3 located the leak  λ₂=0.52
[t=  397] PHASE              LEAK → CONSENSUS
[t=  400] CONSENSUS          σ=23.6px  obs=3H/3T  stable=3/30  λ₂=0.519
[t=  410] CONSENSUS          σ=24.5px  obs=3H/3T  stable=11/30  λ₂=0.519
[t=  420] CONSENSUS          σ=24.8px  obs=3H/3T  stable=13/30  λ₂=0.519
[t=  430] CONSENSUS          σ=24.8px  obs=3H/3T  stable=19/30  λ₂=0.519
[t=  440] CONSENSUS          σ=24.9px  obs=3H/3T  stable=29/30  λ₂=1.000
[t=  441] REPORTED           agreed (723, 228) err=35.9px
[t=  441] PHASE              CONSENSUS → REPORTED
