# Simulation started at Sun Jun 28 19:02:37 2026
[t=    0] INIT               5 robots, map 900x600, obstacles=off, sources=1
[t=    0] MODE               entered Hazard Localization
[t=  199] PHASE              MONITOR → LEAK
[t=  199] LEAK_START         new leak at (793, 86)
[t=  200] DETECT             0/3 located the leak  λ₂=0.52
[t=  240] DETECT             0/3 located the leak  λ₂=1.59
[t=  300] DETECT             0/3 located the leak  λ₂=1.00
[t=  360] DETECT             0/3 located the leak  λ₂=0.52
[t=  420] DETECT             0/3 located the leak  λ₂=0.52
[t=  442] DETECT             1/3 located the leak  λ₂=0.52
[t=  480] DETECT             1/3 located the leak  λ₂=0.52
[t=  500] DETECT             2/3 located the leak  λ₂=0.52
[t=  540] DETECT             2/3 located the leak  λ₂=0.52
[t=  594] DETECT             3/3 located the leak  λ₂=1.00
[t=  594] PHASE              LEAK → CONSENSUS
[t=  600] CONSENSUS          σ=20.0px  obs=3H/3T  stable=6/30  λ₂=1.000
[t=  610] CONSENSUS          σ=20.2px  obs=3H/3T  stable=16/30  λ₂=1.000
[t=  620] CONSENSUS          σ=21.6px  obs=3H/3T  stable=26/30  λ₂=1.000
[t=  624] REPORTED           agreed (817, 127) err=47.3px
[t=  624] PHASE              CONSENSUS → REPORTED
