# Simulation started at Sat Jun 27 23:23:39 2026
[t=    0] INIT               5 robots, map 900x600, obstacles=off, sources=1
[t=    0] MODE               entered Hazard Localisation
[t=  199] PHASE              MONITOR → LEAK
[t=  199] LEAK_START         new leak at (129, 519)
[t=  200] DETECT             0/3 located the leak  λ₂=0.00
[t=  240] DETECT             0/3 located the leak  λ₂=0.00
[t=  290] DETECT             1/3 located the leak  λ₂=0.00
[t=  300] DETECT             1/3 located the leak  λ₂=0.00
[t=  360] DETECT             1/3 located the leak  λ₂=0.00
[t=  420] DETECT             1/3 located the leak  λ₂=0.00
[t=  474] DETECT             2/3 located the leak  λ₂=0.00
[t=  480] DETECT             2/3 located the leak  λ₂=0.00
[t=  540] DETECT             2/3 located the leak  λ₂=0.00
[t=  600] DETECT             2/3 located the leak  λ₂=0.00
[t=  660] DETECT             2/3 located the leak  λ₂=0.00
[t=  720] DETECT             2/3 located the leak  λ₂=0.00
[t=  780] DETECT             2/3 located the leak  λ₂=0.00
[t=  789] DETECT             3/3 located the leak  λ₂=0.00
[t=  789] PHASE              LEAK → CONSENSUS
[t=  790] CONSENSUS          σ=17.4px  obs=3H/3T  stable=1/30  λ₂=0.000
[t=  800] CONSENSUS          σ=16.2px  obs=3H/3T  stable=11/30  λ₂=0.000
[t=  810] CONSENSUS          σ=17.3px  obs=3H/3T  stable=21/30  λ₂=0.000
[t=  819] REPORTED           agreed (148, 496) err=30.1px
[t=  819] PHASE              CONSENSUS → REPORTED
