# Simulation started at Sun Jul  5 22:29:50 2026
[t=    0] INIT               5 robots, map 900x600, obstacles=off, sources=1
[t=    0] MODE               entered Hazard Localization
[t=  199] PHASE              MONITOR → LEAK
[t=  199] LEAK_START         new leak at (628, 500)
[t=  200] DETECT             1/3 located the leak  λ₂=0.52
[t=  240] DETECT             1/3 located the leak  λ₂=0.00
[t=  270] DETECT             2/3 located the leak  λ₂=0.00
[t=  278] DETECT             3/3 located the leak  λ₂=0.00
[t=  278] PHASE              LEAK → CONSENSUS
[t=  280] CONSENSUS          σ=17.4px  obs=3H/3T  stable=2/30  λ₂=0.000
[t=  290] CONSENSUS          σ=11.4px  obs=3H/3T  stable=12/[t=  480] DETECT             2/3 located the leak  λ₂=0.83
[t=  540] DETECT             2/3 located the leak  λ₂=1.00
[[t=  660] DETECT             1/3 located the leak  λ₂=0.00
[t=  720] DETECT             1/3 located the leak  λ₂=0.00
[t=  780] DETECT             1/3 located the leak  λ₂=0.00
[t=  840] DETECT             1/3 located the leak  λ₂=0.00
[t=  900] DETECT             1/3 located the leak  λ₂=0.00
[t=  960] DETECT             1/3 located the leak  λ₂=0.00
[t= 1020] DETECT             1/3 located the leak  λ₂=0.00
[t= 1080] DETECT             1/3 located the leak  λ₂=0.00
[t= 1138] DETECT             2/3 located the leak  λ₂=0.00
[t= 1140] DETECT             2/3 located the leak  λ₂=0.00
[t= 1200] DETECT             2/3 located the leak  λ₂=0.00
[t= 1260] DETECT             2/3 located the leak  λ₂=0.00
[t= 1320] DETECT             2/3 located the leak  λ₂=0.00
[t= 1380] DETECT             2/3 located the leak  λ₂=0.00
[t= 1440] DETECT             2/3 located the leak  λ₂=0.00
[t= 1500] DETECT             2/3 located the leak  λ₂=0.00
[t= 1560] DETECT             2/3 located the leak  λ₂=0.00
[t= 1620] DETECT             2/3 located the leak  λ₂=0.00
[t= 1680] DETECT             2/3 located the leak  λ₂=0.00
[t= 1740] DETECT             2/3 located the leak  λ₂=0.00
[t= 1800] DETECT             2/3 located the leak  λ₂=0.00
[t= 1860] DETECT             2/3 located the leak  λ₂=0.00
[t= 1920] DETECT             2/3 located the leak  λ₂=0.00
[t= 1980] DETECT             2/3 located the leak  λ₂=0.00
[t= 2040] DETECT             2/3 located the leak  λ₂=0.00
[t= 2100] DETECT             2/3 located the leak  λ₂=0.00
[t= 2160] DETECT             2/3 located the leak  λ₂=0.00
[t= 2220] DETECT             2/3 located the leak  λ₂=0.00
[t= 2280] DETECT             2/3 located the leak  λ₂=0.00
[t= 2340] DETECT             2/3 located the leak  λ₂=0.00
[t= 2400] DETECT             2/3 located the leak  λ₂=0.00
[t= 2460] DETECT             2/3 located the leak  λ₂=0.00
[t= 2520] DETECT             2/3 located the leak  λ₂=0.00
[t= 2580] DETECT             2/3 located the leak  λ₂=0.00
[t= 2640] DETECT             2/3 located the leak  λ₂=0.00
[t= 2700] DETECT             2/3 located the leak  λ₂=0.00
[t= 2760] DETECT             2/3 located the leak  λ₂=0.00
[t= 2820] DETECT             2/3 located the leak  λ₂=0.00
[t= 2880] DETECT             2/3 located the leak  λ₂=0.00
[t= 2940] DETECT             2/3 located the leak  λ₂=0.00
[t= 3000] DETECT             2/3 located the leak  λ₂=0.00
[t= 3060] DETECT             2/3 located the leak  λ₂=0.00
[t= 3073] DETECT             3/3 located the leak  λ₂=0.00
[t= 3073] PHASE              LEAK → CONSENSUS
[t= 3080] CONSENSUS          σ=7.7px  obs=3H/3T  stable=7/30  λ₂=0.000
[t= 3090] CONSENSUS          σ=4.8px  obs=3H/3T  stable=17/30  λ₂=0.000
[t= 3100] CONSENSUS          σ=8.2px  obs=3H/3T  stable=27/30  λ₂=0.000
[t= 3103] REPORTED           agreed (363, 385) err=15.2px
[t= 3103] PHASE              CONSENSUS → REPORTED
