# Simulation started at Sun Jul  5 22:29:54 2026
[t=    0] INIT               5 robots, map 900x600, obstacles=off, sources=1
[t=    0] MODE               entered Hazard Localization
[t=  199] PHASE              MONITOR → LEAK
[t=  199] LEAK_START         new leak at (543, 322)
[t=  200] DETECT             0/3 located the leak  λ₂=1.00
[t=  240] DETECT             0/3 located the leak  λ₂=0.52
[t=  284] DETECT             1/3 located the leak  λ₂=0.00
[t=  300] DETECT             1/3 located the leak  λ₂=1.59
[t=  360] DETECT             1/3 located the leak  λ₂=5.00
[t=  377] DETECT             2/3 located the leak  λ₂=5.00
[t=  406] DETECT             3/3 located the leak  λ₂=5.00
[t=  406] PHASE              LEAK → CONSENSUS
[t=  410] CONSENSUS          σ=9.1px  obs=3H/3T  stable=4/30  λ₂=5.000
[t=  420] CONSENSUS          σ=21.3px  obs=5H/5T  stable=14/30  λ₂=5.000
[t=  430] CONSENSUS          σ=15.1px  obs=5H/5T  stable=24/30  λ₂=5.000
[t=  436] REPORTED           agreed (551, 335) err=15.9px
[t=  436] PHASE              CONSENSUS → REPORTED
217) err=6.1px
[t=  454] PHASE              CONSENSUS → REPORTED
