# Simulation started at Sun Jun 28 12:34:25 2026
[t=    0] INIT               5 robots, map 900x600, obstacles=off, sources=1
[t=    0] MODE               entered Hazard Localisation
[t=  199] PHASE              MONITOR → LEAK
[t=  199] LEAK_START         new leak at (112, 202)
[t=  200] DETECT             0/3 located the leak  λ₂=1.00
[t=  240] DETECT             0/3 located the leak  λ₂=0.83
[t=  300] DETECT             0/3 located the leak  λ₂=1.59
[t=  360] DETECT             0/3 located the leak  λ₂=0.00
[t=  420] DETECT             0/3 located the leak  λ₂=0.00
[t=  435] DETECT             1/3 located the leak  λ₂=0.00
[t=  480] DETECT             1/3 located the leak  λ₂=0.00
[t=  540] DETECT             1/3 located the leak  λ₂=0.00
[t=  600] DETECT             1/3 located the leak  λ₂=0.00
[t=  660] DETECT             1/3 located the leak  λ₂=0.00
[t=  689] DETECT             3/3 located the leak  λ₂=0.00
[t=  689] PHASE              LEAK → CONSENSUS
[t=  690] CONSENSUS          σ=2.1px  obs=3H/3T  stable=1/30  λ₂=0.000
[t=  700] CONSENSUS          σ=1.2px  obs=3H/3T  stable=11/30  λ₂=0.000
[t=  710] CONSENSUS          σ=1.2px  obs=3H/3T  stable=21/30  λ₂=0.000
[t=  719] REPORTED           agreed (180, 216) err=69.7px
[t=  719] PHASE              CONSENSUS → REPORTED
