# Simulation started at Sat Jun 27 23:21:41 2026
[t=    0] INIT               5 robots, map 900x600, obstacles=off, sources=1
[t=    0] MODE               entered Hazard Localisation
[t=  199] PHASE              MONITOR → LEAK
[t=  199] LEAK_START         new leak at (131, 124)
[t=  200] DETECT             0/3 located the leak  λ₂=0.00
[t=  203] DETECT             1/3 located the leak  λ₂=0.00
[t=  240] DETECT             1/3 located the leak  λ₂=0.00
[t=  300] DETECT             1/3 located the leak  λ₂=0.00
[t=  360] DETECT             1/3 located the leak  λ₂=0.00
[t=  365] DETECT             2/3 located the leak  λ₂=0.00
[t=  420] DETECT             2/3 located the leak  λ₂=0.00
[t=  480] DETECT             2/3 located the leak  λ₂=0.00
[t=  532] DETECT             3/3 located the leak  λ₂=0.00
[t=  532] PHASE              LEAK → CONSENSUS
[t=  540] CONSENSUS          σ=12.8px  obs=3H/3T  stable=8/30  λ₂=0.000
[t=  550] CONSENSUS          σ=9.1px  obs=3H/3T  stable=18/30  λ₂=0.000
[t=  560] CONSENSUS          σ=9.9px  obs=3H/3T  stable=28/30  λ₂=0.000
[t=  562] REPORTED           agreed (156, 141) err=29.3px
[t=  562] PHASE              CONSENSUS → REPORTED
