# Simulation started at Sun Jul  5 22:31:34 2026
[t=    0] INIT               5 robots, map 900x600, obstacles=off, sources=1
[t=    0] MODE               entered Hazard Localization
[t=  199] PHASE              MONITOR → LEAK
[t=  199] LEAK_START         new leak at (555, 175)
[t=  200] DETECT             1/3 located the leak  λ₂=0.52
[t=  240] DETECT             1/3 located the leak  λ₂=0.00
[t=  292] DETECT             2/3 located the leak  λ₂=0.00
[t=  297] DETECT             3/3 located the leak  λ₂=0.00
[t=  297] PHASE              LEAK → CONSENSUS
[t=  300] CONS[t=  480] DETECT             0/3 located the leak  λ₂=0.52
[t=  540] DETECT             0/3 located the leak  λ₂=1.00
[t=  568] DETECT             1/3 located the leak  λ₂=1.00
[t=  600] DETECT             1/3 located the leak  λ₂=2.00
[t=  629] DETECT             2/3 located the leak  λ₂=3.00
[t=  660] DETECT             2/3 located the leak  λ₂=5.00
[t=  680] DETECT             3/3 located the leak  λ₂=5.00
[t=  680] PHASE              LEAK → CONSENSUS
[t=  690] CONSENSUS          σ=17.6px  obs=3H/3T  stable=10/30  λ₂=5.000
[t=  700] CONSENSUS          σ=11.3px  obs=4H/4T  stable=20/30  λ₂=5.000
[t=  710] CONSENSUS          σ=4.9px  obs=4H/4T  stable=30/30  λ₂=5.000
[t=  710] REPORTED           agreed (578, 318) err=2.2px
[t=  710] PHASE              CONSENSUS → REPORTED
